[35m[1mConsolidate compiler generated dependencies of target my_robot_hardware[0m
[ 50%] [32mBuilding CXX object CMakeFiles/my_robot_hardware.dir/src/mobile_base_hardware_interface.cpp.o[0m
[100%] [32m[1mLinking CXX shared library libmy_robot_hardware.so[0m
[100%] Built target my_robot_hardware
-- Install configuration: ""
-- Installing: /home/latih/ros2_control/install/my_robot_hardware/share/my_robot_hardware/my_robot_hardware_interface.xml
-- Installing: /home/latih/ros2_control/install/my_robot_hardware/lib/libmy_robot_hardware.so
-- Set runtime path of "/home/latih/ros2_control/install/my_robot_hardware/lib/libmy_robot_hardware.so" to ""
-- Installing: /home/latih/ros2_control/install/my_robot_hardware/include/include
-- Installing: /home/latih/ros2_control/install/my_robot_hardware/include/include/my_robot_hardware
-- Installing: /home/latih/ros2_control/install/my_robot_hardware/include/include/my_robot_hardware/config.hpp
-- Installing: /home/latih/ros2_control/install/my_robot_hardware/include/include/my_robot_hardware/mobile_base_hardware_interface.hpp
-- Installing: /home/latih/ros2_control/install/my_robot_hardware/include/include/my_robot_hardware/motor_driver.hpp
-- Installing: /home/latih/ros2_control/install/my_robot_hardware/include/include/my_robot_hardware/wheel.hpp
-- Installing: /home/latih/ros2_control/install/my_robot_hardware/share/my_robot_hardware/environment/library_path.sh
-- Installing: /home/latih/ros2_control/install/my_robot_hardware/share/my_robot_hardware/environment/library_path.dsv
-- Installing: /home/latih/ros2_control/install/my_robot_hardware/share/ament_index/resource_index/package_run_dependencies/my_robot_hardware
-- Installing: /home/latih/ros2_control/install/my_robot_hardware/share/ament_index/resource_index/parent_prefix_path/my_robot_hardware
-- Up-to-date: /home/latih/ros2_control/install/my_robot_hardware/share/my_robot_hardware/environment/ament_prefix_path.sh
-- Installing: /home/latih/ros2_control/install/my_robot_hardware/share/my_robot_hardware/environment/ament_prefix_path.dsv
-- Up-to-date: /home/latih/ros2_control/install/my_robot_hardware/share/my_robot_hardware/environment/path.sh
-- Installing: /home/latih/ros2_control/install/my_robot_hardware/share/my_robot_hardware/environment/path.dsv
-- Up-to-date: /home/latih/ros2_control/install/my_robot_hardware/share/my_robot_hardware/local_setup.bash
-- Installing: /home/latih/ros2_control/install/my_robot_hardware/share/my_robot_hardware/local_setup.sh
-- Up-to-date: /home/latih/ros2_control/install/my_robot_hardware/share/my_robot_hardware/local_setup.zsh
-- Installing: /home/latih/ros2_control/install/my_robot_hardware/share/my_robot_hardware/local_setup.dsv
-- Installing: /home/latih/ros2_control/install/my_robot_hardware/share/my_robot_hardware/package.dsv
-- Up-to-date: /home/latih/ros2_control/install/my_robot_hardware/share/ament_index/resource_index/packages/my_robot_hardware
-- Installing: /home/latih/ros2_control/install/my_robot_hardware/share/ament_index/resource_index/hardware_interface__pluginlib__plugin/my_robot_hardware
-- Installing: /home/latih/ros2_control/install/my_robot_hardware/share/my_robot_hardware/cmake/ament_cmake_export_libraries-extras.cmake
-- Installing: /home/latih/ros2_control/install/my_robot_hardware/share/my_robot_hardware/cmake/ament_cmake_export_dependencies-extras.cmake
-- Installing: /home/latih/ros2_control/install/my_robot_hardware/share/my_robot_hardware/cmake/my_robot_hardwareConfig.cmake
-- Up-to-date: /home/latih/ros2_control/install/my_robot_hardware/share/my_robot_hardware/cmake/my_robot_hardwareConfig-version.cmake
-- Installing: /home/latih/ros2_control/install/my_robot_hardware/share/my_robot_hardware/package.xml
