[0.007s] Invoking command in '/home/latih/ros2_control/build/my_robot_description': CMAKE_PREFIX_PATH=${CMAKE_PREFIX_PATH}:/home/latih/ros2_control/install/ros2_control_demo_description:/opt/ros/humble /usr/bin/cmake /home/latih/ros2_control/src/my_robot_description -DCMAKE_INSTALL_PREFIX=/home/latih/ros2_control/install/my_robot_description
[0.095s] -- The C compiler identification is GNU 11.4.0
[0.176s] -- The CXX compiler identification is GNU 11.4.0
[0.184s] -- Detecting C compiler ABI info
[0.273s] -- Detecting C compiler ABI info - done
[0.280s] -- Check for working C compiler: /usr/bin/cc - skipped
[0.282s] -- Detecting C compile features
[0.282s] -- Detecting C compile features - done
[0.285s] -- Detecting CXX compiler ABI info
[0.366s] -- Detecting CXX compiler ABI info - done
[0.371s] -- Check for working CXX compiler: /usr/bin/c++ - skipped
[0.371s] -- Detecting CXX compile features
[0.371s] -- Detecting CXX compile features - done
[0.376s] -- Found ament_cmake: 1.3.11 (/opt/ros/humble/share/ament_cmake/cmake)
[0.508s] -- Found Python3: /usr/bin/python3 (found version "3.10.12") found components: Interpreter 
[0.659s] -- Configuring done
[0.660s] -- Generating done
[0.661s] -- Build files have been written to: /home/latih/ros2_control/build/my_robot_description
[0.664s] Invoked command in '/home/latih/ros2_control/build/my_robot_description' returned '0': CMAKE_PREFIX_PATH=${CMAKE_PREFIX_PATH}:/home/latih/ros2_control/install/ros2_control_demo_description:/opt/ros/humble /usr/bin/cmake /home/latih/ros2_control/src/my_robot_description -DCMAKE_INSTALL_PREFIX=/home/latih/ros2_control/install/my_robot_description
[0.664s] Invoking command in '/home/latih/ros2_control/build/my_robot_description': CMAKE_PREFIX_PATH=${CMAKE_PREFIX_PATH}:/home/latih/ros2_control/install/ros2_control_demo_description:/opt/ros/humble /usr/bin/cmake --build /home/latih/ros2_control/build/my_robot_description -- -j16 -l16
[0.709s] Invoked command in '/home/latih/ros2_control/build/my_robot_description' returned '0': CMAKE_PREFIX_PATH=${CMAKE_PREFIX_PATH}:/home/latih/ros2_control/install/ros2_control_demo_description:/opt/ros/humble /usr/bin/cmake --build /home/latih/ros2_control/build/my_robot_description -- -j16 -l16
[0.720s] Invoking command in '/home/latih/ros2_control/build/my_robot_description': CMAKE_PREFIX_PATH=${CMAKE_PREFIX_PATH}:/home/latih/ros2_control/install/ros2_control_demo_description:/opt/ros/humble /usr/bin/cmake --install /home/latih/ros2_control/build/my_robot_description
[0.729s] -- Install configuration: ""
[0.729s] -- Installing: /home/latih/ros2_control/install/my_robot_description/share/my_robot_description//urdf
[0.729s] -- Installing: /home/latih/ros2_control/install/my_robot_description/share/my_robot_description//urdf/mobile_base.ros2_control.xacro
[0.731s] -- Installing: /home/latih/ros2_control/install/my_robot_description/share/my_robot_description//urdf/common_properties.xacro
[0.731s] -- Installing: /home/latih/ros2_control/install/my_robot_description/share/my_robot_description//urdf/mobile_base.xacro
[0.731s] -- Installing: /home/latih/ros2_control/install/my_robot_description/share/my_robot_description//urdf/my_robot.urdf.xacro
[0.731s] -- Installing: /home/latih/ros2_control/install/my_robot_description/share/my_robot_description//launch
[0.731s] -- Installing: /home/latih/ros2_control/install/my_robot_description/share/my_robot_description//launch/display.launch.py
[0.731s] -- Installing: /home/latih/ros2_control/install/my_robot_description/share/my_robot_description//launch/display.launch.xml
[0.731s] -- Installing: /home/latih/ros2_control/install/my_robot_description/share/my_robot_description//rviz
[0.732s] -- Installing: /home/latih/ros2_control/install/my_robot_description/share/my_robot_description//rviz/urdf_config.rviz
[0.732s] -- Installing: /home/latih/ros2_control/install/my_robot_description/share/ament_index/resource_index/package_run_dependencies/my_robot_description
[0.732s] -- Installing: /home/latih/ros2_control/install/my_robot_description/share/ament_index/resource_index/parent_prefix_path/my_robot_description
[0.732s] -- Installing: /home/latih/ros2_control/install/my_robot_description/share/my_robot_description/environment/ament_prefix_path.sh
[0.732s] -- Installing: /home/latih/ros2_control/install/my_robot_description/share/my_robot_description/environment/ament_prefix_path.dsv
[0.732s] -- Installing: /home/latih/ros2_control/install/my_robot_description/share/my_robot_description/environment/path.sh
[0.732s] -- Installing: /home/latih/ros2_control/install/my_robot_description/share/my_robot_description/environment/path.dsv
[0.733s] -- Installing: /home/latih/ros2_control/install/my_robot_description/share/my_robot_description/local_setup.bash
[0.733s] -- Installing: /home/latih/ros2_control/install/my_robot_description/share/my_robot_description/local_setup.sh
[0.733s] -- Installing: /home/latih/ros2_control/install/my_robot_description/share/my_robot_description/local_setup.zsh
[0.733s] -- Installing: /home/latih/ros2_control/install/my_robot_description/share/my_robot_description/local_setup.dsv
[0.733s] -- Installing: /home/latih/ros2_control/install/my_robot_description/share/my_robot_description/package.dsv
[0.733s] -- Installing: /home/latih/ros2_control/install/my_robot_description/share/ament_index/resource_index/packages/my_robot_description
[0.733s] -- Installing: /home/latih/ros2_control/install/my_robot_description/share/my_robot_description/cmake/my_robot_descriptionConfig.cmake
[0.733s] -- Installing: /home/latih/ros2_control/install/my_robot_description/share/my_robot_description/cmake/my_robot_descriptionConfig-version.cmake
[0.734s] -- Installing: /home/latih/ros2_control/install/my_robot_description/share/my_robot_description/package.xml
[0.736s] Invoked command in '/home/latih/ros2_control/build/my_robot_description' returned '0': CMAKE_PREFIX_PATH=${CMAKE_PREFIX_PATH}:/home/latih/ros2_control/install/ros2_control_demo_description:/opt/ros/humble /usr/bin/cmake --install /home/latih/ros2_control/build/my_robot_description
