running egg_info
creating ../../../build/demo_nodes_py/demo_nodes_py.egg-info
writing ../../../build/demo_nodes_py/demo_nodes_py.egg-info/PKG-INFO
writing dependency_links to ../../../build/demo_nodes_py/demo_nodes_py.egg-info/dependency_links.txt
writing entry points to ../../../build/demo_nodes_py/demo_nodes_py.egg-info/entry_points.txt
writing requirements to ../../../build/demo_nodes_py/demo_nodes_py.egg-info/requires.txt
writing top-level names to ../../../build/demo_nodes_py/demo_nodes_py.egg-info/top_level.txt
writing manifest file '../../../build/demo_nodes_py/demo_nodes_py.egg-info/SOURCES.txt'
reading manifest file '../../../build/demo_nodes_py/demo_nodes_py.egg-info/SOURCES.txt'
writing manifest file '../../../build/demo_nodes_py/demo_nodes_py.egg-info/SOURCES.txt'
running build
running build_py
creating /home/latih/ros2_control/build/demo_nodes_py/build
creating /home/latih/ros2_control/build/demo_nodes_py/build/lib
creating /home/latih/ros2_control/build/demo_nodes_py/build/lib/demo_nodes_py
copying demo_nodes_py/__init__.py -> /home/latih/ros2_control/build/demo_nodes_py/build/lib/demo_nodes_py
creating /home/latih/ros2_control/build/demo_nodes_py/build/lib/demo_nodes_py/parameters
copying demo_nodes_py/parameters/__init__.py -> /home/latih/ros2_control/build/demo_nodes_py/build/lib/demo_nodes_py/parameters
copying demo_nodes_py/parameters/async_param_client.py -> /home/latih/ros2_control/build/demo_nodes_py/build/lib/demo_nodes_py/parameters
copying demo_nodes_py/parameters/set_parameters_callback.py -> /home/latih/ros2_control/build/demo_nodes_py/build/lib/demo_nodes_py/parameters
creating /home/latih/ros2_control/build/demo_nodes_py/build/lib/demo_nodes_py/topics
copying demo_nodes_py/topics/__init__.py -> /home/latih/ros2_control/build/demo_nodes_py/build/lib/demo_nodes_py/topics
copying demo_nodes_py/topics/talker_qos.py -> /home/latih/ros2_control/build/demo_nodes_py/build/lib/demo_nodes_py/topics
copying demo_nodes_py/topics/listener_qos.py -> /home/latih/ros2_control/build/demo_nodes_py/build/lib/demo_nodes_py/topics
copying demo_nodes_py/topics/listener.py -> /home/latih/ros2_control/build/demo_nodes_py/build/lib/demo_nodes_py/topics
copying demo_nodes_py/topics/talker.py -> /home/latih/ros2_control/build/demo_nodes_py/build/lib/demo_nodes_py/topics
copying demo_nodes_py/topics/listener_serialized.py -> /home/latih/ros2_control/build/demo_nodes_py/build/lib/demo_nodes_py/topics
creating /home/latih/ros2_control/build/demo_nodes_py/build/lib/demo_nodes_py/events
copying demo_nodes_py/events/__init__.py -> /home/latih/ros2_control/build/demo_nodes_py/build/lib/demo_nodes_py/events
copying demo_nodes_py/events/matched_event_detect.py -> /home/latih/ros2_control/build/demo_nodes_py/build/lib/demo_nodes_py/events
creating /home/latih/ros2_control/build/demo_nodes_py/build/lib/demo_nodes_py/logging
copying demo_nodes_py/logging/__init__.py -> /home/latih/ros2_control/build/demo_nodes_py/build/lib/demo_nodes_py/logging
copying demo_nodes_py/logging/use_logger_service.py -> /home/latih/ros2_control/build/demo_nodes_py/build/lib/demo_nodes_py/logging
creating /home/latih/ros2_control/build/demo_nodes_py/build/lib/demo_nodes_py/services
copying demo_nodes_py/services/add_two_ints_server.py -> /home/latih/ros2_control/build/demo_nodes_py/build/lib/demo_nodes_py/services
copying demo_nodes_py/services/__init__.py -> /home/latih/ros2_control/build/demo_nodes_py/build/lib/demo_nodes_py/services
copying demo_nodes_py/services/introspection.py -> /home/latih/ros2_control/build/demo_nodes_py/build/lib/demo_nodes_py/services
copying demo_nodes_py/services/add_two_ints_client.py -> /home/latih/ros2_control/build/demo_nodes_py/build/lib/demo_nodes_py/services
copying demo_nodes_py/services/add_two_ints_client_async.py -> /home/latih/ros2_control/build/demo_nodes_py/build/lib/demo_nodes_py/services
running install
running install_lib
creating /home/latih/ros2_control/install/demo_nodes_py/lib/python3.10/site-packages/demo_nodes_py
copying /home/latih/ros2_control/build/demo_nodes_py/build/lib/demo_nodes_py/__init__.py -> /home/latih/ros2_control/install/demo_nodes_py/lib/python3.10/site-packages/demo_nodes_py
creating /home/latih/ros2_control/install/demo_nodes_py/lib/python3.10/site-packages/demo_nodes_py/parameters
copying /home/latih/ros2_control/build/demo_nodes_py/build/lib/demo_nodes_py/parameters/__init__.py -> /home/latih/ros2_control/install/demo_nodes_py/lib/python3.10/site-packages/demo_nodes_py/parameters
copying /home/latih/ros2_control/build/demo_nodes_py/build/lib/demo_nodes_py/parameters/async_param_client.py -> /home/latih/ros2_control/install/demo_nodes_py/lib/python3.10/site-packages/demo_nodes_py/parameters
copying /home/latih/ros2_control/build/demo_nodes_py/build/lib/demo_nodes_py/parameters/set_parameters_callback.py -> /home/latih/ros2_control/install/demo_nodes_py/lib/python3.10/site-packages/demo_nodes_py/parameters
creating /home/latih/ros2_control/install/demo_nodes_py/lib/python3.10/site-packages/demo_nodes_py/topics
copying /home/latih/ros2_control/build/demo_nodes_py/build/lib/demo_nodes_py/topics/__init__.py -> /home/latih/ros2_control/install/demo_nodes_py/lib/python3.10/site-packages/demo_nodes_py/topics
copying /home/latih/ros2_control/build/demo_nodes_py/build/lib/demo_nodes_py/topics/talker_qos.py -> /home/latih/ros2_control/install/demo_nodes_py/lib/python3.10/site-packages/demo_nodes_py/topics
copying /home/latih/ros2_control/build/demo_nodes_py/build/lib/demo_nodes_py/topics/listener_qos.py -> /home/latih/ros2_control/install/demo_nodes_py/lib/python3.10/site-packages/demo_nodes_py/topics
copying /home/latih/ros2_control/build/demo_nodes_py/build/lib/demo_nodes_py/topics/listener.py -> /home/latih/ros2_control/install/demo_nodes_py/lib/python3.10/site-packages/demo_nodes_py/topics
copying /home/latih/ros2_control/build/demo_nodes_py/build/lib/demo_nodes_py/topics/talker.py -> /home/latih/ros2_control/install/demo_nodes_py/lib/python3.10/site-packages/demo_nodes_py/topics
copying /home/latih/ros2_control/build/demo_nodes_py/build/lib/demo_nodes_py/topics/listener_serialized.py -> /home/latih/ros2_control/install/demo_nodes_py/lib/python3.10/site-packages/demo_nodes_py/topics
creating /home/latih/ros2_control/install/demo_nodes_py/lib/python3.10/site-packages/demo_nodes_py/events
copying /home/latih/ros2_control/build/demo_nodes_py/build/lib/demo_nodes_py/events/__init__.py -> /home/latih/ros2_control/install/demo_nodes_py/lib/python3.10/site-packages/demo_nodes_py/events
copying /home/latih/ros2_control/build/demo_nodes_py/build/lib/demo_nodes_py/events/matched_event_detect.py -> /home/latih/ros2_control/install/demo_nodes_py/lib/python3.10/site-packages/demo_nodes_py/events
creating /home/latih/ros2_control/install/demo_nodes_py/lib/python3.10/site-packages/demo_nodes_py/logging
copying /home/latih/ros2_control/build/demo_nodes_py/build/lib/demo_nodes_py/logging/__init__.py -> /home/latih/ros2_control/install/demo_nodes_py/lib/python3.10/site-packages/demo_nodes_py/logging
copying /home/latih/ros2_control/build/demo_nodes_py/build/lib/demo_nodes_py/logging/use_logger_service.py -> /home/latih/ros2_control/install/demo_nodes_py/lib/python3.10/site-packages/demo_nodes_py/logging
creating /home/latih/ros2_control/install/demo_nodes_py/lib/python3.10/site-packages/demo_nodes_py/services
copying /home/latih/ros2_control/build/demo_nodes_py/build/lib/demo_nodes_py/services/add_two_ints_server.py -> /home/latih/ros2_control/install/demo_nodes_py/lib/python3.10/site-packages/demo_nodes_py/services
copying /home/latih/ros2_control/build/demo_nodes_py/build/lib/demo_nodes_py/services/__init__.py -> /home/latih/ros2_control/install/demo_nodes_py/lib/python3.10/site-packages/demo_nodes_py/services
copying /home/latih/ros2_control/build/demo_nodes_py/build/lib/demo_nodes_py/services/introspection.py -> /home/latih/ros2_control/install/demo_nodes_py/lib/python3.10/site-packages/demo_nodes_py/services
copying /home/latih/ros2_control/build/demo_nodes_py/build/lib/demo_nodes_py/services/add_two_ints_client.py -> /home/latih/ros2_control/install/demo_nodes_py/lib/python3.10/site-packages/demo_nodes_py/services
copying /home/latih/ros2_control/build/demo_nodes_py/build/lib/demo_nodes_py/services/add_two_ints_client_async.py -> /home/latih/ros2_control/install/demo_nodes_py/lib/python3.10/site-packages/demo_nodes_py/services
byte-compiling /home/latih/ros2_control/install/demo_nodes_py/lib/python3.10/site-packages/demo_nodes_py/__init__.py to __init__.cpython-310.pyc
byte-compiling /home/latih/ros2_control/install/demo_nodes_py/lib/python3.10/site-packages/demo_nodes_py/parameters/__init__.py to __init__.cpython-310.pyc
byte-compiling /home/latih/ros2_control/install/demo_nodes_py/lib/python3.10/site-packages/demo_nodes_py/parameters/async_param_client.py to async_param_client.cpython-310.pyc
byte-compiling /home/latih/ros2_control/install/demo_nodes_py/lib/python3.10/site-packages/demo_nodes_py/parameters/set_parameters_callback.py to set_parameters_callback.cpython-310.pyc
byte-compiling /home/latih/ros2_control/install/demo_nodes_py/lib/python3.10/site-packages/demo_nodes_py/topics/__init__.py to __init__.cpython-310.pyc
byte-compiling /home/latih/ros2_control/install/demo_nodes_py/lib/python3.10/site-packages/demo_nodes_py/topics/talker_qos.py to talker_qos.cpython-310.pyc
byte-compiling /home/latih/ros2_control/install/demo_nodes_py/lib/python3.10/site-packages/demo_nodes_py/topics/listener_qos.py to listener_qos.cpython-310.pyc
byte-compiling /home/latih/ros2_control/install/demo_nodes_py/lib/python3.10/site-packages/demo_nodes_py/topics/listener.py to listener.cpython-310.pyc
byte-compiling /home/latih/ros2_control/install/demo_nodes_py/lib/python3.10/site-packages/demo_nodes_py/topics/talker.py to talker.cpython-310.pyc
byte-compiling /home/latih/ros2_control/install/demo_nodes_py/lib/python3.10/site-packages/demo_nodes_py/topics/listener_serialized.py to listener_serialized.cpython-310.pyc
byte-compiling /home/latih/ros2_control/install/demo_nodes_py/lib/python3.10/site-packages/demo_nodes_py/events/__init__.py to __init__.cpython-310.pyc
byte-compiling /home/latih/ros2_control/install/demo_nodes_py/lib/python3.10/site-packages/demo_nodes_py/events/matched_event_detect.py to matched_event_detect.cpython-310.pyc
byte-compiling /home/latih/ros2_control/install/demo_nodes_py/lib/python3.10/site-packages/demo_nodes_py/logging/__init__.py to __init__.cpython-310.pyc
byte-compiling /home/latih/ros2_control/install/demo_nodes_py/lib/python3.10/site-packages/demo_nodes_py/logging/use_logger_service.py to use_logger_service.cpython-310.pyc
byte-compiling /home/latih/ros2_control/install/demo_nodes_py/lib/python3.10/site-packages/demo_nodes_py/services/add_two_ints_server.py to add_two_ints_server.cpython-310.pyc
byte-compiling /home/latih/ros2_control/install/demo_nodes_py/lib/python3.10/site-packages/demo_nodes_py/services/__init__.py to __init__.cpython-310.pyc
byte-compiling /home/latih/ros2_control/install/demo_nodes_py/lib/python3.10/site-packages/demo_nodes_py/services/introspection.py to introspection.cpython-310.pyc
byte-compiling /home/latih/ros2_control/install/demo_nodes_py/lib/python3.10/site-packages/demo_nodes_py/services/add_two_ints_client.py to add_two_ints_client.cpython-310.pyc
byte-compiling /home/latih/ros2_control/install/demo_nodes_py/lib/python3.10/site-packages/demo_nodes_py/services/add_two_ints_client_async.py to add_two_ints_client_async.cpython-310.pyc
running install_data
creating /home/latih/ros2_control/install/demo_nodes_py/share/ament_index
creating /home/latih/ros2_control/install/demo_nodes_py/share/ament_index/resource_index
creating /home/latih/ros2_control/install/demo_nodes_py/share/ament_index/resource_index/packages
copying resource/demo_nodes_py -> /home/latih/ros2_control/install/demo_nodes_py/share/ament_index/resource_index/packages
copying package.xml -> /home/latih/ros2_control/install/demo_nodes_py/share/demo_nodes_py
copying demo_nodes_py/parameters/params.yaml -> /home/latih/ros2_control/install/demo_nodes_py/share/demo_nodes_py
running install_egg_info
Copying ../../../build/demo_nodes_py/demo_nodes_py.egg-info to /home/latih/ros2_control/install/demo_nodes_py/lib/python3.10/site-packages/demo_nodes_py-0.37.1-py3.10.egg-info
running install_scripts
Installing add_two_ints_client script to /home/latih/ros2_control/install/demo_nodes_py/lib/demo_nodes_py
Installing add_two_ints_client_async script to /home/latih/ros2_control/install/demo_nodes_py/lib/demo_nodes_py
Installing add_two_ints_server script to /home/latih/ros2_control/install/demo_nodes_py/lib/demo_nodes_py
Installing async_param_client script to /home/latih/ros2_control/install/demo_nodes_py/lib/demo_nodes_py
Installing introspection script to /home/latih/ros2_control/install/demo_nodes_py/lib/demo_nodes_py
Installing listener script to /home/latih/ros2_control/install/demo_nodes_py/lib/demo_nodes_py
Installing listener_qos script to /home/latih/ros2_control/install/demo_nodes_py/lib/demo_nodes_py
Installing listener_serialized script to /home/latih/ros2_control/install/demo_nodes_py/lib/demo_nodes_py
Installing matched_event_detect script to /home/latih/ros2_control/install/demo_nodes_py/lib/demo_nodes_py
Installing set_parameters_callback script to /home/latih/ros2_control/install/demo_nodes_py/lib/demo_nodes_py
Installing talker script to /home/latih/ros2_control/install/demo_nodes_py/lib/demo_nodes_py
Installing talker_qos script to /home/latih/ros2_control/install/demo_nodes_py/lib/demo_nodes_py
Installing use_logger_service script to /home/latih/ros2_control/install/demo_nodes_py/lib/demo_nodes_py
writing list of installed files to '/home/latih/ros2_control/build/demo_nodes_py/install.log'
