[0.886s] Invoking command in '/home/latih/ros2_control/src/demos/demo_nodes_py': PYTHONPATH=/home/latih/ros2_control/build/demo_nodes_py/prefix_override:/usr/lib/python3/dist-packages/colcon_core/task/python/colcon_distutils_commands:/home/latih/ros2_control/install/demo_nodes_py/lib/python3.10/site-packages:${PYTHONPATH} /usr/bin/python3 -W ignore:setup.py install is deprecated -W ignore:easy_install command is deprecated setup.py egg_info --egg-base ../../../build/demo_nodes_py build --build-base /home/latih/ros2_control/build/demo_nodes_py/build install --record /home/latih/ros2_control/build/demo_nodes_py/install.log --single-version-externally-managed install_data
[1.269s] running egg_info
[1.269s] creating ../../../build/demo_nodes_py/demo_nodes_py.egg-info
[1.269s] writing ../../../build/demo_nodes_py/demo_nodes_py.egg-info/PKG-INFO
[1.269s] writing dependency_links to ../../../build/demo_nodes_py/demo_nodes_py.egg-info/dependency_links.txt
[1.269s] writing entry points to ../../../build/demo_nodes_py/demo_nodes_py.egg-info/entry_points.txt
[1.269s] writing requirements to ../../../build/demo_nodes_py/demo_nodes_py.egg-info/requires.txt
[1.269s] writing top-level names to ../../../build/demo_nodes_py/demo_nodes_py.egg-info/top_level.txt
[1.269s] writing manifest file '../../../build/demo_nodes_py/demo_nodes_py.egg-info/SOURCES.txt'
[1.269s] reading manifest file '../../../build/demo_nodes_py/demo_nodes_py.egg-info/SOURCES.txt'
[1.269s] writing manifest file '../../../build/demo_nodes_py/demo_nodes_py.egg-info/SOURCES.txt'
[1.269s] running build
[1.269s] running build_py
[1.269s] creating /home/latih/ros2_control/build/demo_nodes_py/build
[1.270s] creating /home/latih/ros2_control/build/demo_nodes_py/build/lib
[1.270s] creating /home/latih/ros2_control/build/demo_nodes_py/build/lib/demo_nodes_py
[1.270s] copying demo_nodes_py/__init__.py -> /home/latih/ros2_control/build/demo_nodes_py/build/lib/demo_nodes_py
[1.270s] creating /home/latih/ros2_control/build/demo_nodes_py/build/lib/demo_nodes_py/parameters
[1.270s] copying demo_nodes_py/parameters/__init__.py -> /home/latih/ros2_control/build/demo_nodes_py/build/lib/demo_nodes_py/parameters
[1.270s] copying demo_nodes_py/parameters/async_param_client.py -> /home/latih/ros2_control/build/demo_nodes_py/build/lib/demo_nodes_py/parameters
[1.270s] copying demo_nodes_py/parameters/set_parameters_callback.py -> /home/latih/ros2_control/build/demo_nodes_py/build/lib/demo_nodes_py/parameters
[1.270s] creating /home/latih/ros2_control/build/demo_nodes_py/build/lib/demo_nodes_py/topics
[1.270s] copying demo_nodes_py/topics/__init__.py -> /home/latih/ros2_control/build/demo_nodes_py/build/lib/demo_nodes_py/topics
[1.271s] copying demo_nodes_py/topics/talker_qos.py -> /home/latih/ros2_control/build/demo_nodes_py/build/lib/demo_nodes_py/topics
[1.271s] copying demo_nodes_py/topics/listener_qos.py -> /home/latih/ros2_control/build/demo_nodes_py/build/lib/demo_nodes_py/topics
[1.271s] copying demo_nodes_py/topics/listener.py -> /home/latih/ros2_control/build/demo_nodes_py/build/lib/demo_nodes_py/topics
[1.271s] copying demo_nodes_py/topics/talker.py -> /home/latih/ros2_control/build/demo_nodes_py/build/lib/demo_nodes_py/topics
[1.271s] copying demo_nodes_py/topics/listener_serialized.py -> /home/latih/ros2_control/build/demo_nodes_py/build/lib/demo_nodes_py/topics
[1.271s] creating /home/latih/ros2_control/build/demo_nodes_py/build/lib/demo_nodes_py/events
[1.271s] copying demo_nodes_py/events/__init__.py -> /home/latih/ros2_control/build/demo_nodes_py/build/lib/demo_nodes_py/events
[1.271s] copying demo_nodes_py/events/matched_event_detect.py -> /home/latih/ros2_control/build/demo_nodes_py/build/lib/demo_nodes_py/events
[1.271s] creating /home/latih/ros2_control/build/demo_nodes_py/build/lib/demo_nodes_py/logging
[1.271s] copying demo_nodes_py/logging/__init__.py -> /home/latih/ros2_control/build/demo_nodes_py/build/lib/demo_nodes_py/logging
[1.271s] copying demo_nodes_py/logging/use_logger_service.py -> /home/latih/ros2_control/build/demo_nodes_py/build/lib/demo_nodes_py/logging
[1.271s] creating /home/latih/ros2_control/build/demo_nodes_py/build/lib/demo_nodes_py/services
[1.271s] copying demo_nodes_py/services/add_two_ints_server.py -> /home/latih/ros2_control/build/demo_nodes_py/build/lib/demo_nodes_py/services
[1.272s] copying demo_nodes_py/services/__init__.py -> /home/latih/ros2_control/build/demo_nodes_py/build/lib/demo_nodes_py/services
[1.272s] copying demo_nodes_py/services/introspection.py -> /home/latih/ros2_control/build/demo_nodes_py/build/lib/demo_nodes_py/services
[1.272s] copying demo_nodes_py/services/add_two_ints_client.py -> /home/latih/ros2_control/build/demo_nodes_py/build/lib/demo_nodes_py/services
[1.272s] copying demo_nodes_py/services/add_two_ints_client_async.py -> /home/latih/ros2_control/build/demo_nodes_py/build/lib/demo_nodes_py/services
[1.272s] running install
[1.272s] running install_lib
[1.272s] creating /home/latih/ros2_control/install/demo_nodes_py/lib/python3.10/site-packages/demo_nodes_py
[1.273s] copying /home/latih/ros2_control/build/demo_nodes_py/build/lib/demo_nodes_py/__init__.py -> /home/latih/ros2_control/install/demo_nodes_py/lib/python3.10/site-packages/demo_nodes_py
[1.273s] creating /home/latih/ros2_control/install/demo_nodes_py/lib/python3.10/site-packages/demo_nodes_py/parameters
[1.273s] copying /home/latih/ros2_control/build/demo_nodes_py/build/lib/demo_nodes_py/parameters/__init__.py -> /home/latih/ros2_control/install/demo_nodes_py/lib/python3.10/site-packages/demo_nodes_py/parameters
[1.273s] copying /home/latih/ros2_control/build/demo_nodes_py/build/lib/demo_nodes_py/parameters/async_param_client.py -> /home/latih/ros2_control/install/demo_nodes_py/lib/python3.10/site-packages/demo_nodes_py/parameters
[1.273s] copying /home/latih/ros2_control/build/demo_nodes_py/build/lib/demo_nodes_py/parameters/set_parameters_callback.py -> /home/latih/ros2_control/install/demo_nodes_py/lib/python3.10/site-packages/demo_nodes_py/parameters
[1.273s] creating /home/latih/ros2_control/install/demo_nodes_py/lib/python3.10/site-packages/demo_nodes_py/topics
[1.273s] copying /home/latih/ros2_control/build/demo_nodes_py/build/lib/demo_nodes_py/topics/__init__.py -> /home/latih/ros2_control/install/demo_nodes_py/lib/python3.10/site-packages/demo_nodes_py/topics
[1.273s] copying /home/latih/ros2_control/build/demo_nodes_py/build/lib/demo_nodes_py/topics/talker_qos.py -> /home/latih/ros2_control/install/demo_nodes_py/lib/python3.10/site-packages/demo_nodes_py/topics
[1.273s] copying /home/latih/ros2_control/build/demo_nodes_py/build/lib/demo_nodes_py/topics/listener_qos.py -> /home/latih/ros2_control/install/demo_nodes_py/lib/python3.10/site-packages/demo_nodes_py/topics
[1.273s] copying /home/latih/ros2_control/build/demo_nodes_py/build/lib/demo_nodes_py/topics/listener.py -> /home/latih/ros2_control/install/demo_nodes_py/lib/python3.10/site-packages/demo_nodes_py/topics
[1.273s] copying /home/latih/ros2_control/build/demo_nodes_py/build/lib/demo_nodes_py/topics/talker.py -> /home/latih/ros2_control/install/demo_nodes_py/lib/python3.10/site-packages/demo_nodes_py/topics
[1.273s] copying /home/latih/ros2_control/build/demo_nodes_py/build/lib/demo_nodes_py/topics/listener_serialized.py -> /home/latih/ros2_control/install/demo_nodes_py/lib/python3.10/site-packages/demo_nodes_py/topics
[1.273s] creating /home/latih/ros2_control/install/demo_nodes_py/lib/python3.10/site-packages/demo_nodes_py/events
[1.274s] copying /home/latih/ros2_control/build/demo_nodes_py/build/lib/demo_nodes_py/events/__init__.py -> /home/latih/ros2_control/install/demo_nodes_py/lib/python3.10/site-packages/demo_nodes_py/events
[1.274s] copying /home/latih/ros2_control/build/demo_nodes_py/build/lib/demo_nodes_py/events/matched_event_detect.py -> /home/latih/ros2_control/install/demo_nodes_py/lib/python3.10/site-packages/demo_nodes_py/events
[1.274s] creating /home/latih/ros2_control/install/demo_nodes_py/lib/python3.10/site-packages/demo_nodes_py/logging
[1.274s] copying /home/latih/ros2_control/build/demo_nodes_py/build/lib/demo_nodes_py/logging/__init__.py -> /home/latih/ros2_control/install/demo_nodes_py/lib/python3.10/site-packages/demo_nodes_py/logging
[1.274s] copying /home/latih/ros2_control/build/demo_nodes_py/build/lib/demo_nodes_py/logging/use_logger_service.py -> /home/latih/ros2_control/install/demo_nodes_py/lib/python3.10/site-packages/demo_nodes_py/logging
[1.274s] creating /home/latih/ros2_control/install/demo_nodes_py/lib/python3.10/site-packages/demo_nodes_py/services
[1.274s] copying /home/latih/ros2_control/build/demo_nodes_py/build/lib/demo_nodes_py/services/add_two_ints_server.py -> /home/latih/ros2_control/install/demo_nodes_py/lib/python3.10/site-packages/demo_nodes_py/services
[1.274s] copying /home/latih/ros2_control/build/demo_nodes_py/build/lib/demo_nodes_py/services/__init__.py -> /home/latih/ros2_control/install/demo_nodes_py/lib/python3.10/site-packages/demo_nodes_py/services
[1.274s] copying /home/latih/ros2_control/build/demo_nodes_py/build/lib/demo_nodes_py/services/introspection.py -> /home/latih/ros2_control/install/demo_nodes_py/lib/python3.10/site-packages/demo_nodes_py/services
[1.274s] copying /home/latih/ros2_control/build/demo_nodes_py/build/lib/demo_nodes_py/services/add_two_ints_client.py -> /home/latih/ros2_control/install/demo_nodes_py/lib/python3.10/site-packages/demo_nodes_py/services
[1.274s] copying /home/latih/ros2_control/build/demo_nodes_py/build/lib/demo_nodes_py/services/add_two_ints_client_async.py -> /home/latih/ros2_control/install/demo_nodes_py/lib/python3.10/site-packages/demo_nodes_py/services
[1.274s] byte-compiling /home/latih/ros2_control/install/demo_nodes_py/lib/python3.10/site-packages/demo_nodes_py/__init__.py to __init__.cpython-310.pyc
[1.275s] byte-compiling /home/latih/ros2_control/install/demo_nodes_py/lib/python3.10/site-packages/demo_nodes_py/parameters/__init__.py to __init__.cpython-310.pyc
[1.275s] byte-compiling /home/latih/ros2_control/install/demo_nodes_py/lib/python3.10/site-packages/demo_nodes_py/parameters/async_param_client.py to async_param_client.cpython-310.pyc
[1.275s] byte-compiling /home/latih/ros2_control/install/demo_nodes_py/lib/python3.10/site-packages/demo_nodes_py/parameters/set_parameters_callback.py to set_parameters_callback.cpython-310.pyc
[1.275s] byte-compiling /home/latih/ros2_control/install/demo_nodes_py/lib/python3.10/site-packages/demo_nodes_py/topics/__init__.py to __init__.cpython-310.pyc
[1.275s] byte-compiling /home/latih/ros2_control/install/demo_nodes_py/lib/python3.10/site-packages/demo_nodes_py/topics/talker_qos.py to talker_qos.cpython-310.pyc
[1.275s] byte-compiling /home/latih/ros2_control/install/demo_nodes_py/lib/python3.10/site-packages/demo_nodes_py/topics/listener_qos.py to listener_qos.cpython-310.pyc
[1.275s] byte-compiling /home/latih/ros2_control/install/demo_nodes_py/lib/python3.10/site-packages/demo_nodes_py/topics/listener.py to listener.cpython-310.pyc
[1.275s] byte-compiling /home/latih/ros2_control/install/demo_nodes_py/lib/python3.10/site-packages/demo_nodes_py/topics/talker.py to talker.cpython-310.pyc
[1.275s] byte-compiling /home/latih/ros2_control/install/demo_nodes_py/lib/python3.10/site-packages/demo_nodes_py/topics/listener_serialized.py to listener_serialized.cpython-310.pyc
[1.275s] byte-compiling /home/latih/ros2_control/install/demo_nodes_py/lib/python3.10/site-packages/demo_nodes_py/events/__init__.py to __init__.cpython-310.pyc
[1.275s] byte-compiling /home/latih/ros2_control/install/demo_nodes_py/lib/python3.10/site-packages/demo_nodes_py/events/matched_event_detect.py to matched_event_detect.cpython-310.pyc
[1.275s] byte-compiling /home/latih/ros2_control/install/demo_nodes_py/lib/python3.10/site-packages/demo_nodes_py/logging/__init__.py to __init__.cpython-310.pyc
[1.275s] byte-compiling /home/latih/ros2_control/install/demo_nodes_py/lib/python3.10/site-packages/demo_nodes_py/logging/use_logger_service.py to use_logger_service.cpython-310.pyc
[1.276s] byte-compiling /home/latih/ros2_control/install/demo_nodes_py/lib/python3.10/site-packages/demo_nodes_py/services/add_two_ints_server.py to add_two_ints_server.cpython-310.pyc
[1.276s] byte-compiling /home/latih/ros2_control/install/demo_nodes_py/lib/python3.10/site-packages/demo_nodes_py/services/__init__.py to __init__.cpython-310.pyc
[1.276s] byte-compiling /home/latih/ros2_control/install/demo_nodes_py/lib/python3.10/site-packages/demo_nodes_py/services/introspection.py to introspection.cpython-310.pyc
[1.276s] byte-compiling /home/latih/ros2_control/install/demo_nodes_py/lib/python3.10/site-packages/demo_nodes_py/services/add_two_ints_client.py to add_two_ints_client.cpython-310.pyc
[1.276s] byte-compiling /home/latih/ros2_control/install/demo_nodes_py/lib/python3.10/site-packages/demo_nodes_py/services/add_two_ints_client_async.py to add_two_ints_client_async.cpython-310.pyc
[1.276s] running install_data
[1.276s] creating /home/latih/ros2_control/install/demo_nodes_py/share/ament_index
[1.276s] creating /home/latih/ros2_control/install/demo_nodes_py/share/ament_index/resource_index
[1.276s] creating /home/latih/ros2_control/install/demo_nodes_py/share/ament_index/resource_index/packages
[1.276s] copying resource/demo_nodes_py -> /home/latih/ros2_control/install/demo_nodes_py/share/ament_index/resource_index/packages
[1.276s] copying package.xml -> /home/latih/ros2_control/install/demo_nodes_py/share/demo_nodes_py
[1.276s] copying demo_nodes_py/parameters/params.yaml -> /home/latih/ros2_control/install/demo_nodes_py/share/demo_nodes_py
[1.277s] running install_egg_info
[1.277s] Copying ../../../build/demo_nodes_py/demo_nodes_py.egg-info to /home/latih/ros2_control/install/demo_nodes_py/lib/python3.10/site-packages/demo_nodes_py-0.37.1-py3.10.egg-info
[1.277s] running install_scripts
[1.277s] Installing add_two_ints_client script to /home/latih/ros2_control/install/demo_nodes_py/lib/demo_nodes_py
[1.277s] Installing add_two_ints_client_async script to /home/latih/ros2_control/install/demo_nodes_py/lib/demo_nodes_py
[1.277s] Installing add_two_ints_server script to /home/latih/ros2_control/install/demo_nodes_py/lib/demo_nodes_py
[1.277s] Installing async_param_client script to /home/latih/ros2_control/install/demo_nodes_py/lib/demo_nodes_py
[1.277s] Installing introspection script to /home/latih/ros2_control/install/demo_nodes_py/lib/demo_nodes_py
[1.277s] Installing listener script to /home/latih/ros2_control/install/demo_nodes_py/lib/demo_nodes_py
[1.277s] Installing listener_qos script to /home/latih/ros2_control/install/demo_nodes_py/lib/demo_nodes_py
[1.277s] Installing listener_serialized script to /home/latih/ros2_control/install/demo_nodes_py/lib/demo_nodes_py
[1.278s] Installing matched_event_detect script to /home/latih/ros2_control/install/demo_nodes_py/lib/demo_nodes_py
[1.278s] Installing set_parameters_callback script to /home/latih/ros2_control/install/demo_nodes_py/lib/demo_nodes_py
[1.278s] Installing talker script to /home/latih/ros2_control/install/demo_nodes_py/lib/demo_nodes_py
[1.278s] Installing talker_qos script to /home/latih/ros2_control/install/demo_nodes_py/lib/demo_nodes_py
[1.278s] Installing use_logger_service script to /home/latih/ros2_control/install/demo_nodes_py/lib/demo_nodes_py
[1.278s] writing list of installed files to '/home/latih/ros2_control/build/demo_nodes_py/install.log'
