[0.008s] Invoking command in '/home/latih/ros2_control/build/my_robot_bringup': CMAKE_PREFIX_PATH=/opt/ros/humble /usr/bin/cmake /home/latih/ros2_control/src/my_robot_bringup -DCMAKE_INSTALL_PREFIX=/home/latih/ros2_control/install/my_robot_bringup
[0.062s] -- The C compiler identification is GNU 11.4.0
[0.104s] -- The CXX compiler identification is GNU 11.4.0
[0.110s] -- Detecting C compiler ABI info
[0.188s] -- Detecting C compiler ABI info - done
[0.195s] -- Check for working C compiler: /usr/bin/cc - skipped
[0.195s] -- Detecting C compile features
[0.196s] -- Detecting C compile features - done
[0.199s] -- Detecting CXX compiler ABI info
[0.290s] -- Detecting CXX compiler ABI info - done
[0.296s] -- Check for working CXX compiler: /usr/bin/c++ - skipped
[0.296s] -- Detecting CXX compile features
[0.296s] -- Detecting CXX compile features - done
[0.298s] -- Found ament_cmake: 1.3.11 (/opt/ros/humble/share/ament_cmake/cmake)
[0.404s] -- Found Python3: /usr/bin/python3 (found version "3.10.12") found components: Interpreter 
[0.464s] [31mCMake Error at CMakeLists.txt:14 (install):
[0.464s]   install does not recognize sub-command DIRECTOR
[0.464s] 
[0.464s] [0m
[0.504s] -- Configuring incomplete, errors occurred!
[0.504s] See also "/home/latih/ros2_control/build/my_robot_bringup/CMakeFiles/CMakeOutput.log".
[0.508s] Invoked command in '/home/latih/ros2_control/build/my_robot_bringup' returned '1': CMAKE_PREFIX_PATH=/opt/ros/humble /usr/bin/cmake /home/latih/ros2_control/src/my_robot_bringup -DCMAKE_INSTALL_PREFIX=/home/latih/ros2_control/install/my_robot_bringup
