[0.062s] Invoking command in '/home/latih/ros2_control/build/ros2_control_demo_example_2': AMENT_PREFIX_PATH=/home/latih/ros2_control/install/ros2_control_demo_description:${AMENT_PREFIX_PATH} CMAKE_PREFIX_PATH=/home/latih/ros2_control/install/ros2_control_demo_description:/home/latih/ros2_control/install/my_robot_bringup:/home/latih/ros2_control/install/my_robot_description:/opt/ros/humble /usr/bin/cmake /home/latih/ros2_control/src/ros2_control_demos/example_2 -DCMAKE_INSTALL_PREFIX=/home/latih/ros2_control/install/ros2_control_demo_example_2
[0.141s] -- The CXX compiler identification is GNU 11.4.0
[0.151s] -- Detecting CXX compiler ABI info
[0.221s] -- Detecting CXX compiler ABI info - done
[0.230s] -- Check for working CXX compiler: /usr/bin/c++ - skipped
[0.230s] -- Detecting CXX compile features
[0.231s] -- Detecting CXX compile features - done
[0.237s] -- Found ament_cmake: 1.3.11 (/opt/ros/humble/share/ament_cmake/cmake)
[0.360s] -- Found Python3: /usr/bin/python3 (found version "3.10.12") found components: Interpreter 
[0.454s] -- Found hardware_interface: 2.50.0 (/opt/ros/humble/share/hardware_interface/cmake)
[0.494s] -- Found rosidl_generator_c: 3.1.6 (/opt/ros/humble/share/rosidl_generator_c/cmake)
[0.499s] -- Found rosidl_adapter: 3.1.6 (/opt/ros/humble/share/rosidl_adapter/cmake)
[0.508s] -- Found rosidl_generator_cpp: 3.1.6 (/opt/ros/humble/share/rosidl_generator_cpp/cmake)
[0.520s] -- Using all available rosidl_typesupport_c: rosidl_typesupport_fastrtps_c;rosidl_typesupport_introspection_c
[0.538s] -- Using all available rosidl_typesupport_cpp: rosidl_typesupport_fastrtps_cpp;rosidl_typesupport_introspection_cpp
[0.751s] -- Found rmw_implementation_cmake: 6.1.2 (/opt/ros/humble/share/rmw_implementation_cmake/cmake)
[0.753s] -- Found rmw_fastrtps_cpp: 6.2.7 (/opt/ros/humble/share/rmw_fastrtps_cpp/cmake)
[0.773s] -- Found TinyXML2 via Config file: TinyXML2_DIR-NOTFOUND
[0.808s] -- Found OpenSSL: /usr/lib/x86_64-linux-gnu/libcrypto.so (found version "3.0.2")  
[0.810s] -- Found TinyXML2 via Config file: TinyXML2_DIR-NOTFOUND
[0.825s] -- Found FastRTPS: /opt/ros/humble/include  
[0.828s] -- Found TinyXML2 via Config file: TinyXML2_DIR-NOTFOUND
[0.844s] -- Found TinyXML2 via Config file: TinyXML2_DIR-NOTFOUND
[0.850s] -- Using RMW implementation 'rmw_fastrtps_cpp' as default
[0.859s] -- Looking for C++ include pthread.h
[1.029s] -- Looking for C++ include pthread.h - found
[1.029s] -- Performing Test CMAKE_HAVE_LIBC_PTHREAD
[1.134s] -- Performing Test CMAKE_HAVE_LIBC_PTHREAD - Success
[1.135s] -- Found Threads: TRUE  
[1.192s] -- Found ament_cmake_pytest: 1.3.11 (/opt/ros/humble/share/ament_cmake_pytest/cmake)
[2.493s] -- Configuring done
[2.513s] -- Generating done
[2.526s] -- Build files have been written to: /home/latih/ros2_control/build/ros2_control_demo_example_2
[2.536s] Invoked command in '/home/latih/ros2_control/build/ros2_control_demo_example_2' returned '0': AMENT_PREFIX_PATH=/home/latih/ros2_control/install/ros2_control_demo_description:${AMENT_PREFIX_PATH} CMAKE_PREFIX_PATH=/home/latih/ros2_control/install/ros2_control_demo_description:/home/latih/ros2_control/install/my_robot_bringup:/home/latih/ros2_control/install/my_robot_description:/opt/ros/humble /usr/bin/cmake /home/latih/ros2_control/src/ros2_control_demos/example_2 -DCMAKE_INSTALL_PREFIX=/home/latih/ros2_control/install/ros2_control_demo_example_2
[2.537s] Invoking command in '/home/latih/ros2_control/build/ros2_control_demo_example_2': AMENT_PREFIX_PATH=/home/latih/ros2_control/install/ros2_control_demo_description:${AMENT_PREFIX_PATH} CMAKE_PREFIX_PATH=/home/latih/ros2_control/install/ros2_control_demo_description:/home/latih/ros2_control/install/my_robot_bringup:/home/latih/ros2_control/install/my_robot_description:/opt/ros/humble /usr/bin/cmake --build /home/latih/ros2_control/build/ros2_control_demo_example_2 -- -j16 -l16
[3.141s] [ 50%] [32mBuilding CXX object CMakeFiles/ros2_control_demo_example_2.dir/hardware/diffbot_system.cpp.o[0m
[7.077s] [100%] [32m[1mLinking CXX shared library libros2_control_demo_example_2.so[0m
[7.234s] [100%] Built target ros2_control_demo_example_2
[7.301s] Invoked command in '/home/latih/ros2_control/build/ros2_control_demo_example_2' returned '0': AMENT_PREFIX_PATH=/home/latih/ros2_control/install/ros2_control_demo_description:${AMENT_PREFIX_PATH} CMAKE_PREFIX_PATH=/home/latih/ros2_control/install/ros2_control_demo_description:/home/latih/ros2_control/install/my_robot_bringup:/home/latih/ros2_control/install/my_robot_description:/opt/ros/humble /usr/bin/cmake --build /home/latih/ros2_control/build/ros2_control_demo_example_2 -- -j16 -l16
[7.306s] Invoking command in '/home/latih/ros2_control/build/ros2_control_demo_example_2': AMENT_PREFIX_PATH=/home/latih/ros2_control/install/ros2_control_demo_description:${AMENT_PREFIX_PATH} CMAKE_PREFIX_PATH=/home/latih/ros2_control/install/ros2_control_demo_description:/home/latih/ros2_control/install/my_robot_bringup:/home/latih/ros2_control/install/my_robot_description:/opt/ros/humble /usr/bin/cmake --install /home/latih/ros2_control/build/ros2_control_demo_example_2
[7.311s] -- Install configuration: ""
[7.311s] -- Installing: /home/latih/ros2_control/install/ros2_control_demo_example_2/share/ros2_control_demo_example_2/ros2_control_demo_example_2.xml
[7.312s] -- Installing: /home/latih/ros2_control/install/ros2_control_demo_example_2/include/ros2_control_demo_example_2
[7.312s] -- Installing: /home/latih/ros2_control/install/ros2_control_demo_example_2/include/ros2_control_demo_example_2/ros2_control_demo_example_2
[7.312s] -- Installing: /home/latih/ros2_control/install/ros2_control_demo_example_2/include/ros2_control_demo_example_2/ros2_control_demo_example_2/diffbot_system.hpp
[7.312s] -- Installing: /home/latih/ros2_control/install/ros2_control_demo_example_2/share/ros2_control_demo_example_2/launch
[7.312s] -- Installing: /home/latih/ros2_control/install/ros2_control_demo_example_2/share/ros2_control_demo_example_2/launch/view_robot.launch.py
[7.312s] -- Installing: /home/latih/ros2_control/install/ros2_control_demo_example_2/share/ros2_control_demo_example_2/ros2_control
[7.312s] -- Installing: /home/latih/ros2_control/install/ros2_control_demo_example_2/share/ros2_control_demo_example_2/ros2_control/diffbot.ros2_control.xacro
[7.312s] -- Installing: /home/latih/ros2_control/install/ros2_control_demo_example_2/share/ros2_control_demo_example_2/urdf
[7.312s] -- Installing: /home/latih/ros2_control/install/ros2_control_demo_example_2/share/ros2_control_demo_example_2/urdf/diffbot.urdf.xacro
[7.312s] -- Up-to-date: /home/latih/ros2_control/install/ros2_control_demo_example_2/share/ros2_control_demo_example_2/launch
[7.312s] -- Installing: /home/latih/ros2_control/install/ros2_control_demo_example_2/share/ros2_control_demo_example_2/launch/diffbot.launch.py
[7.312s] -- Installing: /home/latih/ros2_control/install/ros2_control_demo_example_2/share/ros2_control_demo_example_2/config
[7.312s] -- Installing: /home/latih/ros2_control/install/ros2_control_demo_example_2/share/ros2_control_demo_example_2/config/diffbot_controllers.yaml
[7.313s] -- Installing: /home/latih/ros2_control/install/ros2_control_demo_example_2/lib/libros2_control_demo_example_2.so
[7.313s] -- Set runtime path of "/home/latih/ros2_control/install/ros2_control_demo_example_2/lib/libros2_control_demo_example_2.so" to ""
[7.313s] -- Installing: /home/latih/ros2_control/install/ros2_control_demo_example_2/share/ros2_control_demo_example_2/environment/library_path.sh
[7.313s] -- Installing: /home/latih/ros2_control/install/ros2_control_demo_example_2/share/ros2_control_demo_example_2/environment/library_path.dsv
[7.313s] -- Installing: /home/latih/ros2_control/install/ros2_control_demo_example_2/share/ament_index/resource_index/package_run_dependencies/ros2_control_demo_example_2
[7.313s] -- Installing: /home/latih/ros2_control/install/ros2_control_demo_example_2/share/ament_index/resource_index/parent_prefix_path/ros2_control_demo_example_2
[7.313s] -- Installing: /home/latih/ros2_control/install/ros2_control_demo_example_2/share/ros2_control_demo_example_2/environment/ament_prefix_path.sh
[7.313s] -- Installing: /home/latih/ros2_control/install/ros2_control_demo_example_2/share/ros2_control_demo_example_2/environment/ament_prefix_path.dsv
[7.313s] -- Installing: /home/latih/ros2_control/install/ros2_control_demo_example_2/share/ros2_control_demo_example_2/environment/path.sh
[7.313s] -- Installing: /home/latih/ros2_control/install/ros2_control_demo_example_2/share/ros2_control_demo_example_2/environment/path.dsv
[7.313s] -- Installing: /home/latih/ros2_control/install/ros2_control_demo_example_2/share/ros2_control_demo_example_2/local_setup.bash
[7.313s] -- Installing: /home/latih/ros2_control/install/ros2_control_demo_example_2/share/ros2_control_demo_example_2/local_setup.sh
[7.314s] -- Installing: /home/latih/ros2_control/install/ros2_control_demo_example_2/share/ros2_control_demo_example_2/local_setup.zsh
[7.314s] -- Installing: /home/latih/ros2_control/install/ros2_control_demo_example_2/share/ros2_control_demo_example_2/local_setup.dsv
[7.314s] -- Installing: /home/latih/ros2_control/install/ros2_control_demo_example_2/share/ros2_control_demo_example_2/package.dsv
[7.314s] -- Installing: /home/latih/ros2_control/install/ros2_control_demo_example_2/share/ament_index/resource_index/packages/ros2_control_demo_example_2
[7.314s] -- Installing: /home/latih/ros2_control/install/ros2_control_demo_example_2/share/ament_index/resource_index/hardware_interface__pluginlib__plugin/ros2_control_demo_example_2
[7.314s] -- Installing: /home/latih/ros2_control/install/ros2_control_demo_example_2/share/ros2_control_demo_example_2/cmake/export_ros2_control_demo_example_2Export.cmake
[7.314s] -- Installing: /home/latih/ros2_control/install/ros2_control_demo_example_2/share/ros2_control_demo_example_2/cmake/export_ros2_control_demo_example_2Export-noconfig.cmake
[7.314s] -- Installing: /home/latih/ros2_control/install/ros2_control_demo_example_2/share/ros2_control_demo_example_2/cmake/ament_cmake_export_targets-extras.cmake
[7.314s] -- Installing: /home/latih/ros2_control/install/ros2_control_demo_example_2/share/ros2_control_demo_example_2/cmake/ament_cmake_export_dependencies-extras.cmake
[7.314s] -- Installing: /home/latih/ros2_control/install/ros2_control_demo_example_2/share/ros2_control_demo_example_2/cmake/ros2_control_demo_example_2Config.cmake
[7.314s] -- Installing: /home/latih/ros2_control/install/ros2_control_demo_example_2/share/ros2_control_demo_example_2/cmake/ros2_control_demo_example_2Config-version.cmake
[7.314s] -- Installing: /home/latih/ros2_control/install/ros2_control_demo_example_2/share/ros2_control_demo_example_2/package.xml
[7.336s] Invoked command in '/home/latih/ros2_control/build/ros2_control_demo_example_2' returned '0': AMENT_PREFIX_PATH=/home/latih/ros2_control/install/ros2_control_demo_description:${AMENT_PREFIX_PATH} CMAKE_PREFIX_PATH=/home/latih/ros2_control/install/ros2_control_demo_description:/home/latih/ros2_control/install/my_robot_bringup:/home/latih/ros2_control/install/my_robot_description:/opt/ros/humble /usr/bin/cmake --install /home/latih/ros2_control/build/ros2_control_demo_example_2
