[0.013s] Invoking command in '/home/latih/ros2_control/build/serial': /usr/bin/cmake /home/latih/ros2_control/src/serial -DCATKIN_INSTALL_INTO_PREFIX_ROOT=0 -DCMAKE_INSTALL_PREFIX=/home/latih/ros2_control/install/serial
[0.016s] [0mCMake Deprecation Warning at CMakeLists.txt:1 (cmake_minimum_required):
[0.016s]   Compatibility with CMake < 2.8.12 will be removed from a future version of
[0.016s]   CMake.
[0.016s] 
[0.016s]   Update the VERSION argument <min> value or use a ...<max> suffix to tell
[0.017s]   CMake that the project does not need compatibility with older versions.
[0.017s] 
[0.017s] [0m
[0.072s] -- The C compiler identification is GNU 11.4.0
[0.119s] -- The CXX compiler identification is GNU 11.4.0
[0.126s] -- Detecting C compiler ABI info
[0.193s] -- Detecting C compiler ABI info - done
[0.198s] -- Check for working C compiler: /usr/bin/cc - skipped
[0.199s] -- Detecting C compile features
[0.199s] -- Detecting C compile features - done
[0.201s] -- Detecting CXX compiler ABI info
[0.273s] -- Detecting CXX compiler ABI info - done
[0.279s] -- Check for working CXX compiler: /usr/bin/c++ - skipped
[0.279s] -- Detecting CXX compile features
[0.280s] -- Detecting CXX compile features - done
[0.288s] [31mCMake Error at CMakeLists.txt:5 (find_package):
[0.288s]   By not providing "Findcatkin.cmake" in CMAKE_MODULE_PATH this project has
[0.288s]   asked CMake to find a package configuration file provided by "catkin", but
[0.288s]   CMake did not find one.
[0.288s] 
[0.288s]   Could not find a package configuration file provided by "catkin" with any
[0.288s]   of the following names:
[0.288s] 
[0.288s]     catkinConfig.cmake
[0.288s]     catkin-config.cmake
[0.288s] 
[0.288s]   Add the installation prefix of "catkin" to CMAKE_PREFIX_PATH or set
[0.288s]   "catkin_DIR" to a directory containing one of the above files.  If "catkin"
[0.288s]   provides a separate development package or SDK, be sure it has been
[0.288s]   installed.
[0.288s] 
[0.288s] [0m
[0.288s] -- Configuring incomplete, errors occurred!
[0.288s] See also "/home/latih/ros2_control/build/serial/CMakeFiles/CMakeOutput.log".
[0.291s] Invoked command in '/home/latih/ros2_control/build/serial' returned '1': /usr/bin/cmake /home/latih/ros2_control/src/serial -DCATKIN_INSTALL_INTO_PREFIX_ROOT=0 -DCMAKE_INSTALL_PREFIX=/home/latih/ros2_control/install/serial
