[0.017s] Invoking command in '/home/latih/ros2_control/build/ros2_control_demo_example_15': AMENT_PREFIX_PATH=/home/latih/ros2_control/install/ros2_control_demo_example_5:/home/latih/ros2_control/install/ros2_control_demo_example_1:/home/latih/ros2_control/install/ros2_control_demo_description:${AMENT_PREFIX_PATH} CMAKE_PREFIX_PATH=/home/latih/ros2_control/install/ros2_control_demo_example_5:/home/latih/ros2_control/install/ros2_control_demo_example_1:/home/latih/ros2_control/install/ros2_control_demo_description:/home/latih/ros2_control/install/my_robot_bringup:/home/latih/ros2_control/install/my_robot_description:/opt/ros/humble LD_LIBRARY_PATH=/home/latih/ros2_control/install/ros2_control_demo_example_5/lib:/home/latih/ros2_control/install/ros2_control_demo_example_1/lib:${LD_LIBRARY_PATH} /usr/bin/cmake /home/latih/ros2_control/src/ros2_control_demos/example_15 -DCMAKE_INSTALL_PREFIX=/home/latih/ros2_control/install/ros2_control_demo_example_15
[0.087s] -- The CXX compiler identification is GNU 11.4.0
[0.097s] -- Detecting CXX compiler ABI info
[0.151s] -- Detecting CXX compiler ABI info - done
[0.160s] -- Check for working CXX compiler: /usr/bin/c++ - skipped
[0.160s] -- Detecting CXX compile features
[0.161s] -- Detecting CXX compile features - done
[0.164s] -- Found ament_cmake: 1.3.11 (/opt/ros/humble/share/ament_cmake/cmake)
[0.297s] -- Found Python3: /usr/bin/python3 (found version "3.10.12") found components: Interpreter 
[0.359s] -- Found ament_cmake_pytest: 1.3.11 (/opt/ros/humble/share/ament_cmake_pytest/cmake)
[0.824s] -- Configuring done
[0.825s] -- Generating done
[0.826s] -- Build files have been written to: /home/latih/ros2_control/build/ros2_control_demo_example_15
[0.829s] Invoked command in '/home/latih/ros2_control/build/ros2_control_demo_example_15' returned '0': AMENT_PREFIX_PATH=/home/latih/ros2_control/install/ros2_control_demo_example_5:/home/latih/ros2_control/install/ros2_control_demo_example_1:/home/latih/ros2_control/install/ros2_control_demo_description:${AMENT_PREFIX_PATH} CMAKE_PREFIX_PATH=/home/latih/ros2_control/install/ros2_control_demo_example_5:/home/latih/ros2_control/install/ros2_control_demo_example_1:/home/latih/ros2_control/install/ros2_control_demo_description:/home/latih/ros2_control/install/my_robot_bringup:/home/latih/ros2_control/install/my_robot_description:/opt/ros/humble LD_LIBRARY_PATH=/home/latih/ros2_control/install/ros2_control_demo_example_5/lib:/home/latih/ros2_control/install/ros2_control_demo_example_1/lib:${LD_LIBRARY_PATH} /usr/bin/cmake /home/latih/ros2_control/src/ros2_control_demos/example_15 -DCMAKE_INSTALL_PREFIX=/home/latih/ros2_control/install/ros2_control_demo_example_15
[0.832s] Invoking command in '/home/latih/ros2_control/build/ros2_control_demo_example_15': AMENT_PREFIX_PATH=/home/latih/ros2_control/install/ros2_control_demo_example_5:/home/latih/ros2_control/install/ros2_control_demo_example_1:/home/latih/ros2_control/install/ros2_control_demo_description:${AMENT_PREFIX_PATH} CMAKE_PREFIX_PATH=/home/latih/ros2_control/install/ros2_control_demo_example_5:/home/latih/ros2_control/install/ros2_control_demo_example_1:/home/latih/ros2_control/install/ros2_control_demo_description:/home/latih/ros2_control/install/my_robot_bringup:/home/latih/ros2_control/install/my_robot_description:/opt/ros/humble LD_LIBRARY_PATH=/home/latih/ros2_control/install/ros2_control_demo_example_5/lib:/home/latih/ros2_control/install/ros2_control_demo_example_1/lib:${LD_LIBRARY_PATH} /usr/bin/cmake --build /home/latih/ros2_control/build/ros2_control_demo_example_15 -- -j16 -l16
[0.864s] Invoked command in '/home/latih/ros2_control/build/ros2_control_demo_example_15' returned '0': AMENT_PREFIX_PATH=/home/latih/ros2_control/install/ros2_control_demo_example_5:/home/latih/ros2_control/install/ros2_control_demo_example_1:/home/latih/ros2_control/install/ros2_control_demo_description:${AMENT_PREFIX_PATH} CMAKE_PREFIX_PATH=/home/latih/ros2_control/install/ros2_control_demo_example_5:/home/latih/ros2_control/install/ros2_control_demo_example_1:/home/latih/ros2_control/install/ros2_control_demo_description:/home/latih/ros2_control/install/my_robot_bringup:/home/latih/ros2_control/install/my_robot_description:/opt/ros/humble LD_LIBRARY_PATH=/home/latih/ros2_control/install/ros2_control_demo_example_5/lib:/home/latih/ros2_control/install/ros2_control_demo_example_1/lib:${LD_LIBRARY_PATH} /usr/bin/cmake --build /home/latih/ros2_control/build/ros2_control_demo_example_15 -- -j16 -l16
[0.865s] Invoking command in '/home/latih/ros2_control/build/ros2_control_demo_example_15': AMENT_PREFIX_PATH=/home/latih/ros2_control/install/ros2_control_demo_example_5:/home/latih/ros2_control/install/ros2_control_demo_example_1:/home/latih/ros2_control/install/ros2_control_demo_description:${AMENT_PREFIX_PATH} CMAKE_PREFIX_PATH=/home/latih/ros2_control/install/ros2_control_demo_example_5:/home/latih/ros2_control/install/ros2_control_demo_example_1:/home/latih/ros2_control/install/ros2_control_demo_description:/home/latih/ros2_control/install/my_robot_bringup:/home/latih/ros2_control/install/my_robot_description:/opt/ros/humble LD_LIBRARY_PATH=/home/latih/ros2_control/install/ros2_control_demo_example_5/lib:/home/latih/ros2_control/install/ros2_control_demo_example_1/lib:${LD_LIBRARY_PATH} /usr/bin/cmake --install /home/latih/ros2_control/build/ros2_control_demo_example_15
[0.872s] -- Install configuration: ""
[0.872s] -- Installing: /home/latih/ros2_control/install/ros2_control_demo_example_15/share/ros2_control_demo_example_15/rviz
[0.873s] -- Installing: /home/latih/ros2_control/install/ros2_control_demo_example_15/share/ros2_control_demo_example_15/rviz/rrbot_namespace.rviz
[0.873s] -- Installing: /home/latih/ros2_control/install/ros2_control_demo_example_15/share/ros2_control_demo_example_15/rviz/multi_controller_manager.rviz
[0.873s] -- Installing: /home/latih/ros2_control/install/ros2_control_demo_example_15/share/ros2_control_demo_example_15/launch
[0.873s] -- Installing: /home/latih/ros2_control/install/ros2_control_demo_example_15/share/ros2_control_demo_example_15/launch/rrbot_namespace.launch.py
[0.873s] -- Installing: /home/latih/ros2_control/install/ros2_control_demo_example_15/share/ros2_control_demo_example_15/launch/test_multi_controller_manager_joint_trajectory_controller.launch.py
[0.873s] -- Installing: /home/latih/ros2_control/install/ros2_control_demo_example_15/share/ros2_control_demo_example_15/launch/test_forward_position_controller.launch.py
[0.873s] -- Installing: /home/latih/ros2_control/install/ros2_control_demo_example_15/share/ros2_control_demo_example_15/launch/test_multi_controller_manager_forward_position_controller.launch.py
[0.873s] -- Installing: /home/latih/ros2_control/install/ros2_control_demo_example_15/share/ros2_control_demo_example_15/launch/multi_controller_manager_example_two_rrbots.launch.py
[0.873s] -- Installing: /home/latih/ros2_control/install/ros2_control_demo_example_15/share/ros2_control_demo_example_15/launch/rrbot_base.launch.py
[0.873s] -- Installing: /home/latih/ros2_control/install/ros2_control_demo_example_15/share/ros2_control_demo_example_15/launch/test_joint_trajectory_controller.launch.py
[0.873s] -- Installing: /home/latih/ros2_control/install/ros2_control_demo_example_15/share/ros2_control_demo_example_15/config
[0.873s] -- Installing: /home/latih/ros2_control/install/ros2_control_demo_example_15/share/ros2_control_demo_example_15/config/multi_controller_manager_rrbot_2_controllers.yaml
[0.873s] -- Installing: /home/latih/ros2_control/install/ros2_control_demo_example_15/share/ros2_control_demo_example_15/config/rrbot_namespace_forward_position_publisher.yaml
[0.873s] -- Installing: /home/latih/ros2_control/install/ros2_control_demo_example_15/share/ros2_control_demo_example_15/config/multi_controller_manager_joint_trajectory_publisher.yaml
[0.873s] -- Installing: /home/latih/ros2_control/install/ros2_control_demo_example_15/share/ros2_control_demo_example_15/config/rrbot_namespace_joint_trajectory_publisher.yaml
[0.873s] -- Installing: /home/latih/ros2_control/install/ros2_control_demo_example_15/share/ros2_control_demo_example_15/config/multi_controller_manager_rrbot_1_controllers.yaml
[0.873s] -- Installing: /home/latih/ros2_control/install/ros2_control_demo_example_15/share/ros2_control_demo_example_15/config/rrbot_namespace_controllers.yaml
[0.873s] -- Installing: /home/latih/ros2_control/install/ros2_control_demo_example_15/share/ros2_control_demo_example_15/config/multi_controller_manager_forward_position_publisher.yaml
[0.873s] -- Installing: /home/latih/ros2_control/install/ros2_control_demo_example_15/share/ament_index/resource_index/package_run_dependencies/ros2_control_demo_example_15
[0.873s] -- Installing: /home/latih/ros2_control/install/ros2_control_demo_example_15/share/ament_index/resource_index/parent_prefix_path/ros2_control_demo_example_15
[0.873s] -- Installing: /home/latih/ros2_control/install/ros2_control_demo_example_15/share/ros2_control_demo_example_15/environment/ament_prefix_path.sh
[0.873s] -- Installing: /home/latih/ros2_control/install/ros2_control_demo_example_15/share/ros2_control_demo_example_15/environment/ament_prefix_path.dsv
[0.873s] -- Installing: /home/latih/ros2_control/install/ros2_control_demo_example_15/share/ros2_control_demo_example_15/environment/path.sh
[0.873s] -- Installing: /home/latih/ros2_control/install/ros2_control_demo_example_15/share/ros2_control_demo_example_15/environment/path.dsv
[0.874s] -- Installing: /home/latih/ros2_control/install/ros2_control_demo_example_15/share/ros2_control_demo_example_15/local_setup.bash
[0.874s] -- Installing: /home/latih/ros2_control/install/ros2_control_demo_example_15/share/ros2_control_demo_example_15/local_setup.sh
[0.874s] -- Installing: /home/latih/ros2_control/install/ros2_control_demo_example_15/share/ros2_control_demo_example_15/local_setup.zsh
[0.874s] -- Installing: /home/latih/ros2_control/install/ros2_control_demo_example_15/share/ros2_control_demo_example_15/local_setup.dsv
[0.874s] -- Installing: /home/latih/ros2_control/install/ros2_control_demo_example_15/share/ros2_control_demo_example_15/package.dsv
[0.874s] -- Installing: /home/latih/ros2_control/install/ros2_control_demo_example_15/share/ament_index/resource_index/packages/ros2_control_demo_example_15
[0.874s] -- Installing: /home/latih/ros2_control/install/ros2_control_demo_example_15/share/ros2_control_demo_example_15/cmake/ros2_control_demo_example_15Config.cmake
[0.874s] -- Installing: /home/latih/ros2_control/install/ros2_control_demo_example_15/share/ros2_control_demo_example_15/cmake/ros2_control_demo_example_15Config-version.cmake
[0.874s] -- Installing: /home/latih/ros2_control/install/ros2_control_demo_example_15/share/ros2_control_demo_example_15/package.xml
[0.876s] Invoked command in '/home/latih/ros2_control/build/ros2_control_demo_example_15' returned '0': AMENT_PREFIX_PATH=/home/latih/ros2_control/install/ros2_control_demo_example_5:/home/latih/ros2_control/install/ros2_control_demo_example_1:/home/latih/ros2_control/install/ros2_control_demo_description:${AMENT_PREFIX_PATH} CMAKE_PREFIX_PATH=/home/latih/ros2_control/install/ros2_control_demo_example_5:/home/latih/ros2_control/install/ros2_control_demo_example_1:/home/latih/ros2_control/install/ros2_control_demo_description:/home/latih/ros2_control/install/my_robot_bringup:/home/latih/ros2_control/install/my_robot_description:/opt/ros/humble LD_LIBRARY_PATH=/home/latih/ros2_control/install/ros2_control_demo_example_5/lib:/home/latih/ros2_control/install/ros2_control_demo_example_1/lib:${LD_LIBRARY_PATH} /usr/bin/cmake --install /home/latih/ros2_control/build/ros2_control_demo_example_15
