[0.045s] Invoking command in '/home/latih/ros2_control/build/my_robot_description': CMAKE_PREFIX_PATH=${CMAKE_PREFIX_PATH}:/opt/ros/humble /usr/bin/cmake --build /home/latih/ros2_control/build/my_robot_description -- -j16 -l16
[0.511s] Invoked command in '/home/latih/ros2_control/build/my_robot_description' returned '0': CMAKE_PREFIX_PATH=${CMAKE_PREFIX_PATH}:/opt/ros/humble /usr/bin/cmake --build /home/latih/ros2_control/build/my_robot_description -- -j16 -l16
[0.520s] Invoking command in '/home/latih/ros2_control/build/my_robot_description': CMAKE_PREFIX_PATH=${CMAKE_PREFIX_PATH}:/opt/ros/humble /usr/bin/cmake --install /home/latih/ros2_control/build/my_robot_description
[1.278s] -- Install configuration: ""
[1.278s] -- Up-to-date: /home/latih/ros2_control/install/my_robot_description/share/my_robot_description//urdf
[1.278s] -- Installing: /home/latih/ros2_control/install/my_robot_description/share/my_robot_description//urdf/mobile_base.ros2_control.xacro
[1.279s] -- Up-to-date: /home/latih/ros2_control/install/my_robot_description/share/my_robot_description//urdf/common_properties.xacro
[1.279s] -- Up-to-date: /home/latih/ros2_control/install/my_robot_description/share/my_robot_description//urdf/mobile_base.xacro
[1.279s] -- Up-to-date: /home/latih/ros2_control/install/my_robot_description/share/my_robot_description//urdf/my_robot.urdf.xacro
[1.279s] -- Up-to-date: /home/latih/ros2_control/install/my_robot_description/share/my_robot_description//launch
[1.279s] -- Up-to-date: /home/latih/ros2_control/install/my_robot_description/share/my_robot_description//launch/display.launch.py
[1.279s] -- Up-to-date: /home/latih/ros2_control/install/my_robot_description/share/my_robot_description//launch/display.launch.xml
[1.279s] -- Up-to-date: /home/latih/ros2_control/install/my_robot_description/share/my_robot_description//rviz
[1.279s] -- Up-to-date: /home/latih/ros2_control/install/my_robot_description/share/my_robot_description//rviz/urdf_config.rviz
[1.279s] -- Up-to-date: /home/latih/ros2_control/install/my_robot_description/share/ament_index/resource_index/package_run_dependencies/my_robot_description
[1.279s] -- Up-to-date: /home/latih/ros2_control/install/my_robot_description/share/ament_index/resource_index/parent_prefix_path/my_robot_description
[1.279s] -- Up-to-date: /home/latih/ros2_control/install/my_robot_description/share/my_robot_description/environment/ament_prefix_path.sh
[1.279s] -- Up-to-date: /home/latih/ros2_control/install/my_robot_description/share/my_robot_description/environment/ament_prefix_path.dsv
[1.279s] -- Up-to-date: /home/latih/ros2_control/install/my_robot_description/share/my_robot_description/environment/path.sh
[1.279s] -- Up-to-date: /home/latih/ros2_control/install/my_robot_description/share/my_robot_description/environment/path.dsv
[1.279s] -- Up-to-date: /home/latih/ros2_control/install/my_robot_description/share/my_robot_description/local_setup.bash
[1.279s] -- Up-to-date: /home/latih/ros2_control/install/my_robot_description/share/my_robot_description/local_setup.sh
[1.279s] -- Up-to-date: /home/latih/ros2_control/install/my_robot_description/share/my_robot_description/local_setup.zsh
[1.279s] -- Up-to-date: /home/latih/ros2_control/install/my_robot_description/share/my_robot_description/local_setup.dsv
[1.280s] -- Installing: /home/latih/ros2_control/install/my_robot_description/share/my_robot_description/package.dsv
[1.280s] -- Up-to-date: /home/latih/ros2_control/install/my_robot_description/share/ament_index/resource_index/packages/my_robot_description
[1.280s] -- Up-to-date: /home/latih/ros2_control/install/my_robot_description/share/my_robot_description/cmake/my_robot_descriptionConfig.cmake
[1.280s] -- Up-to-date: /home/latih/ros2_control/install/my_robot_description/share/my_robot_description/cmake/my_robot_descriptionConfig-version.cmake
[1.280s] -- Up-to-date: /home/latih/ros2_control/install/my_robot_description/share/my_robot_description/package.xml
