[0.013s] Invoking command in '/home/latih/ros2_control/build/my_robot_bringup': AMENT_PREFIX_PATH=/home/latih/ros2_control/install/my_robot_description:${AMENT_PREFIX_PATH} CMAKE_PREFIX_PATH=/home/latih/ros2_control/install/my_robot_description:/opt/ros/humble /usr/bin/cmake --build /home/latih/ros2_control/build/my_robot_bringup -- -j16 -l16
[0.059s] Invoked command in '/home/latih/ros2_control/build/my_robot_bringup' returned '0': AMENT_PREFIX_PATH=/home/latih/ros2_control/install/my_robot_description:${AMENT_PREFIX_PATH} CMAKE_PREFIX_PATH=/home/latih/ros2_control/install/my_robot_description:/opt/ros/humble /usr/bin/cmake --build /home/latih/ros2_control/build/my_robot_bringup -- -j16 -l16
[0.064s] Invoking command in '/home/latih/ros2_control/build/my_robot_bringup': AMENT_PREFIX_PATH=/home/latih/ros2_control/install/my_robot_description:${AMENT_PREFIX_PATH} CMAKE_PREFIX_PATH=/home/latih/ros2_control/install/my_robot_description:/opt/ros/humble /usr/bin/cmake --install /home/latih/ros2_control/build/my_robot_bringup
[0.074s] -- Install configuration: ""
[0.075s] -- Up-to-date: /home/latih/ros2_control/install/my_robot_bringup/share/my_robot_bringup//config
[0.075s] -- Up-to-date: /home/latih/ros2_control/install/my_robot_bringup/share/my_robot_bringup//config/my_robot_controllers.yaml
[0.075s] -- Up-to-date: /home/latih/ros2_control/install/my_robot_bringup/share/my_robot_bringup//launch
[0.075s] -- Up-to-date: /home/latih/ros2_control/install/my_robot_bringup/share/my_robot_bringup//launch/my_robot.launch.xml
[0.075s] -- Up-to-date: /home/latih/ros2_control/install/my_robot_bringup/share/my_robot_bringup//launch/my_robot.launch.py
[0.075s] -- Up-to-date: /home/latih/ros2_control/install/my_robot_bringup/share/ament_index/resource_index/package_run_dependencies/my_robot_bringup
[0.075s] -- Up-to-date: /home/latih/ros2_control/install/my_robot_bringup/share/ament_index/resource_index/parent_prefix_path/my_robot_bringup
[0.075s] -- Up-to-date: /home/latih/ros2_control/install/my_robot_bringup/share/my_robot_bringup/environment/ament_prefix_path.sh
[0.075s] -- Up-to-date: /home/latih/ros2_control/install/my_robot_bringup/share/my_robot_bringup/environment/ament_prefix_path.dsv
[0.075s] -- Up-to-date: /home/latih/ros2_control/install/my_robot_bringup/share/my_robot_bringup/environment/path.sh
[0.075s] -- Up-to-date: /home/latih/ros2_control/install/my_robot_bringup/share/my_robot_bringup/environment/path.dsv
[0.075s] -- Up-to-date: /home/latih/ros2_control/install/my_robot_bringup/share/my_robot_bringup/local_setup.bash
[0.075s] -- Up-to-date: /home/latih/ros2_control/install/my_robot_bringup/share/my_robot_bringup/local_setup.sh
[0.075s] -- Up-to-date: /home/latih/ros2_control/install/my_robot_bringup/share/my_robot_bringup/local_setup.zsh
[0.075s] -- Up-to-date: /home/latih/ros2_control/install/my_robot_bringup/share/my_robot_bringup/local_setup.dsv
[0.075s] -- Installing: /home/latih/ros2_control/install/my_robot_bringup/share/my_robot_bringup/package.dsv
[0.075s] -- Up-to-date: /home/latih/ros2_control/install/my_robot_bringup/share/ament_index/resource_index/packages/my_robot_bringup
[0.075s] -- Up-to-date: /home/latih/ros2_control/install/my_robot_bringup/share/my_robot_bringup/cmake/my_robot_bringupConfig.cmake
[0.076s] -- Up-to-date: /home/latih/ros2_control/install/my_robot_bringup/share/my_robot_bringup/cmake/my_robot_bringupConfig-version.cmake
[0.076s] -- Up-to-date: /home/latih/ros2_control/install/my_robot_bringup/share/my_robot_bringup/package.xml
[0.078s] Invoked command in '/home/latih/ros2_control/build/my_robot_bringup' returned '0': AMENT_PREFIX_PATH=/home/latih/ros2_control/install/my_robot_description:${AMENT_PREFIX_PATH} CMAKE_PREFIX_PATH=/home/latih/ros2_control/install/my_robot_description:/opt/ros/humble /usr/bin/cmake --install /home/latih/ros2_control/build/my_robot_bringup
