[0.478s] Invoking command in '/home/latih/ros2_control/build/quality_of_service_demo_cpp': CMAKE_PREFIX_PATH=${CMAKE_PREFIX_PATH}:/opt/ros/humble /usr/bin/cmake /home/latih/ros2_control/src/demos/quality_of_service_demo/rclcpp -DCMAKE_INSTALL_PREFIX=/home/latih/ros2_control/install/quality_of_service_demo_cpp
[1.221s] -- The C compiler identification is GNU 11.4.0
[1.221s] -- The CXX compiler identification is GNU 11.4.0
[1.221s] -- Detecting C compiler ABI info
[1.221s] -- Detecting C compiler ABI info - done
[1.221s] -- Check for working C compiler: /usr/bin/cc - skipped
[1.221s] -- Detecting C compile features
[1.221s] -- Detecting C compile features - done
[1.221s] -- Detecting CXX compiler ABI info
[1.221s] -- Detecting CXX compiler ABI info - done
[1.221s] -- Check for working CXX compiler: /usr/bin/c++ - skipped
[1.221s] -- Detecting CXX compile features
[1.221s] -- Detecting CXX compile features - done
[1.221s] -- Found ament_cmake: 1.3.11 (/opt/ros/humble/share/ament_cmake/cmake)
[1.221s] -- Found Python3: /usr/bin/python3 (found version "3.10.12") found components: Interpreter 
[1.222s] -- Found rclcpp: 16.0.12 (/opt/ros/humble/share/rclcpp/cmake)
[1.222s] -- Found rosidl_generator_c: 3.1.6 (/opt/ros/humble/share/rosidl_generator_c/cmake)
[1.223s] -- Found rosidl_adapter: 3.1.6 (/opt/ros/humble/share/rosidl_adapter/cmake)
[1.223s] -- Found rosidl_generator_cpp: 3.1.6 (/opt/ros/humble/share/rosidl_generator_cpp/cmake)
[1.223s] -- Using all available rosidl_typesupport_c: rosidl_typesupport_fastrtps_c;rosidl_typesupport_introspection_c
[1.223s] -- Using all available rosidl_typesupport_cpp: rosidl_typesupport_fastrtps_cpp;rosidl_typesupport_introspection_cpp
[1.223s] -- Found rmw_implementation_cmake: 6.1.2 (/opt/ros/humble/share/rmw_implementation_cmake/cmake)
[1.223s] -- Found rmw_fastrtps_cpp: 6.2.7 (/opt/ros/humble/share/rmw_fastrtps_cpp/cmake)
[1.268s] -- Found OpenSSL: /usr/lib/x86_64-linux-gnu/libcrypto.so (found version "3.0.2")  
[1.296s] -- Found FastRTPS: /opt/ros/humble/include  
[1.341s] -- Using RMW implementation 'rmw_fastrtps_cpp' as default
[1.349s] -- Looking for pthread.h
[1.405s] -- Looking for pthread.h - found
[1.405s] -- Performing Test CMAKE_HAVE_LIBC_PTHREAD
[1.457s] -- Performing Test CMAKE_HAVE_LIBC_PTHREAD - Success
[1.458s] -- Found Threads: TRUE  
[1.501s] -- Found rclcpp_components: 16.0.12 (/opt/ros/humble/share/rclcpp_components/cmake)
[1.523s] -- Found sensor_msgs: 4.8.0 (/opt/ros/humble/share/sensor_msgs/cmake)
[1.551s] -- Found ament_lint_auto: 0.12.12 (/opt/ros/humble/share/ament_lint_auto/cmake)
[1.628s] -- Added test 'copyright' to check source files copyright and LICENSE
[1.629s] -- Added test 'cppcheck' to perform static code analysis on C / C++ code
[1.629s] -- Configured cppcheck include dirs: /home/latih/ros2_control/src/demos/quality_of_service_demo/rclcpp/include
[1.630s] -- Configured cppcheck exclude dirs and/or files: 
[1.630s] -- Added test 'cpplint' to check C / C++ code against the Google style
[1.630s] -- Configured cpplint exclude dirs and/or files: 
[1.631s] -- Added test 'lint_cmake' to check CMake code style
[1.632s] -- Added test 'uncrustify' to check C / C++ code style
[1.632s] -- Configured uncrustify additional arguments: 
[1.632s] -- Added test 'xmllint' to check XML markup files
[1.633s] -- Configuring done
[1.657s] -- Generating done
[1.668s] -- Build files have been written to: /home/latih/ros2_control/build/quality_of_service_demo_cpp
