[0.052s] Invoking command in '/home/latih/ros2_control/build/ros2_control_demo_example_11': AMENT_PREFIX_PATH=/home/latih/ros2_control/install/ros2_control_demo_description:${AMENT_PREFIX_PATH} CMAKE_PREFIX_PATH=/home/latih/ros2_control/install/ros2_control_demo_description:/home/latih/ros2_control/install/my_robot_bringup:/home/latih/ros2_control/install/my_robot_description:/opt/ros/humble /usr/bin/cmake /home/latih/ros2_control/src/ros2_control_demos/example_11 -DCMAKE_INSTALL_PREFIX=/home/latih/ros2_control/install/ros2_control_demo_example_11
[0.140s] -- The CXX compiler identification is GNU 11.4.0
[0.146s] -- Detecting CXX compiler ABI info
[0.211s] -- Detecting CXX compiler ABI info - done
[0.221s] -- Check for working CXX compiler: /usr/bin/c++ - skipped
[0.221s] -- Detecting CXX compile features
[0.222s] -- Detecting CXX compile features - done
[0.227s] -- Found ament_cmake: 1.3.11 (/opt/ros/humble/share/ament_cmake/cmake)
[0.368s] -- Found Python3: /usr/bin/python3 (found version "3.10.12") found components: Interpreter 
[0.446s] -- Found hardware_interface: 2.50.0 (/opt/ros/humble/share/hardware_interface/cmake)
[0.483s] -- Found rosidl_generator_c: 3.1.6 (/opt/ros/humble/share/rosidl_generator_c/cmake)
[0.488s] -- Found rosidl_adapter: 3.1.6 (/opt/ros/humble/share/rosidl_adapter/cmake)
[0.497s] -- Found rosidl_generator_cpp: 3.1.6 (/opt/ros/humble/share/rosidl_generator_cpp/cmake)
[0.509s] -- Using all available rosidl_typesupport_c: rosidl_typesupport_fastrtps_c;rosidl_typesupport_introspection_c
[0.526s] -- Using all available rosidl_typesupport_cpp: rosidl_typesupport_fastrtps_cpp;rosidl_typesupport_introspection_cpp
[0.738s] -- Found rmw_implementation_cmake: 6.1.2 (/opt/ros/humble/share/rmw_implementation_cmake/cmake)
[0.740s] -- Found rmw_fastrtps_cpp: 6.2.7 (/opt/ros/humble/share/rmw_fastrtps_cpp/cmake)
[0.758s] -- Found TinyXML2 via Config file: TinyXML2_DIR-NOTFOUND
[0.797s] -- Found OpenSSL: /usr/lib/x86_64-linux-gnu/libcrypto.so (found version "3.0.2")  
[0.797s] -- Found TinyXML2 via Config file: TinyXML2_DIR-NOTFOUND
[0.812s] -- Found FastRTPS: /opt/ros/humble/include  
[0.815s] -- Found TinyXML2 via Config file: TinyXML2_DIR-NOTFOUND
[0.822s] -- Found TinyXML2 via Config file: TinyXML2_DIR-NOTFOUND
[0.832s] -- Using RMW implementation 'rmw_fastrtps_cpp' as default
[0.840s] -- Looking for C++ include pthread.h
[0.984s] -- Looking for C++ include pthread.h - found
[0.984s] -- Performing Test CMAKE_HAVE_LIBC_PTHREAD
[1.113s] -- Performing Test CMAKE_HAVE_LIBC_PTHREAD - Success
[1.115s] -- Found Threads: TRUE  
[1.183s] -- Found ament_cmake_pytest: 1.3.11 (/opt/ros/humble/share/ament_cmake_pytest/cmake)
[2.436s] -- Configuring done
[2.477s] -- Generating done
[2.484s] -- Build files have been written to: /home/latih/ros2_control/build/ros2_control_demo_example_11
[2.501s] Invoked command in '/home/latih/ros2_control/build/ros2_control_demo_example_11' returned '0': AMENT_PREFIX_PATH=/home/latih/ros2_control/install/ros2_control_demo_description:${AMENT_PREFIX_PATH} CMAKE_PREFIX_PATH=/home/latih/ros2_control/install/ros2_control_demo_description:/home/latih/ros2_control/install/my_robot_bringup:/home/latih/ros2_control/install/my_robot_description:/opt/ros/humble /usr/bin/cmake /home/latih/ros2_control/src/ros2_control_demos/example_11 -DCMAKE_INSTALL_PREFIX=/home/latih/ros2_control/install/ros2_control_demo_example_11
[2.501s] Invoking command in '/home/latih/ros2_control/build/ros2_control_demo_example_11': AMENT_PREFIX_PATH=/home/latih/ros2_control/install/ros2_control_demo_description:${AMENT_PREFIX_PATH} CMAKE_PREFIX_PATH=/home/latih/ros2_control/install/ros2_control_demo_description:/home/latih/ros2_control/install/my_robot_bringup:/home/latih/ros2_control/install/my_robot_description:/opt/ros/humble /usr/bin/cmake --build /home/latih/ros2_control/build/ros2_control_demo_example_11 -- -j16 -l16
[2.557s] [ 50%] [32mBuilding CXX object CMakeFiles/ros2_control_demo_example_11.dir/hardware/carlikebot_system.cpp.o[0m
[7.060s] [100%] [32m[1mLinking CXX shared library libros2_control_demo_example_11.so[0m
[7.237s] [100%] Built target ros2_control_demo_example_11
[7.291s] Invoked command in '/home/latih/ros2_control/build/ros2_control_demo_example_11' returned '0': AMENT_PREFIX_PATH=/home/latih/ros2_control/install/ros2_control_demo_description:${AMENT_PREFIX_PATH} CMAKE_PREFIX_PATH=/home/latih/ros2_control/install/ros2_control_demo_description:/home/latih/ros2_control/install/my_robot_bringup:/home/latih/ros2_control/install/my_robot_description:/opt/ros/humble /usr/bin/cmake --build /home/latih/ros2_control/build/ros2_control_demo_example_11 -- -j16 -l16
[7.293s] Invoking command in '/home/latih/ros2_control/build/ros2_control_demo_example_11': AMENT_PREFIX_PATH=/home/latih/ros2_control/install/ros2_control_demo_description:${AMENT_PREFIX_PATH} CMAKE_PREFIX_PATH=/home/latih/ros2_control/install/ros2_control_demo_description:/home/latih/ros2_control/install/my_robot_bringup:/home/latih/ros2_control/install/my_robot_description:/opt/ros/humble /usr/bin/cmake --install /home/latih/ros2_control/build/ros2_control_demo_example_11
[7.310s] -- Install configuration: ""
[7.310s] -- Installing: /home/latih/ros2_control/install/ros2_control_demo_example_11/share/ros2_control_demo_example_11/ros2_control_demo_example_11.xml
[7.310s] -- Installing: /home/latih/ros2_control/install/ros2_control_demo_example_11/include/ros2_control_demo_example_11
[7.310s] -- Installing: /home/latih/ros2_control/install/ros2_control_demo_example_11/include/ros2_control_demo_example_11/ros2_control_demo_example_11
[7.310s] -- Installing: /home/latih/ros2_control/install/ros2_control_demo_example_11/include/ros2_control_demo_example_11/ros2_control_demo_example_11/carlikebot_system.hpp
[7.311s] -- Installing: /home/latih/ros2_control/install/ros2_control_demo_example_11/share/ros2_control_demo_example_11/launch
[7.311s] -- Installing: /home/latih/ros2_control/install/ros2_control_demo_example_11/share/ros2_control_demo_example_11/launch/view_robot.launch.py
[7.311s] -- Installing: /home/latih/ros2_control/install/ros2_control_demo_example_11/share/ros2_control_demo_example_11/ros2_control
[7.311s] -- Installing: /home/latih/ros2_control/install/ros2_control_demo_example_11/share/ros2_control_demo_example_11/ros2_control/carlikebot.ros2_control.xacro
[7.311s] -- Installing: /home/latih/ros2_control/install/ros2_control_demo_example_11/share/ros2_control_demo_example_11/urdf
[7.311s] -- Installing: /home/latih/ros2_control/install/ros2_control_demo_example_11/share/ros2_control_demo_example_11/urdf/carlikebot.urdf.xacro
[7.311s] -- Up-to-date: /home/latih/ros2_control/install/ros2_control_demo_example_11/share/ros2_control_demo_example_11/launch
[7.311s] -- Installing: /home/latih/ros2_control/install/ros2_control_demo_example_11/share/ros2_control_demo_example_11/launch/carlikebot.launch.py
[7.311s] -- Installing: /home/latih/ros2_control/install/ros2_control_demo_example_11/share/ros2_control_demo_example_11/config
[7.311s] -- Installing: /home/latih/ros2_control/install/ros2_control_demo_example_11/share/ros2_control_demo_example_11/config/carlikebot_controllers.yaml
[7.311s] -- Installing: /home/latih/ros2_control/install/ros2_control_demo_example_11/lib/libros2_control_demo_example_11.so
[7.311s] -- Set runtime path of "/home/latih/ros2_control/install/ros2_control_demo_example_11/lib/libros2_control_demo_example_11.so" to ""
[7.311s] -- Installing: /home/latih/ros2_control/install/ros2_control_demo_example_11/share/ros2_control_demo_example_11/environment/library_path.sh
[7.311s] -- Installing: /home/latih/ros2_control/install/ros2_control_demo_example_11/share/ros2_control_demo_example_11/environment/library_path.dsv
[7.311s] -- Installing: /home/latih/ros2_control/install/ros2_control_demo_example_11/share/ament_index/resource_index/package_run_dependencies/ros2_control_demo_example_11
[7.311s] -- Installing: /home/latih/ros2_control/install/ros2_control_demo_example_11/share/ament_index/resource_index/parent_prefix_path/ros2_control_demo_example_11
[7.312s] -- Installing: /home/latih/ros2_control/install/ros2_control_demo_example_11/share/ros2_control_demo_example_11/environment/ament_prefix_path.sh
[7.312s] -- Installing: /home/latih/ros2_control/install/ros2_control_demo_example_11/share/ros2_control_demo_example_11/environment/ament_prefix_path.dsv
[7.312s] -- Installing: /home/latih/ros2_control/install/ros2_control_demo_example_11/share/ros2_control_demo_example_11/environment/path.sh
[7.312s] -- Installing: /home/latih/ros2_control/install/ros2_control_demo_example_11/share/ros2_control_demo_example_11/environment/path.dsv
[7.312s] -- Installing: /home/latih/ros2_control/install/ros2_control_demo_example_11/share/ros2_control_demo_example_11/local_setup.bash
[7.312s] -- Installing: /home/latih/ros2_control/install/ros2_control_demo_example_11/share/ros2_control_demo_example_11/local_setup.sh
[7.312s] -- Installing: /home/latih/ros2_control/install/ros2_control_demo_example_11/share/ros2_control_demo_example_11/local_setup.zsh
[7.312s] -- Installing: /home/latih/ros2_control/install/ros2_control_demo_example_11/share/ros2_control_demo_example_11/local_setup.dsv
[7.313s] -- Installing: /home/latih/ros2_control/install/ros2_control_demo_example_11/share/ros2_control_demo_example_11/package.dsv
[7.314s] -- Installing: /home/latih/ros2_control/install/ros2_control_demo_example_11/share/ament_index/resource_index/packages/ros2_control_demo_example_11
[7.316s] -- Installing: /home/latih/ros2_control/install/ros2_control_demo_example_11/share/ament_index/resource_index/hardware_interface__pluginlib__plugin/ros2_control_demo_example_11
[7.317s] -- Installing: /home/latih/ros2_control/install/ros2_control_demo_example_11/share/ros2_control_demo_example_11/cmake/export_ros2_control_demo_example_11Export.cmake
[7.317s] -- Installing: /home/latih/ros2_control/install/ros2_control_demo_example_11/share/ros2_control_demo_example_11/cmake/export_ros2_control_demo_example_11Export-noconfig.cmake
[7.317s] -- Installing: /home/latih/ros2_control/install/ros2_control_demo_example_11/share/ros2_control_demo_example_11/cmake/ament_cmake_export_targets-extras.cmake
[7.317s] -- Installing: /home/latih/ros2_control/install/ros2_control_demo_example_11/share/ros2_control_demo_example_11/cmake/ament_cmake_export_dependencies-extras.cmake
[7.318s] -- Installing: /home/latih/ros2_control/install/ros2_control_demo_example_11/share/ros2_control_demo_example_11/cmake/ros2_control_demo_example_11Config.cmake
[7.318s] -- Installing: /home/latih/ros2_control/install/ros2_control_demo_example_11/share/ros2_control_demo_example_11/cmake/ros2_control_demo_example_11Config-version.cmake
[7.318s] -- Installing: /home/latih/ros2_control/install/ros2_control_demo_example_11/share/ros2_control_demo_example_11/package.xml
[7.320s] Invoked command in '/home/latih/ros2_control/build/ros2_control_demo_example_11' returned '0': AMENT_PREFIX_PATH=/home/latih/ros2_control/install/ros2_control_demo_description:${AMENT_PREFIX_PATH} CMAKE_PREFIX_PATH=/home/latih/ros2_control/install/ros2_control_demo_description:/home/latih/ros2_control/install/my_robot_bringup:/home/latih/ros2_control/install/my_robot_description:/opt/ros/humble /usr/bin/cmake --install /home/latih/ros2_control/build/ros2_control_demo_example_11
