[0.006s] Invoking command in '/home/latih/ros2_control/build/my_robot_bringup': CMAKE_PREFIX_PATH=/home/latih/ros2_control/install/my_robot_description:/home/latih/ros2_control/install/my_robot_bringup:/opt/ros/humble /usr/bin/cmake --build /home/latih/ros2_control/build/my_robot_bringup -- -j16 -l16
[0.041s] Invoked command in '/home/latih/ros2_control/build/my_robot_bringup' returned '0': CMAKE_PREFIX_PATH=/home/latih/ros2_control/install/my_robot_description:/home/latih/ros2_control/install/my_robot_bringup:/opt/ros/humble /usr/bin/cmake --build /home/latih/ros2_control/build/my_robot_bringup -- -j16 -l16
[0.042s] Invoking command in '/home/latih/ros2_control/build/my_robot_bringup': CMAKE_PREFIX_PATH=/home/latih/ros2_control/install/my_robot_description:/home/latih/ros2_control/install/my_robot_bringup:/opt/ros/humble /usr/bin/cmake --install /home/latih/ros2_control/build/my_robot_bringup
[0.049s] -- Install configuration: ""
[0.049s] -- Up-to-date: /home/latih/ros2_control/install/my_robot_bringup/share/my_robot_bringup//config
[0.049s] -- Up-to-date: /home/latih/ros2_control/install/my_robot_bringup/share/my_robot_bringup//config/my_robot_controllers.yaml
[0.050s] -- Up-to-date: /home/latih/ros2_control/install/my_robot_bringup/share/ament_index/resource_index/package_run_dependencies/my_robot_bringup
[0.050s] -- Up-to-date: /home/latih/ros2_control/install/my_robot_bringup/share/ament_index/resource_index/parent_prefix_path/my_robot_bringup
[0.050s] -- Up-to-date: /home/latih/ros2_control/install/my_robot_bringup/share/my_robot_bringup/environment/ament_prefix_path.sh
[0.050s] -- Up-to-date: /home/latih/ros2_control/install/my_robot_bringup/share/my_robot_bringup/environment/ament_prefix_path.dsv
[0.050s] -- Up-to-date: /home/latih/ros2_control/install/my_robot_bringup/share/my_robot_bringup/environment/path.sh
[0.050s] -- Up-to-date: /home/latih/ros2_control/install/my_robot_bringup/share/my_robot_bringup/environment/path.dsv
[0.050s] -- Up-to-date: /home/latih/ros2_control/install/my_robot_bringup/share/my_robot_bringup/local_setup.bash
[0.050s] -- Up-to-date: /home/latih/ros2_control/install/my_robot_bringup/share/my_robot_bringup/local_setup.sh
[0.050s] -- Up-to-date: /home/latih/ros2_control/install/my_robot_bringup/share/my_robot_bringup/local_setup.zsh
[0.050s] -- Up-to-date: /home/latih/ros2_control/install/my_robot_bringup/share/my_robot_bringup/local_setup.dsv
[0.050s] -- Installing: /home/latih/ros2_control/install/my_robot_bringup/share/my_robot_bringup/package.dsv
[0.050s] -- Up-to-date: /home/latih/ros2_control/install/my_robot_bringup/share/ament_index/resource_index/packages/my_robot_bringup
[0.050s] -- Up-to-date: /home/latih/ros2_control/install/my_robot_bringup/share/my_robot_bringup/cmake/my_robot_bringupConfig.cmake
[0.050s] -- Up-to-date: /home/latih/ros2_control/install/my_robot_bringup/share/my_robot_bringup/cmake/my_robot_bringupConfig-version.cmake
[0.050s] -- Up-to-date: /home/latih/ros2_control/install/my_robot_bringup/share/my_robot_bringup/package.xml
[0.052s] Invoked command in '/home/latih/ros2_control/build/my_robot_bringup' returned '0': CMAKE_PREFIX_PATH=/home/latih/ros2_control/install/my_robot_description:/home/latih/ros2_control/install/my_robot_bringup:/opt/ros/humble /usr/bin/cmake --install /home/latih/ros2_control/build/my_robot_bringup
