[0.070s] DEBUG:colcon:Command line arguments: ['/usr/bin/colcon', 'build']
[0.070s] DEBUG:colcon:Parsed command line arguments: Namespace(log_base=None, log_level=None, verb_name='build', build_base='build', install_base='install', merge_install=False, symlink_install=False, test_result_base=None, continue_on_error=False, executor='parallel', parallel_workers=16, event_handlers=None, ignore_user_meta=False, metas=['./colcon.meta'], base_paths=['.'], packages_ignore=None, packages_ignore_regex=None, paths=None, packages_up_to=None, packages_up_to_regex=None, packages_above=None, packages_above_and_dependencies=None, packages_above_depth=None, packages_select_by_dep=None, packages_skip_by_dep=None, packages_skip_up_to=None, packages_select_build_failed=False, packages_skip_build_finished=False, packages_select_test_failures=False, packages_skip_test_passed=False, packages_select=None, packages_skip=None, packages_select_regex=None, packages_skip_regex=None, packages_start=None, packages_end=None, allow_overriding=[], cmake_args=None, cmake_target=None, cmake_target_skip_unavailable=False, cmake_clean_cache=False, cmake_clean_first=False, cmake_force_configure=False, ament_cmake_args=None, catkin_cmake_args=None, catkin_skip_building_tests=False, mixin_files=None, mixin=None, verb_parser=<colcon_mixin.mixin.mixin_argument.MixinArgumentDecorator object at 0x7431d446e9e0>, verb_extension=<colcon_core.verb.build.BuildVerb object at 0x7431d446e500>, main=<bound method BuildVerb.main of <colcon_core.verb.build.BuildVerb object at 0x7431d446e500>>, mixin_verb=('build',))
[0.168s] Level 1:colcon.colcon_core.package_discovery:discover_packages(colcon_meta) check parameters
[0.168s] Level 1:colcon.colcon_core.package_discovery:discover_packages(recursive) check parameters
[0.168s] Level 1:colcon.colcon_core.package_discovery:discover_packages(ignore) check parameters
[0.168s] Level 1:colcon.colcon_core.package_discovery:discover_packages(path) check parameters
[0.168s] Level 1:colcon.colcon_core.package_discovery:discover_packages(colcon_meta) discover
[0.168s] Level 1:colcon.colcon_core.package_discovery:discover_packages(recursive) discover
[0.168s] INFO:colcon.colcon_core.package_discovery:Crawling recursively for packages in '/home/latih/ros2_control'
[0.168s] Level 1:colcon.colcon_core.package_identification:_identify(.) by extensions ['ignore', 'ignore_ament_install']
[0.168s] Level 1:colcon.colcon_core.package_identification:_identify(.) by extension 'ignore'
[0.168s] Level 1:colcon.colcon_core.package_identification:_identify(.) by extension 'ignore_ament_install'
[0.168s] Level 1:colcon.colcon_core.package_identification:_identify(.) by extensions ['colcon_pkg']
[0.168s] Level 1:colcon.colcon_core.package_identification:_identify(.) by extension 'colcon_pkg'
[0.168s] Level 1:colcon.colcon_core.package_identification:_identify(.) by extensions ['colcon_meta']
[0.168s] Level 1:colcon.colcon_core.package_identification:_identify(.) by extension 'colcon_meta'
[0.168s] Level 1:colcon.colcon_core.package_identification:_identify(.) by extensions ['ros']
[0.168s] Level 1:colcon.colcon_core.package_identification:_identify(.) by extension 'ros'
[0.175s] Level 1:colcon.colcon_core.package_identification:_identify(.) by extensions ['cmake', 'python']
[0.175s] Level 1:colcon.colcon_core.package_identification:_identify(.) by extension 'cmake'
[0.175s] Level 1:colcon.colcon_core.package_identification:_identify(.) by extension 'python'
[0.175s] Level 1:colcon.colcon_core.package_identification:_identify(.) by extensions ['python_setup_py']
[0.175s] Level 1:colcon.colcon_core.package_identification:_identify(.) by extension 'python_setup_py'
[0.176s] Level 1:colcon.colcon_core.package_identification:_identify(build) by extensions ['ignore', 'ignore_ament_install']
[0.176s] Level 1:colcon.colcon_core.package_identification:_identify(build) by extension 'ignore'
[0.176s] Level 1:colcon.colcon_core.package_identification:_identify(build) ignored
[0.176s] Level 1:colcon.colcon_core.package_identification:_identify(install) by extensions ['ignore', 'ignore_ament_install']
[0.176s] Level 1:colcon.colcon_core.package_identification:_identify(install) by extension 'ignore'
[0.176s] Level 1:colcon.colcon_core.package_identification:_identify(install) ignored
[0.176s] Level 1:colcon.colcon_core.package_identification:_identify(log) by extensions ['ignore', 'ignore_ament_install']
[0.176s] Level 1:colcon.colcon_core.package_identification:_identify(log) by extension 'ignore'
[0.176s] Level 1:colcon.colcon_core.package_identification:_identify(log) ignored
[0.176s] Level 1:colcon.colcon_core.package_identification:_identify(src) by extensions ['ignore', 'ignore_ament_install']
[0.176s] Level 1:colcon.colcon_core.package_identification:_identify(src) by extension 'ignore'
[0.176s] Level 1:colcon.colcon_core.package_identification:_identify(src) by extension 'ignore_ament_install'
[0.176s] Level 1:colcon.colcon_core.package_identification:_identify(src) by extensions ['colcon_pkg']
[0.176s] Level 1:colcon.colcon_core.package_identification:_identify(src) by extension 'colcon_pkg'
[0.176s] Level 1:colcon.colcon_core.package_identification:_identify(src) by extensions ['colcon_meta']
[0.176s] Level 1:colcon.colcon_core.package_identification:_identify(src) by extension 'colcon_meta'
[0.176s] Level 1:colcon.colcon_core.package_identification:_identify(src) by extensions ['ros']
[0.176s] Level 1:colcon.colcon_core.package_identification:_identify(src) by extension 'ros'
[0.176s] Level 1:colcon.colcon_core.package_identification:_identify(src) by extensions ['cmake', 'python']
[0.176s] Level 1:colcon.colcon_core.package_identification:_identify(src) by extension 'cmake'
[0.176s] Level 1:colcon.colcon_core.package_identification:_identify(src) by extension 'python'
[0.176s] Level 1:colcon.colcon_core.package_identification:_identify(src) by extensions ['python_setup_py']
[0.176s] Level 1:colcon.colcon_core.package_identification:_identify(src) by extension 'python_setup_py'
[0.176s] Level 1:colcon.colcon_core.package_identification:_identify(src/motor_test) by extensions ['ignore', 'ignore_ament_install']
[0.176s] Level 1:colcon.colcon_core.package_identification:_identify(src/motor_test) by extension 'ignore'
[0.176s] Level 1:colcon.colcon_core.package_identification:_identify(src/motor_test) by extension 'ignore_ament_install'
[0.176s] Level 1:colcon.colcon_core.package_identification:_identify(src/motor_test) by extensions ['colcon_pkg']
[0.176s] Level 1:colcon.colcon_core.package_identification:_identify(src/motor_test) by extension 'colcon_pkg'
[0.176s] Level 1:colcon.colcon_core.package_identification:_identify(src/motor_test) by extensions ['colcon_meta']
[0.176s] Level 1:colcon.colcon_core.package_identification:_identify(src/motor_test) by extension 'colcon_meta'
[0.177s] Level 1:colcon.colcon_core.package_identification:_identify(src/motor_test) by extensions ['ros']
[0.177s] Level 1:colcon.colcon_core.package_identification:_identify(src/motor_test) by extension 'ros'
[0.178s] DEBUG:colcon.colcon_core.package_identification:Package 'src/motor_test' with type 'ros.ament_cmake' and name 'motor_test'
[0.178s] Level 1:colcon.colcon_core.package_identification:_identify(src/my_robot_bringup) by extensions ['ignore', 'ignore_ament_install']
[0.178s] Level 1:colcon.colcon_core.package_identification:_identify(src/my_robot_bringup) by extension 'ignore'
[0.178s] Level 1:colcon.colcon_core.package_identification:_identify(src/my_robot_bringup) by extension 'ignore_ament_install'
[0.179s] Level 1:colcon.colcon_core.package_identification:_identify(src/my_robot_bringup) by extensions ['colcon_pkg']
[0.179s] Level 1:colcon.colcon_core.package_identification:_identify(src/my_robot_bringup) by extension 'colcon_pkg'
[0.179s] Level 1:colcon.colcon_core.package_identification:_identify(src/my_robot_bringup) by extensions ['colcon_meta']
[0.179s] Level 1:colcon.colcon_core.package_identification:_identify(src/my_robot_bringup) by extension 'colcon_meta'
[0.179s] Level 1:colcon.colcon_core.package_identification:_identify(src/my_robot_bringup) by extensions ['ros']
[0.179s] Level 1:colcon.colcon_core.package_identification:_identify(src/my_robot_bringup) by extension 'ros'
[0.179s] DEBUG:colcon.colcon_core.package_identification:Package 'src/my_robot_bringup' with type 'ros.ament_cmake' and name 'my_robot_bringup'
[0.179s] Level 1:colcon.colcon_core.package_identification:_identify(src/my_robot_description) by extensions ['ignore', 'ignore_ament_install']
[0.179s] Level 1:colcon.colcon_core.package_identification:_identify(src/my_robot_description) by extension 'ignore'
[0.179s] Level 1:colcon.colcon_core.package_identification:_identify(src/my_robot_description) by extension 'ignore_ament_install'
[0.179s] Level 1:colcon.colcon_core.package_identification:_identify(src/my_robot_description) by extensions ['colcon_pkg']
[0.179s] Level 1:colcon.colcon_core.package_identification:_identify(src/my_robot_description) by extension 'colcon_pkg'
[0.179s] Level 1:colcon.colcon_core.package_identification:_identify(src/my_robot_description) by extensions ['colcon_meta']
[0.179s] Level 1:colcon.colcon_core.package_identification:_identify(src/my_robot_description) by extension 'colcon_meta'
[0.179s] Level 1:colcon.colcon_core.package_identification:_identify(src/my_robot_description) by extensions ['ros']
[0.179s] Level 1:colcon.colcon_core.package_identification:_identify(src/my_robot_description) by extension 'ros'
[0.180s] DEBUG:colcon.colcon_core.package_identification:Package 'src/my_robot_description' with type 'ros.ament_cmake' and name 'my_robot_description'
[0.180s] Level 1:colcon.colcon_core.package_identification:_identify(src/my_robot_hardware) by extensions ['ignore', 'ignore_ament_install']
[0.180s] Level 1:colcon.colcon_core.package_identification:_identify(src/my_robot_hardware) by extension 'ignore'
[0.180s] Level 1:colcon.colcon_core.package_identification:_identify(src/my_robot_hardware) by extension 'ignore_ament_install'
[0.180s] Level 1:colcon.colcon_core.package_identification:_identify(src/my_robot_hardware) by extensions ['colcon_pkg']
[0.180s] Level 1:colcon.colcon_core.package_identification:_identify(src/my_robot_hardware) by extension 'colcon_pkg'
[0.180s] Level 1:colcon.colcon_core.package_identification:_identify(src/my_robot_hardware) by extensions ['colcon_meta']
[0.180s] Level 1:colcon.colcon_core.package_identification:_identify(src/my_robot_hardware) by extension 'colcon_meta'
[0.180s] Level 1:colcon.colcon_core.package_identification:_identify(src/my_robot_hardware) by extensions ['ros']
[0.180s] Level 1:colcon.colcon_core.package_identification:_identify(src/my_robot_hardware) by extension 'ros'
[0.180s] DEBUG:colcon.colcon_core.package_identification:Package 'src/my_robot_hardware' with type 'ros.ament_cmake' and name 'my_robot_hardware'
[0.180s] Level 1:colcon.colcon_core.package_identification:_identify(src/serial) by extensions ['ignore', 'ignore_ament_install']
[0.180s] Level 1:colcon.colcon_core.package_identification:_identify(src/serial) by extension 'ignore'
[0.180s] Level 1:colcon.colcon_core.package_identification:_identify(src/serial) by extension 'ignore_ament_install'
[0.180s] Level 1:colcon.colcon_core.package_identification:_identify(src/serial) by extensions ['colcon_pkg']
[0.180s] Level 1:colcon.colcon_core.package_identification:_identify(src/serial) by extension 'colcon_pkg'
[0.180s] Level 1:colcon.colcon_core.package_identification:_identify(src/serial) by extensions ['colcon_meta']
[0.180s] Level 1:colcon.colcon_core.package_identification:_identify(src/serial) by extension 'colcon_meta'
[0.180s] Level 1:colcon.colcon_core.package_identification:_identify(src/serial) by extensions ['ros']
[0.180s] Level 1:colcon.colcon_core.package_identification:_identify(src/serial) by extension 'ros'
[0.181s] DEBUG:colcon.colcon_core.package_identification:Package 'src/serial' with type 'ros.ament_cmake' and name 'serial'
[0.181s] Level 1:colcon.colcon_core.package_discovery:discover_packages(recursive) using defaults
[0.181s] Level 1:colcon.colcon_core.package_discovery:discover_packages(ignore) discover
[0.181s] Level 1:colcon.colcon_core.package_discovery:discover_packages(ignore) using defaults
[0.181s] Level 1:colcon.colcon_core.package_discovery:discover_packages(path) discover
[0.181s] Level 1:colcon.colcon_core.package_discovery:discover_packages(path) using defaults
[0.199s] Level 1:colcon.colcon_core.package_discovery:discover_packages(prefix_path) check parameters
[0.199s] Level 1:colcon.colcon_core.package_discovery:discover_packages(prefix_path) discover
[0.200s] DEBUG:colcon.colcon_installed_package_information.package_discovery:Found 5 installed packages in /home/latih/ros2_control/install
[0.201s] DEBUG:colcon.colcon_installed_package_information.package_discovery:Found 395 installed packages in /opt/ros/humble
[0.202s] Level 1:colcon.colcon_core.package_discovery:discover_packages(prefix_path) using defaults
[0.230s] Level 5:colcon.colcon_core.verb:set package 'my_robot_description' build argument 'cmake_args' from command line to 'None'
[0.230s] Level 5:colcon.colcon_core.verb:set package 'my_robot_description' build argument 'cmake_target' from command line to 'None'
[0.230s] Level 5:colcon.colcon_core.verb:set package 'my_robot_description' build argument 'cmake_target_skip_unavailable' from command line to 'False'
[0.230s] Level 5:colcon.colcon_core.verb:set package 'my_robot_description' build argument 'cmake_clean_cache' from command line to 'False'
[0.230s] Level 5:colcon.colcon_core.verb:set package 'my_robot_description' build argument 'cmake_clean_first' from command line to 'False'
[0.230s] Level 5:colcon.colcon_core.verb:set package 'my_robot_description' build argument 'cmake_force_configure' from command line to 'False'
[0.230s] Level 5:colcon.colcon_core.verb:set package 'my_robot_description' build argument 'ament_cmake_args' from command line to 'None'
[0.230s] Level 5:colcon.colcon_core.verb:set package 'my_robot_description' build argument 'catkin_cmake_args' from command line to 'None'
[0.230s] Level 5:colcon.colcon_core.verb:set package 'my_robot_description' build argument 'catkin_skip_building_tests' from command line to 'False'
[0.230s] DEBUG:colcon.colcon_core.verb:Building package 'my_robot_description' with the following arguments: {'ament_cmake_args': None, 'build_base': '/home/latih/ros2_control/build/my_robot_description', 'catkin_cmake_args': None, 'catkin_skip_building_tests': False, 'cmake_args': None, 'cmake_clean_cache': False, 'cmake_clean_first': False, 'cmake_force_configure': False, 'cmake_target': None, 'cmake_target_skip_unavailable': False, 'install_base': '/home/latih/ros2_control/install/my_robot_description', 'merge_install': False, 'path': '/home/latih/ros2_control/src/my_robot_description', 'symlink_install': False, 'test_result_base': None}
[0.230s] Level 5:colcon.colcon_core.verb:set package 'serial' build argument 'cmake_args' from command line to 'None'
[0.230s] Level 5:colcon.colcon_core.verb:set package 'serial' build argument 'cmake_target' from command line to 'None'
[0.230s] Level 5:colcon.colcon_core.verb:set package 'serial' build argument 'cmake_target_skip_unavailable' from command line to 'False'
[0.230s] Level 5:colcon.colcon_core.verb:set package 'serial' build argument 'cmake_clean_cache' from command line to 'False'
[0.230s] Level 5:colcon.colcon_core.verb:set package 'serial' build argument 'cmake_clean_first' from command line to 'False'
[0.230s] Level 5:colcon.colcon_core.verb:set package 'serial' build argument 'cmake_force_configure' from command line to 'False'
[0.230s] Level 5:colcon.colcon_core.verb:set package 'serial' build argument 'ament_cmake_args' from command line to 'None'
[0.230s] Level 5:colcon.colcon_core.verb:set package 'serial' build argument 'catkin_cmake_args' from command line to 'None'
[0.230s] Level 5:colcon.colcon_core.verb:set package 'serial' build argument 'catkin_skip_building_tests' from command line to 'False'
[0.230s] DEBUG:colcon.colcon_core.verb:Building package 'serial' with the following arguments: {'ament_cmake_args': None, 'build_base': '/home/latih/ros2_control/build/serial', 'catkin_cmake_args': None, 'catkin_skip_building_tests': False, 'cmake_args': None, 'cmake_clean_cache': False, 'cmake_clean_first': False, 'cmake_force_configure': False, 'cmake_target': None, 'cmake_target_skip_unavailable': False, 'install_base': '/home/latih/ros2_control/install/serial', 'merge_install': False, 'path': '/home/latih/ros2_control/src/serial', 'symlink_install': False, 'test_result_base': None}
[0.231s] Level 5:colcon.colcon_core.verb:set package 'motor_test' build argument 'cmake_args' from command line to 'None'
[0.231s] Level 5:colcon.colcon_core.verb:set package 'motor_test' build argument 'cmake_target' from command line to 'None'
[0.231s] Level 5:colcon.colcon_core.verb:set package 'motor_test' build argument 'cmake_target_skip_unavailable' from command line to 'False'
[0.231s] Level 5:colcon.colcon_core.verb:set package 'motor_test' build argument 'cmake_clean_cache' from command line to 'False'
[0.231s] Level 5:colcon.colcon_core.verb:set package 'motor_test' build argument 'cmake_clean_first' from command line to 'False'
[0.231s] Level 5:colcon.colcon_core.verb:set package 'motor_test' build argument 'cmake_force_configure' from command line to 'False'
[0.231s] Level 5:colcon.colcon_core.verb:set package 'motor_test' build argument 'ament_cmake_args' from command line to 'None'
[0.231s] Level 5:colcon.colcon_core.verb:set package 'motor_test' build argument 'catkin_cmake_args' from command line to 'None'
[0.231s] Level 5:colcon.colcon_core.verb:set package 'motor_test' build argument 'catkin_skip_building_tests' from command line to 'False'
[0.231s] DEBUG:colcon.colcon_core.verb:Building package 'motor_test' with the following arguments: {'ament_cmake_args': None, 'build_base': '/home/latih/ros2_control/build/motor_test', 'catkin_cmake_args': None, 'catkin_skip_building_tests': False, 'cmake_args': None, 'cmake_clean_cache': False, 'cmake_clean_first': False, 'cmake_force_configure': False, 'cmake_target': None, 'cmake_target_skip_unavailable': False, 'install_base': '/home/latih/ros2_control/install/motor_test', 'merge_install': False, 'path': '/home/latih/ros2_control/src/motor_test', 'symlink_install': False, 'test_result_base': None}
[0.231s] Level 5:colcon.colcon_core.verb:set package 'my_robot_bringup' build argument 'cmake_args' from command line to 'None'
[0.231s] Level 5:colcon.colcon_core.verb:set package 'my_robot_bringup' build argument 'cmake_target' from command line to 'None'
[0.231s] Level 5:colcon.colcon_core.verb:set package 'my_robot_bringup' build argument 'cmake_target_skip_unavailable' from command line to 'False'
[0.231s] Level 5:colcon.colcon_core.verb:set package 'my_robot_bringup' build argument 'cmake_clean_cache' from command line to 'False'
[0.231s] Level 5:colcon.colcon_core.verb:set package 'my_robot_bringup' build argument 'cmake_clean_first' from command line to 'False'
[0.231s] Level 5:colcon.colcon_core.verb:set package 'my_robot_bringup' build argument 'cmake_force_configure' from command line to 'False'
[0.231s] Level 5:colcon.colcon_core.verb:set package 'my_robot_bringup' build argument 'ament_cmake_args' from command line to 'None'
[0.231s] Level 5:colcon.colcon_core.verb:set package 'my_robot_bringup' build argument 'catkin_cmake_args' from command line to 'None'
[0.231s] Level 5:colcon.colcon_core.verb:set package 'my_robot_bringup' build argument 'catkin_skip_building_tests' from command line to 'False'
[0.231s] DEBUG:colcon.colcon_core.verb:Building package 'my_robot_bringup' with the following arguments: {'ament_cmake_args': None, 'build_base': '/home/latih/ros2_control/build/my_robot_bringup', 'catkin_cmake_args': None, 'catkin_skip_building_tests': False, 'cmake_args': None, 'cmake_clean_cache': False, 'cmake_clean_first': False, 'cmake_force_configure': False, 'cmake_target': None, 'cmake_target_skip_unavailable': False, 'install_base': '/home/latih/ros2_control/install/my_robot_bringup', 'merge_install': False, 'path': '/home/latih/ros2_control/src/my_robot_bringup', 'symlink_install': False, 'test_result_base': None}
[0.231s] Level 5:colcon.colcon_core.verb:set package 'my_robot_hardware' build argument 'cmake_args' from command line to 'None'
[0.231s] Level 5:colcon.colcon_core.verb:set package 'my_robot_hardware' build argument 'cmake_target' from command line to 'None'
[0.231s] Level 5:colcon.colcon_core.verb:set package 'my_robot_hardware' build argument 'cmake_target_skip_unavailable' from command line to 'False'
[0.231s] Level 5:colcon.colcon_core.verb:set package 'my_robot_hardware' build argument 'cmake_clean_cache' from command line to 'False'
[0.231s] Level 5:colcon.colcon_core.verb:set package 'my_robot_hardware' build argument 'cmake_clean_first' from command line to 'False'
[0.231s] Level 5:colcon.colcon_core.verb:set package 'my_robot_hardware' build argument 'cmake_force_configure' from command line to 'False'
[0.231s] Level 5:colcon.colcon_core.verb:set package 'my_robot_hardware' build argument 'ament_cmake_args' from command line to 'None'
[0.231s] Level 5:colcon.colcon_core.verb:set package 'my_robot_hardware' build argument 'catkin_cmake_args' from command line to 'None'
[0.231s] Level 5:colcon.colcon_core.verb:set package 'my_robot_hardware' build argument 'catkin_skip_building_tests' from command line to 'False'
[0.231s] DEBUG:colcon.colcon_core.verb:Building package 'my_robot_hardware' with the following arguments: {'ament_cmake_args': None, 'build_base': '/home/latih/ros2_control/build/my_robot_hardware', 'catkin_cmake_args': None, 'catkin_skip_building_tests': False, 'cmake_args': None, 'cmake_clean_cache': False, 'cmake_clean_first': False, 'cmake_force_configure': False, 'cmake_target': None, 'cmake_target_skip_unavailable': False, 'install_base': '/home/latih/ros2_control/install/my_robot_hardware', 'merge_install': False, 'path': '/home/latih/ros2_control/src/my_robot_hardware', 'symlink_install': False, 'test_result_base': None}
[0.231s] INFO:colcon.colcon_core.executor:Executing jobs using 'parallel' executor
[0.232s] DEBUG:colcon.colcon_parallel_executor.executor.parallel:run_until_complete
[0.232s] INFO:colcon.colcon_ros.task.ament_cmake.build:Building ROS package in '/home/latih/ros2_control/src/serial' with build type 'ament_cmake'
[0.232s] INFO:colcon.colcon_cmake.task.cmake.build:Building CMake package in '/home/latih/ros2_control/src/serial'
[0.234s] INFO:colcon.colcon_core.plugin_system:Skipping extension 'colcon_core.shell.bat': Not used on non-Windows systems
[0.234s] INFO:colcon.colcon_core.shell:Skip shell extension 'powershell' for command environment: Not usable outside of PowerShell
[0.234s] DEBUG:colcon.colcon_core.shell:Skip shell extension 'dsv' for command environment
[0.236s] INFO:colcon.colcon_ros.task.ament_cmake.build:Building ROS package in '/home/latih/ros2_control/src/my_robot_description' with build type 'ament_cmake'
[0.236s] INFO:colcon.colcon_cmake.task.cmake.build:Building CMake package in '/home/latih/ros2_control/src/my_robot_description'
[0.237s] INFO:colcon.colcon_core.shell:Skip shell extension 'powershell' for command environment: Not usable outside of PowerShell
[0.237s] DEBUG:colcon.colcon_core.shell:Skip shell extension 'dsv' for command environment
[0.242s] DEBUG:colcon.colcon_core.event_handler.log_command:Invoking command in '/home/latih/ros2_control/build/serial': CMAKE_PREFIX_PATH=/home/latih/ros2_control/install/my_robot_hardware:/home/latih/ros2_control/install/motor_test:/opt/ros/humble:/home/latih/ros2_control/install/serial:/home/latih/ros2_control/install/my_robot_bringup:/home/latih/ros2_control/install/my_robot_description /usr/bin/cmake --build /home/latih/ros2_control/build/serial -- -j16 -l16
[0.244s] DEBUG:colcon.colcon_core.event_handler.log_command:Invoking command in '/home/latih/ros2_control/build/my_robot_description': CMAKE_PREFIX_PATH=/home/latih/ros2_control/install/my_robot_hardware:/home/latih/ros2_control/install/motor_test:/opt/ros/humble:/home/latih/ros2_control/install/serial:/home/latih/ros2_control/install/my_robot_bringup:/home/latih/ros2_control/install/my_robot_description /usr/bin/cmake --build /home/latih/ros2_control/build/my_robot_description -- -j16 -l16
[0.274s] DEBUG:colcon.colcon_core.event_handler.log_command:Invoked command in '/home/latih/ros2_control/build/my_robot_description' returned '0': CMAKE_PREFIX_PATH=/home/latih/ros2_control/install/my_robot_hardware:/home/latih/ros2_control/install/motor_test:/opt/ros/humble:/home/latih/ros2_control/install/serial:/home/latih/ros2_control/install/my_robot_bringup:/home/latih/ros2_control/install/my_robot_description /usr/bin/cmake --build /home/latih/ros2_control/build/my_robot_description -- -j16 -l16
[0.281s] DEBUG:colcon.colcon_core.event_handler.log_command:Invoking command in '/home/latih/ros2_control/build/my_robot_description': CMAKE_PREFIX_PATH=/home/latih/ros2_control/install/my_robot_hardware:/home/latih/ros2_control/install/motor_test:/opt/ros/humble:/home/latih/ros2_control/install/serial:/home/latih/ros2_control/install/my_robot_bringup:/home/latih/ros2_control/install/my_robot_description /usr/bin/cmake --install /home/latih/ros2_control/build/my_robot_description
[0.287s] Level 1:colcon.colcon_core.environment:create_environment_scripts_only(my_robot_description)
[0.287s] DEBUG:colcon.colcon_core.event_handler.log_command:Invoked command in '/home/latih/ros2_control/build/my_robot_description' returned '0': CMAKE_PREFIX_PATH=/home/latih/ros2_control/install/my_robot_hardware:/home/latih/ros2_control/install/motor_test:/opt/ros/humble:/home/latih/ros2_control/install/serial:/home/latih/ros2_control/install/my_robot_bringup:/home/latih/ros2_control/install/my_robot_description /usr/bin/cmake --install /home/latih/ros2_control/build/my_robot_description
[0.290s] Level 1:colcon.colcon_core.environment:checking '/home/latih/ros2_control/install/my_robot_description' for CMake module files
[0.290s] Level 1:colcon.colcon_core.environment:checking '/home/latih/ros2_control/install/my_robot_description' for CMake config files
[0.291s] Level 1:colcon.colcon_core.shell:create_environment_hook('my_robot_description', 'cmake_prefix_path')
[0.291s] INFO:colcon.colcon_core.shell:Creating environment hook '/home/latih/ros2_control/install/my_robot_description/share/my_robot_description/hook/cmake_prefix_path.ps1'
[0.292s] INFO:colcon.colcon_core.shell:Creating environment descriptor '/home/latih/ros2_control/install/my_robot_description/share/my_robot_description/hook/cmake_prefix_path.dsv'
[0.292s] INFO:colcon.colcon_core.shell:Creating environment hook '/home/latih/ros2_control/install/my_robot_description/share/my_robot_description/hook/cmake_prefix_path.sh'
[0.293s] Level 1:colcon.colcon_core.environment:checking '/home/latih/ros2_control/install/my_robot_description/bin'
[0.293s] Level 1:colcon.colcon_core.environment:checking '/home/latih/ros2_control/install/my_robot_description/lib/pkgconfig/my_robot_description.pc'
[0.293s] Level 1:colcon.colcon_core.environment:checking '/home/latih/ros2_control/install/my_robot_description/lib/python3.10/site-packages'
[0.293s] Level 1:colcon.colcon_core.environment:checking '/home/latih/ros2_control/install/my_robot_description/bin'
[0.293s] INFO:colcon.colcon_core.shell:Creating package script '/home/latih/ros2_control/install/my_robot_description/share/my_robot_description/package.ps1'
[0.294s] INFO:colcon.colcon_core.shell:Creating package descriptor '/home/latih/ros2_control/install/my_robot_description/share/my_robot_description/package.dsv'
[0.294s] INFO:colcon.colcon_core.shell:Creating package script '/home/latih/ros2_control/install/my_robot_description/share/my_robot_description/package.sh'
[0.295s] INFO:colcon.colcon_core.shell:Creating package script '/home/latih/ros2_control/install/my_robot_description/share/my_robot_description/package.bash'
[0.295s] INFO:colcon.colcon_core.shell:Creating package script '/home/latih/ros2_control/install/my_robot_description/share/my_robot_description/package.zsh'
[0.296s] Level 1:colcon.colcon_core.environment:create_file_with_runtime_dependencies(/home/latih/ros2_control/install/my_robot_description/share/colcon-core/packages/my_robot_description)
[0.296s] Level 1:colcon.colcon_core.environment:create_environment_scripts_only(my_robot_description)
[0.296s] Level 1:colcon.colcon_core.environment:checking '/home/latih/ros2_control/install/my_robot_description' for CMake module files
[0.296s] Level 1:colcon.colcon_core.environment:checking '/home/latih/ros2_control/install/my_robot_description' for CMake config files
[0.297s] Level 1:colcon.colcon_core.shell:create_environment_hook('my_robot_description', 'cmake_prefix_path')
[0.297s] INFO:colcon.colcon_core.shell:Creating environment hook '/home/latih/ros2_control/install/my_robot_description/share/my_robot_description/hook/cmake_prefix_path.ps1'
[0.297s] INFO:colcon.colcon_core.shell:Creating environment descriptor '/home/latih/ros2_control/install/my_robot_description/share/my_robot_description/hook/cmake_prefix_path.dsv'
[0.297s] INFO:colcon.colcon_core.shell:Creating environment hook '/home/latih/ros2_control/install/my_robot_description/share/my_robot_description/hook/cmake_prefix_path.sh'
[0.298s] Level 1:colcon.colcon_core.environment:checking '/home/latih/ros2_control/install/my_robot_description/bin'
[0.298s] Level 1:colcon.colcon_core.environment:checking '/home/latih/ros2_control/install/my_robot_description/lib/pkgconfig/my_robot_description.pc'
[0.298s] Level 1:colcon.colcon_core.environment:checking '/home/latih/ros2_control/install/my_robot_description/lib/python3.10/site-packages'
[0.298s] Level 1:colcon.colcon_core.environment:checking '/home/latih/ros2_control/install/my_robot_description/bin'
[0.298s] INFO:colcon.colcon_core.shell:Creating package script '/home/latih/ros2_control/install/my_robot_description/share/my_robot_description/package.ps1'
[0.299s] INFO:colcon.colcon_core.shell:Creating package descriptor '/home/latih/ros2_control/install/my_robot_description/share/my_robot_description/package.dsv'
[0.299s] INFO:colcon.colcon_core.shell:Creating package script '/home/latih/ros2_control/install/my_robot_description/share/my_robot_description/package.sh'
[0.299s] INFO:colcon.colcon_core.shell:Creating package script '/home/latih/ros2_control/install/my_robot_description/share/my_robot_description/package.bash'
[0.299s] INFO:colcon.colcon_core.shell:Creating package script '/home/latih/ros2_control/install/my_robot_description/share/my_robot_description/package.zsh'
[0.300s] Level 1:colcon.colcon_core.environment:create_file_with_runtime_dependencies(/home/latih/ros2_control/install/my_robot_description/share/colcon-core/packages/my_robot_description)
[0.300s] INFO:colcon.colcon_ros.task.ament_cmake.build:Building ROS package in '/home/latih/ros2_control/src/my_robot_bringup' with build type 'ament_cmake'
[0.300s] INFO:colcon.colcon_cmake.task.cmake.build:Building CMake package in '/home/latih/ros2_control/src/my_robot_bringup'
[0.300s] INFO:colcon.colcon_core.shell:Skip shell extension 'powershell' for command environment: Not usable outside of PowerShell
[0.300s] DEBUG:colcon.colcon_core.shell:Skip shell extension 'dsv' for command environment
[0.307s] DEBUG:colcon.colcon_core.event_handler.log_command:Invoking command in '/home/latih/ros2_control/build/my_robot_bringup': CMAKE_PREFIX_PATH=/home/latih/ros2_control/install/my_robot_description:/home/latih/ros2_control/install/my_robot_hardware:/home/latih/ros2_control/install/motor_test:/opt/ros/humble:/home/latih/ros2_control/install/serial:/home/latih/ros2_control/install/my_robot_bringup /usr/bin/cmake --build /home/latih/ros2_control/build/my_robot_bringup -- -j16 -l16
[0.309s] DEBUG:colcon.colcon_core.event_handler.log_command:Invoked command in '/home/latih/ros2_control/build/serial' returned '0': CMAKE_PREFIX_PATH=/home/latih/ros2_control/install/my_robot_hardware:/home/latih/ros2_control/install/motor_test:/opt/ros/humble:/home/latih/ros2_control/install/serial:/home/latih/ros2_control/install/my_robot_bringup:/home/latih/ros2_control/install/my_robot_description /usr/bin/cmake --build /home/latih/ros2_control/build/serial -- -j16 -l16
[0.310s] DEBUG:colcon.colcon_core.event_handler.log_command:Invoking command in '/home/latih/ros2_control/build/serial': CMAKE_PREFIX_PATH=/home/latih/ros2_control/install/my_robot_hardware:/home/latih/ros2_control/install/motor_test:/opt/ros/humble:/home/latih/ros2_control/install/serial:/home/latih/ros2_control/install/my_robot_bringup:/home/latih/ros2_control/install/my_robot_description /usr/bin/cmake --install /home/latih/ros2_control/build/serial
[0.318s] Level 1:colcon.colcon_core.environment:create_environment_scripts_only(serial)
[0.319s] Level 1:colcon.colcon_core.environment:checking '/home/latih/ros2_control/install/serial' for CMake module files
[0.319s] DEBUG:colcon.colcon_core.event_handler.log_command:Invoked command in '/home/latih/ros2_control/build/serial' returned '0': CMAKE_PREFIX_PATH=/home/latih/ros2_control/install/my_robot_hardware:/home/latih/ros2_control/install/motor_test:/opt/ros/humble:/home/latih/ros2_control/install/serial:/home/latih/ros2_control/install/my_robot_bringup:/home/latih/ros2_control/install/my_robot_description /usr/bin/cmake --install /home/latih/ros2_control/build/serial
[0.319s] Level 1:colcon.colcon_core.environment:checking '/home/latih/ros2_control/install/serial' for CMake config files
[0.320s] Level 1:colcon.colcon_core.shell:create_environment_hook('serial', 'cmake_prefix_path')
[0.320s] INFO:colcon.colcon_core.shell:Creating environment hook '/home/latih/ros2_control/install/serial/share/serial/hook/cmake_prefix_path.ps1'
[0.320s] INFO:colcon.colcon_core.shell:Creating environment descriptor '/home/latih/ros2_control/install/serial/share/serial/hook/cmake_prefix_path.dsv'
[0.321s] INFO:colcon.colcon_core.shell:Creating environment hook '/home/latih/ros2_control/install/serial/share/serial/hook/cmake_prefix_path.sh'
[0.321s] Level 1:colcon.colcon_core.environment:checking '/home/latih/ros2_control/install/serial/lib'
[0.322s] Level 1:colcon.colcon_core.environment:checking '/home/latih/ros2_control/install/serial/bin'
[0.322s] Level 1:colcon.colcon_core.environment:checking '/home/latih/ros2_control/install/serial/lib/pkgconfig/serial.pc'
[0.322s] Level 1:colcon.colcon_core.environment:checking '/home/latih/ros2_control/install/serial/lib/python3.10/site-packages'
[0.322s] Level 1:colcon.colcon_core.environment:checking '/home/latih/ros2_control/install/serial/bin'
[0.322s] INFO:colcon.colcon_core.shell:Creating package script '/home/latih/ros2_control/install/serial/share/serial/package.ps1'
[0.323s] INFO:colcon.colcon_core.shell:Creating package descriptor '/home/latih/ros2_control/install/serial/share/serial/package.dsv'
[0.323s] INFO:colcon.colcon_core.shell:Creating package script '/home/latih/ros2_control/install/serial/share/serial/package.sh'
[0.323s] INFO:colcon.colcon_core.shell:Creating package script '/home/latih/ros2_control/install/serial/share/serial/package.bash'
[0.323s] INFO:colcon.colcon_core.shell:Creating package script '/home/latih/ros2_control/install/serial/share/serial/package.zsh'
[0.324s] Level 1:colcon.colcon_core.environment:create_file_with_runtime_dependencies(/home/latih/ros2_control/install/serial/share/colcon-core/packages/serial)
[0.324s] Level 1:colcon.colcon_core.environment:create_environment_scripts_only(serial)
[0.324s] Level 1:colcon.colcon_core.environment:checking '/home/latih/ros2_control/install/serial' for CMake module files
[0.324s] Level 1:colcon.colcon_core.environment:checking '/home/latih/ros2_control/install/serial' for CMake config files
[0.324s] Level 1:colcon.colcon_core.shell:create_environment_hook('serial', 'cmake_prefix_path')
[0.325s] INFO:colcon.colcon_core.shell:Creating environment hook '/home/latih/ros2_control/install/serial/share/serial/hook/cmake_prefix_path.ps1'
[0.325s] INFO:colcon.colcon_core.shell:Creating environment descriptor '/home/latih/ros2_control/install/serial/share/serial/hook/cmake_prefix_path.dsv'
[0.325s] INFO:colcon.colcon_core.shell:Creating environment hook '/home/latih/ros2_control/install/serial/share/serial/hook/cmake_prefix_path.sh'
[0.325s] Level 1:colcon.colcon_core.environment:checking '/home/latih/ros2_control/install/serial/lib'
[0.325s] Level 1:colcon.colcon_core.environment:checking '/home/latih/ros2_control/install/serial/bin'
[0.325s] Level 1:colcon.colcon_core.environment:checking '/home/latih/ros2_control/install/serial/lib/pkgconfig/serial.pc'
[0.326s] Level 1:colcon.colcon_core.environment:checking '/home/latih/ros2_control/install/serial/lib/python3.10/site-packages'
[0.326s] Level 1:colcon.colcon_core.environment:checking '/home/latih/ros2_control/install/serial/bin'
[0.326s] INFO:colcon.colcon_core.shell:Creating package script '/home/latih/ros2_control/install/serial/share/serial/package.ps1'
[0.326s] INFO:colcon.colcon_core.shell:Creating package descriptor '/home/latih/ros2_control/install/serial/share/serial/package.dsv'
[0.327s] INFO:colcon.colcon_core.shell:Creating package script '/home/latih/ros2_control/install/serial/share/serial/package.sh'
[0.327s] INFO:colcon.colcon_core.shell:Creating package script '/home/latih/ros2_control/install/serial/share/serial/package.bash'
[0.327s] INFO:colcon.colcon_core.shell:Creating package script '/home/latih/ros2_control/install/serial/share/serial/package.zsh'
[0.327s] Level 1:colcon.colcon_core.environment:create_file_with_runtime_dependencies(/home/latih/ros2_control/install/serial/share/colcon-core/packages/serial)
[0.327s] INFO:colcon.colcon_ros.task.ament_cmake.build:Building ROS package in '/home/latih/ros2_control/src/motor_test' with build type 'ament_cmake'
[0.327s] INFO:colcon.colcon_cmake.task.cmake.build:Building CMake package in '/home/latih/ros2_control/src/motor_test'
[0.328s] INFO:colcon.colcon_core.shell:Skip shell extension 'powershell' for command environment: Not usable outside of PowerShell
[0.328s] DEBUG:colcon.colcon_core.shell:Skip shell extension 'dsv' for command environment
[0.330s] INFO:colcon.colcon_ros.task.ament_cmake.build:Building ROS package in '/home/latih/ros2_control/src/my_robot_hardware' with build type 'ament_cmake'
[0.330s] INFO:colcon.colcon_cmake.task.cmake.build:Building CMake package in '/home/latih/ros2_control/src/my_robot_hardware'
[0.330s] INFO:colcon.colcon_core.shell:Skip shell extension 'powershell' for command environment: Not usable outside of PowerShell
[0.330s] DEBUG:colcon.colcon_core.shell:Skip shell extension 'dsv' for command environment
[0.335s] DEBUG:colcon.colcon_core.event_handler.log_command:Invoking command in '/home/latih/ros2_control/build/motor_test': CMAKE_PREFIX_PATH=/opt/ros/humble:/home/latih/ros2_control/install/serial:/home/latih/ros2_control/install/my_robot_hardware:/home/latih/ros2_control/install/motor_test:/home/latih/ros2_control/install/my_robot_bringup:/home/latih/ros2_control/install/my_robot_description /usr/bin/cmake --build /home/latih/ros2_control/build/motor_test -- -j16 -l16
[0.336s] DEBUG:colcon.colcon_core.event_handler.log_command:Invoked command in '/home/latih/ros2_control/build/my_robot_bringup' returned '0': CMAKE_PREFIX_PATH=/home/latih/ros2_control/install/my_robot_description:/home/latih/ros2_control/install/my_robot_hardware:/home/latih/ros2_control/install/motor_test:/opt/ros/humble:/home/latih/ros2_control/install/serial:/home/latih/ros2_control/install/my_robot_bringup /usr/bin/cmake --build /home/latih/ros2_control/build/my_robot_bringup -- -j16 -l16
[0.337s] DEBUG:colcon.colcon_core.event_handler.log_command:Invoking command in '/home/latih/ros2_control/build/my_robot_bringup': CMAKE_PREFIX_PATH=/home/latih/ros2_control/install/my_robot_description:/home/latih/ros2_control/install/my_robot_hardware:/home/latih/ros2_control/install/motor_test:/opt/ros/humble:/home/latih/ros2_control/install/serial:/home/latih/ros2_control/install/my_robot_bringup /usr/bin/cmake --install /home/latih/ros2_control/build/my_robot_bringup
[0.339s] DEBUG:colcon.colcon_core.event_handler.log_command:Invoking command in '/home/latih/ros2_control/build/my_robot_hardware': CMAKE_PREFIX_PATH=/opt/ros/humble:/home/latih/ros2_control/install/serial:/home/latih/ros2_control/install/my_robot_hardware:/home/latih/ros2_control/install/motor_test:/home/latih/ros2_control/install/my_robot_bringup:/home/latih/ros2_control/install/my_robot_description /usr/bin/cmake --build /home/latih/ros2_control/build/my_robot_hardware -- -j16 -l16
[0.343s] Level 1:colcon.colcon_core.environment:create_environment_scripts_only(my_robot_bringup)
[0.344s] Level 1:colcon.colcon_core.environment:checking '/home/latih/ros2_control/install/my_robot_bringup' for CMake module files
[0.344s] DEBUG:colcon.colcon_core.event_handler.log_command:Invoked command in '/home/latih/ros2_control/build/my_robot_bringup' returned '0': CMAKE_PREFIX_PATH=/home/latih/ros2_control/install/my_robot_description:/home/latih/ros2_control/install/my_robot_hardware:/home/latih/ros2_control/install/motor_test:/opt/ros/humble:/home/latih/ros2_control/install/serial:/home/latih/ros2_control/install/my_robot_bringup /usr/bin/cmake --install /home/latih/ros2_control/build/my_robot_bringup
[0.344s] Level 1:colcon.colcon_core.environment:checking '/home/latih/ros2_control/install/my_robot_bringup' for CMake config files
[0.344s] Level 1:colcon.colcon_core.shell:create_environment_hook('my_robot_bringup', 'cmake_prefix_path')
[0.344s] INFO:colcon.colcon_core.shell:Creating environment hook '/home/latih/ros2_control/install/my_robot_bringup/share/my_robot_bringup/hook/cmake_prefix_path.ps1'
[0.344s] INFO:colcon.colcon_core.shell:Creating environment descriptor '/home/latih/ros2_control/install/my_robot_bringup/share/my_robot_bringup/hook/cmake_prefix_path.dsv'
[0.345s] INFO:colcon.colcon_core.shell:Creating environment hook '/home/latih/ros2_control/install/my_robot_bringup/share/my_robot_bringup/hook/cmake_prefix_path.sh'
[0.345s] Level 1:colcon.colcon_core.environment:checking '/home/latih/ros2_control/install/my_robot_bringup/bin'
[0.345s] Level 1:colcon.colcon_core.environment:checking '/home/latih/ros2_control/install/my_robot_bringup/lib/pkgconfig/my_robot_bringup.pc'
[0.345s] Level 1:colcon.colcon_core.environment:checking '/home/latih/ros2_control/install/my_robot_bringup/lib/python3.10/site-packages'
[0.345s] Level 1:colcon.colcon_core.environment:checking '/home/latih/ros2_control/install/my_robot_bringup/bin'
[0.346s] INFO:colcon.colcon_core.shell:Creating package script '/home/latih/ros2_control/install/my_robot_bringup/share/my_robot_bringup/package.ps1'
[0.346s] INFO:colcon.colcon_core.shell:Creating package descriptor '/home/latih/ros2_control/install/my_robot_bringup/share/my_robot_bringup/package.dsv'
[0.347s] INFO:colcon.colcon_core.shell:Creating package script '/home/latih/ros2_control/install/my_robot_bringup/share/my_robot_bringup/package.sh'
[0.347s] INFO:colcon.colcon_core.shell:Creating package script '/home/latih/ros2_control/install/my_robot_bringup/share/my_robot_bringup/package.bash'
[0.348s] INFO:colcon.colcon_core.shell:Creating package script '/home/latih/ros2_control/install/my_robot_bringup/share/my_robot_bringup/package.zsh'
[0.348s] Level 1:colcon.colcon_core.environment:create_file_with_runtime_dependencies(/home/latih/ros2_control/install/my_robot_bringup/share/colcon-core/packages/my_robot_bringup)
[0.348s] Level 1:colcon.colcon_core.environment:create_environment_scripts_only(my_robot_bringup)
[0.349s] Level 1:colcon.colcon_core.environment:checking '/home/latih/ros2_control/install/my_robot_bringup' for CMake module files
[0.349s] Level 1:colcon.colcon_core.environment:checking '/home/latih/ros2_control/install/my_robot_bringup' for CMake config files
[0.349s] Level 1:colcon.colcon_core.shell:create_environment_hook('my_robot_bringup', 'cmake_prefix_path')
[0.349s] INFO:colcon.colcon_core.shell:Creating environment hook '/home/latih/ros2_control/install/my_robot_bringup/share/my_robot_bringup/hook/cmake_prefix_path.ps1'
[0.350s] INFO:colcon.colcon_core.shell:Creating environment descriptor '/home/latih/ros2_control/install/my_robot_bringup/share/my_robot_bringup/hook/cmake_prefix_path.dsv'
[0.350s] INFO:colcon.colcon_core.shell:Creating environment hook '/home/latih/ros2_control/install/my_robot_bringup/share/my_robot_bringup/hook/cmake_prefix_path.sh'
[0.350s] Level 1:colcon.colcon_core.environment:checking '/home/latih/ros2_control/install/my_robot_bringup/bin'
[0.350s] Level 1:colcon.colcon_core.environment:checking '/home/latih/ros2_control/install/my_robot_bringup/lib/pkgconfig/my_robot_bringup.pc'
[0.350s] Level 1:colcon.colcon_core.environment:checking '/home/latih/ros2_control/install/my_robot_bringup/lib/python3.10/site-packages'
[0.350s] Level 1:colcon.colcon_core.environment:checking '/home/latih/ros2_control/install/my_robot_bringup/bin'
[0.351s] INFO:colcon.colcon_core.shell:Creating package script '/home/latih/ros2_control/install/my_robot_bringup/share/my_robot_bringup/package.ps1'
[0.351s] INFO:colcon.colcon_core.shell:Creating package descriptor '/home/latih/ros2_control/install/my_robot_bringup/share/my_robot_bringup/package.dsv'
[0.351s] INFO:colcon.colcon_core.shell:Creating package script '/home/latih/ros2_control/install/my_robot_bringup/share/my_robot_bringup/package.sh'
[0.351s] INFO:colcon.colcon_core.shell:Creating package script '/home/latih/ros2_control/install/my_robot_bringup/share/my_robot_bringup/package.bash'
[0.352s] INFO:colcon.colcon_core.shell:Creating package script '/home/latih/ros2_control/install/my_robot_bringup/share/my_robot_bringup/package.zsh'
[0.352s] Level 1:colcon.colcon_core.environment:create_file_with_runtime_dependencies(/home/latih/ros2_control/install/my_robot_bringup/share/colcon-core/packages/my_robot_bringup)
[0.376s] DEBUG:colcon.colcon_core.event_handler.log_command:Invoked command in '/home/latih/ros2_control/build/my_robot_hardware' returned '0': CMAKE_PREFIX_PATH=/opt/ros/humble:/home/latih/ros2_control/install/serial:/home/latih/ros2_control/install/my_robot_hardware:/home/latih/ros2_control/install/motor_test:/home/latih/ros2_control/install/my_robot_bringup:/home/latih/ros2_control/install/my_robot_description /usr/bin/cmake --build /home/latih/ros2_control/build/my_robot_hardware -- -j16 -l16
[0.377s] DEBUG:colcon.colcon_core.event_handler.log_command:Invoking command in '/home/latih/ros2_control/build/my_robot_hardware': CMAKE_PREFIX_PATH=/opt/ros/humble:/home/latih/ros2_control/install/serial:/home/latih/ros2_control/install/my_robot_hardware:/home/latih/ros2_control/install/motor_test:/home/latih/ros2_control/install/my_robot_bringup:/home/latih/ros2_control/install/my_robot_description /usr/bin/cmake --install /home/latih/ros2_control/build/my_robot_hardware
[0.388s] Level 1:colcon.colcon_core.environment:create_environment_scripts_only(my_robot_hardware)
[0.388s] Level 1:colcon.colcon_core.environment:checking '/home/latih/ros2_control/install/my_robot_hardware' for CMake module files
[0.389s] DEBUG:colcon.colcon_core.event_handler.log_command:Invoked command in '/home/latih/ros2_control/build/my_robot_hardware' returned '0': CMAKE_PREFIX_PATH=/opt/ros/humble:/home/latih/ros2_control/install/serial:/home/latih/ros2_control/install/my_robot_hardware:/home/latih/ros2_control/install/motor_test:/home/latih/ros2_control/install/my_robot_bringup:/home/latih/ros2_control/install/my_robot_description /usr/bin/cmake --install /home/latih/ros2_control/build/my_robot_hardware
[0.389s] Level 1:colcon.colcon_core.environment:checking '/home/latih/ros2_control/install/my_robot_hardware' for CMake config files
[0.389s] Level 1:colcon.colcon_core.shell:create_environment_hook('my_robot_hardware', 'cmake_prefix_path')
[0.389s] INFO:colcon.colcon_core.shell:Creating environment hook '/home/latih/ros2_control/install/my_robot_hardware/share/my_robot_hardware/hook/cmake_prefix_path.ps1'
[0.390s] INFO:colcon.colcon_core.shell:Creating environment descriptor '/home/latih/ros2_control/install/my_robot_hardware/share/my_robot_hardware/hook/cmake_prefix_path.dsv'
[0.390s] INFO:colcon.colcon_core.shell:Creating environment hook '/home/latih/ros2_control/install/my_robot_hardware/share/my_robot_hardware/hook/cmake_prefix_path.sh'
[0.390s] Level 1:colcon.colcon_core.environment:checking '/home/latih/ros2_control/install/my_robot_hardware/bin'
[0.391s] Level 1:colcon.colcon_core.environment:checking '/home/latih/ros2_control/install/my_robot_hardware/lib/pkgconfig/my_robot_hardware.pc'
[0.391s] Level 1:colcon.colcon_core.environment:checking '/home/latih/ros2_control/install/my_robot_hardware/lib/python3.10/site-packages'
[0.391s] Level 1:colcon.colcon_core.environment:checking '/home/latih/ros2_control/install/my_robot_hardware/bin'
[0.391s] INFO:colcon.colcon_core.shell:Creating package script '/home/latih/ros2_control/install/my_robot_hardware/share/my_robot_hardware/package.ps1'
[0.392s] INFO:colcon.colcon_core.shell:Creating package descriptor '/home/latih/ros2_control/install/my_robot_hardware/share/my_robot_hardware/package.dsv'
[0.392s] INFO:colcon.colcon_core.shell:Creating package script '/home/latih/ros2_control/install/my_robot_hardware/share/my_robot_hardware/package.sh'
[0.392s] INFO:colcon.colcon_core.shell:Creating package script '/home/latih/ros2_control/install/my_robot_hardware/share/my_robot_hardware/package.bash'
[0.393s] INFO:colcon.colcon_core.shell:Creating package script '/home/latih/ros2_control/install/my_robot_hardware/share/my_robot_hardware/package.zsh'
[0.393s] Level 1:colcon.colcon_core.environment:create_file_with_runtime_dependencies(/home/latih/ros2_control/install/my_robot_hardware/share/colcon-core/packages/my_robot_hardware)
[0.393s] Level 1:colcon.colcon_core.environment:create_environment_scripts_only(my_robot_hardware)
[0.394s] Level 1:colcon.colcon_core.environment:checking '/home/latih/ros2_control/install/my_robot_hardware' for CMake module files
[0.394s] Level 1:colcon.colcon_core.environment:checking '/home/latih/ros2_control/install/my_robot_hardware' for CMake config files
[0.394s] Level 1:colcon.colcon_core.shell:create_environment_hook('my_robot_hardware', 'cmake_prefix_path')
[0.394s] INFO:colcon.colcon_core.shell:Creating environment hook '/home/latih/ros2_control/install/my_robot_hardware/share/my_robot_hardware/hook/cmake_prefix_path.ps1'
[0.394s] INFO:colcon.colcon_core.shell:Creating environment descriptor '/home/latih/ros2_control/install/my_robot_hardware/share/my_robot_hardware/hook/cmake_prefix_path.dsv'
[0.395s] INFO:colcon.colcon_core.shell:Creating environment hook '/home/latih/ros2_control/install/my_robot_hardware/share/my_robot_hardware/hook/cmake_prefix_path.sh'
[0.395s] Level 1:colcon.colcon_core.environment:checking '/home/latih/ros2_control/install/my_robot_hardware/bin'
[0.395s] Level 1:colcon.colcon_core.environment:checking '/home/latih/ros2_control/install/my_robot_hardware/lib/pkgconfig/my_robot_hardware.pc'
[0.395s] Level 1:colcon.colcon_core.environment:checking '/home/latih/ros2_control/install/my_robot_hardware/lib/python3.10/site-packages'
[0.395s] Level 1:colcon.colcon_core.environment:checking '/home/latih/ros2_control/install/my_robot_hardware/bin'
[0.396s] INFO:colcon.colcon_core.shell:Creating package script '/home/latih/ros2_control/install/my_robot_hardware/share/my_robot_hardware/package.ps1'
[0.396s] INFO:colcon.colcon_core.shell:Creating package descriptor '/home/latih/ros2_control/install/my_robot_hardware/share/my_robot_hardware/package.dsv'
[0.396s] INFO:colcon.colcon_core.shell:Creating package script '/home/latih/ros2_control/install/my_robot_hardware/share/my_robot_hardware/package.sh'
[0.396s] INFO:colcon.colcon_core.shell:Creating package script '/home/latih/ros2_control/install/my_robot_hardware/share/my_robot_hardware/package.bash'
[0.397s] INFO:colcon.colcon_core.shell:Creating package script '/home/latih/ros2_control/install/my_robot_hardware/share/my_robot_hardware/package.zsh'
[0.397s] Level 1:colcon.colcon_core.environment:create_file_with_runtime_dependencies(/home/latih/ros2_control/install/my_robot_hardware/share/colcon-core/packages/my_robot_hardware)
[0.398s] DEBUG:colcon.colcon_core.event_handler.log_command:Invoked command in '/home/latih/ros2_control/build/motor_test' returned '0': CMAKE_PREFIX_PATH=/opt/ros/humble:/home/latih/ros2_control/install/serial:/home/latih/ros2_control/install/my_robot_hardware:/home/latih/ros2_control/install/motor_test:/home/latih/ros2_control/install/my_robot_bringup:/home/latih/ros2_control/install/my_robot_description /usr/bin/cmake --build /home/latih/ros2_control/build/motor_test -- -j16 -l16
[0.398s] DEBUG:colcon.colcon_core.event_handler.log_command:Invoking command in '/home/latih/ros2_control/build/motor_test': CMAKE_PREFIX_PATH=/opt/ros/humble:/home/latih/ros2_control/install/serial:/home/latih/ros2_control/install/my_robot_hardware:/home/latih/ros2_control/install/motor_test:/home/latih/ros2_control/install/my_robot_bringup:/home/latih/ros2_control/install/my_robot_description /usr/bin/cmake --install /home/latih/ros2_control/build/motor_test
[0.409s] Level 1:colcon.colcon_core.environment:create_environment_scripts_only(motor_test)
[0.410s] Level 1:colcon.colcon_core.environment:checking '/home/latih/ros2_control/install/motor_test' for CMake module files
[0.410s] DEBUG:colcon.colcon_core.event_handler.log_command:Invoked command in '/home/latih/ros2_control/build/motor_test' returned '0': CMAKE_PREFIX_PATH=/opt/ros/humble:/home/latih/ros2_control/install/serial:/home/latih/ros2_control/install/my_robot_hardware:/home/latih/ros2_control/install/motor_test:/home/latih/ros2_control/install/my_robot_bringup:/home/latih/ros2_control/install/my_robot_description /usr/bin/cmake --install /home/latih/ros2_control/build/motor_test
[0.411s] Level 1:colcon.colcon_core.environment:checking '/home/latih/ros2_control/install/motor_test' for CMake config files
[0.411s] Level 1:colcon.colcon_core.shell:create_environment_hook('motor_test', 'cmake_prefix_path')
[0.411s] INFO:colcon.colcon_core.shell:Creating environment hook '/home/latih/ros2_control/install/motor_test/share/motor_test/hook/cmake_prefix_path.ps1'
[0.412s] INFO:colcon.colcon_core.shell:Creating environment descriptor '/home/latih/ros2_control/install/motor_test/share/motor_test/hook/cmake_prefix_path.dsv'
[0.412s] INFO:colcon.colcon_core.shell:Creating environment hook '/home/latih/ros2_control/install/motor_test/share/motor_test/hook/cmake_prefix_path.sh'
[0.413s] Level 1:colcon.colcon_core.environment:checking '/home/latih/ros2_control/install/motor_test/lib'
[0.413s] Level 1:colcon.colcon_core.environment:checking '/home/latih/ros2_control/install/motor_test/bin'
[0.413s] Level 1:colcon.colcon_core.environment:checking '/home/latih/ros2_control/install/motor_test/lib/pkgconfig/motor_test.pc'
[0.413s] Level 1:colcon.colcon_core.environment:checking '/home/latih/ros2_control/install/motor_test/lib/python3.10/site-packages'
[0.413s] Level 1:colcon.colcon_core.environment:checking '/home/latih/ros2_control/install/motor_test/bin'
[0.413s] INFO:colcon.colcon_core.shell:Creating package script '/home/latih/ros2_control/install/motor_test/share/motor_test/package.ps1'
[0.414s] INFO:colcon.colcon_core.shell:Creating package descriptor '/home/latih/ros2_control/install/motor_test/share/motor_test/package.dsv'
[0.414s] INFO:colcon.colcon_core.shell:Creating package script '/home/latih/ros2_control/install/motor_test/share/motor_test/package.sh'
[0.414s] INFO:colcon.colcon_core.shell:Creating package script '/home/latih/ros2_control/install/motor_test/share/motor_test/package.bash'
[0.415s] INFO:colcon.colcon_core.shell:Creating package script '/home/latih/ros2_control/install/motor_test/share/motor_test/package.zsh'
[0.415s] Level 1:colcon.colcon_core.environment:create_file_with_runtime_dependencies(/home/latih/ros2_control/install/motor_test/share/colcon-core/packages/motor_test)
[0.415s] Level 1:colcon.colcon_core.environment:create_environment_scripts_only(motor_test)
[0.416s] Level 1:colcon.colcon_core.environment:checking '/home/latih/ros2_control/install/motor_test' for CMake module files
[0.416s] Level 1:colcon.colcon_core.environment:checking '/home/latih/ros2_control/install/motor_test' for CMake config files
[0.416s] Level 1:colcon.colcon_core.shell:create_environment_hook('motor_test', 'cmake_prefix_path')
[0.416s] INFO:colcon.colcon_core.shell:Creating environment hook '/home/latih/ros2_control/install/motor_test/share/motor_test/hook/cmake_prefix_path.ps1'
[0.416s] INFO:colcon.colcon_core.shell:Creating environment descriptor '/home/latih/ros2_control/install/motor_test/share/motor_test/hook/cmake_prefix_path.dsv'
[0.417s] INFO:colcon.colcon_core.shell:Creating environment hook '/home/latih/ros2_control/install/motor_test/share/motor_test/hook/cmake_prefix_path.sh'
[0.417s] Level 1:colcon.colcon_core.environment:checking '/home/latih/ros2_control/install/motor_test/lib'
[0.417s] Level 1:colcon.colcon_core.environment:checking '/home/latih/ros2_control/install/motor_test/bin'
[0.417s] Level 1:colcon.colcon_core.environment:checking '/home/latih/ros2_control/install/motor_test/lib/pkgconfig/motor_test.pc'
[0.417s] Level 1:colcon.colcon_core.environment:checking '/home/latih/ros2_control/install/motor_test/lib/python3.10/site-packages'
[0.417s] Level 1:colcon.colcon_core.environment:checking '/home/latih/ros2_control/install/motor_test/bin'
[0.418s] INFO:colcon.colcon_core.shell:Creating package script '/home/latih/ros2_control/install/motor_test/share/motor_test/package.ps1'
[0.418s] INFO:colcon.colcon_core.shell:Creating package descriptor '/home/latih/ros2_control/install/motor_test/share/motor_test/package.dsv'
[0.418s] INFO:colcon.colcon_core.shell:Creating package script '/home/latih/ros2_control/install/motor_test/share/motor_test/package.sh'
[0.418s] INFO:colcon.colcon_core.shell:Creating package script '/home/latih/ros2_control/install/motor_test/share/motor_test/package.bash'
[0.419s] INFO:colcon.colcon_core.shell:Creating package script '/home/latih/ros2_control/install/motor_test/share/motor_test/package.zsh'
[0.419s] Level 1:colcon.colcon_core.environment:create_file_with_runtime_dependencies(/home/latih/ros2_control/install/motor_test/share/colcon-core/packages/motor_test)
[0.419s] DEBUG:colcon.colcon_parallel_executor.executor.parallel:closing loop
[0.419s] DEBUG:colcon.colcon_parallel_executor.executor.parallel:loop closed
[0.419s] DEBUG:colcon.colcon_parallel_executor.executor.parallel:run_until_complete finished with '0'
[0.420s] DEBUG:colcon.colcon_core.event_reactor:joining thread
[0.424s] INFO:colcon.colcon_core.plugin_system:Skipping extension 'colcon_notification.desktop_notification.terminal_notifier': Not used on non-Darwin systems
[0.424s] INFO:colcon.colcon_core.plugin_system:Skipping extension 'colcon_notification.desktop_notification.win32': Not used on non-Windows systems
[0.424s] INFO:colcon.colcon_notification.desktop_notification:Sending desktop notification using 'notify2'
[0.434s] DEBUG:colcon.colcon_core.event_reactor:joined thread
[0.435s] INFO:colcon.colcon_core.shell:Creating prefix script '/home/latih/ros2_control/install/local_setup.ps1'
[0.436s] INFO:colcon.colcon_core.shell:Creating prefix util module '/home/latih/ros2_control/install/_local_setup_util_ps1.py'
[0.438s] INFO:colcon.colcon_core.shell:Creating prefix chain script '/home/latih/ros2_control/install/setup.ps1'
[0.439s] INFO:colcon.colcon_core.shell:Creating prefix script '/home/latih/ros2_control/install/local_setup.sh'
[0.440s] INFO:colcon.colcon_core.shell:Creating prefix util module '/home/latih/ros2_control/install/_local_setup_util_sh.py'
[0.440s] INFO:colcon.colcon_core.shell:Creating prefix chain script '/home/latih/ros2_control/install/setup.sh'
[0.442s] INFO:colcon.colcon_core.shell:Creating prefix script '/home/latih/ros2_control/install/local_setup.bash'
[0.442s] INFO:colcon.colcon_core.shell:Creating prefix chain script '/home/latih/ros2_control/install/setup.bash'
[0.443s] INFO:colcon.colcon_core.shell:Creating prefix script '/home/latih/ros2_control/install/local_setup.zsh'
[0.443s] INFO:colcon.colcon_core.shell:Creating prefix chain script '/home/latih/ros2_control/install/setup.zsh'
