[0.007s] Invoking command in '/home/latih/ros2_control/build/my_robot_description': CMAKE_PREFIX_PATH=/opt/ros/humble /usr/bin/cmake /home/latih/ros2_control/src/my_robot_description -DCMAKE_INSTALL_PREFIX=/home/latih/ros2_control/install/my_robot_description
[0.017s] -- Found ament_cmake: 1.3.11 (/opt/ros/humble/share/ament_cmake/cmake)
[0.144s] -- Found Python3: /usr/bin/python3 (found version "3.10.12") found components: Interpreter 
[0.266s] -- Configuring done
[0.267s] -- Generating done
[0.268s] -- Build files have been written to: /home/latih/ros2_control/build/my_robot_description
[0.270s] Invoked command in '/home/latih/ros2_control/build/my_robot_description' returned '0': CMAKE_PREFIX_PATH=/opt/ros/humble /usr/bin/cmake /home/latih/ros2_control/src/my_robot_description -DCMAKE_INSTALL_PREFIX=/home/latih/ros2_control/install/my_robot_description
[0.271s] Invoking command in '/home/latih/ros2_control/build/my_robot_description': CMAKE_PREFIX_PATH=/opt/ros/humble /usr/bin/cmake --build /home/latih/ros2_control/build/my_robot_description -- -j16 -l16
[0.301s] Invoked command in '/home/latih/ros2_control/build/my_robot_description' returned '0': CMAKE_PREFIX_PATH=/opt/ros/humble /usr/bin/cmake --build /home/latih/ros2_control/build/my_robot_description -- -j16 -l16
[0.311s] Invoking command in '/home/latih/ros2_control/build/my_robot_description': CMAKE_PREFIX_PATH=/opt/ros/humble /usr/bin/cmake --install /home/latih/ros2_control/build/my_robot_description
[0.319s] -- Install configuration: ""
[0.319s] -- Installing: /home/latih/ros2_control/install/my_robot_description/share/my_robot_description//urdf
[0.320s] -- Installing: /home/latih/ros2_control/install/my_robot_description/share/my_robot_description//urdf/common_properties.xacro
[0.321s] -- Installing: /home/latih/ros2_control/install/my_robot_description/share/my_robot_description//urdf/mobile_base.xacro
[0.321s] -- Installing: /home/latih/ros2_control/install/my_robot_description/share/my_robot_description//urdf/my_robot.urdf.xacro
[0.321s] -- Installing: /home/latih/ros2_control/install/my_robot_description/share/my_robot_description//launch
[0.321s] -- Installing: /home/latih/ros2_control/install/my_robot_description/share/my_robot_description//launch/display.launch.py
[0.321s] -- Installing: /home/latih/ros2_control/install/my_robot_description/share/my_robot_description//launch/display.launch.xml
[0.321s] -- Installing: /home/latih/ros2_control/install/my_robot_description/share/my_robot_description//rviz
[0.322s] -- Installing: /home/latih/ros2_control/install/my_robot_description/share/my_robot_description//rviz/urdf_config.rviz
[0.322s] -- Installing: /home/latih/ros2_control/install/my_robot_description/share/ament_index/resource_index/package_run_dependencies/my_robot_description
[0.322s] -- Installing: /home/latih/ros2_control/install/my_robot_description/share/ament_index/resource_index/parent_prefix_path/my_robot_description
[0.323s] -- Installing: /home/latih/ros2_control/install/my_robot_description/share/my_robot_description/environment/ament_prefix_path.sh
[0.323s] -- Installing: /home/latih/ros2_control/install/my_robot_description/share/my_robot_description/environment/ament_prefix_path.dsv
[0.323s] -- Installing: /home/latih/ros2_control/install/my_robot_description/share/my_robot_description/environment/path.sh
[0.323s] -- Installing: /home/latih/ros2_control/install/my_robot_description/share/my_robot_description/environment/path.dsv
[0.323s] -- Installing: /home/latih/ros2_control/install/my_robot_description/share/my_robot_description/local_setup.bash
[0.323s] -- Installing: /home/latih/ros2_control/install/my_robot_description/share/my_robot_description/local_setup.sh
[0.323s] -- Installing: /home/latih/ros2_control/install/my_robot_description/share/my_robot_description/local_setup.zsh
[0.324s] -- Installing: /home/latih/ros2_control/install/my_robot_description/share/my_robot_description/local_setup.dsv
[0.324s] -- Installing: /home/latih/ros2_control/install/my_robot_description/share/my_robot_description/package.dsv
[0.324s] -- Installing: /home/latih/ros2_control/install/my_robot_description/share/ament_index/resource_index/packages/my_robot_description
[0.324s] -- Installing: /home/latih/ros2_control/install/my_robot_description/share/my_robot_description/cmake/my_robot_descriptionConfig.cmake
[0.324s] -- Installing: /home/latih/ros2_control/install/my_robot_description/share/my_robot_description/cmake/my_robot_descriptionConfig-version.cmake
[0.324s] -- Installing: /home/latih/ros2_control/install/my_robot_description/share/my_robot_description/package.xml
[0.326s] Invoked command in '/home/latih/ros2_control/build/my_robot_description' returned '0': CMAKE_PREFIX_PATH=/opt/ros/humble /usr/bin/cmake --install /home/latih/ros2_control/build/my_robot_description
