[0.009s] Invoking command in '/home/latih/ros2_control/build/my_robot_bringup': CMAKE_PREFIX_PATH=${CMAKE_PREFIX_PATH}:/opt/ros/humble /usr/bin/cmake --build /home/latih/ros2_control/build/my_robot_bringup -- -j16 -l16
[0.030s] -- Found ament_cmake: 1.3.11 (/opt/ros/humble/share/ament_cmake/cmake)
[0.166s] -- Configuring done
[0.168s] -- Generating done
[0.169s] -- Build files have been written to: /home/latih/ros2_control/build/my_robot_bringup
[0.191s] Invoked command in '/home/latih/ros2_control/build/my_robot_bringup' returned '0': CMAKE_PREFIX_PATH=${CMAKE_PREFIX_PATH}:/opt/ros/humble /usr/bin/cmake --build /home/latih/ros2_control/build/my_robot_bringup -- -j16 -l16
[0.194s] Invoking command in '/home/latih/ros2_control/build/my_robot_bringup': CMAKE_PREFIX_PATH=${CMAKE_PREFIX_PATH}:/opt/ros/humble /usr/bin/cmake --install /home/latih/ros2_control/build/my_robot_bringup
[0.207s] -- Install configuration: ""
[0.207s] -- Up-to-date: /home/latih/ros2_control/install/my_robot_bringup/share/my_robot_bringup//config
[0.207s] -- Installing: /home/latih/ros2_control/install/my_robot_bringup/share/my_robot_bringup//config/my_robot_controllers.yaml
[0.207s] -- Up-to-date: /home/latih/ros2_control/install/my_robot_bringup/share/ament_index/resource_index/package_run_dependencies/my_robot_bringup
[0.207s] -- Installing: /home/latih/ros2_control/install/my_robot_bringup/share/ament_index/resource_index/parent_prefix_path/my_robot_bringup
[0.208s] -- Up-to-date: /home/latih/ros2_control/install/my_robot_bringup/share/my_robot_bringup/environment/ament_prefix_path.sh
[0.208s] -- Installing: /home/latih/ros2_control/install/my_robot_bringup/share/my_robot_bringup/environment/ament_prefix_path.dsv
[0.208s] -- Up-to-date: /home/latih/ros2_control/install/my_robot_bringup/share/my_robot_bringup/environment/path.sh
[0.208s] -- Installing: /home/latih/ros2_control/install/my_robot_bringup/share/my_robot_bringup/environment/path.dsv
[0.208s] -- Up-to-date: /home/latih/ros2_control/install/my_robot_bringup/share/my_robot_bringup/local_setup.bash
[0.208s] -- Up-to-date: /home/latih/ros2_control/install/my_robot_bringup/share/my_robot_bringup/local_setup.sh
[0.208s] -- Up-to-date: /home/latih/ros2_control/install/my_robot_bringup/share/my_robot_bringup/local_setup.zsh
[0.208s] -- Installing: /home/latih/ros2_control/install/my_robot_bringup/share/my_robot_bringup/local_setup.dsv
[0.208s] -- Installing: /home/latih/ros2_control/install/my_robot_bringup/share/my_robot_bringup/package.dsv
[0.208s] -- Up-to-date: /home/latih/ros2_control/install/my_robot_bringup/share/ament_index/resource_index/packages/my_robot_bringup
[0.208s] -- Up-to-date: /home/latih/ros2_control/install/my_robot_bringup/share/my_robot_bringup/cmake/my_robot_bringupConfig.cmake
[0.209s] -- Up-to-date: /home/latih/ros2_control/install/my_robot_bringup/share/my_robot_bringup/cmake/my_robot_bringupConfig-version.cmake
[0.209s] -- Up-to-date: /home/latih/ros2_control/install/my_robot_bringup/share/my_robot_bringup/package.xml
[0.211s] Invoked command in '/home/latih/ros2_control/build/my_robot_bringup' returned '0': CMAKE_PREFIX_PATH=${CMAKE_PREFIX_PATH}:/opt/ros/humble /usr/bin/cmake --install /home/latih/ros2_control/build/my_robot_bringup
