[0.007s] Invoking command in '/home/latih/ros2_control/build/my_robot_bringup': CMAKE_PREFIX_PATH=${CMAKE_PREFIX_PATH}:/opt/ros/humble /usr/bin/cmake /home/latih/ros2_control/my_robot_bringup -DCMAKE_INSTALL_PREFIX=/home/latih/ros2_control/install/my_robot_bringup
[0.047s] -- The C compiler identification is GNU 11.4.0
[0.086s] -- The CXX compiler identification is GNU 11.4.0
[0.092s] -- Detecting C compiler ABI info
[0.165s] -- Detecting C compiler ABI info - done
[0.171s] -- Check for working C compiler: /usr/bin/cc - skipped
[0.171s] -- Detecting C compile features
[0.172s] -- Detecting C compile features - done
[0.174s] -- Detecting CXX compiler ABI info
[0.265s] -- Detecting CXX compiler ABI info - done
[0.270s] -- Check for working CXX compiler: /usr/bin/c++ - skipped
[0.270s] -- Detecting CXX compile features
[0.270s] -- Detecting CXX compile features - done
[0.272s] -- Found ament_cmake: 1.3.11 (/opt/ros/humble/share/ament_cmake/cmake)
[0.384s] -- Found Python3: /usr/bin/python3 (found version "3.10.12") found components: Interpreter 
[0.464s] -- Found ament_lint_auto: 0.12.12 (/opt/ros/humble/share/ament_lint_auto/cmake)
[0.541s] -- Added test 'lint_cmake' to check CMake code style
[0.542s] -- Added test 'xmllint' to check XML markup files
[0.542s] -- Configuring done
[0.544s] -- Generating done
[0.545s] -- Build files have been written to: /home/latih/ros2_control/build/my_robot_bringup
[0.548s] Invoked command in '/home/latih/ros2_control/build/my_robot_bringup' returned '0': CMAKE_PREFIX_PATH=${CMAKE_PREFIX_PATH}:/opt/ros/humble /usr/bin/cmake /home/latih/ros2_control/my_robot_bringup -DCMAKE_INSTALL_PREFIX=/home/latih/ros2_control/install/my_robot_bringup
[0.549s] Invoking command in '/home/latih/ros2_control/build/my_robot_bringup': CMAKE_PREFIX_PATH=${CMAKE_PREFIX_PATH}:/opt/ros/humble /usr/bin/cmake --build /home/latih/ros2_control/build/my_robot_bringup -- -j16 -l16
[0.592s] Invoked command in '/home/latih/ros2_control/build/my_robot_bringup' returned '0': CMAKE_PREFIX_PATH=${CMAKE_PREFIX_PATH}:/opt/ros/humble /usr/bin/cmake --build /home/latih/ros2_control/build/my_robot_bringup -- -j16 -l16
[0.594s] Invoking command in '/home/latih/ros2_control/build/my_robot_bringup': CMAKE_PREFIX_PATH=${CMAKE_PREFIX_PATH}:/opt/ros/humble /usr/bin/cmake --install /home/latih/ros2_control/build/my_robot_bringup
[0.602s] -- Install configuration: ""
[0.602s] -- Installing: /home/latih/ros2_control/install/my_robot_bringup/share/ament_index/resource_index/package_run_dependencies/my_robot_bringup
[0.602s] -- Installing: /home/latih/ros2_control/install/my_robot_bringup/share/ament_index/resource_index/parent_prefix_path/my_robot_bringup
[0.602s] -- Installing: /home/latih/ros2_control/install/my_robot_bringup/share/my_robot_bringup/environment/ament_prefix_path.sh
[0.602s] -- Installing: /home/latih/ros2_control/install/my_robot_bringup/share/my_robot_bringup/environment/ament_prefix_path.dsv
[0.602s] -- Installing: /home/latih/ros2_control/install/my_robot_bringup/share/my_robot_bringup/environment/path.sh
[0.602s] -- Installing: /home/latih/ros2_control/install/my_robot_bringup/share/my_robot_bringup/environment/path.dsv
[0.602s] -- Installing: /home/latih/ros2_control/install/my_robot_bringup/share/my_robot_bringup/local_setup.bash
[0.603s] -- Installing: /home/latih/ros2_control/install/my_robot_bringup/share/my_robot_bringup/local_setup.sh
[0.603s] -- Installing: /home/latih/ros2_control/install/my_robot_bringup/share/my_robot_bringup/local_setup.zsh
[0.603s] -- Installing: /home/latih/ros2_control/install/my_robot_bringup/share/my_robot_bringup/local_setup.dsv
[0.603s] -- Installing: /home/latih/ros2_control/install/my_robot_bringup/share/my_robot_bringup/package.dsv
[0.603s] -- Installing: /home/latih/ros2_control/install/my_robot_bringup/share/ament_index/resource_index/packages/my_robot_bringup
[0.603s] -- Installing: /home/latih/ros2_control/install/my_robot_bringup/share/my_robot_bringup/cmake/my_robot_bringupConfig.cmake
[0.603s] -- Installing: /home/latih/ros2_control/install/my_robot_bringup/share/my_robot_bringup/cmake/my_robot_bringupConfig-version.cmake
[0.603s] -- Installing: /home/latih/ros2_control/install/my_robot_bringup/share/my_robot_bringup/package.xml
[0.606s] Invoked command in '/home/latih/ros2_control/build/my_robot_bringup' returned '0': CMAKE_PREFIX_PATH=${CMAKE_PREFIX_PATH}:/opt/ros/humble /usr/bin/cmake --install /home/latih/ros2_control/build/my_robot_bringup
