-- Found ament_cmake: 1.3.11 (/opt/ros/humble/share/ament_cmake/cmake)
-- Found rclcpp: 16.0.12 (/opt/ros/humble/share/rclcpp/cmake)
-- Found rosidl_generator_c: 3.1.6 (/opt/ros/humble/share/rosidl_generator_c/cmake)
-- Found rosidl_adapter: 3.1.6 (/opt/ros/humble/share/rosidl_adapter/cmake)
-- Found rosidl_generator_cpp: 3.1.6 (/opt/ros/humble/share/rosidl_generator_cpp/cmake)
-- Using all available rosidl_typesupport_c: rosidl_typesupport_fastrtps_c;rosidl_typesupport_introspection_c
-- Using all available rosidl_typesupport_cpp: rosidl_typesupport_fastrtps_cpp;rosidl_typesupport_introspection_cpp
-- Found rmw_implementation_cmake: 6.1.2 (/opt/ros/humble/share/rmw_implementation_cmake/cmake)
-- Found rmw_fastrtps_cpp: 6.2.7 (/opt/ros/humble/share/rmw_fastrtps_cpp/cmake)
-- Using RMW implementation 'rmw_fastrtps_cpp' as default
-- Found rclcpp_lifecycle: 16.0.12 (/opt/ros/humble/share/rclcpp_lifecycle/cmake)
-- Found serial: 1.2.1 (/home/latih/ros2_control/install/serial/share/serial/cmake)
-- Found hardware_interface: 2.50.0 (/opt/ros/humble/share/hardware_interface/cmake)
-- Configuring done
-- Generating done
-- Build files have been written to: /home/latih/ros2_control/build/my_robot_hardware
[35m[1mConsolidate compiler generated dependencies of target my_robot_hardware[0m
[ 25%] [32mBuilding CXX object CMakeFiles/my_robot_hardware.dir/src/motor_driver.cpp.o[0m
[ 50%] [32mBuilding CXX object CMakeFiles/my_robot_hardware.dir/src/wheel.cpp.o[0m
[ 75%] [32m[1mLinking CXX shared library libmy_robot_hardware.so[0m
[100%] Built target my_robot_hardware
-- Install configuration: ""
-- Up-to-date: /home/latih/ros2_control/install/my_robot_hardware/share/my_robot_hardware/my_robot_hardware_interface.xml
-- Installing: /home/latih/ros2_control/install/my_robot_hardware/lib/libmy_robot_hardware.so
-- Set runtime path of "/home/latih/ros2_control/install/my_robot_hardware/lib/libmy_robot_hardware.so" to ""
-- Up-to-date: /home/latih/ros2_control/install/my_robot_hardware/include/include
-- Up-to-date: /home/latih/ros2_control/install/my_robot_hardware/include/include/my_robot_hardware
-- Up-to-date: /home/latih/ros2_control/install/my_robot_hardware/include/include/my_robot_hardware/config.hpp
-- Up-to-date: /home/latih/ros2_control/install/my_robot_hardware/include/include/my_robot_hardware/mobile_base_hardware_interface.hpp
-- Up-to-date: /home/latih/ros2_control/install/my_robot_hardware/include/include/my_robot_hardware/motor_driver.hpp
-- Up-to-date: /home/latih/ros2_control/install/my_robot_hardware/include/include/my_robot_hardware/wheel.hpp
-- Up-to-date: /home/latih/ros2_control/install/my_robot_hardware/share/my_robot_hardware/environment/library_path.sh
-- Installing: /home/latih/ros2_control/install/my_robot_hardware/share/my_robot_hardware/environment/library_path.dsv
-- Up-to-date: /home/latih/ros2_control/install/my_robot_hardware/share/ament_index/resource_index/package_run_dependencies/my_robot_hardware
-- Up-to-date: /home/latih/ros2_control/install/my_robot_hardware/share/ament_index/resource_index/parent_prefix_path/my_robot_hardware
-- Up-to-date: /home/latih/ros2_control/install/my_robot_hardware/share/my_robot_hardware/environment/ament_prefix_path.sh
-- Installing: /home/latih/ros2_control/install/my_robot_hardware/share/my_robot_hardware/environment/ament_prefix_path.dsv
-- Up-to-date: /home/latih/ros2_control/install/my_robot_hardware/share/my_robot_hardware/environment/path.sh
-- Installing: /home/latih/ros2_control/install/my_robot_hardware/share/my_robot_hardware/environment/path.dsv
-- Up-to-date: /home/latih/ros2_control/install/my_robot_hardware/share/my_robot_hardware/local_setup.bash
-- Up-to-date: /home/latih/ros2_control/install/my_robot_hardware/share/my_robot_hardware/local_setup.sh
-- Up-to-date: /home/latih/ros2_control/install/my_robot_hardware/share/my_robot_hardware/local_setup.zsh
-- Installing: /home/latih/ros2_control/install/my_robot_hardware/share/my_robot_hardware/local_setup.dsv
-- Installing: /home/latih/ros2_control/install/my_robot_hardware/share/my_robot_hardware/package.dsv
-- Up-to-date: /home/latih/ros2_control/install/my_robot_hardware/share/ament_index/resource_index/packages/my_robot_hardware
-- Up-to-date: /home/latih/ros2_control/install/my_robot_hardware/share/ament_index/resource_index/hardware_interface__pluginlib__plugin/my_robot_hardware
-- Up-to-date: /home/latih/ros2_control/install/my_robot_hardware/share/my_robot_hardware/cmake/ament_cmake_export_libraries-extras.cmake
-- Up-to-date: /home/latih/ros2_control/install/my_robot_hardware/share/my_robot_hardware/cmake/ament_cmake_export_dependencies-extras.cmake
-- Up-to-date: /home/latih/ros2_control/install/my_robot_hardware/share/my_robot_hardware/cmake/my_robot_hardwareConfig.cmake
-- Up-to-date: /home/latih/ros2_control/install/my_robot_hardware/share/my_robot_hardware/cmake/my_robot_hardwareConfig-version.cmake
-- Up-to-date: /home/latih/ros2_control/install/my_robot_hardware/share/my_robot_hardware/package.xml
