[0.010s] Invoking command in '/home/latih/ros2_control/build/my_robot_hardware': CMAKE_PREFIX_PATH=/opt/ros/humble:/home/latih/ros2_control/install/serial:/home/latih/ros2_control/install/my_robot_hardware:/home/latih/ros2_control/install/motor_test:/home/latih/ros2_control/install/my_robot_bringup:/home/latih/ros2_control/install/my_robot_description /usr/bin/cmake --build /home/latih/ros2_control/build/my_robot_hardware -- -j16 -l16
[0.028s] -- Found ament_cmake: 1.3.11 (/opt/ros/humble/share/ament_cmake/cmake)
[0.120s] -- Found rclcpp: 16.0.12 (/opt/ros/humble/share/rclcpp/cmake)
[0.138s] -- Found rosidl_generator_c: 3.1.6 (/opt/ros/humble/share/rosidl_generator_c/cmake)
[0.140s] -- Found rosidl_adapter: 3.1.6 (/opt/ros/humble/share/rosidl_adapter/cmake)
[0.144s] -- Found rosidl_generator_cpp: 3.1.6 (/opt/ros/humble/share/rosidl_generator_cpp/cmake)
[0.150s] -- Using all available rosidl_typesupport_c: rosidl_typesupport_fastrtps_c;rosidl_typesupport_introspection_c
[0.158s] -- Using all available rosidl_typesupport_cpp: rosidl_typesupport_fastrtps_cpp;rosidl_typesupport_introspection_cpp
[0.178s] -- Found rmw_implementation_cmake: 6.1.2 (/opt/ros/humble/share/rmw_implementation_cmake/cmake)
[0.179s] -- Found rmw_fastrtps_cpp: 6.2.7 (/opt/ros/humble/share/rmw_fastrtps_cpp/cmake)
[0.249s] -- Using RMW implementation 'rmw_fastrtps_cpp' as default
[0.281s] -- Found rclcpp_lifecycle: 16.0.12 (/opt/ros/humble/share/rclcpp_lifecycle/cmake)
[0.291s] -- Found serial: 1.2.1 (/home/latih/ros2_control/install/serial/share/serial/cmake)
[0.291s] -- Found hardware_interface: 2.50.0 (/opt/ros/humble/share/hardware_interface/cmake)
[0.407s] -- Configuring done
[0.420s] -- Generating done
[0.423s] -- Build files have been written to: /home/latih/ros2_control/build/my_robot_hardware
[0.444s] [35m[1mConsolidate compiler generated dependencies of target my_robot_hardware[0m
[0.460s] [ 25%] [32mBuilding CXX object CMakeFiles/my_robot_hardware.dir/src/motor_driver.cpp.o[0m
[0.461s] [ 50%] [32mBuilding CXX object CMakeFiles/my_robot_hardware.dir/src/wheel.cpp.o[0m
[2.081s] [ 75%] [32m[1mLinking CXX shared library libmy_robot_hardware.so[0m
[2.205s] [100%] Built target my_robot_hardware
[2.215s] Invoked command in '/home/latih/ros2_control/build/my_robot_hardware' returned '0': CMAKE_PREFIX_PATH=/opt/ros/humble:/home/latih/ros2_control/install/serial:/home/latih/ros2_control/install/my_robot_hardware:/home/latih/ros2_control/install/motor_test:/home/latih/ros2_control/install/my_robot_bringup:/home/latih/ros2_control/install/my_robot_description /usr/bin/cmake --build /home/latih/ros2_control/build/my_robot_hardware -- -j16 -l16
[2.217s] Invoking command in '/home/latih/ros2_control/build/my_robot_hardware': CMAKE_PREFIX_PATH=/opt/ros/humble:/home/latih/ros2_control/install/serial:/home/latih/ros2_control/install/my_robot_hardware:/home/latih/ros2_control/install/motor_test:/home/latih/ros2_control/install/my_robot_bringup:/home/latih/ros2_control/install/my_robot_description /usr/bin/cmake --install /home/latih/ros2_control/build/my_robot_hardware
[2.224s] -- Install configuration: ""
[2.224s] -- Up-to-date: /home/latih/ros2_control/install/my_robot_hardware/share/my_robot_hardware/my_robot_hardware_interface.xml
[2.224s] -- Installing: /home/latih/ros2_control/install/my_robot_hardware/lib/libmy_robot_hardware.so
[2.225s] -- Set runtime path of "/home/latih/ros2_control/install/my_robot_hardware/lib/libmy_robot_hardware.so" to ""
[2.225s] -- Up-to-date: /home/latih/ros2_control/install/my_robot_hardware/include/include
[2.225s] -- Up-to-date: /home/latih/ros2_control/install/my_robot_hardware/include/include/my_robot_hardware
[2.225s] -- Up-to-date: /home/latih/ros2_control/install/my_robot_hardware/include/include/my_robot_hardware/config.hpp
[2.226s] -- Up-to-date: /home/latih/ros2_control/install/my_robot_hardware/include/include/my_robot_hardware/mobile_base_hardware_interface.hpp
[2.226s] -- Up-to-date: /home/latih/ros2_control/install/my_robot_hardware/include/include/my_robot_hardware/motor_driver.hpp
[2.226s] -- Up-to-date: /home/latih/ros2_control/install/my_robot_hardware/include/include/my_robot_hardware/wheel.hpp
[2.226s] -- Up-to-date: /home/latih/ros2_control/install/my_robot_hardware/share/my_robot_hardware/environment/library_path.sh
[2.226s] -- Installing: /home/latih/ros2_control/install/my_robot_hardware/share/my_robot_hardware/environment/library_path.dsv
[2.226s] -- Up-to-date: /home/latih/ros2_control/install/my_robot_hardware/share/ament_index/resource_index/package_run_dependencies/my_robot_hardware
[2.226s] -- Up-to-date: /home/latih/ros2_control/install/my_robot_hardware/share/ament_index/resource_index/parent_prefix_path/my_robot_hardware
[2.226s] -- Up-to-date: /home/latih/ros2_control/install/my_robot_hardware/share/my_robot_hardware/environment/ament_prefix_path.sh
[2.226s] -- Installing: /home/latih/ros2_control/install/my_robot_hardware/share/my_robot_hardware/environment/ament_prefix_path.dsv
[2.226s] -- Up-to-date: /home/latih/ros2_control/install/my_robot_hardware/share/my_robot_hardware/environment/path.sh
[2.227s] -- Installing: /home/latih/ros2_control/install/my_robot_hardware/share/my_robot_hardware/environment/path.dsv
[2.227s] -- Up-to-date: /home/latih/ros2_control/install/my_robot_hardware/share/my_robot_hardware/local_setup.bash
[2.227s] -- Up-to-date: /home/latih/ros2_control/install/my_robot_hardware/share/my_robot_hardware/local_setup.sh
[2.227s] -- Up-to-date: /home/latih/ros2_control/install/my_robot_hardware/share/my_robot_hardware/local_setup.zsh
[2.227s] -- Installing: /home/latih/ros2_control/install/my_robot_hardware/share/my_robot_hardware/local_setup.dsv
[2.227s] -- Installing: /home/latih/ros2_control/install/my_robot_hardware/share/my_robot_hardware/package.dsv
[2.227s] -- Up-to-date: /home/latih/ros2_control/install/my_robot_hardware/share/ament_index/resource_index/packages/my_robot_hardware
[2.227s] -- Up-to-date: /home/latih/ros2_control/install/my_robot_hardware/share/ament_index/resource_index/hardware_interface__pluginlib__plugin/my_robot_hardware
[2.227s] -- Up-to-date: /home/latih/ros2_control/install/my_robot_hardware/share/my_robot_hardware/cmake/ament_cmake_export_libraries-extras.cmake
[2.228s] -- Up-to-date: /home/latih/ros2_control/install/my_robot_hardware/share/my_robot_hardware/cmake/ament_cmake_export_dependencies-extras.cmake
[2.228s] -- Up-to-date: /home/latih/ros2_control/install/my_robot_hardware/share/my_robot_hardware/cmake/my_robot_hardwareConfig.cmake
[2.228s] -- Up-to-date: /home/latih/ros2_control/install/my_robot_hardware/share/my_robot_hardware/cmake/my_robot_hardwareConfig-version.cmake
[2.228s] -- Up-to-date: /home/latih/ros2_control/install/my_robot_hardware/share/my_robot_hardware/package.xml
[2.230s] Invoked command in '/home/latih/ros2_control/build/my_robot_hardware' returned '0': CMAKE_PREFIX_PATH=/opt/ros/humble:/home/latih/ros2_control/install/serial:/home/latih/ros2_control/install/my_robot_hardware:/home/latih/ros2_control/install/motor_test:/home/latih/ros2_control/install/my_robot_bringup:/home/latih/ros2_control/install/my_robot_description /usr/bin/cmake --install /home/latih/ros2_control/build/my_robot_hardware
