[0.006s] Invoking command in '/home/latih/ros2_control/build/serial': CMAKE_PREFIX_PATH=${CMAKE_PREFIX_PATH}:/opt/ros/humble /usr/bin/cmake /home/latih/ros2_control/src/serial -DCMAKE_INSTALL_PREFIX=/home/latih/ros2_control/install/serial
[0.018s] -- Found ament_cmake: 1.3.11 (/opt/ros/humble/share/ament_cmake/cmake)
[0.167s] -- Found Python3: /usr/bin/python3 (found version "3.10.12") found components: Interpreter 
[0.229s] -- Found ament_cmake_gtest: 1.3.11 (/opt/ros/humble/share/ament_cmake_gtest/cmake)
[0.236s] -- Found Boost: /usr/lib/x86_64-linux-gnu/cmake/Boost-1.74.0/BoostConfig.cmake (found version "1.74.0")  
[0.239s] -- Found gtest sources under '/opt/ros/humble/src/gtest_vendor': C++ tests using 'Google Test' will be built
[0.241s] -- Looking for pthread.h
[0.321s] -- Looking for pthread.h - found
[0.321s] -- Performing Test CMAKE_HAVE_LIBC_PTHREAD
[0.402s] -- Performing Test CMAKE_HAVE_LIBC_PTHREAD - Success
[0.403s] -- Found Threads: TRUE  
[0.461s] -- Configuring done
[0.467s] -- Generating done
[0.469s] -- Build files have been written to: /home/latih/ros2_control/build/serial
[0.471s] Invoked command in '/home/latih/ros2_control/build/serial' returned '0': CMAKE_PREFIX_PATH=${CMAKE_PREFIX_PATH}:/opt/ros/humble /usr/bin/cmake /home/latih/ros2_control/src/serial -DCMAKE_INSTALL_PREFIX=/home/latih/ros2_control/install/serial
[0.473s] Invoking command in '/home/latih/ros2_control/build/serial': CMAKE_PREFIX_PATH=${CMAKE_PREFIX_PATH}:/opt/ros/humble /usr/bin/cmake --build /home/latih/ros2_control/build/serial -- -j16 -l16
[0.519s] [  7%] [32mBuilding CXX object gtest/CMakeFiles/gtest.dir/src/gtest-all.cc.o[0m
[0.523s] [ 14%] [32mBuilding CXX object CMakeFiles/serial.dir/src/serial.cc.o[0m
[0.523s] [ 21%] [32mBuilding CXX object CMakeFiles/serial.dir/src/impl/list_ports/list_ports_linux.cc.o[0m
[0.524s] [ 28%] [32mBuilding CXX object gtest/CMakeFiles/gtest_main.dir/src/gtest_main.cc.o[0m
[0.526s] [ 35%] [32mBuilding CXX object CMakeFiles/serial.dir/src/impl/unix.cc.o[0m
[0.853s] [ 42%] [32m[1mLinking CXX static library libserial.a[0m
[0.884s] [ 42%] Built target serial
[0.899s] [ 50%] [32mBuilding CXX object CMakeFiles/serial_example.dir/examples/serial_example.cc.o[0m
[1.091s] [ 57%] [32m[1mLinking CXX static library libgtest_main.a[0m
[1.097s] [ 64%] [32m[1mLinking CXX executable serial_example[0m
[1.114s] [ 64%] Built target gtest_main
[1.158s] [ 64%] Built target serial_example
[2.509s] [ 71%] [32m[1mLinking CXX static library libgtest.a[0m
[2.569s] [ 71%] Built target gtest
[2.590s] [ 78%] [32mBuilding CXX object tests/CMakeFiles/serial-test.dir/unix_serial_tests.cc.o[0m
[2.593s] [ 85%] [32mBuilding CXX object tests/CMakeFiles/serial-test-timer.dir/unit/unix_timer_tests.cc.o[0m
[3.123s] In file included from [01m[K/usr/include/boost/bind.hpp:30[m[K,
[3.123s]                  from [01m[K/home/latih/ros2_control/src/serial/tests/unix_serial_tests.cc:23[m[K:
[3.123s] [01m[K/usr/include/boost/bind.hpp:36:1:[m[K [01;36m[Knote: [m[K‘[01m[K#pragma message: The practice of declaring the Bind placeholders (_1, _2, ...) in the global namespace is deprecated. Please use <boost/bind/bind.hpp> + using namespace boost::placeholders, or define BOOST_BIND_GLOBAL_PLACEHOLDERS to retain the current behavior.[m[K’
[3.123s]    36 | [01;36m[KBOOST_PRAGMA_MESSAGE[m[K(
[3.123s]       | [01;36m[K^~~~~~~~~~~~~~~~~~~~[m[K
[3.173s] [ 92%] [32m[1mLinking CXX executable serial-test-timer[0m
[3.252s] [100%] [32m[1mLinking CXX executable serial-test[0m
[3.257s] [100%] Built target serial-test-timer
[3.338s] [100%] Built target serial-test
[3.347s] Invoked command in '/home/latih/ros2_control/build/serial' returned '0': CMAKE_PREFIX_PATH=${CMAKE_PREFIX_PATH}:/opt/ros/humble /usr/bin/cmake --build /home/latih/ros2_control/build/serial -- -j16 -l16
[3.355s] Invoking command in '/home/latih/ros2_control/build/serial': CMAKE_PREFIX_PATH=${CMAKE_PREFIX_PATH}:/opt/ros/humble /usr/bin/cmake --install /home/latih/ros2_control/build/serial
[3.364s] -- Install configuration: ""
[3.364s] -- Installing: /home/latih/ros2_control/install/serial/lib/libserial.a
[3.365s] -- Installing: /home/latih/ros2_control/install/serial/include/serial/serial.h
[3.365s] -- Installing: /home/latih/ros2_control/install/serial/include/serial/v8stdint.h
[3.365s] -- Installing: /home/latih/ros2_control/install/serial/share/serial/environment/library_path.sh
[3.365s] -- Installing: /home/latih/ros2_control/install/serial/share/serial/environment/library_path.dsv
[3.365s] -- Installing: /home/latih/ros2_control/install/serial/share/ament_index/resource_index/package_run_dependencies/serial
[3.365s] -- Installing: /home/latih/ros2_control/install/serial/share/ament_index/resource_index/parent_prefix_path/serial
[3.366s] -- Installing: /home/latih/ros2_control/install/serial/share/serial/environment/ament_prefix_path.sh
[3.366s] -- Installing: /home/latih/ros2_control/install/serial/share/serial/environment/ament_prefix_path.dsv
[3.366s] -- Installing: /home/latih/ros2_control/install/serial/share/serial/environment/path.sh
[3.366s] -- Installing: /home/latih/ros2_control/install/serial/share/serial/environment/path.dsv
[3.366s] -- Installing: /home/latih/ros2_control/install/serial/share/serial/local_setup.bash
[3.366s] -- Installing: /home/latih/ros2_control/install/serial/share/serial/local_setup.sh
[3.366s] -- Installing: /home/latih/ros2_control/install/serial/share/serial/local_setup.zsh
[3.366s] -- Installing: /home/latih/ros2_control/install/serial/share/serial/local_setup.dsv
[3.366s] -- Installing: /home/latih/ros2_control/install/serial/share/serial/package.dsv
[3.366s] -- Installing: /home/latih/ros2_control/install/serial/share/ament_index/resource_index/packages/serial
[3.366s] -- Installing: /home/latih/ros2_control/install/serial/share/serial/cmake/ament_cmake_export_include_directories-extras.cmake
[3.367s] -- Installing: /home/latih/ros2_control/install/serial/share/serial/cmake/ament_cmake_export_libraries-extras.cmake
[3.367s] -- Installing: /home/latih/ros2_control/install/serial/share/serial/cmake/serialConfig.cmake
[3.367s] -- Installing: /home/latih/ros2_control/install/serial/share/serial/cmake/serialConfig-version.cmake
[3.367s] -- Installing: /home/latih/ros2_control/install/serial/share/serial/package.xml
[3.369s] Invoked command in '/home/latih/ros2_control/build/serial' returned '0': CMAKE_PREFIX_PATH=${CMAKE_PREFIX_PATH}:/opt/ros/humble /usr/bin/cmake --install /home/latih/ros2_control/build/serial
