running egg_info
creating ../../../../build/action_tutorials_py/action_tutorials_py.egg-info
writing ../../../../build/action_tutorials_py/action_tutorials_py.egg-info/PKG-INFO
writing dependency_links to ../../../../build/action_tutorials_py/action_tutorials_py.egg-info/dependency_links.txt
writing entry points to ../../../../build/action_tutorials_py/action_tutorials_py.egg-info/entry_points.txt
writing requirements to ../../../../build/action_tutorials_py/action_tutorials_py.egg-info/requires.txt
writing top-level names to ../../../../build/action_tutorials_py/action_tutorials_py.egg-info/top_level.txt
writing manifest file '../../../../build/action_tutorials_py/action_tutorials_py.egg-info/SOURCES.txt'
reading manifest file '../../../../build/action_tutorials_py/action_tutorials_py.egg-info/SOURCES.txt'
writing manifest file '../../../../build/action_tutorials_py/action_tutorials_py.egg-info/SOURCES.txt'
running build
running build_py
creating /home/latih/ros2_control/build/action_tutorials_py/build
creating /home/latih/ros2_control/build/action_tutorials_py/build/lib
creating /home/latih/ros2_control/build/action_tutorials_py/build/lib/action_tutorials_py
copying action_tutorials_py/fibonacci_action_client.py -> /home/latih/ros2_control/build/action_tutorials_py/build/lib/action_tutorials_py
copying action_tutorials_py/__init__.py -> /home/latih/ros2_control/build/action_tutorials_py/build/lib/action_tutorials_py
copying action_tutorials_py/fibonacci_action_server.py -> /home/latih/ros2_control/build/action_tutorials_py/build/lib/action_tutorials_py
running install
running install_lib
creating /home/latih/ros2_control/install/action_tutorials_py/lib/python3.10/site-packages/action_tutorials_py
copying /home/latih/ros2_control/build/action_tutorials_py/build/lib/action_tutorials_py/fibonacci_action_client.py -> /home/latih/ros2_control/install/action_tutorials_py/lib/python3.10/site-packages/action_tutorials_py
copying /home/latih/ros2_control/build/action_tutorials_py/build/lib/action_tutorials_py/__init__.py -> /home/latih/ros2_control/install/action_tutorials_py/lib/python3.10/site-packages/action_tutorials_py
copying /home/latih/ros2_control/build/action_tutorials_py/build/lib/action_tutorials_py/fibonacci_action_server.py -> /home/latih/ros2_control/install/action_tutorials_py/lib/python3.10/site-packages/action_tutorials_py
byte-compiling /home/latih/ros2_control/install/action_tutorials_py/lib/python3.10/site-packages/action_tutorials_py/fibonacci_action_client.py to fibonacci_action_client.cpython-310.pyc
byte-compiling /home/latih/ros2_control/install/action_tutorials_py/lib/python3.10/site-packages/action_tutorials_py/__init__.py to __init__.cpython-310.pyc
byte-compiling /home/latih/ros2_control/install/action_tutorials_py/lib/python3.10/site-packages/action_tutorials_py/fibonacci_action_server.py to fibonacci_action_server.cpython-310.pyc
running install_data
creating /home/latih/ros2_control/install/action_tutorials_py/share/ament_index
creating /home/latih/ros2_control/install/action_tutorials_py/share/ament_index/resource_index
creating /home/latih/ros2_control/install/action_tutorials_py/share/ament_index/resource_index/packages
copying resource/action_tutorials_py -> /home/latih/ros2_control/install/action_tutorials_py/share/ament_index/resource_index/packages
copying package.xml -> /home/latih/ros2_control/install/action_tutorials_py/share/action_tutorials_py
running install_egg_info
Copying ../../../../build/action_tutorials_py/action_tutorials_py.egg-info to /home/latih/ros2_control/install/action_tutorials_py/lib/python3.10/site-packages/action_tutorials_py-0.37.1-py3.10.egg-info
running install_scripts
Installing fibonacci_action_client script to /home/latih/ros2_control/install/action_tutorials_py/lib/action_tutorials_py
Installing fibonacci_action_server script to /home/latih/ros2_control/install/action_tutorials_py/lib/action_tutorials_py
writing list of installed files to '/home/latih/ros2_control/build/action_tutorials_py/install.log'
