[0.052s] Invoking command in '/home/latih/ros2_control/build/ros2_control_demo_example_1': AMENT_PREFIX_PATH=/home/latih/ros2_control/install/ros2_control_demo_description:${AMENT_PREFIX_PATH} CMAKE_PREFIX_PATH=/home/latih/ros2_control/install/ros2_control_demo_description:/home/latih/ros2_control/install/my_robot_bringup:/home/latih/ros2_control/install/my_robot_description:/opt/ros/humble /usr/bin/cmake /home/latih/ros2_control/src/ros2_control_demos/example_1 -DCMAKE_INSTALL_PREFIX=/home/latih/ros2_control/install/ros2_control_demo_example_1
[0.140s] -- The CXX compiler identification is GNU 11.4.0
[0.148s] -- Detecting CXX compiler ABI info
[0.215s] -- Detecting CXX compiler ABI info - done
[0.222s] -- Check for working CXX compiler: /usr/bin/c++ - skipped
[0.222s] -- Detecting CXX compile features
[0.222s] -- Detecting CXX compile features - done
[0.227s] -- Found ament_cmake: 1.3.11 (/opt/ros/humble/share/ament_cmake/cmake)
[0.360s] -- Found Python3: /usr/bin/python3 (found version "3.10.12") found components: Interpreter 
[0.436s] -- Found hardware_interface: 2.50.0 (/opt/ros/humble/share/hardware_interface/cmake)
[0.483s] -- Found rosidl_generator_c: 3.1.6 (/opt/ros/humble/share/rosidl_generator_c/cmake)
[0.489s] -- Found rosidl_adapter: 3.1.6 (/opt/ros/humble/share/rosidl_adapter/cmake)
[0.499s] -- Found rosidl_generator_cpp: 3.1.6 (/opt/ros/humble/share/rosidl_generator_cpp/cmake)
[0.514s] -- Using all available rosidl_typesupport_c: rosidl_typesupport_fastrtps_c;rosidl_typesupport_introspection_c
[0.533s] -- Using all available rosidl_typesupport_cpp: rosidl_typesupport_fastrtps_cpp;rosidl_typesupport_introspection_cpp
[0.746s] -- Found rmw_implementation_cmake: 6.1.2 (/opt/ros/humble/share/rmw_implementation_cmake/cmake)
[0.750s] -- Found rmw_fastrtps_cpp: 6.2.7 (/opt/ros/humble/share/rmw_fastrtps_cpp/cmake)
[0.781s] -- Found TinyXML2 via Config file: TinyXML2_DIR-NOTFOUND
[0.819s] -- Found OpenSSL: /usr/lib/x86_64-linux-gnu/libcrypto.so (found version "3.0.2")  
[0.822s] -- Found TinyXML2 via Config file: TinyXML2_DIR-NOTFOUND
[0.839s] -- Found FastRTPS: /opt/ros/humble/include  
[0.840s] -- Found TinyXML2 via Config file: TinyXML2_DIR-NOTFOUND
[0.848s] -- Found TinyXML2 via Config file: TinyXML2_DIR-NOTFOUND
[0.860s] -- Using RMW implementation 'rmw_fastrtps_cpp' as default
[0.870s] -- Looking for C++ include pthread.h
[1.019s] -- Looking for C++ include pthread.h - found
[1.019s] -- Performing Test CMAKE_HAVE_LIBC_PTHREAD
[1.140s] -- Performing Test CMAKE_HAVE_LIBC_PTHREAD - Success
[1.141s] -- Found Threads: TRUE  
[1.210s] -- Found ament_cmake_pytest: 1.3.11 (/opt/ros/humble/share/ament_cmake_pytest/cmake)
[2.731s] -- Configuring done
[2.769s] -- Generating done
[2.782s] -- Build files have been written to: /home/latih/ros2_control/build/ros2_control_demo_example_1
[2.794s] Invoked command in '/home/latih/ros2_control/build/ros2_control_demo_example_1' returned '0': AMENT_PREFIX_PATH=/home/latih/ros2_control/install/ros2_control_demo_description:${AMENT_PREFIX_PATH} CMAKE_PREFIX_PATH=/home/latih/ros2_control/install/ros2_control_demo_description:/home/latih/ros2_control/install/my_robot_bringup:/home/latih/ros2_control/install/my_robot_description:/opt/ros/humble /usr/bin/cmake /home/latih/ros2_control/src/ros2_control_demos/example_1 -DCMAKE_INSTALL_PREFIX=/home/latih/ros2_control/install/ros2_control_demo_example_1
[2.798s] Invoking command in '/home/latih/ros2_control/build/ros2_control_demo_example_1': AMENT_PREFIX_PATH=/home/latih/ros2_control/install/ros2_control_demo_description:${AMENT_PREFIX_PATH} CMAKE_PREFIX_PATH=/home/latih/ros2_control/install/ros2_control_demo_description:/home/latih/ros2_control/install/my_robot_bringup:/home/latih/ros2_control/install/my_robot_description:/opt/ros/humble /usr/bin/cmake --build /home/latih/ros2_control/build/ros2_control_demo_example_1 -- -j16 -l16
[6.904s] [ 50%] [32mBuilding CXX object CMakeFiles/ros2_control_demo_example_1.dir/hardware/rrbot.cpp.o[0m
[7.180s] [100%] [32m[1mLinking CXX shared library libros2_control_demo_example_1.so[0m
[7.349s] [100%] Built target ros2_control_demo_example_1
[7.396s] Invoked command in '/home/latih/ros2_control/build/ros2_control_demo_example_1' returned '0': AMENT_PREFIX_PATH=/home/latih/ros2_control/install/ros2_control_demo_description:${AMENT_PREFIX_PATH} CMAKE_PREFIX_PATH=/home/latih/ros2_control/install/ros2_control_demo_description:/home/latih/ros2_control/install/my_robot_bringup:/home/latih/ros2_control/install/my_robot_description:/opt/ros/humble /usr/bin/cmake --build /home/latih/ros2_control/build/ros2_control_demo_example_1 -- -j16 -l16
[7.396s] Invoking command in '/home/latih/ros2_control/build/ros2_control_demo_example_1': AMENT_PREFIX_PATH=/home/latih/ros2_control/install/ros2_control_demo_description:${AMENT_PREFIX_PATH} CMAKE_PREFIX_PATH=/home/latih/ros2_control/install/ros2_control_demo_description:/home/latih/ros2_control/install/my_robot_bringup:/home/latih/ros2_control/install/my_robot_description:/opt/ros/humble /usr/bin/cmake --install /home/latih/ros2_control/build/ros2_control_demo_example_1
[7.404s] -- Install configuration: ""
[7.404s] -- Installing: /home/latih/ros2_control/install/ros2_control_demo_example_1/share/ros2_control_demo_example_1/ros2_control_demo_example_1.xml
[7.405s] -- Installing: /home/latih/ros2_control/install/ros2_control_demo_example_1/include/ros2_control_demo_example_1
[7.405s] -- Installing: /home/latih/ros2_control/install/ros2_control_demo_example_1/include/ros2_control_demo_example_1/ros2_control_demo_example_1
[7.405s] -- Installing: /home/latih/ros2_control/install/ros2_control_demo_example_1/include/ros2_control_demo_example_1/ros2_control_demo_example_1/rrbot.hpp
[7.405s] -- Installing: /home/latih/ros2_control/install/ros2_control_demo_example_1/share/ros2_control_demo_example_1/launch
[7.405s] -- Installing: /home/latih/ros2_control/install/ros2_control_demo_example_1/share/ros2_control_demo_example_1/launch/view_robot.launch.py
[7.405s] -- Installing: /home/latih/ros2_control/install/ros2_control_demo_example_1/share/ros2_control_demo_example_1/ros2_control
[7.405s] -- Installing: /home/latih/ros2_control/install/ros2_control_demo_example_1/share/ros2_control_demo_example_1/ros2_control/rrbot.ros2_control.xacro
[7.405s] -- Installing: /home/latih/ros2_control/install/ros2_control_demo_example_1/share/ros2_control_demo_example_1/urdf
[7.405s] -- Installing: /home/latih/ros2_control/install/ros2_control_demo_example_1/share/ros2_control_demo_example_1/urdf/rrbot.urdf.xacro
[7.405s] -- Up-to-date: /home/latih/ros2_control/install/ros2_control_demo_example_1/share/ros2_control_demo_example_1/launch
[7.405s] -- Installing: /home/latih/ros2_control/install/ros2_control_demo_example_1/share/ros2_control_demo_example_1/launch/test_forward_position_controller.launch.py
[7.405s] -- Installing: /home/latih/ros2_control/install/ros2_control_demo_example_1/share/ros2_control_demo_example_1/launch/rrbot.launch.py
[7.406s] -- Installing: /home/latih/ros2_control/install/ros2_control_demo_example_1/share/ros2_control_demo_example_1/launch/test_joint_trajectory_controller.launch.py
[7.406s] -- Installing: /home/latih/ros2_control/install/ros2_control_demo_example_1/share/ros2_control_demo_example_1/config
[7.406s] -- Installing: /home/latih/ros2_control/install/ros2_control_demo_example_1/share/ros2_control_demo_example_1/config/rrbot_controllers.yaml
[7.406s] -- Installing: /home/latih/ros2_control/install/ros2_control_demo_example_1/share/ros2_control_demo_example_1/config/rrbot_forward_position_publisher.yaml
[7.406s] -- Installing: /home/latih/ros2_control/install/ros2_control_demo_example_1/share/ros2_control_demo_example_1/config/rrbot_joint_trajectory_publisher.yaml
[7.406s] -- Installing: /home/latih/ros2_control/install/ros2_control_demo_example_1/lib/libros2_control_demo_example_1.so
[7.406s] -- Set runtime path of "/home/latih/ros2_control/install/ros2_control_demo_example_1/lib/libros2_control_demo_example_1.so" to ""
[7.406s] -- Installing: /home/latih/ros2_control/install/ros2_control_demo_example_1/share/ros2_control_demo_example_1/environment/library_path.sh
[7.406s] -- Installing: /home/latih/ros2_control/install/ros2_control_demo_example_1/share/ros2_control_demo_example_1/environment/library_path.dsv
[7.407s] -- Installing: /home/latih/ros2_control/install/ros2_control_demo_example_1/share/ament_index/resource_index/package_run_dependencies/ros2_control_demo_example_1
[7.408s] -- Installing: /home/latih/ros2_control/install/ros2_control_demo_example_1/share/ament_index/resource_index/parent_prefix_path/ros2_control_demo_example_1
[7.408s] -- Installing: /home/latih/ros2_control/install/ros2_control_demo_example_1/share/ros2_control_demo_example_1/environment/ament_prefix_path.sh
[7.408s] -- Installing: /home/latih/ros2_control/install/ros2_control_demo_example_1/share/ros2_control_demo_example_1/environment/ament_prefix_path.dsv
[7.408s] -- Installing: /home/latih/ros2_control/install/ros2_control_demo_example_1/share/ros2_control_demo_example_1/environment/path.sh
[7.408s] -- Installing: /home/latih/ros2_control/install/ros2_control_demo_example_1/share/ros2_control_demo_example_1/environment/path.dsv
[7.408s] -- Installing: /home/latih/ros2_control/install/ros2_control_demo_example_1/share/ros2_control_demo_example_1/local_setup.bash
[7.409s] -- Installing: /home/latih/ros2_control/install/ros2_control_demo_example_1/share/ros2_control_demo_example_1/local_setup.sh
[7.409s] -- Installing: /home/latih/ros2_control/install/ros2_control_demo_example_1/share/ros2_control_demo_example_1/local_setup.zsh
[7.409s] -- Installing: /home/latih/ros2_control/install/ros2_control_demo_example_1/share/ros2_control_demo_example_1/local_setup.dsv
[7.409s] -- Installing: /home/latih/ros2_control/install/ros2_control_demo_example_1/share/ros2_control_demo_example_1/package.dsv
[7.409s] -- Installing: /home/latih/ros2_control/install/ros2_control_demo_example_1/share/ament_index/resource_index/packages/ros2_control_demo_example_1
[7.410s] -- Installing: /home/latih/ros2_control/install/ros2_control_demo_example_1/share/ament_index/resource_index/hardware_interface__pluginlib__plugin/ros2_control_demo_example_1
[7.410s] -- Installing: /home/latih/ros2_control/install/ros2_control_demo_example_1/share/ros2_control_demo_example_1/cmake/export_ros2_control_demo_example_1Export.cmake
[7.410s] -- Installing: /home/latih/ros2_control/install/ros2_control_demo_example_1/share/ros2_control_demo_example_1/cmake/export_ros2_control_demo_example_1Export-noconfig.cmake
[7.410s] -- Installing: /home/latih/ros2_control/install/ros2_control_demo_example_1/share/ros2_control_demo_example_1/cmake/ament_cmake_export_targets-extras.cmake
[7.410s] -- Installing: /home/latih/ros2_control/install/ros2_control_demo_example_1/share/ros2_control_demo_example_1/cmake/ament_cmake_export_dependencies-extras.cmake
[7.410s] -- Installing: /home/latih/ros2_control/install/ros2_control_demo_example_1/share/ros2_control_demo_example_1/cmake/ros2_control_demo_example_1Config.cmake
[7.411s] -- Installing: /home/latih/ros2_control/install/ros2_control_demo_example_1/share/ros2_control_demo_example_1/cmake/ros2_control_demo_example_1Config-version.cmake
[7.411s] -- Installing: /home/latih/ros2_control/install/ros2_control_demo_example_1/share/ros2_control_demo_example_1/package.xml
[7.411s] Invoked command in '/home/latih/ros2_control/build/ros2_control_demo_example_1' returned '0': AMENT_PREFIX_PATH=/home/latih/ros2_control/install/ros2_control_demo_description:${AMENT_PREFIX_PATH} CMAKE_PREFIX_PATH=/home/latih/ros2_control/install/ros2_control_demo_description:/home/latih/ros2_control/install/my_robot_bringup:/home/latih/ros2_control/install/my_robot_description:/opt/ros/humble /usr/bin/cmake --install /home/latih/ros2_control/build/ros2_control_demo_example_1
