[0.068s] Invoking command in '/home/latih/ros2_control/build/ros2_control_demo_example_9': AMENT_PREFIX_PATH=/home/latih/ros2_control/install/ros2_control_demo_description:${AMENT_PREFIX_PATH} CMAKE_PREFIX_PATH=/home/latih/ros2_control/install/ros2_control_demo_description:/home/latih/ros2_control/install/my_robot_bringup:/home/latih/ros2_control/install/my_robot_description:/opt/ros/humble /usr/bin/cmake /home/latih/ros2_control/src/ros2_control_demos/example_9 -DCMAKE_INSTALL_PREFIX=/home/latih/ros2_control/install/ros2_control_demo_example_9
[2.243s] -- The CXX compiler identification is GNU 11.4.0
[2.243s] -- Detecting CXX compiler ABI info
[2.243s] -- Detecting CXX compiler ABI info - done
[2.243s] -- Check for working CXX compiler: /usr/bin/c++ - skipped
[2.243s] -- Detecting CXX compile features
[2.243s] -- Detecting CXX compile features - done
[2.243s] -- Found ament_cmake: 1.3.11 (/opt/ros/humble/share/ament_cmake/cmake)
[2.243s] -- Found Python3: /usr/bin/python3 (found version "3.10.12") found components: Interpreter 
[2.243s] -- Found hardware_interface: 2.50.0 (/opt/ros/humble/share/hardware_interface/cmake)
[2.244s] -- Found rosidl_generator_c: 3.1.6 (/opt/ros/humble/share/rosidl_generator_c/cmake)
[2.244s] -- Found rosidl_adapter: 3.1.6 (/opt/ros/humble/share/rosidl_adapter/cmake)
[2.244s] -- Found rosidl_generator_cpp: 3.1.6 (/opt/ros/humble/share/rosidl_generator_cpp/cmake)
[2.244s] -- Using all available rosidl_typesupport_c: rosidl_typesupport_fastrtps_c;rosidl_typesupport_introspection_c
[2.244s] -- Using all available rosidl_typesupport_cpp: rosidl_typesupport_fastrtps_cpp;rosidl_typesupport_introspection_cpp
[2.244s] -- Found rmw_implementation_cmake: 6.1.2 (/opt/ros/humble/share/rmw_implementation_cmake/cmake)
[2.244s] -- Found rmw_fastrtps_cpp: 6.2.7 (/opt/ros/humble/share/rmw_fastrtps_cpp/cmake)
[2.244s] -- Found TinyXML2 via Config file: TinyXML2_DIR-NOTFOUND
[2.244s] -- Found OpenSSL: /usr/lib/x86_64-linux-gnu/libcrypto.so (found version "3.0.2")  
[2.244s] -- Found TinyXML2 via Config file: TinyXML2_DIR-NOTFOUND
[2.244s] -- Found FastRTPS: /opt/ros/humble/include  
[2.244s] -- Found TinyXML2 via Config file: TinyXML2_DIR-NOTFOUND
[2.245s] -- Found TinyXML2 via Config file: TinyXML2_DIR-NOTFOUND
[2.245s] -- Using RMW implementation 'rmw_fastrtps_cpp' as default
[2.245s] -- Looking for C++ include pthread.h
[2.245s] -- Looking for C++ include pthread.h - found
[2.245s] -- Performing Test CMAKE_HAVE_LIBC_PTHREAD
[2.245s] -- Performing Test CMAKE_HAVE_LIBC_PTHREAD - Success
[2.245s] -- Found Threads: TRUE  
[2.245s] -- Found ament_cmake_pytest: 1.3.11 (/opt/ros/humble/share/ament_cmake_pytest/cmake)
[3.031s] -- Configuring done
[3.084s] -- Generating done
[3.098s] -- Build files have been written to: /home/latih/ros2_control/build/ros2_control_demo_example_9
[3.119s] Invoked command in '/home/latih/ros2_control/build/ros2_control_demo_example_9' returned '0': AMENT_PREFIX_PATH=/home/latih/ros2_control/install/ros2_control_demo_description:${AMENT_PREFIX_PATH} CMAKE_PREFIX_PATH=/home/latih/ros2_control/install/ros2_control_demo_description:/home/latih/ros2_control/install/my_robot_bringup:/home/latih/ros2_control/install/my_robot_description:/opt/ros/humble /usr/bin/cmake /home/latih/ros2_control/src/ros2_control_demos/example_9 -DCMAKE_INSTALL_PREFIX=/home/latih/ros2_control/install/ros2_control_demo_example_9
[3.123s] Invoking command in '/home/latih/ros2_control/build/ros2_control_demo_example_9': AMENT_PREFIX_PATH=/home/latih/ros2_control/install/ros2_control_demo_description:${AMENT_PREFIX_PATH} CMAKE_PREFIX_PATH=/home/latih/ros2_control/install/ros2_control_demo_description:/home/latih/ros2_control/install/my_robot_bringup:/home/latih/ros2_control/install/my_robot_description:/opt/ros/humble /usr/bin/cmake --build /home/latih/ros2_control/build/ros2_control_demo_example_9 -- -j16 -l16
[7.081s] [ 50%] [32mBuilding CXX object CMakeFiles/ros2_control_demo_example_9.dir/hardware/rrbot.cpp.o[0m
[7.543s] [100%] [32m[1mLinking CXX shared library libros2_control_demo_example_9.so[0m
[7.666s] [100%] Built target ros2_control_demo_example_9
[7.675s] Invoked command in '/home/latih/ros2_control/build/ros2_control_demo_example_9' returned '0': AMENT_PREFIX_PATH=/home/latih/ros2_control/install/ros2_control_demo_description:${AMENT_PREFIX_PATH} CMAKE_PREFIX_PATH=/home/latih/ros2_control/install/ros2_control_demo_description:/home/latih/ros2_control/install/my_robot_bringup:/home/latih/ros2_control/install/my_robot_description:/opt/ros/humble /usr/bin/cmake --build /home/latih/ros2_control/build/ros2_control_demo_example_9 -- -j16 -l16
[7.676s] Invoking command in '/home/latih/ros2_control/build/ros2_control_demo_example_9': AMENT_PREFIX_PATH=/home/latih/ros2_control/install/ros2_control_demo_description:${AMENT_PREFIX_PATH} CMAKE_PREFIX_PATH=/home/latih/ros2_control/install/ros2_control_demo_description:/home/latih/ros2_control/install/my_robot_bringup:/home/latih/ros2_control/install/my_robot_description:/opt/ros/humble /usr/bin/cmake --install /home/latih/ros2_control/build/ros2_control_demo_example_9
[7.681s] -- Install configuration: ""
[7.681s] -- Installing: /home/latih/ros2_control/install/ros2_control_demo_example_9/share/ros2_control_demo_example_9/ros2_control_demo_example_9.xml
[7.681s] -- Installing: /home/latih/ros2_control/install/ros2_control_demo_example_9/include/ros2_control_demo_example_9
[7.682s] -- Installing: /home/latih/ros2_control/install/ros2_control_demo_example_9/include/ros2_control_demo_example_9/ros2_control_demo_example_9
[7.682s] -- Installing: /home/latih/ros2_control/install/ros2_control_demo_example_9/include/ros2_control_demo_example_9/ros2_control_demo_example_9/rrbot.hpp
[7.682s] -- Installing: /home/latih/ros2_control/install/ros2_control_demo_example_9/share/ros2_control_demo_example_9/launch
[7.682s] -- Installing: /home/latih/ros2_control/install/ros2_control_demo_example_9/share/ros2_control_demo_example_9/launch/view_robot.launch.py
[7.682s] -- Installing: /home/latih/ros2_control/install/ros2_control_demo_example_9/share/ros2_control_demo_example_9/ros2_control
[7.682s] -- Installing: /home/latih/ros2_control/install/ros2_control_demo_example_9/share/ros2_control_demo_example_9/ros2_control/rrbot.ros2_control.xacro
[7.682s] -- Installing: /home/latih/ros2_control/install/ros2_control_demo_example_9/share/ros2_control_demo_example_9/urdf
[7.682s] -- Installing: /home/latih/ros2_control/install/ros2_control_demo_example_9/share/ros2_control_demo_example_9/urdf/rrbot.urdf.xacro
[7.682s] -- Installing: /home/latih/ros2_control/install/ros2_control_demo_example_9/share/ros2_control_demo_example_9/gazebo
[7.682s] -- Installing: /home/latih/ros2_control/install/ros2_control_demo_example_9/share/ros2_control_demo_example_9/gazebo/rrbot.gazebo.xacro
[7.682s] -- Up-to-date: /home/latih/ros2_control/install/ros2_control_demo_example_9/share/ros2_control_demo_example_9/launch
[7.683s] -- Installing: /home/latih/ros2_control/install/ros2_control_demo_example_9/share/ros2_control_demo_example_9/launch/test_forward_position_controller.launch.py
[7.683s] -- Installing: /home/latih/ros2_control/install/ros2_control_demo_example_9/share/ros2_control_demo_example_9/launch/rrbot.launch.py
[7.683s] -- Installing: /home/latih/ros2_control/install/ros2_control_demo_example_9/share/ros2_control_demo_example_9/launch/rrbot_gazebo.launch.py
[7.683s] -- Installing: /home/latih/ros2_control/install/ros2_control_demo_example_9/share/ros2_control_demo_example_9/config
[7.683s] -- Installing: /home/latih/ros2_control/install/ros2_control_demo_example_9/share/ros2_control_demo_example_9/config/rrbot_controllers.yaml
[7.683s] -- Installing: /home/latih/ros2_control/install/ros2_control_demo_example_9/share/ros2_control_demo_example_9/config/rrbot_forward_position_publisher.yaml
[7.683s] -- Installing: /home/latih/ros2_control/install/ros2_control_demo_example_9/lib/libros2_control_demo_example_9.so
[7.683s] -- Set runtime path of "/home/latih/ros2_control/install/ros2_control_demo_example_9/lib/libros2_control_demo_example_9.so" to ""
[7.683s] -- Installing: /home/latih/ros2_control/install/ros2_control_demo_example_9/share/ros2_control_demo_example_9/environment/library_path.sh
[7.683s] -- Installing: /home/latih/ros2_control/install/ros2_control_demo_example_9/share/ros2_control_demo_example_9/environment/library_path.dsv
[7.684s] -- Installing: /home/latih/ros2_control/install/ros2_control_demo_example_9/share/ament_index/resource_index/package_run_dependencies/ros2_control_demo_example_9
[7.684s] -- Installing: /home/latih/ros2_control/install/ros2_control_demo_example_9/share/ament_index/resource_index/parent_prefix_path/ros2_control_demo_example_9
[7.684s] -- Installing: /home/latih/ros2_control/install/ros2_control_demo_example_9/share/ros2_control_demo_example_9/environment/ament_prefix_path.sh
[7.684s] -- Installing: /home/latih/ros2_control/install/ros2_control_demo_example_9/share/ros2_control_demo_example_9/environment/ament_prefix_path.dsv
[7.684s] -- Installing: /home/latih/ros2_control/install/ros2_control_demo_example_9/share/ros2_control_demo_example_9/environment/path.sh
[7.684s] -- Installing: /home/latih/ros2_control/install/ros2_control_demo_example_9/share/ros2_control_demo_example_9/environment/path.dsv
[7.684s] -- Installing: /home/latih/ros2_control/install/ros2_control_demo_example_9/share/ros2_control_demo_example_9/local_setup.bash
[7.684s] -- Installing: /home/latih/ros2_control/install/ros2_control_demo_example_9/share/ros2_control_demo_example_9/local_setup.sh
[7.684s] -- Installing: /home/latih/ros2_control/install/ros2_control_demo_example_9/share/ros2_control_demo_example_9/local_setup.zsh
[7.684s] -- Installing: /home/latih/ros2_control/install/ros2_control_demo_example_9/share/ros2_control_demo_example_9/local_setup.dsv
[7.685s] -- Installing: /home/latih/ros2_control/install/ros2_control_demo_example_9/share/ros2_control_demo_example_9/package.dsv
[7.685s] -- Installing: /home/latih/ros2_control/install/ros2_control_demo_example_9/share/ament_index/resource_index/packages/ros2_control_demo_example_9
[7.685s] -- Installing: /home/latih/ros2_control/install/ros2_control_demo_example_9/share/ament_index/resource_index/hardware_interface__pluginlib__plugin/ros2_control_demo_example_9
[7.686s] -- Installing: /home/latih/ros2_control/install/ros2_control_demo_example_9/share/ros2_control_demo_example_9/cmake/export_ros2_control_demo_example_9Export.cmake
[7.686s] -- Installing: /home/latih/ros2_control/install/ros2_control_demo_example_9/share/ros2_control_demo_example_9/cmake/export_ros2_control_demo_example_9Export-noconfig.cmake
[7.686s] -- Installing: /home/latih/ros2_control/install/ros2_control_demo_example_9/share/ros2_control_demo_example_9/cmake/ament_cmake_export_targets-extras.cmake
[7.686s] -- Installing: /home/latih/ros2_control/install/ros2_control_demo_example_9/share/ros2_control_demo_example_9/cmake/ament_cmake_export_dependencies-extras.cmake
[7.686s] -- Installing: /home/latih/ros2_control/install/ros2_control_demo_example_9/share/ros2_control_demo_example_9/cmake/ros2_control_demo_example_9Config.cmake
[7.686s] -- Installing: /home/latih/ros2_control/install/ros2_control_demo_example_9/share/ros2_control_demo_example_9/cmake/ros2_control_demo_example_9Config-version.cmake
[7.686s] -- Installing: /home/latih/ros2_control/install/ros2_control_demo_example_9/share/ros2_control_demo_example_9/package.xml
[7.686s] Invoked command in '/home/latih/ros2_control/build/ros2_control_demo_example_9' returned '0': AMENT_PREFIX_PATH=/home/latih/ros2_control/install/ros2_control_demo_description:${AMENT_PREFIX_PATH} CMAKE_PREFIX_PATH=/home/latih/ros2_control/install/ros2_control_demo_description:/home/latih/ros2_control/install/my_robot_bringup:/home/latih/ros2_control/install/my_robot_description:/opt/ros/humble /usr/bin/cmake --install /home/latih/ros2_control/build/ros2_control_demo_example_9
