[0.007s] Invoking command in '/home/latih/ros2_control/build/serial': CMAKE_PREFIX_PATH=${CMAKE_PREFIX_PATH}:/opt/ros/humble /usr/bin/cmake --build /home/latih/ros2_control/build/serial -- -j16 -l16
[0.034s] [35m[1mConsolidate compiler generated dependencies of target serial[0m
[0.035s] [35m[1mConsolidate compiler generated dependencies of target gtest_main[0m
[0.035s] [35m[1mConsolidate compiler generated dependencies of target gtest[0m
[0.045s] [ 28%] Built target gtest_main
[0.045s] [ 50%] Built target serial
[0.045s] [ 57%] Built target gtest
[0.052s] [35m[1mConsolidate compiler generated dependencies of target serial-test[0m
[0.053s] [35m[1mConsolidate compiler generated dependencies of target serial-test-timer[0m
[0.055s] [35m[1mConsolidate compiler generated dependencies of target serial_example[0m
[0.060s] [ 71%] Built target serial-test
[0.061s] [ 85%] Built target serial-test-timer
[0.063s] [100%] Built target serial_example
[0.072s] Invoked command in '/home/latih/ros2_control/build/serial' returned '0': CMAKE_PREFIX_PATH=${CMAKE_PREFIX_PATH}:/opt/ros/humble /usr/bin/cmake --build /home/latih/ros2_control/build/serial -- -j16 -l16
[0.079s] Invoking command in '/home/latih/ros2_control/build/serial': CMAKE_PREFIX_PATH=${CMAKE_PREFIX_PATH}:/opt/ros/humble /usr/bin/cmake --install /home/latih/ros2_control/build/serial
[0.083s] -- Install configuration: ""
[0.083s] -- Up-to-date: /home/latih/ros2_control/install/serial/lib/libserial.a
[0.083s] -- Up-to-date: /home/latih/ros2_control/install/serial/include/serial/serial.h
[0.083s] -- Up-to-date: /home/latih/ros2_control/install/serial/include/serial/v8stdint.h
[0.083s] -- Up-to-date: /home/latih/ros2_control/install/serial/share/serial/environment/library_path.sh
[0.083s] -- Up-to-date: /home/latih/ros2_control/install/serial/share/serial/environment/library_path.dsv
[0.083s] -- Up-to-date: /home/latih/ros2_control/install/serial/share/ament_index/resource_index/package_run_dependencies/serial
[0.083s] -- Up-to-date: /home/latih/ros2_control/install/serial/share/ament_index/resource_index/parent_prefix_path/serial
[0.083s] -- Up-to-date: /home/latih/ros2_control/install/serial/share/serial/environment/ament_prefix_path.sh
[0.083s] -- Up-to-date: /home/latih/ros2_control/install/serial/share/serial/environment/ament_prefix_path.dsv
[0.083s] -- Up-to-date: /home/latih/ros2_control/install/serial/share/serial/environment/path.sh
[0.083s] -- Up-to-date: /home/latih/ros2_control/install/serial/share/serial/environment/path.dsv
[0.083s] -- Up-to-date: /home/latih/ros2_control/install/serial/share/serial/local_setup.bash
[0.083s] -- Up-to-date: /home/latih/ros2_control/install/serial/share/serial/local_setup.sh
[0.084s] -- Up-to-date: /home/latih/ros2_control/install/serial/share/serial/local_setup.zsh
[0.084s] -- Up-to-date: /home/latih/ros2_control/install/serial/share/serial/local_setup.dsv
[0.084s] -- Installing: /home/latih/ros2_control/install/serial/share/serial/package.dsv
[0.084s] -- Up-to-date: /home/latih/ros2_control/install/serial/share/ament_index/resource_index/packages/serial
[0.084s] -- Up-to-date: /home/latih/ros2_control/install/serial/share/serial/cmake/ament_cmake_export_include_directories-extras.cmake
[0.084s] -- Up-to-date: /home/latih/ros2_control/install/serial/share/serial/cmake/ament_cmake_export_libraries-extras.cmake
[0.084s] -- Up-to-date: /home/latih/ros2_control/install/serial/share/serial/cmake/serialConfig.cmake
[0.084s] -- Up-to-date: /home/latih/ros2_control/install/serial/share/serial/cmake/serialConfig-version.cmake
[0.084s] -- Up-to-date: /home/latih/ros2_control/install/serial/share/serial/package.xml
[0.084s] Invoked command in '/home/latih/ros2_control/build/serial' returned '0': CMAKE_PREFIX_PATH=${CMAKE_PREFIX_PATH}:/opt/ros/humble /usr/bin/cmake --install /home/latih/ros2_control/build/serial
