[0.066s] DEBUG:colcon:Command line arguments: ['/usr/bin/colcon', 'build']
[0.066s] DEBUG:colcon:Parsed command line arguments: Namespace(log_base=None, log_level=None, verb_name='build', build_base='build', install_base='install', merge_install=False, symlink_install=False, test_result_base=None, continue_on_error=False, executor='parallel', parallel_workers=16, event_handlers=None, ignore_user_meta=False, metas=['./colcon.meta'], base_paths=['.'], packages_ignore=None, packages_ignore_regex=None, paths=None, packages_up_to=None, packages_up_to_regex=None, packages_above=None, packages_above_and_dependencies=None, packages_above_depth=None, packages_select_by_dep=None, packages_skip_by_dep=None, packages_skip_up_to=None, packages_select_build_failed=False, packages_skip_build_finished=False, packages_select_test_failures=False, packages_skip_test_passed=False, packages_select=None, packages_skip=None, packages_select_regex=None, packages_skip_regex=None, packages_start=None, packages_end=None, allow_overriding=[], cmake_args=None, cmake_target=None, cmake_target_skip_unavailable=False, cmake_clean_cache=False, cmake_clean_first=False, cmake_force_configure=False, ament_cmake_args=None, catkin_cmake_args=None, catkin_skip_building_tests=False, mixin_files=None, mixin=None, verb_parser=<colcon_mixin.mixin.mixin_argument.MixinArgumentDecorator object at 0x7993ae56e9e0>, verb_extension=<colcon_core.verb.build.BuildVerb object at 0x7993ae56e500>, main=<bound method BuildVerb.main of <colcon_core.verb.build.BuildVerb object at 0x7993ae56e500>>, mixin_verb=('build',))
[0.164s] Level 1:colcon.colcon_core.package_discovery:discover_packages(colcon_meta) check parameters
[0.164s] Level 1:colcon.colcon_core.package_discovery:discover_packages(recursive) check parameters
[0.164s] Level 1:colcon.colcon_core.package_discovery:discover_packages(ignore) check parameters
[0.164s] Level 1:colcon.colcon_core.package_discovery:discover_packages(path) check parameters
[0.164s] Level 1:colcon.colcon_core.package_discovery:discover_packages(colcon_meta) discover
[0.164s] Level 1:colcon.colcon_core.package_discovery:discover_packages(recursive) discover
[0.164s] INFO:colcon.colcon_core.package_discovery:Crawling recursively for packages in '/home/latih/ros2_control'
[0.164s] Level 1:colcon.colcon_core.package_identification:_identify(.) by extensions ['ignore', 'ignore_ament_install']
[0.165s] Level 1:colcon.colcon_core.package_identification:_identify(.) by extension 'ignore'
[0.165s] Level 1:colcon.colcon_core.package_identification:_identify(.) by extension 'ignore_ament_install'
[0.165s] Level 1:colcon.colcon_core.package_identification:_identify(.) by extensions ['colcon_pkg']
[0.165s] Level 1:colcon.colcon_core.package_identification:_identify(.) by extension 'colcon_pkg'
[0.165s] Level 1:colcon.colcon_core.package_identification:_identify(.) by extensions ['colcon_meta']
[0.165s] Level 1:colcon.colcon_core.package_identification:_identify(.) by extension 'colcon_meta'
[0.165s] Level 1:colcon.colcon_core.package_identification:_identify(.) by extensions ['ros']
[0.165s] Level 1:colcon.colcon_core.package_identification:_identify(.) by extension 'ros'
[0.172s] Level 1:colcon.colcon_core.package_identification:_identify(.) by extensions ['cmake', 'python']
[0.172s] Level 1:colcon.colcon_core.package_identification:_identify(.) by extension 'cmake'
[0.172s] Level 1:colcon.colcon_core.package_identification:_identify(.) by extension 'python'
[0.172s] Level 1:colcon.colcon_core.package_identification:_identify(.) by extensions ['python_setup_py']
[0.172s] Level 1:colcon.colcon_core.package_identification:_identify(.) by extension 'python_setup_py'
[0.172s] Level 1:colcon.colcon_core.package_identification:_identify(build) by extensions ['ignore', 'ignore_ament_install']
[0.172s] Level 1:colcon.colcon_core.package_identification:_identify(build) by extension 'ignore'
[0.172s] Level 1:colcon.colcon_core.package_identification:_identify(build) ignored
[0.172s] Level 1:colcon.colcon_core.package_identification:_identify(install) by extensions ['ignore', 'ignore_ament_install']
[0.172s] Level 1:colcon.colcon_core.package_identification:_identify(install) by extension 'ignore'
[0.172s] Level 1:colcon.colcon_core.package_identification:_identify(install) ignored
[0.174s] Level 1:colcon.colcon_core.package_identification:_identify(log) by extensions ['ignore', 'ignore_ament_install']
[0.174s] Level 1:colcon.colcon_core.package_identification:_identify(log) by extension 'ignore'
[0.174s] Level 1:colcon.colcon_core.package_identification:_identify(log) ignored
[0.174s] Level 1:colcon.colcon_core.package_identification:_identify(src) by extensions ['ignore', 'ignore_ament_install']
[0.174s] Level 1:colcon.colcon_core.package_identification:_identify(src) by extension 'ignore'
[0.174s] Level 1:colcon.colcon_core.package_identification:_identify(src) by extension 'ignore_ament_install'
[0.174s] Level 1:colcon.colcon_core.package_identification:_identify(src) by extensions ['colcon_pkg']
[0.174s] Level 1:colcon.colcon_core.package_identification:_identify(src) by extension 'colcon_pkg'
[0.174s] Level 1:colcon.colcon_core.package_identification:_identify(src) by extensions ['colcon_meta']
[0.174s] Level 1:colcon.colcon_core.package_identification:_identify(src) by extension 'colcon_meta'
[0.174s] Level 1:colcon.colcon_core.package_identification:_identify(src) by extensions ['ros']
[0.174s] Level 1:colcon.colcon_core.package_identification:_identify(src) by extension 'ros'
[0.174s] Level 1:colcon.colcon_core.package_identification:_identify(src) by extensions ['cmake', 'python']
[0.174s] Level 1:colcon.colcon_core.package_identification:_identify(src) by extension 'cmake'
[0.174s] Level 1:colcon.colcon_core.package_identification:_identify(src) by extension 'python'
[0.174s] Level 1:colcon.colcon_core.package_identification:_identify(src) by extensions ['python_setup_py']
[0.174s] Level 1:colcon.colcon_core.package_identification:_identify(src) by extension 'python_setup_py'
[0.174s] Level 1:colcon.colcon_core.package_identification:_identify(src/motor_test) by extensions ['ignore', 'ignore_ament_install']
[0.174s] Level 1:colcon.colcon_core.package_identification:_identify(src/motor_test) by extension 'ignore'
[0.174s] Level 1:colcon.colcon_core.package_identification:_identify(src/motor_test) by extension 'ignore_ament_install'
[0.174s] Level 1:colcon.colcon_core.package_identification:_identify(src/motor_test) by extensions ['colcon_pkg']
[0.174s] Level 1:colcon.colcon_core.package_identification:_identify(src/motor_test) by extension 'colcon_pkg'
[0.174s] Level 1:colcon.colcon_core.package_identification:_identify(src/motor_test) by extensions ['colcon_meta']
[0.174s] Level 1:colcon.colcon_core.package_identification:_identify(src/motor_test) by extension 'colcon_meta'
[0.174s] Level 1:colcon.colcon_core.package_identification:_identify(src/motor_test) by extensions ['ros']
[0.174s] Level 1:colcon.colcon_core.package_identification:_identify(src/motor_test) by extension 'ros'
[0.176s] DEBUG:colcon.colcon_core.package_identification:Package 'src/motor_test' with type 'ros.ament_cmake' and name 'motor_test'
[0.176s] Level 1:colcon.colcon_core.package_identification:_identify(src/my_robot_bringup) by extensions ['ignore', 'ignore_ament_install']
[0.176s] Level 1:colcon.colcon_core.package_identification:_identify(src/my_robot_bringup) by extension 'ignore'
[0.176s] Level 1:colcon.colcon_core.package_identification:_identify(src/my_robot_bringup) by extension 'ignore_ament_install'
[0.176s] Level 1:colcon.colcon_core.package_identification:_identify(src/my_robot_bringup) by extensions ['colcon_pkg']
[0.176s] Level 1:colcon.colcon_core.package_identification:_identify(src/my_robot_bringup) by extension 'colcon_pkg'
[0.176s] Level 1:colcon.colcon_core.package_identification:_identify(src/my_robot_bringup) by extensions ['colcon_meta']
[0.176s] Level 1:colcon.colcon_core.package_identification:_identify(src/my_robot_bringup) by extension 'colcon_meta'
[0.176s] Level 1:colcon.colcon_core.package_identification:_identify(src/my_robot_bringup) by extensions ['ros']
[0.176s] Level 1:colcon.colcon_core.package_identification:_identify(src/my_robot_bringup) by extension 'ros'
[0.177s] DEBUG:colcon.colcon_core.package_identification:Package 'src/my_robot_bringup' with type 'ros.ament_cmake' and name 'my_robot_bringup'
[0.177s] Level 1:colcon.colcon_core.package_identification:_identify(src/my_robot_description) by extensions ['ignore', 'ignore_ament_install']
[0.177s] Level 1:colcon.colcon_core.package_identification:_identify(src/my_robot_description) by extension 'ignore'
[0.177s] Level 1:colcon.colcon_core.package_identification:_identify(src/my_robot_description) by extension 'ignore_ament_install'
[0.177s] Level 1:colcon.colcon_core.package_identification:_identify(src/my_robot_description) by extensions ['colcon_pkg']
[0.177s] Level 1:colcon.colcon_core.package_identification:_identify(src/my_robot_description) by extension 'colcon_pkg'
[0.177s] Level 1:colcon.colcon_core.package_identification:_identify(src/my_robot_description) by extensions ['colcon_meta']
[0.177s] Level 1:colcon.colcon_core.package_identification:_identify(src/my_robot_description) by extension 'colcon_meta'
[0.177s] Level 1:colcon.colcon_core.package_identification:_identify(src/my_robot_description) by extensions ['ros']
[0.177s] Level 1:colcon.colcon_core.package_identification:_identify(src/my_robot_description) by extension 'ros'
[0.177s] DEBUG:colcon.colcon_core.package_identification:Package 'src/my_robot_description' with type 'ros.ament_cmake' and name 'my_robot_description'
[0.177s] Level 1:colcon.colcon_core.package_identification:_identify(src/my_robot_hardware) by extensions ['ignore', 'ignore_ament_install']
[0.177s] Level 1:colcon.colcon_core.package_identification:_identify(src/my_robot_hardware) by extension 'ignore'
[0.177s] Level 1:colcon.colcon_core.package_identification:_identify(src/my_robot_hardware) by extension 'ignore_ament_install'
[0.177s] Level 1:colcon.colcon_core.package_identification:_identify(src/my_robot_hardware) by extensions ['colcon_pkg']
[0.177s] Level 1:colcon.colcon_core.package_identification:_identify(src/my_robot_hardware) by extension 'colcon_pkg'
[0.177s] Level 1:colcon.colcon_core.package_identification:_identify(src/my_robot_hardware) by extensions ['colcon_meta']
[0.177s] Level 1:colcon.colcon_core.package_identification:_identify(src/my_robot_hardware) by extension 'colcon_meta'
[0.177s] Level 1:colcon.colcon_core.package_identification:_identify(src/my_robot_hardware) by extensions ['ros']
[0.178s] Level 1:colcon.colcon_core.package_identification:_identify(src/my_robot_hardware) by extension 'ros'
[0.178s] DEBUG:colcon.colcon_core.package_identification:Package 'src/my_robot_hardware' with type 'ros.ament_cmake' and name 'my_robot_hardware'
[0.178s] Level 1:colcon.colcon_core.package_identification:_identify(src/serial) by extensions ['ignore', 'ignore_ament_install']
[0.178s] Level 1:colcon.colcon_core.package_identification:_identify(src/serial) by extension 'ignore'
[0.178s] Level 1:colcon.colcon_core.package_identification:_identify(src/serial) by extension 'ignore_ament_install'
[0.178s] Level 1:colcon.colcon_core.package_identification:_identify(src/serial) by extensions ['colcon_pkg']
[0.178s] Level 1:colcon.colcon_core.package_identification:_identify(src/serial) by extension 'colcon_pkg'
[0.178s] Level 1:colcon.colcon_core.package_identification:_identify(src/serial) by extensions ['colcon_meta']
[0.178s] Level 1:colcon.colcon_core.package_identification:_identify(src/serial) by extension 'colcon_meta'
[0.178s] Level 1:colcon.colcon_core.package_identification:_identify(src/serial) by extensions ['ros']
[0.178s] Level 1:colcon.colcon_core.package_identification:_identify(src/serial) by extension 'ros'
[0.179s] DEBUG:colcon.colcon_core.package_identification:Package 'src/serial' with type 'ros.ament_cmake' and name 'serial'
[0.179s] Level 1:colcon.colcon_core.package_discovery:discover_packages(recursive) using defaults
[0.179s] Level 1:colcon.colcon_core.package_discovery:discover_packages(ignore) discover
[0.179s] Level 1:colcon.colcon_core.package_discovery:discover_packages(ignore) using defaults
[0.179s] Level 1:colcon.colcon_core.package_discovery:discover_packages(path) discover
[0.179s] Level 1:colcon.colcon_core.package_discovery:discover_packages(path) using defaults
[0.197s] Level 1:colcon.colcon_core.package_discovery:discover_packages(prefix_path) check parameters
[0.197s] Level 1:colcon.colcon_core.package_discovery:discover_packages(prefix_path) discover
[0.198s] DEBUG:colcon.colcon_installed_package_information.package_discovery:Found 5 installed packages in /home/latih/ros2_control/install
[0.199s] DEBUG:colcon.colcon_installed_package_information.package_discovery:Found 395 installed packages in /opt/ros/humble
[0.201s] Level 1:colcon.colcon_core.package_discovery:discover_packages(prefix_path) using defaults
[0.228s] Level 5:colcon.colcon_core.verb:set package 'my_robot_description' build argument 'cmake_args' from command line to 'None'
[0.228s] Level 5:colcon.colcon_core.verb:set package 'my_robot_description' build argument 'cmake_target' from command line to 'None'
[0.228s] Level 5:colcon.colcon_core.verb:set package 'my_robot_description' build argument 'cmake_target_skip_unavailable' from command line to 'False'
[0.228s] Level 5:colcon.colcon_core.verb:set package 'my_robot_description' build argument 'cmake_clean_cache' from command line to 'False'
[0.228s] Level 5:colcon.colcon_core.verb:set package 'my_robot_description' build argument 'cmake_clean_first' from command line to 'False'
[0.228s] Level 5:colcon.colcon_core.verb:set package 'my_robot_description' build argument 'cmake_force_configure' from command line to 'False'
[0.228s] Level 5:colcon.colcon_core.verb:set package 'my_robot_description' build argument 'ament_cmake_args' from command line to 'None'
[0.228s] Level 5:colcon.colcon_core.verb:set package 'my_robot_description' build argument 'catkin_cmake_args' from command line to 'None'
[0.228s] Level 5:colcon.colcon_core.verb:set package 'my_robot_description' build argument 'catkin_skip_building_tests' from command line to 'False'
[0.228s] DEBUG:colcon.colcon_core.verb:Building package 'my_robot_description' with the following arguments: {'ament_cmake_args': None, 'build_base': '/home/latih/ros2_control/build/my_robot_description', 'catkin_cmake_args': None, 'catkin_skip_building_tests': False, 'cmake_args': None, 'cmake_clean_cache': False, 'cmake_clean_first': False, 'cmake_force_configure': False, 'cmake_target': None, 'cmake_target_skip_unavailable': False, 'install_base': '/home/latih/ros2_control/install/my_robot_description', 'merge_install': False, 'path': '/home/latih/ros2_control/src/my_robot_description', 'symlink_install': False, 'test_result_base': None}
[0.229s] Level 5:colcon.colcon_core.verb:set package 'serial' build argument 'cmake_args' from command line to 'None'
[0.229s] Level 5:colcon.colcon_core.verb:set package 'serial' build argument 'cmake_target' from command line to 'None'
[0.229s] Level 5:colcon.colcon_core.verb:set package 'serial' build argument 'cmake_target_skip_unavailable' from command line to 'False'
[0.229s] Level 5:colcon.colcon_core.verb:set package 'serial' build argument 'cmake_clean_cache' from command line to 'False'
[0.229s] Level 5:colcon.colcon_core.verb:set package 'serial' build argument 'cmake_clean_first' from command line to 'False'
[0.229s] Level 5:colcon.colcon_core.verb:set package 'serial' build argument 'cmake_force_configure' from command line to 'False'
[0.229s] Level 5:colcon.colcon_core.verb:set package 'serial' build argument 'ament_cmake_args' from command line to 'None'
[0.229s] Level 5:colcon.colcon_core.verb:set package 'serial' build argument 'catkin_cmake_args' from command line to 'None'
[0.229s] Level 5:colcon.colcon_core.verb:set package 'serial' build argument 'catkin_skip_building_tests' from command line to 'False'
[0.229s] DEBUG:colcon.colcon_core.verb:Building package 'serial' with the following arguments: {'ament_cmake_args': None, 'build_base': '/home/latih/ros2_control/build/serial', 'catkin_cmake_args': None, 'catkin_skip_building_tests': False, 'cmake_args': None, 'cmake_clean_cache': False, 'cmake_clean_first': False, 'cmake_force_configure': False, 'cmake_target': None, 'cmake_target_skip_unavailable': False, 'install_base': '/home/latih/ros2_control/install/serial', 'merge_install': False, 'path': '/home/latih/ros2_control/src/serial', 'symlink_install': False, 'test_result_base': None}
[0.229s] Level 5:colcon.colcon_core.verb:set package 'motor_test' build argument 'cmake_args' from command line to 'None'
[0.229s] Level 5:colcon.colcon_core.verb:set package 'motor_test' build argument 'cmake_target' from command line to 'None'
[0.229s] Level 5:colcon.colcon_core.verb:set package 'motor_test' build argument 'cmake_target_skip_unavailable' from command line to 'False'
[0.229s] Level 5:colcon.colcon_core.verb:set package 'motor_test' build argument 'cmake_clean_cache' from command line to 'False'
[0.229s] Level 5:colcon.colcon_core.verb:set package 'motor_test' build argument 'cmake_clean_first' from command line to 'False'
[0.229s] Level 5:colcon.colcon_core.verb:set package 'motor_test' build argument 'cmake_force_configure' from command line to 'False'
[0.229s] Level 5:colcon.colcon_core.verb:set package 'motor_test' build argument 'ament_cmake_args' from command line to 'None'
[0.229s] Level 5:colcon.colcon_core.verb:set package 'motor_test' build argument 'catkin_cmake_args' from command line to 'None'
[0.229s] Level 5:colcon.colcon_core.verb:set package 'motor_test' build argument 'catkin_skip_building_tests' from command line to 'False'
[0.229s] DEBUG:colcon.colcon_core.verb:Building package 'motor_test' with the following arguments: {'ament_cmake_args': None, 'build_base': '/home/latih/ros2_control/build/motor_test', 'catkin_cmake_args': None, 'catkin_skip_building_tests': False, 'cmake_args': None, 'cmake_clean_cache': False, 'cmake_clean_first': False, 'cmake_force_configure': False, 'cmake_target': None, 'cmake_target_skip_unavailable': False, 'install_base': '/home/latih/ros2_control/install/motor_test', 'merge_install': False, 'path': '/home/latih/ros2_control/src/motor_test', 'symlink_install': False, 'test_result_base': None}
[0.229s] Level 5:colcon.colcon_core.verb:set package 'my_robot_bringup' build argument 'cmake_args' from command line to 'None'
[0.229s] Level 5:colcon.colcon_core.verb:set package 'my_robot_bringup' build argument 'cmake_target' from command line to 'None'
[0.229s] Level 5:colcon.colcon_core.verb:set package 'my_robot_bringup' build argument 'cmake_target_skip_unavailable' from command line to 'False'
[0.229s] Level 5:colcon.colcon_core.verb:set package 'my_robot_bringup' build argument 'cmake_clean_cache' from command line to 'False'
[0.229s] Level 5:colcon.colcon_core.verb:set package 'my_robot_bringup' build argument 'cmake_clean_first' from command line to 'False'
[0.229s] Level 5:colcon.colcon_core.verb:set package 'my_robot_bringup' build argument 'cmake_force_configure' from command line to 'False'
[0.229s] Level 5:colcon.colcon_core.verb:set package 'my_robot_bringup' build argument 'ament_cmake_args' from command line to 'None'
[0.229s] Level 5:colcon.colcon_core.verb:set package 'my_robot_bringup' build argument 'catkin_cmake_args' from command line to 'None'
[0.229s] Level 5:colcon.colcon_core.verb:set package 'my_robot_bringup' build argument 'catkin_skip_building_tests' from command line to 'False'
[0.229s] DEBUG:colcon.colcon_core.verb:Building package 'my_robot_bringup' with the following arguments: {'ament_cmake_args': None, 'build_base': '/home/latih/ros2_control/build/my_robot_bringup', 'catkin_cmake_args': None, 'catkin_skip_building_tests': False, 'cmake_args': None, 'cmake_clean_cache': False, 'cmake_clean_first': False, 'cmake_force_configure': False, 'cmake_target': None, 'cmake_target_skip_unavailable': False, 'install_base': '/home/latih/ros2_control/install/my_robot_bringup', 'merge_install': False, 'path': '/home/latih/ros2_control/src/my_robot_bringup', 'symlink_install': False, 'test_result_base': None}
[0.230s] Level 5:colcon.colcon_core.verb:set package 'my_robot_hardware' build argument 'cmake_args' from command line to 'None'
[0.230s] Level 5:colcon.colcon_core.verb:set package 'my_robot_hardware' build argument 'cmake_target' from command line to 'None'
[0.230s] Level 5:colcon.colcon_core.verb:set package 'my_robot_hardware' build argument 'cmake_target_skip_unavailable' from command line to 'False'
[0.230s] Level 5:colcon.colcon_core.verb:set package 'my_robot_hardware' build argument 'cmake_clean_cache' from command line to 'False'
[0.230s] Level 5:colcon.colcon_core.verb:set package 'my_robot_hardware' build argument 'cmake_clean_first' from command line to 'False'
[0.230s] Level 5:colcon.colcon_core.verb:set package 'my_robot_hardware' build argument 'cmake_force_configure' from command line to 'False'
[0.230s] Level 5:colcon.colcon_core.verb:set package 'my_robot_hardware' build argument 'ament_cmake_args' from command line to 'None'
[0.230s] Level 5:colcon.colcon_core.verb:set package 'my_robot_hardware' build argument 'catkin_cmake_args' from command line to 'None'
[0.230s] Level 5:colcon.colcon_core.verb:set package 'my_robot_hardware' build argument 'catkin_skip_building_tests' from command line to 'False'
[0.230s] DEBUG:colcon.colcon_core.verb:Building package 'my_robot_hardware' with the following arguments: {'ament_cmake_args': None, 'build_base': '/home/latih/ros2_control/build/my_robot_hardware', 'catkin_cmake_args': None, 'catkin_skip_building_tests': False, 'cmake_args': None, 'cmake_clean_cache': False, 'cmake_clean_first': False, 'cmake_force_configure': False, 'cmake_target': None, 'cmake_target_skip_unavailable': False, 'install_base': '/home/latih/ros2_control/install/my_robot_hardware', 'merge_install': False, 'path': '/home/latih/ros2_control/src/my_robot_hardware', 'symlink_install': False, 'test_result_base': None}
[0.230s] INFO:colcon.colcon_core.executor:Executing jobs using 'parallel' executor
[0.231s] DEBUG:colcon.colcon_parallel_executor.executor.parallel:run_until_complete
[0.231s] INFO:colcon.colcon_ros.task.ament_cmake.build:Building ROS package in '/home/latih/ros2_control/src/serial' with build type 'ament_cmake'
[0.231s] INFO:colcon.colcon_cmake.task.cmake.build:Building CMake package in '/home/latih/ros2_control/src/serial'
[0.232s] INFO:colcon.colcon_core.plugin_system:Skipping extension 'colcon_core.shell.bat': Not used on non-Windows systems
[0.232s] INFO:colcon.colcon_core.shell:Skip shell extension 'powershell' for command environment: Not usable outside of PowerShell
[0.232s] DEBUG:colcon.colcon_core.shell:Skip shell extension 'dsv' for command environment
[0.235s] INFO:colcon.colcon_ros.task.ament_cmake.build:Building ROS package in '/home/latih/ros2_control/src/my_robot_description' with build type 'ament_cmake'
[0.235s] INFO:colcon.colcon_cmake.task.cmake.build:Building CMake package in '/home/latih/ros2_control/src/my_robot_description'
[0.235s] INFO:colcon.colcon_core.shell:Skip shell extension 'powershell' for command environment: Not usable outside of PowerShell
[0.235s] DEBUG:colcon.colcon_core.shell:Skip shell extension 'dsv' for command environment
[0.240s] DEBUG:colcon.colcon_core.event_handler.log_command:Invoking command in '/home/latih/ros2_control/build/serial': CMAKE_PREFIX_PATH=/home/latih/ros2_control/install/my_robot_hardware:/home/latih/ros2_control/install/motor_test:/opt/ros/humble:/home/latih/ros2_control/install/serial:/home/latih/ros2_control/install/my_robot_bringup:/home/latih/ros2_control/install/my_robot_description /usr/bin/cmake --build /home/latih/ros2_control/build/serial -- -j16 -l16
[0.243s] DEBUG:colcon.colcon_core.event_handler.log_command:Invoking command in '/home/latih/ros2_control/build/my_robot_description': CMAKE_PREFIX_PATH=/home/latih/ros2_control/install/my_robot_hardware:/home/latih/ros2_control/install/motor_test:/opt/ros/humble:/home/latih/ros2_control/install/serial:/home/latih/ros2_control/install/my_robot_bringup:/home/latih/ros2_control/install/my_robot_description /usr/bin/cmake --build /home/latih/ros2_control/build/my_robot_description -- -j16 -l16
[0.281s] DEBUG:colcon.colcon_core.event_handler.log_command:Invoked command in '/home/latih/ros2_control/build/my_robot_description' returned '0': CMAKE_PREFIX_PATH=/home/latih/ros2_control/install/my_robot_hardware:/home/latih/ros2_control/install/motor_test:/opt/ros/humble:/home/latih/ros2_control/install/serial:/home/latih/ros2_control/install/my_robot_bringup:/home/latih/ros2_control/install/my_robot_description /usr/bin/cmake --build /home/latih/ros2_control/build/my_robot_description -- -j16 -l16
[0.289s] DEBUG:colcon.colcon_core.event_handler.log_command:Invoking command in '/home/latih/ros2_control/build/my_robot_description': CMAKE_PREFIX_PATH=/home/latih/ros2_control/install/my_robot_hardware:/home/latih/ros2_control/install/motor_test:/opt/ros/humble:/home/latih/ros2_control/install/serial:/home/latih/ros2_control/install/my_robot_bringup:/home/latih/ros2_control/install/my_robot_description /usr/bin/cmake --install /home/latih/ros2_control/build/my_robot_description
[0.297s] Level 1:colcon.colcon_core.environment:create_environment_scripts_only(my_robot_description)
[0.297s] DEBUG:colcon.colcon_core.event_handler.log_command:Invoked command in '/home/latih/ros2_control/build/my_robot_description' returned '0': CMAKE_PREFIX_PATH=/home/latih/ros2_control/install/my_robot_hardware:/home/latih/ros2_control/install/motor_test:/opt/ros/humble:/home/latih/ros2_control/install/serial:/home/latih/ros2_control/install/my_robot_bringup:/home/latih/ros2_control/install/my_robot_description /usr/bin/cmake --install /home/latih/ros2_control/build/my_robot_description
[0.298s] Level 1:colcon.colcon_core.environment:checking '/home/latih/ros2_control/install/my_robot_description' for CMake module files
[0.299s] Level 1:colcon.colcon_core.environment:checking '/home/latih/ros2_control/install/my_robot_description' for CMake config files
[0.299s] Level 1:colcon.colcon_core.shell:create_environment_hook('my_robot_description', 'cmake_prefix_path')
[0.299s] INFO:colcon.colcon_core.shell:Creating environment hook '/home/latih/ros2_control/install/my_robot_description/share/my_robot_description/hook/cmake_prefix_path.ps1'
[0.299s] INFO:colcon.colcon_core.shell:Creating environment descriptor '/home/latih/ros2_control/install/my_robot_description/share/my_robot_description/hook/cmake_prefix_path.dsv'
[0.300s] INFO:colcon.colcon_core.shell:Creating environment hook '/home/latih/ros2_control/install/my_robot_description/share/my_robot_description/hook/cmake_prefix_path.sh'
[0.300s] Level 1:colcon.colcon_core.environment:checking '/home/latih/ros2_control/install/my_robot_description/bin'
[0.300s] Level 1:colcon.colcon_core.environment:checking '/home/latih/ros2_control/install/my_robot_description/lib/pkgconfig/my_robot_description.pc'
[0.301s] Level 1:colcon.colcon_core.environment:checking '/home/latih/ros2_control/install/my_robot_description/lib/python3.10/site-packages'
[0.301s] Level 1:colcon.colcon_core.environment:checking '/home/latih/ros2_control/install/my_robot_description/bin'
[0.301s] INFO:colcon.colcon_core.shell:Creating package script '/home/latih/ros2_control/install/my_robot_description/share/my_robot_description/package.ps1'
[0.301s] INFO:colcon.colcon_core.shell:Creating package descriptor '/home/latih/ros2_control/install/my_robot_description/share/my_robot_description/package.dsv'
[0.302s] INFO:colcon.colcon_core.shell:Creating package script '/home/latih/ros2_control/install/my_robot_description/share/my_robot_description/package.sh'
[0.302s] INFO:colcon.colcon_core.shell:Creating package script '/home/latih/ros2_control/install/my_robot_description/share/my_robot_description/package.bash'
[0.303s] INFO:colcon.colcon_core.shell:Creating package script '/home/latih/ros2_control/install/my_robot_description/share/my_robot_description/package.zsh'
[0.303s] Level 1:colcon.colcon_core.environment:create_file_with_runtime_dependencies(/home/latih/ros2_control/install/my_robot_description/share/colcon-core/packages/my_robot_description)
[0.304s] Level 1:colcon.colcon_core.environment:create_environment_scripts_only(my_robot_description)
[0.304s] Level 1:colcon.colcon_core.environment:checking '/home/latih/ros2_control/install/my_robot_description' for CMake module files
[0.304s] Level 1:colcon.colcon_core.environment:checking '/home/latih/ros2_control/install/my_robot_description' for CMake config files
[0.304s] Level 1:colcon.colcon_core.shell:create_environment_hook('my_robot_description', 'cmake_prefix_path')
[0.305s] INFO:colcon.colcon_core.shell:Creating environment hook '/home/latih/ros2_control/install/my_robot_description/share/my_robot_description/hook/cmake_prefix_path.ps1'
[0.305s] INFO:colcon.colcon_core.shell:Creating environment descriptor '/home/latih/ros2_control/install/my_robot_description/share/my_robot_description/hook/cmake_prefix_path.dsv'
[0.305s] INFO:colcon.colcon_core.shell:Creating environment hook '/home/latih/ros2_control/install/my_robot_description/share/my_robot_description/hook/cmake_prefix_path.sh'
[0.306s] Level 1:colcon.colcon_core.environment:checking '/home/latih/ros2_control/install/my_robot_description/bin'
[0.306s] Level 1:colcon.colcon_core.environment:checking '/home/latih/ros2_control/install/my_robot_description/lib/pkgconfig/my_robot_description.pc'
[0.306s] Level 1:colcon.colcon_core.environment:checking '/home/latih/ros2_control/install/my_robot_description/lib/python3.10/site-packages'
[0.306s] Level 1:colcon.colcon_core.environment:checking '/home/latih/ros2_control/install/my_robot_description/bin'
[0.306s] INFO:colcon.colcon_core.shell:Creating package script '/home/latih/ros2_control/install/my_robot_description/share/my_robot_description/package.ps1'
[0.307s] INFO:colcon.colcon_core.shell:Creating package descriptor '/home/latih/ros2_control/install/my_robot_description/share/my_robot_description/package.dsv'
[0.307s] INFO:colcon.colcon_core.shell:Creating package script '/home/latih/ros2_control/install/my_robot_description/share/my_robot_description/package.sh'
[0.307s] INFO:colcon.colcon_core.shell:Creating package script '/home/latih/ros2_control/install/my_robot_description/share/my_robot_description/package.bash'
[0.307s] INFO:colcon.colcon_core.shell:Creating package script '/home/latih/ros2_control/install/my_robot_description/share/my_robot_description/package.zsh'
[0.307s] Level 1:colcon.colcon_core.environment:create_file_with_runtime_dependencies(/home/latih/ros2_control/install/my_robot_description/share/colcon-core/packages/my_robot_description)
[0.308s] INFO:colcon.colcon_ros.task.ament_cmake.build:Building ROS package in '/home/latih/ros2_control/src/my_robot_bringup' with build type 'ament_cmake'
[0.308s] INFO:colcon.colcon_cmake.task.cmake.build:Building CMake package in '/home/latih/ros2_control/src/my_robot_bringup'
[0.308s] INFO:colcon.colcon_core.shell:Skip shell extension 'powershell' for command environment: Not usable outside of PowerShell
[0.308s] DEBUG:colcon.colcon_core.shell:Skip shell extension 'dsv' for command environment
[0.314s] DEBUG:colcon.colcon_core.event_handler.log_command:Invoked command in '/home/latih/ros2_control/build/serial' returned '0': CMAKE_PREFIX_PATH=/home/latih/ros2_control/install/my_robot_hardware:/home/latih/ros2_control/install/motor_test:/opt/ros/humble:/home/latih/ros2_control/install/serial:/home/latih/ros2_control/install/my_robot_bringup:/home/latih/ros2_control/install/my_robot_description /usr/bin/cmake --build /home/latih/ros2_control/build/serial -- -j16 -l16
[0.314s] DEBUG:colcon.colcon_core.event_handler.log_command:Invoking command in '/home/latih/ros2_control/build/serial': CMAKE_PREFIX_PATH=/home/latih/ros2_control/install/my_robot_hardware:/home/latih/ros2_control/install/motor_test:/opt/ros/humble:/home/latih/ros2_control/install/serial:/home/latih/ros2_control/install/my_robot_bringup:/home/latih/ros2_control/install/my_robot_description /usr/bin/cmake --install /home/latih/ros2_control/build/serial
[0.317s] DEBUG:colcon.colcon_core.event_handler.log_command:Invoking command in '/home/latih/ros2_control/build/my_robot_bringup': CMAKE_PREFIX_PATH=/home/latih/ros2_control/install/my_robot_description:/home/latih/ros2_control/install/my_robot_hardware:/home/latih/ros2_control/install/motor_test:/opt/ros/humble:/home/latih/ros2_control/install/serial:/home/latih/ros2_control/install/my_robot_bringup /usr/bin/cmake --build /home/latih/ros2_control/build/my_robot_bringup -- -j16 -l16
[0.322s] Level 1:colcon.colcon_core.environment:create_environment_scripts_only(serial)
[0.322s] Level 1:colcon.colcon_core.environment:checking '/home/latih/ros2_control/install/serial' for CMake module files
[0.323s] DEBUG:colcon.colcon_core.event_handler.log_command:Invoked command in '/home/latih/ros2_control/build/serial' returned '0': CMAKE_PREFIX_PATH=/home/latih/ros2_control/install/my_robot_hardware:/home/latih/ros2_control/install/motor_test:/opt/ros/humble:/home/latih/ros2_control/install/serial:/home/latih/ros2_control/install/my_robot_bringup:/home/latih/ros2_control/install/my_robot_description /usr/bin/cmake --install /home/latih/ros2_control/build/serial
[0.323s] Level 1:colcon.colcon_core.environment:checking '/home/latih/ros2_control/install/serial' for CMake config files
[0.323s] Level 1:colcon.colcon_core.shell:create_environment_hook('serial', 'cmake_prefix_path')
[0.323s] INFO:colcon.colcon_core.shell:Creating environment hook '/home/latih/ros2_control/install/serial/share/serial/hook/cmake_prefix_path.ps1'
[0.324s] INFO:colcon.colcon_core.shell:Creating environment descriptor '/home/latih/ros2_control/install/serial/share/serial/hook/cmake_prefix_path.dsv'
[0.324s] INFO:colcon.colcon_core.shell:Creating environment hook '/home/latih/ros2_control/install/serial/share/serial/hook/cmake_prefix_path.sh'
[0.324s] Level 1:colcon.colcon_core.environment:checking '/home/latih/ros2_control/install/serial/lib'
[0.324s] Level 1:colcon.colcon_core.environment:checking '/home/latih/ros2_control/install/serial/bin'
[0.324s] Level 1:colcon.colcon_core.environment:checking '/home/latih/ros2_control/install/serial/lib/pkgconfig/serial.pc'
[0.324s] Level 1:colcon.colcon_core.environment:checking '/home/latih/ros2_control/install/serial/lib/python3.10/site-packages'
[0.325s] Level 1:colcon.colcon_core.environment:checking '/home/latih/ros2_control/install/serial/bin'
[0.325s] INFO:colcon.colcon_core.shell:Creating package script '/home/latih/ros2_control/install/serial/share/serial/package.ps1'
[0.325s] INFO:colcon.colcon_core.shell:Creating package descriptor '/home/latih/ros2_control/install/serial/share/serial/package.dsv'
[0.325s] INFO:colcon.colcon_core.shell:Creating package script '/home/latih/ros2_control/install/serial/share/serial/package.sh'
[0.326s] INFO:colcon.colcon_core.shell:Creating package script '/home/latih/ros2_control/install/serial/share/serial/package.bash'
[0.326s] INFO:colcon.colcon_core.shell:Creating package script '/home/latih/ros2_control/install/serial/share/serial/package.zsh'
[0.326s] Level 1:colcon.colcon_core.environment:create_file_with_runtime_dependencies(/home/latih/ros2_control/install/serial/share/colcon-core/packages/serial)
[0.326s] Level 1:colcon.colcon_core.environment:create_environment_scripts_only(serial)
[0.326s] Level 1:colcon.colcon_core.environment:checking '/home/latih/ros2_control/install/serial' for CMake module files
[0.327s] Level 1:colcon.colcon_core.environment:checking '/home/latih/ros2_control/install/serial' for CMake config files
[0.327s] Level 1:colcon.colcon_core.shell:create_environment_hook('serial', 'cmake_prefix_path')
[0.327s] INFO:colcon.colcon_core.shell:Creating environment hook '/home/latih/ros2_control/install/serial/share/serial/hook/cmake_prefix_path.ps1'
[0.327s] INFO:colcon.colcon_core.shell:Creating environment descriptor '/home/latih/ros2_control/install/serial/share/serial/hook/cmake_prefix_path.dsv'
[0.327s] INFO:colcon.colcon_core.shell:Creating environment hook '/home/latih/ros2_control/install/serial/share/serial/hook/cmake_prefix_path.sh'
[0.328s] Level 1:colcon.colcon_core.environment:checking '/home/latih/ros2_control/install/serial/lib'
[0.328s] Level 1:colcon.colcon_core.environment:checking '/home/latih/ros2_control/install/serial/bin'
[0.328s] Level 1:colcon.colcon_core.environment:checking '/home/latih/ros2_control/install/serial/lib/pkgconfig/serial.pc'
[0.328s] Level 1:colcon.colcon_core.environment:checking '/home/latih/ros2_control/install/serial/lib/python3.10/site-packages'
[0.328s] Level 1:colcon.colcon_core.environment:checking '/home/latih/ros2_control/install/serial/bin'
[0.328s] INFO:colcon.colcon_core.shell:Creating package script '/home/latih/ros2_control/install/serial/share/serial/package.ps1'
[0.329s] INFO:colcon.colcon_core.shell:Creating package descriptor '/home/latih/ros2_control/install/serial/share/serial/package.dsv'
[0.329s] INFO:colcon.colcon_core.shell:Creating package script '/home/latih/ros2_control/install/serial/share/serial/package.sh'
[0.329s] INFO:colcon.colcon_core.shell:Creating package script '/home/latih/ros2_control/install/serial/share/serial/package.bash'
[0.330s] INFO:colcon.colcon_core.shell:Creating package script '/home/latih/ros2_control/install/serial/share/serial/package.zsh'
[0.330s] Level 1:colcon.colcon_core.environment:create_file_with_runtime_dependencies(/home/latih/ros2_control/install/serial/share/colcon-core/packages/serial)
[0.330s] INFO:colcon.colcon_ros.task.ament_cmake.build:Building ROS package in '/home/latih/ros2_control/src/motor_test' with build type 'ament_cmake'
[0.330s] INFO:colcon.colcon_cmake.task.cmake.build:Building CMake package in '/home/latih/ros2_control/src/motor_test'
[0.331s] INFO:colcon.colcon_core.shell:Skip shell extension 'powershell' for command environment: Not usable outside of PowerShell
[0.331s] DEBUG:colcon.colcon_core.shell:Skip shell extension 'dsv' for command environment
[0.333s] INFO:colcon.colcon_ros.task.ament_cmake.build:Building ROS package in '/home/latih/ros2_control/src/my_robot_hardware' with build type 'ament_cmake'
[0.333s] INFO:colcon.colcon_cmake.task.cmake.build:Building CMake package in '/home/latih/ros2_control/src/my_robot_hardware'
[0.333s] INFO:colcon.colcon_core.shell:Skip shell extension 'powershell' for command environment: Not usable outside of PowerShell
[0.333s] DEBUG:colcon.colcon_core.shell:Skip shell extension 'dsv' for command environment
[0.338s] DEBUG:colcon.colcon_core.event_handler.log_command:Invoking command in '/home/latih/ros2_control/build/motor_test': CMAKE_PREFIX_PATH=/opt/ros/humble:/home/latih/ros2_control/install/serial:/home/latih/ros2_control/install/my_robot_hardware:/home/latih/ros2_control/install/motor_test:/home/latih/ros2_control/install/my_robot_bringup:/home/latih/ros2_control/install/my_robot_description /usr/bin/cmake --build /home/latih/ros2_control/build/motor_test -- -j16 -l16
[0.342s] DEBUG:colcon.colcon_core.event_handler.log_command:Invoking command in '/home/latih/ros2_control/build/my_robot_hardware': CMAKE_PREFIX_PATH=/opt/ros/humble:/home/latih/ros2_control/install/serial:/home/latih/ros2_control/install/my_robot_hardware:/home/latih/ros2_control/install/motor_test:/home/latih/ros2_control/install/my_robot_bringup:/home/latih/ros2_control/install/my_robot_description /usr/bin/cmake --build /home/latih/ros2_control/build/my_robot_hardware -- -j16 -l16
[0.346s] DEBUG:colcon.colcon_core.event_handler.log_command:Invoked command in '/home/latih/ros2_control/build/my_robot_bringup' returned '0': CMAKE_PREFIX_PATH=/home/latih/ros2_control/install/my_robot_description:/home/latih/ros2_control/install/my_robot_hardware:/home/latih/ros2_control/install/motor_test:/opt/ros/humble:/home/latih/ros2_control/install/serial:/home/latih/ros2_control/install/my_robot_bringup /usr/bin/cmake --build /home/latih/ros2_control/build/my_robot_bringup -- -j16 -l16
[0.348s] DEBUG:colcon.colcon_core.event_handler.log_command:Invoking command in '/home/latih/ros2_control/build/my_robot_bringup': CMAKE_PREFIX_PATH=/home/latih/ros2_control/install/my_robot_description:/home/latih/ros2_control/install/my_robot_hardware:/home/latih/ros2_control/install/motor_test:/opt/ros/humble:/home/latih/ros2_control/install/serial:/home/latih/ros2_control/install/my_robot_bringup /usr/bin/cmake --install /home/latih/ros2_control/build/my_robot_bringup
[0.356s] Level 1:colcon.colcon_core.environment:create_environment_scripts_only(my_robot_bringup)
[0.357s] Level 1:colcon.colcon_core.environment:checking '/home/latih/ros2_control/install/my_robot_bringup' for CMake module files
[0.357s] DEBUG:colcon.colcon_core.event_handler.log_command:Invoked command in '/home/latih/ros2_control/build/my_robot_bringup' returned '0': CMAKE_PREFIX_PATH=/home/latih/ros2_control/install/my_robot_description:/home/latih/ros2_control/install/my_robot_hardware:/home/latih/ros2_control/install/motor_test:/opt/ros/humble:/home/latih/ros2_control/install/serial:/home/latih/ros2_control/install/my_robot_bringup /usr/bin/cmake --install /home/latih/ros2_control/build/my_robot_bringup
[0.357s] Level 1:colcon.colcon_core.environment:checking '/home/latih/ros2_control/install/my_robot_bringup' for CMake config files
[0.357s] Level 1:colcon.colcon_core.shell:create_environment_hook('my_robot_bringup', 'cmake_prefix_path')
[0.358s] INFO:colcon.colcon_core.shell:Creating environment hook '/home/latih/ros2_control/install/my_robot_bringup/share/my_robot_bringup/hook/cmake_prefix_path.ps1'
[0.358s] INFO:colcon.colcon_core.shell:Creating environment descriptor '/home/latih/ros2_control/install/my_robot_bringup/share/my_robot_bringup/hook/cmake_prefix_path.dsv'
[0.358s] INFO:colcon.colcon_core.shell:Creating environment hook '/home/latih/ros2_control/install/my_robot_bringup/share/my_robot_bringup/hook/cmake_prefix_path.sh'
[0.359s] Level 1:colcon.colcon_core.environment:checking '/home/latih/ros2_control/install/my_robot_bringup/bin'
[0.359s] Level 1:colcon.colcon_core.environment:checking '/home/latih/ros2_control/install/my_robot_bringup/lib/pkgconfig/my_robot_bringup.pc'
[0.359s] Level 1:colcon.colcon_core.environment:checking '/home/latih/ros2_control/install/my_robot_bringup/lib/python3.10/site-packages'
[0.359s] Level 1:colcon.colcon_core.environment:checking '/home/latih/ros2_control/install/my_robot_bringup/bin'
[0.359s] INFO:colcon.colcon_core.shell:Creating package script '/home/latih/ros2_control/install/my_robot_bringup/share/my_robot_bringup/package.ps1'
[0.359s] INFO:colcon.colcon_core.shell:Creating package descriptor '/home/latih/ros2_control/install/my_robot_bringup/share/my_robot_bringup/package.dsv'
[0.360s] INFO:colcon.colcon_core.shell:Creating package script '/home/latih/ros2_control/install/my_robot_bringup/share/my_robot_bringup/package.sh'
[0.360s] INFO:colcon.colcon_core.shell:Creating package script '/home/latih/ros2_control/install/my_robot_bringup/share/my_robot_bringup/package.bash'
[0.360s] INFO:colcon.colcon_core.shell:Creating package script '/home/latih/ros2_control/install/my_robot_bringup/share/my_robot_bringup/package.zsh'
[0.360s] Level 1:colcon.colcon_core.environment:create_file_with_runtime_dependencies(/home/latih/ros2_control/install/my_robot_bringup/share/colcon-core/packages/my_robot_bringup)
[0.360s] Level 1:colcon.colcon_core.environment:create_environment_scripts_only(my_robot_bringup)
[0.361s] Level 1:colcon.colcon_core.environment:checking '/home/latih/ros2_control/install/my_robot_bringup' for CMake module files
[0.361s] Level 1:colcon.colcon_core.environment:checking '/home/latih/ros2_control/install/my_robot_bringup' for CMake config files
[0.361s] Level 1:colcon.colcon_core.shell:create_environment_hook('my_robot_bringup', 'cmake_prefix_path')
[0.361s] INFO:colcon.colcon_core.shell:Creating environment hook '/home/latih/ros2_control/install/my_robot_bringup/share/my_robot_bringup/hook/cmake_prefix_path.ps1'
[0.361s] INFO:colcon.colcon_core.shell:Creating environment descriptor '/home/latih/ros2_control/install/my_robot_bringup/share/my_robot_bringup/hook/cmake_prefix_path.dsv'
[0.361s] INFO:colcon.colcon_core.shell:Creating environment hook '/home/latih/ros2_control/install/my_robot_bringup/share/my_robot_bringup/hook/cmake_prefix_path.sh'
[0.362s] Level 1:colcon.colcon_core.environment:checking '/home/latih/ros2_control/install/my_robot_bringup/bin'
[0.362s] Level 1:colcon.colcon_core.environment:checking '/home/latih/ros2_control/install/my_robot_bringup/lib/pkgconfig/my_robot_bringup.pc'
[0.362s] Level 1:colcon.colcon_core.environment:checking '/home/latih/ros2_control/install/my_robot_bringup/lib/python3.10/site-packages'
[0.362s] Level 1:colcon.colcon_core.environment:checking '/home/latih/ros2_control/install/my_robot_bringup/bin'
[0.362s] INFO:colcon.colcon_core.shell:Creating package script '/home/latih/ros2_control/install/my_robot_bringup/share/my_robot_bringup/package.ps1'
[0.363s] INFO:colcon.colcon_core.shell:Creating package descriptor '/home/latih/ros2_control/install/my_robot_bringup/share/my_robot_bringup/package.dsv'
[0.363s] INFO:colcon.colcon_core.shell:Creating package script '/home/latih/ros2_control/install/my_robot_bringup/share/my_robot_bringup/package.sh'
[0.363s] INFO:colcon.colcon_core.shell:Creating package script '/home/latih/ros2_control/install/my_robot_bringup/share/my_robot_bringup/package.bash'
[0.363s] INFO:colcon.colcon_core.shell:Creating package script '/home/latih/ros2_control/install/my_robot_bringup/share/my_robot_bringup/package.zsh'
[0.363s] Level 1:colcon.colcon_core.environment:create_file_with_runtime_dependencies(/home/latih/ros2_control/install/my_robot_bringup/share/colcon-core/packages/my_robot_bringup)
[0.395s] DEBUG:colcon.colcon_core.event_handler.log_command:Invoked command in '/home/latih/ros2_control/build/motor_test' returned '0': CMAKE_PREFIX_PATH=/opt/ros/humble:/home/latih/ros2_control/install/serial:/home/latih/ros2_control/install/my_robot_hardware:/home/latih/ros2_control/install/motor_test:/home/latih/ros2_control/install/my_robot_bringup:/home/latih/ros2_control/install/my_robot_description /usr/bin/cmake --build /home/latih/ros2_control/build/motor_test -- -j16 -l16
[0.396s] DEBUG:colcon.colcon_core.event_handler.log_command:Invoking command in '/home/latih/ros2_control/build/motor_test': CMAKE_PREFIX_PATH=/opt/ros/humble:/home/latih/ros2_control/install/serial:/home/latih/ros2_control/install/my_robot_hardware:/home/latih/ros2_control/install/motor_test:/home/latih/ros2_control/install/my_robot_bringup:/home/latih/ros2_control/install/my_robot_description /usr/bin/cmake --install /home/latih/ros2_control/build/motor_test
[0.402s] Level 1:colcon.colcon_core.environment:create_environment_scripts_only(motor_test)
[0.403s] Level 1:colcon.colcon_core.environment:checking '/home/latih/ros2_control/install/motor_test' for CMake module files
[0.403s] DEBUG:colcon.colcon_core.event_handler.log_command:Invoked command in '/home/latih/ros2_control/build/motor_test' returned '0': CMAKE_PREFIX_PATH=/opt/ros/humble:/home/latih/ros2_control/install/serial:/home/latih/ros2_control/install/my_robot_hardware:/home/latih/ros2_control/install/motor_test:/home/latih/ros2_control/install/my_robot_bringup:/home/latih/ros2_control/install/my_robot_description /usr/bin/cmake --install /home/latih/ros2_control/build/motor_test
[0.403s] Level 1:colcon.colcon_core.environment:checking '/home/latih/ros2_control/install/motor_test' for CMake config files
[0.403s] Level 1:colcon.colcon_core.shell:create_environment_hook('motor_test', 'cmake_prefix_path')
[0.404s] INFO:colcon.colcon_core.shell:Creating environment hook '/home/latih/ros2_control/install/motor_test/share/motor_test/hook/cmake_prefix_path.ps1'
[0.404s] INFO:colcon.colcon_core.shell:Creating environment descriptor '/home/latih/ros2_control/install/motor_test/share/motor_test/hook/cmake_prefix_path.dsv'
[0.404s] INFO:colcon.colcon_core.shell:Creating environment hook '/home/latih/ros2_control/install/motor_test/share/motor_test/hook/cmake_prefix_path.sh'
[0.405s] Level 1:colcon.colcon_core.environment:checking '/home/latih/ros2_control/install/motor_test/lib'
[0.405s] Level 1:colcon.colcon_core.environment:checking '/home/latih/ros2_control/install/motor_test/bin'
[0.405s] Level 1:colcon.colcon_core.environment:checking '/home/latih/ros2_control/install/motor_test/lib/pkgconfig/motor_test.pc'
[0.405s] Level 1:colcon.colcon_core.environment:checking '/home/latih/ros2_control/install/motor_test/lib/python3.10/site-packages'
[0.405s] Level 1:colcon.colcon_core.environment:checking '/home/latih/ros2_control/install/motor_test/bin'
[0.405s] INFO:colcon.colcon_core.shell:Creating package script '/home/latih/ros2_control/install/motor_test/share/motor_test/package.ps1'
[0.405s] INFO:colcon.colcon_core.shell:Creating package descriptor '/home/latih/ros2_control/install/motor_test/share/motor_test/package.dsv'
[0.406s] INFO:colcon.colcon_core.shell:Creating package script '/home/latih/ros2_control/install/motor_test/share/motor_test/package.sh'
[0.406s] INFO:colcon.colcon_core.shell:Creating package script '/home/latih/ros2_control/install/motor_test/share/motor_test/package.bash'
[0.406s] INFO:colcon.colcon_core.shell:Creating package script '/home/latih/ros2_control/install/motor_test/share/motor_test/package.zsh'
[0.407s] Level 1:colcon.colcon_core.environment:create_file_with_runtime_dependencies(/home/latih/ros2_control/install/motor_test/share/colcon-core/packages/motor_test)
[0.407s] Level 1:colcon.colcon_core.environment:create_environment_scripts_only(motor_test)
[0.407s] Level 1:colcon.colcon_core.environment:checking '/home/latih/ros2_control/install/motor_test' for CMake module files
[0.407s] Level 1:colcon.colcon_core.environment:checking '/home/latih/ros2_control/install/motor_test' for CMake config files
[0.407s] Level 1:colcon.colcon_core.shell:create_environment_hook('motor_test', 'cmake_prefix_path')
[0.408s] INFO:colcon.colcon_core.shell:Creating environment hook '/home/latih/ros2_control/install/motor_test/share/motor_test/hook/cmake_prefix_path.ps1'
[0.408s] INFO:colcon.colcon_core.shell:Creating environment descriptor '/home/latih/ros2_control/install/motor_test/share/motor_test/hook/cmake_prefix_path.dsv'
[0.408s] INFO:colcon.colcon_core.shell:Creating environment hook '/home/latih/ros2_control/install/motor_test/share/motor_test/hook/cmake_prefix_path.sh'
[0.408s] Level 1:colcon.colcon_core.environment:checking '/home/latih/ros2_control/install/motor_test/lib'
[0.408s] Level 1:colcon.colcon_core.environment:checking '/home/latih/ros2_control/install/motor_test/bin'
[0.408s] Level 1:colcon.colcon_core.environment:checking '/home/latih/ros2_control/install/motor_test/lib/pkgconfig/motor_test.pc'
[0.409s] Level 1:colcon.colcon_core.environment:checking '/home/latih/ros2_control/install/motor_test/lib/python3.10/site-packages'
[0.409s] Level 1:colcon.colcon_core.environment:checking '/home/latih/ros2_control/install/motor_test/bin'
[0.409s] INFO:colcon.colcon_core.shell:Creating package script '/home/latih/ros2_control/install/motor_test/share/motor_test/package.ps1'
[0.409s] INFO:colcon.colcon_core.shell:Creating package descriptor '/home/latih/ros2_control/install/motor_test/share/motor_test/package.dsv'
[0.410s] INFO:colcon.colcon_core.shell:Creating package script '/home/latih/ros2_control/install/motor_test/share/motor_test/package.sh'
[0.410s] INFO:colcon.colcon_core.shell:Creating package script '/home/latih/ros2_control/install/motor_test/share/motor_test/package.bash'
[0.410s] INFO:colcon.colcon_core.shell:Creating package script '/home/latih/ros2_control/install/motor_test/share/motor_test/package.zsh'
[0.410s] Level 1:colcon.colcon_core.environment:create_file_with_runtime_dependencies(/home/latih/ros2_control/install/motor_test/share/colcon-core/packages/motor_test)
[0.785s] DEBUG:colcon.colcon_core.event_handler.log_command:Invoked command in '/home/latih/ros2_control/build/my_robot_hardware' returned '2': CMAKE_PREFIX_PATH=/opt/ros/humble:/home/latih/ros2_control/install/serial:/home/latih/ros2_control/install/my_robot_hardware:/home/latih/ros2_control/install/motor_test:/home/latih/ros2_control/install/my_robot_bringup:/home/latih/ros2_control/install/my_robot_description /usr/bin/cmake --build /home/latih/ros2_control/build/my_robot_hardware -- -j16 -l16
[0.785s] Level 1:colcon.colcon_core.environment:create_environment_scripts_only(my_robot_hardware)
[0.786s] Level 1:colcon.colcon_core.environment:checking '/home/latih/ros2_control/install/my_robot_hardware' for CMake module files
[0.786s] Level 1:colcon.colcon_core.environment:checking '/home/latih/ros2_control/install/my_robot_hardware' for CMake config files
[0.786s] Level 1:colcon.colcon_core.shell:create_environment_hook('my_robot_hardware', 'cmake_prefix_path')
[0.787s] INFO:colcon.colcon_core.shell:Creating environment hook '/home/latih/ros2_control/install/my_robot_hardware/share/my_robot_hardware/hook/cmake_prefix_path.ps1'
[0.787s] INFO:colcon.colcon_core.shell:Creating environment descriptor '/home/latih/ros2_control/install/my_robot_hardware/share/my_robot_hardware/hook/cmake_prefix_path.dsv'
[0.787s] INFO:colcon.colcon_core.shell:Creating environment hook '/home/latih/ros2_control/install/my_robot_hardware/share/my_robot_hardware/hook/cmake_prefix_path.sh'
[0.788s] Level 1:colcon.colcon_core.environment:checking '/home/latih/ros2_control/install/my_robot_hardware/bin'
[0.788s] Level 1:colcon.colcon_core.environment:checking '/home/latih/ros2_control/install/my_robot_hardware/lib/pkgconfig/my_robot_hardware.pc'
[0.788s] Level 1:colcon.colcon_core.environment:checking '/home/latih/ros2_control/install/my_robot_hardware/lib/python3.10/site-packages'
[0.788s] Level 1:colcon.colcon_core.environment:checking '/home/latih/ros2_control/install/my_robot_hardware/bin'
[0.788s] INFO:colcon.colcon_core.shell:Creating package script '/home/latih/ros2_control/install/my_robot_hardware/share/my_robot_hardware/package.ps1'
[0.789s] INFO:colcon.colcon_core.shell:Creating package descriptor '/home/latih/ros2_control/install/my_robot_hardware/share/my_robot_hardware/package.dsv'
[0.789s] INFO:colcon.colcon_core.shell:Creating package script '/home/latih/ros2_control/install/my_robot_hardware/share/my_robot_hardware/package.sh'
[0.789s] INFO:colcon.colcon_core.shell:Creating package script '/home/latih/ros2_control/install/my_robot_hardware/share/my_robot_hardware/package.bash'
[0.789s] INFO:colcon.colcon_core.shell:Creating package script '/home/latih/ros2_control/install/my_robot_hardware/share/my_robot_hardware/package.zsh'
[0.789s] Level 1:colcon.colcon_core.environment:create_file_with_runtime_dependencies(/home/latih/ros2_control/install/my_robot_hardware/share/colcon-core/packages/my_robot_hardware)
[0.800s] DEBUG:colcon.colcon_parallel_executor.executor.parallel:closing loop
[0.800s] DEBUG:colcon.colcon_parallel_executor.executor.parallel:loop closed
[0.800s] DEBUG:colcon.colcon_parallel_executor.executor.parallel:run_until_complete finished with '2'
[0.800s] DEBUG:colcon.colcon_core.event_reactor:joining thread
[0.807s] INFO:colcon.colcon_core.plugin_system:Skipping extension 'colcon_notification.desktop_notification.terminal_notifier': Not used on non-Darwin systems
[0.807s] INFO:colcon.colcon_core.plugin_system:Skipping extension 'colcon_notification.desktop_notification.win32': Not used on non-Windows systems
[0.807s] INFO:colcon.colcon_notification.desktop_notification:Sending desktop notification using 'notify2'
[0.822s] DEBUG:colcon.colcon_core.event_reactor:joined thread
[0.822s] INFO:colcon.colcon_core.shell:Creating prefix script '/home/latih/ros2_control/install/local_setup.ps1'
[0.823s] INFO:colcon.colcon_core.shell:Creating prefix util module '/home/latih/ros2_control/install/_local_setup_util_ps1.py'
[0.826s] INFO:colcon.colcon_core.shell:Creating prefix chain script '/home/latih/ros2_control/install/setup.ps1'
[0.828s] INFO:colcon.colcon_core.shell:Creating prefix script '/home/latih/ros2_control/install/local_setup.sh'
[0.828s] INFO:colcon.colcon_core.shell:Creating prefix util module '/home/latih/ros2_control/install/_local_setup_util_sh.py'
[0.829s] INFO:colcon.colcon_core.shell:Creating prefix chain script '/home/latih/ros2_control/install/setup.sh'
[0.830s] INFO:colcon.colcon_core.shell:Creating prefix script '/home/latih/ros2_control/install/local_setup.bash'
[0.830s] INFO:colcon.colcon_core.shell:Creating prefix chain script '/home/latih/ros2_control/install/setup.bash'
[0.831s] INFO:colcon.colcon_core.shell:Creating prefix script '/home/latih/ros2_control/install/local_setup.zsh'
[0.831s] INFO:colcon.colcon_core.shell:Creating prefix chain script '/home/latih/ros2_control/install/setup.zsh'
