[0.008s] Invoking command in '/home/latih/ros2_control/build/my_robot_hardware': CMAKE_PREFIX_PATH=/opt/ros/humble:/home/latih/ros2_control/install/serial:/home/latih/ros2_control/install/my_robot_hardware:/home/latih/ros2_control/install/motor_test:/home/latih/ros2_control/install/my_robot_bringup:/home/latih/ros2_control/install/my_robot_description /usr/bin/cmake --build /home/latih/ros2_control/build/my_robot_hardware -- -j16 -l16
[0.062s] [100%] Built target my_robot_hardware
[0.074s] Invoked command in '/home/latih/ros2_control/build/my_robot_hardware' returned '0': CMAKE_PREFIX_PATH=/opt/ros/humble:/home/latih/ros2_control/install/serial:/home/latih/ros2_control/install/my_robot_hardware:/home/latih/ros2_control/install/motor_test:/home/latih/ros2_control/install/my_robot_bringup:/home/latih/ros2_control/install/my_robot_description /usr/bin/cmake --build /home/latih/ros2_control/build/my_robot_hardware -- -j16 -l16
[0.075s] Invoking command in '/home/latih/ros2_control/build/my_robot_hardware': CMAKE_PREFIX_PATH=/opt/ros/humble:/home/latih/ros2_control/install/serial:/home/latih/ros2_control/install/my_robot_hardware:/home/latih/ros2_control/install/motor_test:/home/latih/ros2_control/install/my_robot_bringup:/home/latih/ros2_control/install/my_robot_description /usr/bin/cmake --install /home/latih/ros2_control/build/my_robot_hardware
[0.083s] -- Install configuration: ""
[0.083s] -- Up-to-date: /home/latih/ros2_control/install/my_robot_hardware/share/my_robot_hardware/my_robot_hardware_interface.xml
[0.083s] -- Up-to-date: /home/latih/ros2_control/install/my_robot_hardware/lib/libmy_robot_hardware.so
[0.083s] -- Up-to-date: /home/latih/ros2_control/install/my_robot_hardware/include/include
[0.083s] -- Up-to-date: /home/latih/ros2_control/install/my_robot_hardware/include/include/my_robot_hardware
[0.083s] -- Up-to-date: /home/latih/ros2_control/install/my_robot_hardware/include/include/my_robot_hardware/config.hpp
[0.083s] -- Up-to-date: /home/latih/ros2_control/install/my_robot_hardware/include/include/my_robot_hardware/mobile_base_hardware_interface.hpp
[0.083s] -- Up-to-date: /home/latih/ros2_control/install/my_robot_hardware/include/include/my_robot_hardware/motor_driver.hpp
[0.083s] -- Up-to-date: /home/latih/ros2_control/install/my_robot_hardware/include/include/my_robot_hardware/wheel.hpp
[0.084s] -- Up-to-date: /home/latih/ros2_control/install/my_robot_hardware/share/my_robot_hardware/environment/library_path.sh
[0.084s] -- Up-to-date: /home/latih/ros2_control/install/my_robot_hardware/share/my_robot_hardware/environment/library_path.dsv
[0.084s] -- Up-to-date: /home/latih/ros2_control/install/my_robot_hardware/share/ament_index/resource_index/package_run_dependencies/my_robot_hardware
[0.084s] -- Up-to-date: /home/latih/ros2_control/install/my_robot_hardware/share/ament_index/resource_index/parent_prefix_path/my_robot_hardware
[0.084s] -- Up-to-date: /home/latih/ros2_control/install/my_robot_hardware/share/my_robot_hardware/environment/ament_prefix_path.sh
[0.084s] -- Up-to-date: /home/latih/ros2_control/install/my_robot_hardware/share/my_robot_hardware/environment/ament_prefix_path.dsv
[0.084s] -- Up-to-date: /home/latih/ros2_control/install/my_robot_hardware/share/my_robot_hardware/environment/path.sh
[0.085s] -- Up-to-date: /home/latih/ros2_control/install/my_robot_hardware/share/my_robot_hardware/environment/path.dsv
[0.085s] -- Up-to-date: /home/latih/ros2_control/install/my_robot_hardware/share/my_robot_hardware/local_setup.bash
[0.085s] -- Up-to-date: /home/latih/ros2_control/install/my_robot_hardware/share/my_robot_hardware/local_setup.sh
[0.085s] -- Up-to-date: /home/latih/ros2_control/install/my_robot_hardware/share/my_robot_hardware/local_setup.zsh
[0.085s] -- Up-to-date: /home/latih/ros2_control/install/my_robot_hardware/share/my_robot_hardware/local_setup.dsv
[0.085s] -- Installing: /home/latih/ros2_control/install/my_robot_hardware/share/my_robot_hardware/package.dsv
[0.085s] -- Up-to-date: /home/latih/ros2_control/install/my_robot_hardware/share/ament_index/resource_index/packages/my_robot_hardware
[0.085s] -- Up-to-date: /home/latih/ros2_control/install/my_robot_hardware/share/ament_index/resource_index/hardware_interface__pluginlib__plugin/my_robot_hardware
[0.085s] -- Up-to-date: /home/latih/ros2_control/install/my_robot_hardware/share/my_robot_hardware/cmake/ament_cmake_export_libraries-extras.cmake
[0.085s] -- Up-to-date: /home/latih/ros2_control/install/my_robot_hardware/share/my_robot_hardware/cmake/ament_cmake_export_dependencies-extras.cmake
[0.085s] -- Up-to-date: /home/latih/ros2_control/install/my_robot_hardware/share/my_robot_hardware/cmake/my_robot_hardwareConfig.cmake
[0.085s] -- Up-to-date: /home/latih/ros2_control/install/my_robot_hardware/share/my_robot_hardware/cmake/my_robot_hardwareConfig-version.cmake
[0.085s] -- Up-to-date: /home/latih/ros2_control/install/my_robot_hardware/share/my_robot_hardware/package.xml
[0.094s] Invoked command in '/home/latih/ros2_control/build/my_robot_hardware' returned '0': CMAKE_PREFIX_PATH=/opt/ros/humble:/home/latih/ros2_control/install/serial:/home/latih/ros2_control/install/my_robot_hardware:/home/latih/ros2_control/install/motor_test:/home/latih/ros2_control/install/my_robot_bringup:/home/latih/ros2_control/install/my_robot_description /usr/bin/cmake --install /home/latih/ros2_control/build/my_robot_hardware
