[0.015s] Invoking command in '/home/latih/ros2_control/build/ros2_control_demo_example_13': AMENT_PREFIX_PATH=/home/latih/ros2_control/install/ros2_control_demo_example_5:/home/latih/ros2_control/install/ros2_control_demo_example_4:/home/latih/ros2_control/install/ros2_control_demo_description:${AMENT_PREFIX_PATH} CMAKE_PREFIX_PATH=/home/latih/ros2_control/install/ros2_control_demo_example_5:/home/latih/ros2_control/install/ros2_control_demo_example_4:/home/latih/ros2_control/install/ros2_control_demo_description:/home/latih/ros2_control/install/my_robot_bringup:/home/latih/ros2_control/install/my_robot_description:/opt/ros/humble LD_LIBRARY_PATH=/home/latih/ros2_control/install/ros2_control_demo_example_5/lib:/home/latih/ros2_control/install/ros2_control_demo_example_4/lib:${LD_LIBRARY_PATH} /usr/bin/cmake /home/latih/ros2_control/src/ros2_control_demos/example_13 -DCMAKE_INSTALL_PREFIX=/home/latih/ros2_control/install/ros2_control_demo_example_13
[0.074s] -- The CXX compiler identification is GNU 11.4.0
[0.081s] -- Detecting CXX compiler ABI info
[0.141s] -- Detecting CXX compiler ABI info - done
[0.146s] -- Check for working CXX compiler: /usr/bin/c++ - skipped
[0.147s] -- Detecting CXX compile features
[0.147s] -- Detecting CXX compile features - done
[0.149s] -- Found ament_cmake: 1.3.11 (/opt/ros/humble/share/ament_cmake/cmake)
[0.272s] -- Found Python3: /usr/bin/python3 (found version "3.10.12") found components: Interpreter 
[0.342s] -- Found ament_cmake_ros: 0.10.0 (/opt/ros/humble/share/ament_cmake_ros/cmake)
[0.351s] -- Found launch_testing_ament_cmake: 1.0.8 (/opt/ros/humble/share/launch_testing_ament_cmake/cmake)
[0.352s] -- Found python_cmake_module: 0.10.0 (/opt/ros/humble/share/python_cmake_module/cmake)
[0.377s] -- Found PythonInterp: /usr/bin/python3 (found suitable version "3.10.12", minimum required is "3.6") 
[0.386s] -- Found PythonLibs: /usr/lib/x86_64-linux-gnu/libpython3.10.so (found suitable version "3.10.12", minimum required is "3.5") 
[0.386s] -- Using PYTHON_EXECUTABLE: /usr/bin/python3
[0.386s] -- Using PYTHON_INCLUDE_DIRS: /usr/include/python3.10
[0.386s] -- Using PYTHON_LIBRARIES: /usr/lib/x86_64-linux-gnu/libpython3.10.so
[0.401s] -- Found PythonExtra: .so  
[0.663s] -- Configuring done
[0.664s] -- Generating done
[0.665s] -- Build files have been written to: /home/latih/ros2_control/build/ros2_control_demo_example_13
[0.671s] Invoked command in '/home/latih/ros2_control/build/ros2_control_demo_example_13' returned '0': AMENT_PREFIX_PATH=/home/latih/ros2_control/install/ros2_control_demo_example_5:/home/latih/ros2_control/install/ros2_control_demo_example_4:/home/latih/ros2_control/install/ros2_control_demo_description:${AMENT_PREFIX_PATH} CMAKE_PREFIX_PATH=/home/latih/ros2_control/install/ros2_control_demo_example_5:/home/latih/ros2_control/install/ros2_control_demo_example_4:/home/latih/ros2_control/install/ros2_control_demo_description:/home/latih/ros2_control/install/my_robot_bringup:/home/latih/ros2_control/install/my_robot_description:/opt/ros/humble LD_LIBRARY_PATH=/home/latih/ros2_control/install/ros2_control_demo_example_5/lib:/home/latih/ros2_control/install/ros2_control_demo_example_4/lib:${LD_LIBRARY_PATH} /usr/bin/cmake /home/latih/ros2_control/src/ros2_control_demos/example_13 -DCMAKE_INSTALL_PREFIX=/home/latih/ros2_control/install/ros2_control_demo_example_13
[0.672s] Invoking command in '/home/latih/ros2_control/build/ros2_control_demo_example_13': AMENT_PREFIX_PATH=/home/latih/ros2_control/install/ros2_control_demo_example_5:/home/latih/ros2_control/install/ros2_control_demo_example_4:/home/latih/ros2_control/install/ros2_control_demo_description:${AMENT_PREFIX_PATH} CMAKE_PREFIX_PATH=/home/latih/ros2_control/install/ros2_control_demo_example_5:/home/latih/ros2_control/install/ros2_control_demo_example_4:/home/latih/ros2_control/install/ros2_control_demo_description:/home/latih/ros2_control/install/my_robot_bringup:/home/latih/ros2_control/install/my_robot_description:/opt/ros/humble LD_LIBRARY_PATH=/home/latih/ros2_control/install/ros2_control_demo_example_5/lib:/home/latih/ros2_control/install/ros2_control_demo_example_4/lib:${LD_LIBRARY_PATH} /usr/bin/cmake --build /home/latih/ros2_control/build/ros2_control_demo_example_13 -- -j16 -l16
[0.708s] Invoked command in '/home/latih/ros2_control/build/ros2_control_demo_example_13' returned '0': AMENT_PREFIX_PATH=/home/latih/ros2_control/install/ros2_control_demo_example_5:/home/latih/ros2_control/install/ros2_control_demo_example_4:/home/latih/ros2_control/install/ros2_control_demo_description:${AMENT_PREFIX_PATH} CMAKE_PREFIX_PATH=/home/latih/ros2_control/install/ros2_control_demo_example_5:/home/latih/ros2_control/install/ros2_control_demo_example_4:/home/latih/ros2_control/install/ros2_control_demo_description:/home/latih/ros2_control/install/my_robot_bringup:/home/latih/ros2_control/install/my_robot_description:/opt/ros/humble LD_LIBRARY_PATH=/home/latih/ros2_control/install/ros2_control_demo_example_5/lib:/home/latih/ros2_control/install/ros2_control_demo_example_4/lib:${LD_LIBRARY_PATH} /usr/bin/cmake --build /home/latih/ros2_control/build/ros2_control_demo_example_13 -- -j16 -l16
[0.710s] Invoking command in '/home/latih/ros2_control/build/ros2_control_demo_example_13': AMENT_PREFIX_PATH=/home/latih/ros2_control/install/ros2_control_demo_example_5:/home/latih/ros2_control/install/ros2_control_demo_example_4:/home/latih/ros2_control/install/ros2_control_demo_description:${AMENT_PREFIX_PATH} CMAKE_PREFIX_PATH=/home/latih/ros2_control/install/ros2_control_demo_example_5:/home/latih/ros2_control/install/ros2_control_demo_example_4:/home/latih/ros2_control/install/ros2_control_demo_description:/home/latih/ros2_control/install/my_robot_bringup:/home/latih/ros2_control/install/my_robot_description:/opt/ros/humble LD_LIBRARY_PATH=/home/latih/ros2_control/install/ros2_control_demo_example_5/lib:/home/latih/ros2_control/install/ros2_control_demo_example_4/lib:${LD_LIBRARY_PATH} /usr/bin/cmake --install /home/latih/ros2_control/build/ros2_control_demo_example_13
[0.716s] -- Install configuration: ""
[0.716s] -- Installing: /home/latih/ros2_control/install/ros2_control_demo_example_13/share/ros2_control_demo_example_13/ros2_control
[0.716s] -- Installing: /home/latih/ros2_control/install/ros2_control_demo_example_13/share/ros2_control_demo_example_13/ros2_control/threedofbot.ros2_control.xacro
[0.716s] -- Installing: /home/latih/ros2_control/install/ros2_control_demo_example_13/share/ros2_control_demo_example_13/urdf
[0.716s] -- Installing: /home/latih/ros2_control/install/ros2_control_demo_example_13/share/ros2_control_demo_example_13/urdf/three_robots.urdf.xacro
[0.716s] -- Installing: /home/latih/ros2_control/install/ros2_control_demo_example_13/share/ros2_control_demo_example_13/rviz
[0.716s] -- Installing: /home/latih/ros2_control/install/ros2_control_demo_example_13/share/ros2_control_demo_example_13/rviz/three_robots.rviz
[0.716s] -- Installing: /home/latih/ros2_control/install/ros2_control_demo_example_13/share/ros2_control_demo_example_13/launch
[0.716s] -- Installing: /home/latih/ros2_control/install/ros2_control_demo_example_13/share/ros2_control_demo_example_13/launch/three_robots.launch.py
[0.716s] -- Installing: /home/latih/ros2_control/install/ros2_control_demo_example_13/share/ros2_control_demo_example_13/config
[0.716s] -- Installing: /home/latih/ros2_control/install/ros2_control_demo_example_13/share/ros2_control_demo_example_13/config/three_robots_position_command_publishers.yaml
[0.716s] -- Installing: /home/latih/ros2_control/install/ros2_control_demo_example_13/share/ros2_control_demo_example_13/config/three_robots_controllers.yaml
[0.717s] -- Installing: /home/latih/ros2_control/install/ros2_control_demo_example_13/share/ament_index/resource_index/package_run_dependencies/ros2_control_demo_example_13
[0.717s] -- Installing: /home/latih/ros2_control/install/ros2_control_demo_example_13/share/ament_index/resource_index/parent_prefix_path/ros2_control_demo_example_13
[0.717s] -- Installing: /home/latih/ros2_control/install/ros2_control_demo_example_13/share/ros2_control_demo_example_13/environment/ament_prefix_path.sh
[0.717s] -- Installing: /home/latih/ros2_control/install/ros2_control_demo_example_13/share/ros2_control_demo_example_13/environment/ament_prefix_path.dsv
[0.717s] -- Installing: /home/latih/ros2_control/install/ros2_control_demo_example_13/share/ros2_control_demo_example_13/environment/path.sh
[0.717s] -- Installing: /home/latih/ros2_control/install/ros2_control_demo_example_13/share/ros2_control_demo_example_13/environment/path.dsv
[0.717s] -- Installing: /home/latih/ros2_control/install/ros2_control_demo_example_13/share/ros2_control_demo_example_13/local_setup.bash
[0.717s] -- Installing: /home/latih/ros2_control/install/ros2_control_demo_example_13/share/ros2_control_demo_example_13/local_setup.sh
[0.717s] -- Installing: /home/latih/ros2_control/install/ros2_control_demo_example_13/share/ros2_control_demo_example_13/local_setup.zsh
[0.717s] -- Installing: /home/latih/ros2_control/install/ros2_control_demo_example_13/share/ros2_control_demo_example_13/local_setup.dsv
[0.717s] -- Installing: /home/latih/ros2_control/install/ros2_control_demo_example_13/share/ros2_control_demo_example_13/package.dsv
[0.717s] -- Installing: /home/latih/ros2_control/install/ros2_control_demo_example_13/share/ament_index/resource_index/packages/ros2_control_demo_example_13
[0.717s] -- Installing: /home/latih/ros2_control/install/ros2_control_demo_example_13/share/ros2_control_demo_example_13/cmake/ros2_control_demo_example_13Config.cmake
[0.718s] -- Installing: /home/latih/ros2_control/install/ros2_control_demo_example_13/share/ros2_control_demo_example_13/cmake/ros2_control_demo_example_13Config-version.cmake
[0.718s] -- Installing: /home/latih/ros2_control/install/ros2_control_demo_example_13/share/ros2_control_demo_example_13/package.xml
[0.719s] Invoked command in '/home/latih/ros2_control/build/ros2_control_demo_example_13' returned '0': AMENT_PREFIX_PATH=/home/latih/ros2_control/install/ros2_control_demo_example_5:/home/latih/ros2_control/install/ros2_control_demo_example_4:/home/latih/ros2_control/install/ros2_control_demo_description:${AMENT_PREFIX_PATH} CMAKE_PREFIX_PATH=/home/latih/ros2_control/install/ros2_control_demo_example_5:/home/latih/ros2_control/install/ros2_control_demo_example_4:/home/latih/ros2_control/install/ros2_control_demo_description:/home/latih/ros2_control/install/my_robot_bringup:/home/latih/ros2_control/install/my_robot_description:/opt/ros/humble LD_LIBRARY_PATH=/home/latih/ros2_control/install/ros2_control_demo_example_5/lib:/home/latih/ros2_control/install/ros2_control_demo_example_4/lib:${LD_LIBRARY_PATH} /usr/bin/cmake --install /home/latih/ros2_control/build/ros2_control_demo_example_13
