[0.010s] Invoking command in '/home/latih/ros2_control/build/my_robot_hardware': CMAKE_PREFIX_PATH=/opt/ros/humble:/home/latih/ros2_control/install/serial:/home/latih/ros2_control/install/my_robot_hardware:/home/latih/ros2_control/install/motor_test:/home/latih/ros2_control/install/my_robot_bringup:/home/latih/ros2_control/install/my_robot_description /usr/bin/cmake --build /home/latih/ros2_control/build/my_robot_hardware -- -j16 -l16
[0.025s] -- Found ament_cmake: 1.3.11 (/opt/ros/humble/share/ament_cmake/cmake)
[0.109s] -- Found rclcpp: 16.0.12 (/opt/ros/humble/share/rclcpp/cmake)
[0.127s] -- Found rosidl_generator_c: 3.1.6 (/opt/ros/humble/share/rosidl_generator_c/cmake)
[0.128s] -- Found rosidl_adapter: 3.1.6 (/opt/ros/humble/share/rosidl_adapter/cmake)
[0.132s] -- Found rosidl_generator_cpp: 3.1.6 (/opt/ros/humble/share/rosidl_generator_cpp/cmake)
[0.138s] -- Using all available rosidl_typesupport_c: rosidl_typesupport_fastrtps_c;rosidl_typesupport_introspection_c
[0.146s] -- Using all available rosidl_typesupport_cpp: rosidl_typesupport_fastrtps_cpp;rosidl_typesupport_introspection_cpp
[0.166s] -- Found rmw_implementation_cmake: 6.1.2 (/opt/ros/humble/share/rmw_implementation_cmake/cmake)
[0.167s] -- Found rmw_fastrtps_cpp: 6.2.7 (/opt/ros/humble/share/rmw_fastrtps_cpp/cmake)
[0.235s] -- Using RMW implementation 'rmw_fastrtps_cpp' as default
[0.268s] -- Found rclcpp_lifecycle: 16.0.12 (/opt/ros/humble/share/rclcpp_lifecycle/cmake)
[0.278s] -- Found serial: 1.2.1 (/home/latih/ros2_control/install/serial/share/serial/cmake)
[0.279s] -- Found hardware_interface: 2.50.0 (/opt/ros/humble/share/hardware_interface/cmake)
[0.353s] [31mCMake Error at /opt/ros/humble/share/pluginlib/cmake/pluginlib_export_plugin_description_file.cmake:84 (message):
[0.353s]   Given plugin description file
[0.353s]   '/home/latih/ros2_control/src/my_robot_hardware/my_robot_hardware/my_robot_hardware_interface.xml'
[0.353s]   does not exist
[0.353s] Call Stack (most recent call first):
[0.353s]   CMakeLists.txt:25 (pluginlib_export_plugin_description_file)
[0.353s] 
[0.353s] [0m
[0.353s] -- Configuring incomplete, errors occurred!
[0.354s] See also "/home/latih/ros2_control/build/my_robot_hardware/CMakeFiles/CMakeOutput.log".
[0.357s] gmake: *** [Makefile:226: cmake_check_build_system] Error 1
[0.358s] Invoked command in '/home/latih/ros2_control/build/my_robot_hardware' returned '2': CMAKE_PREFIX_PATH=/opt/ros/humble:/home/latih/ros2_control/install/serial:/home/latih/ros2_control/install/my_robot_hardware:/home/latih/ros2_control/install/motor_test:/home/latih/ros2_control/install/my_robot_bringup:/home/latih/ros2_control/install/my_robot_description /usr/bin/cmake --build /home/latih/ros2_control/build/my_robot_hardware -- -j16 -l16
