[0.006s] Invoking command in '/home/latih/ros2_control/build/my_robot_description': CMAKE_PREFIX_PATH=/opt/ros/humble /usr/bin/cmake /home/latih/ros2_control/src/my_robot_description -DCMAKE_INSTALL_PREFIX=/home/latih/ros2_control/install/my_robot_description
[0.060s] -- The C compiler identification is GNU 11.4.0
[0.102s] -- The CXX compiler identification is GNU 11.4.0
[0.107s] -- Detecting C compiler ABI info
[0.187s] -- Detecting C compiler ABI info - done
[0.196s] -- Check for working C compiler: /usr/bin/cc - skipped
[0.196s] -- Detecting C compile features
[0.196s] -- Detecting C compile features - done
[0.199s] -- Detecting CXX compiler ABI info
[0.288s] -- Detecting CXX compiler ABI info - done
[0.293s] -- Check for working CXX compiler: /usr/bin/c++ - skipped
[0.293s] -- Detecting CXX compile features
[0.294s] -- Detecting CXX compile features - done
[0.295s] -- Found ament_cmake: 1.3.11 (/opt/ros/humble/share/ament_cmake/cmake)
[0.399s] -- Found Python3: /usr/bin/python3 (found version "3.10.12") found components: Interpreter 
[0.503s] -- Configuring done
[0.505s] -- Generating done
[0.505s] -- Build files have been written to: /home/latih/ros2_control/build/my_robot_description
[0.509s] Invoked command in '/home/latih/ros2_control/build/my_robot_description' returned '0': CMAKE_PREFIX_PATH=/opt/ros/humble /usr/bin/cmake /home/latih/ros2_control/src/my_robot_description -DCMAKE_INSTALL_PREFIX=/home/latih/ros2_control/install/my_robot_description
[0.510s] Invoking command in '/home/latih/ros2_control/build/my_robot_description': CMAKE_PREFIX_PATH=/opt/ros/humble /usr/bin/cmake --build /home/latih/ros2_control/build/my_robot_description -- -j16 -l16
