[0.061s] Invoking command in '/home/latih/ros2_control/build/ros2_control_demo_example_7': AMENT_PREFIX_PATH=/home/latih/ros2_control/install/ros2_control_demo_description:${AMENT_PREFIX_PATH} CMAKE_PREFIX_PATH=/home/latih/ros2_control/install/ros2_control_demo_description:/home/latih/ros2_control/install/my_robot_bringup:/home/latih/ros2_control/install/my_robot_description:/opt/ros/humble /usr/bin/cmake /home/latih/ros2_control/src/ros2_control_demos/example_7 -DCMAKE_INSTALL_PREFIX=/home/latih/ros2_control/install/ros2_control_demo_example_7
[2.101s] -- The CXX compiler identification is GNU 11.4.0
[2.102s] -- Detecting CXX compiler ABI info
[2.103s] -- Detecting CXX compiler ABI info - done
[2.103s] -- Check for working CXX compiler: /usr/bin/c++ - skipped
[2.103s] -- Detecting CXX compile features
[2.103s] -- Detecting CXX compile features - done
[2.103s] -- Found ament_cmake: 1.3.11 (/opt/ros/humble/share/ament_cmake/cmake)
[2.103s] -- Found Python3: /usr/bin/python3 (found version "3.10.12") found components: Interpreter 
[2.103s] -- Found pluginlib: 5.1.0 (/opt/ros/humble/share/pluginlib/cmake)
[2.103s] -- Found hardware_interface: 2.50.0 (/opt/ros/humble/share/hardware_interface/cmake)
[2.104s] -- Found rosidl_generator_c: 3.1.6 (/opt/ros/humble/share/rosidl_generator_c/cmake)
[2.104s] -- Found rosidl_adapter: 3.1.6 (/opt/ros/humble/share/rosidl_adapter/cmake)
[2.104s] -- Found rosidl_generator_cpp: 3.1.6 (/opt/ros/humble/share/rosidl_generator_cpp/cmake)
[2.104s] -- Using all available rosidl_typesupport_c: rosidl_typesupport_fastrtps_c;rosidl_typesupport_introspection_c
[2.104s] -- Using all available rosidl_typesupport_cpp: rosidl_typesupport_fastrtps_cpp;rosidl_typesupport_introspection_cpp
[2.104s] -- Found rmw_implementation_cmake: 6.1.2 (/opt/ros/humble/share/rmw_implementation_cmake/cmake)
[2.104s] -- Found rmw_fastrtps_cpp: 6.2.7 (/opt/ros/humble/share/rmw_fastrtps_cpp/cmake)
[2.104s] -- Found TinyXML2 via Config file: TinyXML2_DIR-NOTFOUND
[2.104s] -- Found OpenSSL: /usr/lib/x86_64-linux-gnu/libcrypto.so (found version "3.0.2")  
[2.104s] -- Found TinyXML2 via Config file: TinyXML2_DIR-NOTFOUND
[2.104s] -- Found FastRTPS: /opt/ros/humble/include  
[2.104s] -- Found TinyXML2 via Config file: TinyXML2_DIR-NOTFOUND
[2.104s] -- Found TinyXML2 via Config file: TinyXML2_DIR-NOTFOUND
[2.104s] -- Using RMW implementation 'rmw_fastrtps_cpp' as default
[2.104s] -- Looking for C++ include pthread.h
[2.104s] -- Looking for C++ include pthread.h - found
[2.104s] -- Performing Test CMAKE_HAVE_LIBC_PTHREAD
[2.104s] -- Performing Test CMAKE_HAVE_LIBC_PTHREAD - Success
[2.104s] -- Found Threads: TRUE  
[2.105s] -- Found kdl_parser: 2.6.4 (/opt/ros/humble/share/kdl_parser/cmake)
[2.105s] -- Found eigen3_cmake_module: 0.1.1 (/opt/ros/humble/share/eigen3_cmake_module/cmake)
[2.105s] -- Found Eigen3: TRUE (found version "3.4.0") 
[2.105s] -- Ensuring Eigen3 include directory is part of orocos-kdl CMake target
[2.105s] -- Found controller_interface: 2.50.0 (/opt/ros/humble/share/controller_interface/cmake)
[2.105s] -- Found realtime_tools: 2.13.0 (/opt/ros/humble/share/realtime_tools/cmake)
[2.105s] -- Found ament_cmake_pytest: 1.3.11 (/opt/ros/humble/share/ament_cmake_pytest/cmake)
[2.460s] -- Configuring done
[2.485s] -- Generating done
[2.492s] -- Build files have been written to: /home/latih/ros2_control/build/ros2_control_demo_example_7
[2.508s] Invoked command in '/home/latih/ros2_control/build/ros2_control_demo_example_7' returned '0': AMENT_PREFIX_PATH=/home/latih/ros2_control/install/ros2_control_demo_description:${AMENT_PREFIX_PATH} CMAKE_PREFIX_PATH=/home/latih/ros2_control/install/ros2_control_demo_description:/home/latih/ros2_control/install/my_robot_bringup:/home/latih/ros2_control/install/my_robot_description:/opt/ros/humble /usr/bin/cmake /home/latih/ros2_control/src/ros2_control_demos/example_7 -DCMAKE_INSTALL_PREFIX=/home/latih/ros2_control/install/ros2_control_demo_example_7
[2.509s] Invoking command in '/home/latih/ros2_control/build/ros2_control_demo_example_7': AMENT_PREFIX_PATH=/home/latih/ros2_control/install/ros2_control_demo_description:${AMENT_PREFIX_PATH} CMAKE_PREFIX_PATH=/home/latih/ros2_control/install/ros2_control_demo_description:/home/latih/ros2_control/install/my_robot_bringup:/home/latih/ros2_control/install/my_robot_description:/opt/ros/humble /usr/bin/cmake --build /home/latih/ros2_control/build/ros2_control_demo_example_7 -- -j16 -l16
[2.760s] [ 20%] [32mBuilding CXX object CMakeFiles/send_trajectory.dir/reference_generator/send_trajectory.cpp.o[0m
[2.760s] [ 40%] [32mBuilding CXX object CMakeFiles/ros2_control_demo_example_7.dir/controller/r6bot_controller.cpp.o[0m
[2.760s] [ 60%] [32mBuilding CXX object CMakeFiles/ros2_control_demo_example_7.dir/hardware/r6bot_hardware.cpp.o[0m
[8.906s] [ 80%] [32m[1mLinking CXX executable send_trajectory[0m
[9.045s] [ 80%] Built target send_trajectory
[10.680s] [100%] [32m[1mLinking CXX shared library libros2_control_demo_example_7.so[0m
[11.054s] [100%] Built target ros2_control_demo_example_7
[11.064s] Invoked command in '/home/latih/ros2_control/build/ros2_control_demo_example_7' returned '0': AMENT_PREFIX_PATH=/home/latih/ros2_control/install/ros2_control_demo_description:${AMENT_PREFIX_PATH} CMAKE_PREFIX_PATH=/home/latih/ros2_control/install/ros2_control_demo_description:/home/latih/ros2_control/install/my_robot_bringup:/home/latih/ros2_control/install/my_robot_description:/opt/ros/humble /usr/bin/cmake --build /home/latih/ros2_control/build/ros2_control_demo_example_7 -- -j16 -l16
[11.065s] Invoking command in '/home/latih/ros2_control/build/ros2_control_demo_example_7': AMENT_PREFIX_PATH=/home/latih/ros2_control/install/ros2_control_demo_description:${AMENT_PREFIX_PATH} CMAKE_PREFIX_PATH=/home/latih/ros2_control/install/ros2_control_demo_description:/home/latih/ros2_control/install/my_robot_bringup:/home/latih/ros2_control/install/my_robot_description:/opt/ros/humble /usr/bin/cmake --install /home/latih/ros2_control/build/ros2_control_demo_example_7
[11.072s] -- Install configuration: ""
[11.072s] -- Installing: /home/latih/ros2_control/install/ros2_control_demo_example_7/share/ros2_control_demo_example_7/ros2_control_demo_example_7.xml
[11.073s] -- Up-to-date: /home/latih/ros2_control/install/ros2_control_demo_example_7/share/ros2_control_demo_example_7/ros2_control_demo_example_7.xml
[11.073s] -- Installing: /home/latih/ros2_control/install/ros2_control_demo_example_7/include/ros2_control_demo_example_7
[11.073s] -- Installing: /home/latih/ros2_control/install/ros2_control_demo_example_7/include/ros2_control_demo_example_7/ros2_control_demo_example_7
[11.073s] -- Installing: /home/latih/ros2_control/install/ros2_control_demo_example_7/include/ros2_control_demo_example_7/ros2_control_demo_example_7/r6bot_hardware.hpp
[11.073s] -- Installing: /home/latih/ros2_control/install/ros2_control_demo_example_7/share/ros2_control_demo_example_7/launch
[11.073s] -- Installing: /home/latih/ros2_control/install/ros2_control_demo_example_7/share/ros2_control_demo_example_7/launch/view_r6bot.launch.py
[11.073s] -- Installing: /home/latih/ros2_control/install/ros2_control_demo_example_7/share/ros2_control_demo_example_7/ros2_control
[11.073s] -- Installing: /home/latih/ros2_control/install/ros2_control_demo_example_7/share/ros2_control_demo_example_7/ros2_control/r6bot.ros2_control.xacro
[11.073s] -- Installing: /home/latih/ros2_control/install/ros2_control_demo_example_7/share/ros2_control_demo_example_7/urdf
[11.073s] -- Installing: /home/latih/ros2_control/install/ros2_control_demo_example_7/share/ros2_control_demo_example_7/urdf/r6bot.urdf.xacro
[11.073s] -- Up-to-date: /home/latih/ros2_control/install/ros2_control_demo_example_7/share/ros2_control_demo_example_7/launch
[11.073s] -- Installing: /home/latih/ros2_control/install/ros2_control_demo_example_7/share/ros2_control_demo_example_7/launch/r6bot_controller.launch.py
[11.073s] -- Installing: /home/latih/ros2_control/install/ros2_control_demo_example_7/share/ros2_control_demo_example_7/launch/send_trajectory.launch.py
[11.074s] -- Installing: /home/latih/ros2_control/install/ros2_control_demo_example_7/share/ros2_control_demo_example_7/config
[11.074s] -- Installing: /home/latih/ros2_control/install/ros2_control_demo_example_7/share/ros2_control_demo_example_7/config/r6bot_controller.yaml
[11.074s] -- Installing: /home/latih/ros2_control/install/ros2_control_demo_example_7/lib/ros2_control_demo_example_7/send_trajectory
[11.075s] -- Set runtime path of "/home/latih/ros2_control/install/ros2_control_demo_example_7/lib/ros2_control_demo_example_7/send_trajectory" to ""
[11.075s] -- Installing: /home/latih/ros2_control/install/ros2_control_demo_example_7/lib/libros2_control_demo_example_7.so
[11.080s] -- Set runtime path of "/home/latih/ros2_control/install/ros2_control_demo_example_7/lib/libros2_control_demo_example_7.so" to ""
[11.080s] -- Installing: /home/latih/ros2_control/install/ros2_control_demo_example_7/share/ros2_control_demo_example_7/environment/library_path.sh
[11.080s] -- Installing: /home/latih/ros2_control/install/ros2_control_demo_example_7/share/ros2_control_demo_example_7/environment/library_path.dsv
[11.080s] -- Installing: /home/latih/ros2_control/install/ros2_control_demo_example_7/share/ament_index/resource_index/package_run_dependencies/ros2_control_demo_example_7
[11.080s] -- Installing: /home/latih/ros2_control/install/ros2_control_demo_example_7/share/ament_index/resource_index/parent_prefix_path/ros2_control_demo_example_7
[11.080s] -- Installing: /home/latih/ros2_control/install/ros2_control_demo_example_7/share/ros2_control_demo_example_7/environment/ament_prefix_path.sh
[11.081s] -- Installing: /home/latih/ros2_control/install/ros2_control_demo_example_7/share/ros2_control_demo_example_7/environment/ament_prefix_path.dsv
[11.081s] -- Installing: /home/latih/ros2_control/install/ros2_control_demo_example_7/share/ros2_control_demo_example_7/environment/path.sh
[11.081s] -- Installing: /home/latih/ros2_control/install/ros2_control_demo_example_7/share/ros2_control_demo_example_7/environment/path.dsv
[11.081s] -- Installing: /home/latih/ros2_control/install/ros2_control_demo_example_7/share/ros2_control_demo_example_7/local_setup.bash
[11.081s] -- Installing: /home/latih/ros2_control/install/ros2_control_demo_example_7/share/ros2_control_demo_example_7/local_setup.sh
[11.081s] -- Installing: /home/latih/ros2_control/install/ros2_control_demo_example_7/share/ros2_control_demo_example_7/local_setup.zsh
[11.081s] -- Installing: /home/latih/ros2_control/install/ros2_control_demo_example_7/share/ros2_control_demo_example_7/local_setup.dsv
[11.081s] -- Installing: /home/latih/ros2_control/install/ros2_control_demo_example_7/share/ros2_control_demo_example_7/package.dsv
[11.081s] -- Installing: /home/latih/ros2_control/install/ros2_control_demo_example_7/share/ament_index/resource_index/packages/ros2_control_demo_example_7
[11.081s] -- Installing: /home/latih/ros2_control/install/ros2_control_demo_example_7/share/ament_index/resource_index/hardware_interface__pluginlib__plugin/ros2_control_demo_example_7
[11.081s] -- Installing: /home/latih/ros2_control/install/ros2_control_demo_example_7/share/ament_index/resource_index/controller_interface__pluginlib__plugin/ros2_control_demo_example_7
[11.081s] -- Installing: /home/latih/ros2_control/install/ros2_control_demo_example_7/share/ros2_control_demo_example_7/cmake/export_ros2_control_demo_example_7Export.cmake
[11.081s] -- Installing: /home/latih/ros2_control/install/ros2_control_demo_example_7/share/ros2_control_demo_example_7/cmake/export_ros2_control_demo_example_7Export-noconfig.cmake
[11.081s] -- Installing: /home/latih/ros2_control/install/ros2_control_demo_example_7/share/ros2_control_demo_example_7/cmake/ament_cmake_export_targets-extras.cmake
[11.081s] -- Installing: /home/latih/ros2_control/install/ros2_control_demo_example_7/share/ros2_control_demo_example_7/cmake/ament_cmake_export_dependencies-extras.cmake
[11.081s] -- Installing: /home/latih/ros2_control/install/ros2_control_demo_example_7/share/ros2_control_demo_example_7/cmake/ros2_control_demo_example_7Config.cmake
[11.081s] -- Installing: /home/latih/ros2_control/install/ros2_control_demo_example_7/share/ros2_control_demo_example_7/cmake/ros2_control_demo_example_7Config-version.cmake
[11.081s] -- Installing: /home/latih/ros2_control/install/ros2_control_demo_example_7/share/ros2_control_demo_example_7/package.xml
[11.083s] Invoked command in '/home/latih/ros2_control/build/ros2_control_demo_example_7' returned '0': AMENT_PREFIX_PATH=/home/latih/ros2_control/install/ros2_control_demo_description:${AMENT_PREFIX_PATH} CMAKE_PREFIX_PATH=/home/latih/ros2_control/install/ros2_control_demo_description:/home/latih/ros2_control/install/my_robot_bringup:/home/latih/ros2_control/install/my_robot_description:/opt/ros/humble /usr/bin/cmake --install /home/latih/ros2_control/build/ros2_control_demo_example_7
