[0.006s] Invoking command in '/home/latih/ros2_control/build/my_robot_bringup': CMAKE_PREFIX_PATH=/home/latih/ros2_control/install/my_robot_description:/home/latih/ros2_control/install/ros2_control_demos:/home/latih/ros2_control/install/ros2_control_demo_example_9:/home/latih/ros2_control/install/ros2_control_demo_example_8:/home/latih/ros2_control/install/ros2_control_demo_example_7:/home/latih/ros2_control/install/ros2_control_demo_example_6:/home/latih/ros2_control/install/ros2_control_demo_example_15:/home/latih/ros2_control/install/ros2_control_demo_example_13:/home/latih/ros2_control/install/ros2_control_demo_example_5:/home/latih/ros2_control/install/ros2_control_demo_example_4:/home/latih/ros2_control/install/ros2_control_demo_example_3:/home/latih/ros2_control/install/ros2_control_demo_example_2:/home/latih/ros2_control/install/ros2_control_demo_example_14:/home/latih/ros2_control/install/ros2_control_demo_example_12:/home/latih/ros2_control/install/ros2_control_demo_example_11:/home/latih/ros2_control/install/ros2_control_demo_example_10:/home/latih/ros2_control/install/ros2_control_demo_example_1:/home/latih/ros2_control/install/my_robot_bringup:/home/latih/ros2_control/install/ros2_control_demo_description:/opt/ros/humble /usr/bin/cmake /home/latih/ros2_control/src/my_robot_bringup -DCMAKE_INSTALL_PREFIX=/home/latih/ros2_control/install/my_robot_bringup
[0.066s] -- The C compiler identification is GNU 11.4.0
[0.130s] -- The CXX compiler identification is GNU 11.4.0
[0.135s] -- Detecting C compiler ABI info
[0.222s] -- Detecting C compiler ABI info - done
[0.229s] -- Check for working C compiler: /usr/bin/cc - skipped
[0.229s] -- Detecting C compile features
[0.229s] -- Detecting C compile features - done
[0.231s] -- Detecting CXX compiler ABI info
[0.331s] -- Detecting CXX compiler ABI info - done
[0.337s] -- Check for working CXX compiler: /usr/bin/c++ - skipped
[0.337s] -- Detecting CXX compile features
[0.338s] -- Detecting CXX compile features - done
[0.340s] -- Found ament_cmake: 1.3.11 (/opt/ros/humble/share/ament_cmake/cmake)
[0.471s] -- Found Python3: /usr/bin/python3 (found version "3.10.12") found components: Interpreter 
[0.578s] -- Configuring done
[0.580s] -- Generating done
[0.580s] -- Build files have been written to: /home/latih/ros2_control/build/my_robot_bringup
[0.584s] Invoked command in '/home/latih/ros2_control/build/my_robot_bringup' returned '0': CMAKE_PREFIX_PATH=/home/latih/ros2_control/install/my_robot_description:/home/latih/ros2_control/install/ros2_control_demos:/home/latih/ros2_control/install/ros2_control_demo_example_9:/home/latih/ros2_control/install/ros2_control_demo_example_8:/home/latih/ros2_control/install/ros2_control_demo_example_7:/home/latih/ros2_control/install/ros2_control_demo_example_6:/home/latih/ros2_control/install/ros2_control_demo_example_15:/home/latih/ros2_control/install/ros2_control_demo_example_13:/home/latih/ros2_control/install/ros2_control_demo_example_5:/home/latih/ros2_control/install/ros2_control_demo_example_4:/home/latih/ros2_control/install/ros2_control_demo_example_3:/home/latih/ros2_control/install/ros2_control_demo_example_2:/home/latih/ros2_control/install/ros2_control_demo_example_14:/home/latih/ros2_control/install/ros2_control_demo_example_12:/home/latih/ros2_control/install/ros2_control_demo_example_11:/home/latih/ros2_control/install/ros2_control_demo_example_10:/home/latih/ros2_control/install/ros2_control_demo_example_1:/home/latih/ros2_control/install/my_robot_bringup:/home/latih/ros2_control/install/ros2_control_demo_description:/opt/ros/humble /usr/bin/cmake /home/latih/ros2_control/src/my_robot_bringup -DCMAKE_INSTALL_PREFIX=/home/latih/ros2_control/install/my_robot_bringup
[0.585s] Invoking command in '/home/latih/ros2_control/build/my_robot_bringup': CMAKE_PREFIX_PATH=/home/latih/ros2_control/install/my_robot_description:/home/latih/ros2_control/install/ros2_control_demos:/home/latih/ros2_control/install/ros2_control_demo_example_9:/home/latih/ros2_control/install/ros2_control_demo_example_8:/home/latih/ros2_control/install/ros2_control_demo_example_7:/home/latih/ros2_control/install/ros2_control_demo_example_6:/home/latih/ros2_control/install/ros2_control_demo_example_15:/home/latih/ros2_control/install/ros2_control_demo_example_13:/home/latih/ros2_control/install/ros2_control_demo_example_5:/home/latih/ros2_control/install/ros2_control_demo_example_4:/home/latih/ros2_control/install/ros2_control_demo_example_3:/home/latih/ros2_control/install/ros2_control_demo_example_2:/home/latih/ros2_control/install/ros2_control_demo_example_14:/home/latih/ros2_control/install/ros2_control_demo_example_12:/home/latih/ros2_control/install/ros2_control_demo_example_11:/home/latih/ros2_control/install/ros2_control_demo_example_10:/home/latih/ros2_control/install/ros2_control_demo_example_1:/home/latih/ros2_control/install/my_robot_bringup:/home/latih/ros2_control/install/ros2_control_demo_description:/opt/ros/humble /usr/bin/cmake --build /home/latih/ros2_control/build/my_robot_bringup -- -j16 -l16
[0.616s] Invoked command in '/home/latih/ros2_control/build/my_robot_bringup' returned '0': CMAKE_PREFIX_PATH=/home/latih/ros2_control/install/my_robot_description:/home/latih/ros2_control/install/ros2_control_demos:/home/latih/ros2_control/install/ros2_control_demo_example_9:/home/latih/ros2_control/install/ros2_control_demo_example_8:/home/latih/ros2_control/install/ros2_control_demo_example_7:/home/latih/ros2_control/install/ros2_control_demo_example_6:/home/latih/ros2_control/install/ros2_control_demo_example_15:/home/latih/ros2_control/install/ros2_control_demo_example_13:/home/latih/ros2_control/install/ros2_control_demo_example_5:/home/latih/ros2_control/install/ros2_control_demo_example_4:/home/latih/ros2_control/install/ros2_control_demo_example_3:/home/latih/ros2_control/install/ros2_control_demo_example_2:/home/latih/ros2_control/install/ros2_control_demo_example_14:/home/latih/ros2_control/install/ros2_control_demo_example_12:/home/latih/ros2_control/install/ros2_control_demo_example_11:/home/latih/ros2_control/install/ros2_control_demo_example_10:/home/latih/ros2_control/install/ros2_control_demo_example_1:/home/latih/ros2_control/install/my_robot_bringup:/home/latih/ros2_control/install/ros2_control_demo_description:/opt/ros/humble /usr/bin/cmake --build /home/latih/ros2_control/build/my_robot_bringup -- -j16 -l16
[0.617s] Invoking command in '/home/latih/ros2_control/build/my_robot_bringup': CMAKE_PREFIX_PATH=/home/latih/ros2_control/install/my_robot_description:/home/latih/ros2_control/install/ros2_control_demos:/home/latih/ros2_control/install/ros2_control_demo_example_9:/home/latih/ros2_control/install/ros2_control_demo_example_8:/home/latih/ros2_control/install/ros2_control_demo_example_7:/home/latih/ros2_control/install/ros2_control_demo_example_6:/home/latih/ros2_control/install/ros2_control_demo_example_15:/home/latih/ros2_control/install/ros2_control_demo_example_13:/home/latih/ros2_control/install/ros2_control_demo_example_5:/home/latih/ros2_control/install/ros2_control_demo_example_4:/home/latih/ros2_control/install/ros2_control_demo_example_3:/home/latih/ros2_control/install/ros2_control_demo_example_2:/home/latih/ros2_control/install/ros2_control_demo_example_14:/home/latih/ros2_control/install/ros2_control_demo_example_12:/home/latih/ros2_control/install/ros2_control_demo_example_11:/home/latih/ros2_control/install/ros2_control_demo_example_10:/home/latih/ros2_control/install/ros2_control_demo_example_1:/home/latih/ros2_control/install/my_robot_bringup:/home/latih/ros2_control/install/ros2_control_demo_description:/opt/ros/humble /usr/bin/cmake --install /home/latih/ros2_control/build/my_robot_bringup
[0.625s] -- Install configuration: ""
[0.626s] -- Installing: /home/latih/ros2_control/install/my_robot_bringup/share/my_robot_bringup//config
[0.626s] -- Installing: /home/latih/ros2_control/install/my_robot_bringup/share/my_robot_bringup//config/my_robot_controllers.yaml
[0.626s] -- Installing: /home/latih/ros2_control/install/my_robot_bringup/share/my_robot_bringup//launch
[0.626s] -- Installing: /home/latih/ros2_control/install/my_robot_bringup/share/my_robot_bringup//launch/my_robot.launch.xml
[0.626s] -- Installing: /home/latih/ros2_control/install/my_robot_bringup/share/my_robot_bringup//launch/my_robot.launch.py
[0.626s] -- Installing: /home/latih/ros2_control/install/my_robot_bringup/share/ament_index/resource_index/package_run_dependencies/my_robot_bringup
[0.626s] -- Installing: /home/latih/ros2_control/install/my_robot_bringup/share/ament_index/resource_index/parent_prefix_path/my_robot_bringup
[0.626s] -- Installing: /home/latih/ros2_control/install/my_robot_bringup/share/my_robot_bringup/environment/ament_prefix_path.sh
[0.626s] -- Installing: /home/latih/ros2_control/install/my_robot_bringup/share/my_robot_bringup/environment/ament_prefix_path.dsv
[0.626s] -- Installing: /home/latih/ros2_control/install/my_robot_bringup/share/my_robot_bringup/environment/path.sh
[0.627s] -- Installing: /home/latih/ros2_control/install/my_robot_bringup/share/my_robot_bringup/environment/path.dsv
[0.627s] -- Installing: /home/latih/ros2_control/install/my_robot_bringup/share/my_robot_bringup/local_setup.bash
[0.627s] -- Installing: /home/latih/ros2_control/install/my_robot_bringup/share/my_robot_bringup/local_setup.sh
[0.627s] -- Installing: /home/latih/ros2_control/install/my_robot_bringup/share/my_robot_bringup/local_setup.zsh
[0.627s] -- Installing: /home/latih/ros2_control/install/my_robot_bringup/share/my_robot_bringup/local_setup.dsv
[0.627s] -- Installing: /home/latih/ros2_control/install/my_robot_bringup/share/my_robot_bringup/package.dsv
[0.627s] -- Installing: /home/latih/ros2_control/install/my_robot_bringup/share/ament_index/resource_index/packages/my_robot_bringup
[0.627s] -- Installing: /home/latih/ros2_control/install/my_robot_bringup/share/my_robot_bringup/cmake/my_robot_bringupConfig.cmake
[0.627s] -- Installing: /home/latih/ros2_control/install/my_robot_bringup/share/my_robot_bringup/cmake/my_robot_bringupConfig-version.cmake
[0.627s] -- Installing: /home/latih/ros2_control/install/my_robot_bringup/share/my_robot_bringup/package.xml
[0.629s] Invoked command in '/home/latih/ros2_control/build/my_robot_bringup' returned '0': CMAKE_PREFIX_PATH=/home/latih/ros2_control/install/my_robot_description:/home/latih/ros2_control/install/ros2_control_demos:/home/latih/ros2_control/install/ros2_control_demo_example_9:/home/latih/ros2_control/install/ros2_control_demo_example_8:/home/latih/ros2_control/install/ros2_control_demo_example_7:/home/latih/ros2_control/install/ros2_control_demo_example_6:/home/latih/ros2_control/install/ros2_control_demo_example_15:/home/latih/ros2_control/install/ros2_control_demo_example_13:/home/latih/ros2_control/install/ros2_control_demo_example_5:/home/latih/ros2_control/install/ros2_control_demo_example_4:/home/latih/ros2_control/install/ros2_control_demo_example_3:/home/latih/ros2_control/install/ros2_control_demo_example_2:/home/latih/ros2_control/install/ros2_control_demo_example_14:/home/latih/ros2_control/install/ros2_control_demo_example_12:/home/latih/ros2_control/install/ros2_control_demo_example_11:/home/latih/ros2_control/install/ros2_control_demo_example_10:/home/latih/ros2_control/install/ros2_control_demo_example_1:/home/latih/ros2_control/install/my_robot_bringup:/home/latih/ros2_control/install/ros2_control_demo_description:/opt/ros/humble /usr/bin/cmake --install /home/latih/ros2_control/build/my_robot_bringup
