[0.048s] Invoking command in '/home/latih/ros2_control/build/lifecycle': CMAKE_PREFIX_PATH=${CMAKE_PREFIX_PATH}:/opt/ros/humble /usr/bin/cmake /home/latih/ros2_control/src/demos/lifecycle -DCMAKE_INSTALL_PREFIX=/home/latih/ros2_control/install/lifecycle
[0.505s] -- The C compiler identification is GNU 11.4.0
[0.505s] -- The CXX compiler identification is GNU 11.4.0
[0.505s] -- Detecting C compiler ABI info
[0.506s] -- Detecting C compiler ABI info - done
[0.506s] -- Check for working C compiler: /usr/bin/cc - skipped
[0.506s] -- Detecting C compile features
[0.506s] -- Detecting C compile features - done
[0.506s] -- Detecting CXX compiler ABI info
[0.506s] -- Detecting CXX compiler ABI info - done
[0.506s] -- Check for working CXX compiler: /usr/bin/c++ - skipped
[0.508s] -- Detecting CXX compile features
[0.508s] -- Detecting CXX compile features - done
[0.508s] -- Found ament_cmake: 1.3.11 (/opt/ros/humble/share/ament_cmake/cmake)
[0.508s] -- Found Python3: /usr/bin/python3 (found version "3.10.12") found components: Interpreter 
[0.508s] -- Found rclcpp_lifecycle: 16.0.12 (/opt/ros/humble/share/rclcpp_lifecycle/cmake)
[0.537s] -- Found rosidl_generator_c: 3.1.6 (/opt/ros/humble/share/rosidl_generator_c/cmake)
[0.544s] -- Found rosidl_adapter: 3.1.6 (/opt/ros/humble/share/rosidl_adapter/cmake)
[0.559s] -- Found rosidl_generator_cpp: 3.1.6 (/opt/ros/humble/share/rosidl_generator_cpp/cmake)
[0.579s] -- Using all available rosidl_typesupport_c: rosidl_typesupport_fastrtps_c;rosidl_typesupport_introspection_c
[0.609s] -- Using all available rosidl_typesupport_cpp: rosidl_typesupport_fastrtps_cpp;rosidl_typesupport_introspection_cpp
[0.686s] -- Found rmw_implementation_cmake: 6.1.2 (/opt/ros/humble/share/rmw_implementation_cmake/cmake)
[0.691s] -- Found rmw_fastrtps_cpp: 6.2.7 (/opt/ros/humble/share/rmw_fastrtps_cpp/cmake)
[0.791s] -- Found OpenSSL: /usr/lib/x86_64-linux-gnu/libcrypto.so (found version "3.0.2")  
[0.829s] -- Found FastRTPS: /opt/ros/humble/include  
[0.882s] -- Using RMW implementation 'rmw_fastrtps_cpp' as default
[0.894s] -- Looking for pthread.h
[0.967s] -- Looking for pthread.h - found
[0.967s] -- Performing Test CMAKE_HAVE_LIBC_PTHREAD
[1.046s] -- Performing Test CMAKE_HAVE_LIBC_PTHREAD - Success
[1.047s] -- Found Threads: TRUE  
[1.132s] -- Found ament_lint_auto: 0.12.12 (/opt/ros/humble/share/ament_lint_auto/cmake)
[1.250s] [31mCMake Error at CMakeLists.txt:54 (find_package):
[1.250s]   By not providing "Findros_testing.cmake" in CMAKE_MODULE_PATH this project
[1.250s]   has asked CMake to find a package configuration file provided by
[1.250s]   "ros_testing", but CMake did not find one.
[1.250s] 
[1.250s]   Could not find a package configuration file provided by "ros_testing" with
[1.250s]   any of the following names:
[1.250s] 
[1.250s]     ros_testingConfig.cmake
[1.250s]     ros_testing-config.cmake
[1.250s] 
[1.250s]   Add the installation prefix of "ros_testing" to CMAKE_PREFIX_PATH or set
[1.250s]   "ros_testing_DIR" to a directory containing one of the above files.  If
[1.250s]   "ros_testing" provides a separate development package or SDK, be sure it
[1.251s]   has been installed.
[1.251s] 
[1.251s] [0m
[1.251s] -- Configuring incomplete, errors occurred!
[1.251s] See also "/home/latih/ros2_control/build/lifecycle/CMakeFiles/CMakeOutput.log".
[1.257s] Invoked command in '/home/latih/ros2_control/build/lifecycle' returned '1': CMAKE_PREFIX_PATH=${CMAKE_PREFIX_PATH}:/opt/ros/humble /usr/bin/cmake /home/latih/ros2_control/src/demos/lifecycle -DCMAKE_INSTALL_PREFIX=/home/latih/ros2_control/install/lifecycle
