[0.008s] Invoking command in '/home/latih/ros2_control/build/ros2_control_demo_description': CMAKE_PREFIX_PATH=${CMAKE_PREFIX_PATH}:/opt/ros/humble /usr/bin/cmake /home/latih/ros2_control/src/ros2_control_demos/ros2_control_demo_description -DCMAKE_INSTALL_PREFIX=/home/latih/ros2_control/install/ros2_control_demo_description
[0.079s] -- The C compiler identification is GNU 11.4.0
[0.135s] -- The CXX compiler identification is GNU 11.4.0
[0.141s] -- Detecting C compiler ABI info
[0.219s] -- Detecting C compiler ABI info - done
[0.230s] -- Check for working C compiler: /usr/bin/cc - skipped
[0.232s] -- Detecting C compile features
[0.233s] -- Detecting C compile features - done
[0.237s] -- Detecting CXX compiler ABI info
[0.322s] -- Detecting CXX compiler ABI info - done
[0.327s] -- Check for working CXX compiler: /usr/bin/c++ - skipped
[0.327s] -- Detecting CXX compile features
[0.328s] -- Detecting CXX compile features - done
[0.332s] -- Found ament_cmake: 1.3.11 (/opt/ros/humble/share/ament_cmake/cmake)
[0.480s] -- Found Python3: /usr/bin/python3 (found version "3.10.12") found components: Interpreter 
[0.613s] -- Configuring done
[0.614s] -- Generating done
[0.615s] -- Build files have been written to: /home/latih/ros2_control/build/ros2_control_demo_description
[0.619s] Invoked command in '/home/latih/ros2_control/build/ros2_control_demo_description' returned '0': CMAKE_PREFIX_PATH=${CMAKE_PREFIX_PATH}:/opt/ros/humble /usr/bin/cmake /home/latih/ros2_control/src/ros2_control_demos/ros2_control_demo_description -DCMAKE_INSTALL_PREFIX=/home/latih/ros2_control/install/ros2_control_demo_description
[0.619s] Invoking command in '/home/latih/ros2_control/build/ros2_control_demo_description': CMAKE_PREFIX_PATH=${CMAKE_PREFIX_PATH}:/opt/ros/humble /usr/bin/cmake --build /home/latih/ros2_control/build/ros2_control_demo_description -- -j16 -l16
[0.660s] Invoked command in '/home/latih/ros2_control/build/ros2_control_demo_description' returned '0': CMAKE_PREFIX_PATH=${CMAKE_PREFIX_PATH}:/opt/ros/humble /usr/bin/cmake --build /home/latih/ros2_control/build/ros2_control_demo_description -- -j16 -l16
[0.662s] Invoking command in '/home/latih/ros2_control/build/ros2_control_demo_description': CMAKE_PREFIX_PATH=${CMAKE_PREFIX_PATH}:/opt/ros/humble /usr/bin/cmake --install /home/latih/ros2_control/build/ros2_control_demo_description
[0.671s] -- Install configuration: ""
[0.672s] -- Installing: /home/latih/ros2_control/install/ros2_control_demo_description/share/ros2_control_demo_description/rrbot/urdf
[0.672s] -- Installing: /home/latih/ros2_control/install/ros2_control_demo_description/share/ros2_control_demo_description/rrbot/urdf/rrbot_description.urdf.xacro
[0.672s] -- Installing: /home/latih/ros2_control/install/ros2_control_demo_description/share/ros2_control_demo_description/rrbot/urdf/rrbot.materials.xacro
[0.672s] -- Installing: /home/latih/ros2_control/install/ros2_control_demo_description/share/ros2_control_demo_description/rrbot/rviz
[0.672s] -- Installing: /home/latih/ros2_control/install/ros2_control_demo_description/share/ros2_control_demo_description/rrbot/rviz/rrbot.rviz
[0.672s] -- Installing: /home/latih/ros2_control/install/ros2_control_demo_description/share/ros2_control_demo_description/diffbot/urdf
[0.672s] -- Installing: /home/latih/ros2_control/install/ros2_control_demo_description/share/ros2_control_demo_description/diffbot/urdf/diffbot.materials.xacro
[0.673s] -- Installing: /home/latih/ros2_control/install/ros2_control_demo_description/share/ros2_control_demo_description/diffbot/urdf/diffbot_description.urdf.xacro
[0.673s] -- Installing: /home/latih/ros2_control/install/ros2_control_demo_description/share/ros2_control_demo_description/diffbot/rviz
[0.673s] -- Installing: /home/latih/ros2_control/install/ros2_control_demo_description/share/ros2_control_demo_description/diffbot/rviz/diffbot.rviz
[0.673s] -- Installing: /home/latih/ros2_control/install/ros2_control_demo_description/share/ros2_control_demo_description/diffbot/rviz/diffbot_view.rviz
[0.673s] -- Installing: /home/latih/ros2_control/install/ros2_control_demo_description/share/ros2_control_demo_description/carlikebot/urdf
[0.673s] -- Installing: /home/latih/ros2_control/install/ros2_control_demo_description/share/ros2_control_demo_description/carlikebot/urdf/carlikebot.materials.xacro
[0.673s] -- Installing: /home/latih/ros2_control/install/ros2_control_demo_description/share/ros2_control_demo_description/carlikebot/urdf/carlikebot_description.urdf.xacro
[0.674s] -- Installing: /home/latih/ros2_control/install/ros2_control_demo_description/share/ros2_control_demo_description/carlikebot/rviz
[0.674s] -- Installing: /home/latih/ros2_control/install/ros2_control_demo_description/share/ros2_control_demo_description/carlikebot/rviz/carlikebot_view.rviz
[0.674s] -- Installing: /home/latih/ros2_control/install/ros2_control_demo_description/share/ros2_control_demo_description/carlikebot/rviz/carlikebot.rviz
[0.674s] -- Installing: /home/latih/ros2_control/install/ros2_control_demo_description/share/ros2_control_demo_description/r3bot/urdf
[0.674s] -- Installing: /home/latih/ros2_control/install/ros2_control_demo_description/share/ros2_control_demo_description/r3bot/urdf/threedofbot_description.urdf.xacro
[0.674s] -- Installing: /home/latih/ros2_control/install/ros2_control_demo_description/share/ros2_control_demo_description/r6bot/meshes
[0.674s] -- Installing: /home/latih/ros2_control/install/ros2_control_demo_description/share/ros2_control_demo_description/r6bot/meshes/collision
[0.674s] -- Installing: /home/latih/ros2_control/install/ros2_control_demo_description/share/ros2_control_demo_description/r6bot/meshes/collision/link_2.stl
[0.674s] -- Installing: /home/latih/ros2_control/install/ros2_control_demo_description/share/ros2_control_demo_description/r6bot/meshes/collision/link_4.stl
[0.675s] -- Installing: /home/latih/ros2_control/install/ros2_control_demo_description/share/ros2_control_demo_description/r6bot/meshes/collision/link_0.stl
[0.675s] -- Installing: /home/latih/ros2_control/install/ros2_control_demo_description/share/ros2_control_demo_description/r6bot/meshes/collision/link_5.stl
[0.675s] -- Installing: /home/latih/ros2_control/install/ros2_control_demo_description/share/ros2_control_demo_description/r6bot/meshes/collision/link_6.stl
[0.675s] -- Installing: /home/latih/ros2_control/install/ros2_control_demo_description/share/ros2_control_demo_description/r6bot/meshes/collision/link_3.stl
[0.676s] -- Installing: /home/latih/ros2_control/install/ros2_control_demo_description/share/ros2_control_demo_description/r6bot/meshes/collision/link_1.stl
[0.676s] -- Installing: /home/latih/ros2_control/install/ros2_control_demo_description/share/ros2_control_demo_description/r6bot/meshes/visual
[0.676s] -- Installing: /home/latih/ros2_control/install/ros2_control_demo_description/share/ros2_control_demo_description/r6bot/meshes/visual/link_0.dae
[0.676s] -- Installing: /home/latih/ros2_control/install/ros2_control_demo_description/share/ros2_control_demo_description/r6bot/meshes/visual/link_6.dae
[0.676s] -- Installing: /home/latih/ros2_control/install/ros2_control_demo_description/share/ros2_control_demo_description/r6bot/meshes/visual/link_4.dae
[0.676s] -- Installing: /home/latih/ros2_control/install/ros2_control_demo_description/share/ros2_control_demo_description/r6bot/meshes/visual/link_3.dae
[0.677s] -- Installing: /home/latih/ros2_control/install/ros2_control_demo_description/share/ros2_control_demo_description/r6bot/meshes/visual/link_2.dae
[0.679s] -- Installing: /home/latih/ros2_control/install/ros2_control_demo_description/share/ros2_control_demo_description/r6bot/meshes/visual/link_5.dae
[0.679s] -- Installing: /home/latih/ros2_control/install/ros2_control_demo_description/share/ros2_control_demo_description/r6bot/meshes/visual/link_1.dae
[0.679s] -- Installing: /home/latih/ros2_control/install/ros2_control_demo_description/share/ros2_control_demo_description/r6bot/srdf
[0.679s] -- Installing: /home/latih/ros2_control/install/ros2_control_demo_description/share/ros2_control_demo_description/r6bot/srdf/r6bot.srdf
[0.679s] -- Installing: /home/latih/ros2_control/install/ros2_control_demo_description/share/ros2_control_demo_description/r6bot/urdf
[0.680s] -- Installing: /home/latih/ros2_control/install/ros2_control_demo_description/share/ros2_control_demo_description/r6bot/urdf/r6bot_description.urdf.xacro
[0.680s] -- Installing: /home/latih/ros2_control/install/ros2_control_demo_description/share/ros2_control_demo_description/r6bot/urdf/inc
[0.680s] -- Installing: /home/latih/ros2_control/install/ros2_control_demo_description/share/ros2_control_demo_description/r6bot/urdf/inc/create_link.xacro
[0.680s] -- Installing: /home/latih/ros2_control/install/ros2_control_demo_description/share/ros2_control_demo_description/r6bot/rviz
[0.680s] -- Installing: /home/latih/ros2_control/install/ros2_control_demo_description/share/ros2_control_demo_description/r6bot/rviz/view_robot.rviz
[0.680s] -- Installing: /home/latih/ros2_control/install/ros2_control_demo_description/share/ament_index/resource_index/package_run_dependencies/ros2_control_demo_description
[0.680s] -- Installing: /home/latih/ros2_control/install/ros2_control_demo_description/share/ament_index/resource_index/parent_prefix_path/ros2_control_demo_description
[0.680s] -- Installing: /home/latih/ros2_control/install/ros2_control_demo_description/share/ros2_control_demo_description/environment/ament_prefix_path.sh
[0.680s] -- Installing: /home/latih/ros2_control/install/ros2_control_demo_description/share/ros2_control_demo_description/environment/ament_prefix_path.dsv
[0.680s] -- Installing: /home/latih/ros2_control/install/ros2_control_demo_description/share/ros2_control_demo_description/environment/path.sh
[0.680s] -- Installing: /home/latih/ros2_control/install/ros2_control_demo_description/share/ros2_control_demo_description/environment/path.dsv
[0.680s] -- Installing: /home/latih/ros2_control/install/ros2_control_demo_description/share/ros2_control_demo_description/local_setup.bash
[0.681s] -- Installing: /home/latih/ros2_control/install/ros2_control_demo_description/share/ros2_control_demo_description/local_setup.sh
[0.681s] -- Installing: /home/latih/ros2_control/install/ros2_control_demo_description/share/ros2_control_demo_description/local_setup.zsh
[0.681s] -- Installing: /home/latih/ros2_control/install/ros2_control_demo_description/share/ros2_control_demo_description/local_setup.dsv
[0.681s] -- Installing: /home/latih/ros2_control/install/ros2_control_demo_description/share/ros2_control_demo_description/package.dsv
[0.681s] -- Installing: /home/latih/ros2_control/install/ros2_control_demo_description/share/ament_index/resource_index/packages/ros2_control_demo_description
[0.681s] -- Installing: /home/latih/ros2_control/install/ros2_control_demo_description/share/ros2_control_demo_description/cmake/ros2_control_demo_descriptionConfig.cmake
[0.681s] -- Installing: /home/latih/ros2_control/install/ros2_control_demo_description/share/ros2_control_demo_description/cmake/ros2_control_demo_descriptionConfig-version.cmake
[0.681s] -- Installing: /home/latih/ros2_control/install/ros2_control_demo_description/share/ros2_control_demo_description/package.xml
[0.684s] Invoked command in '/home/latih/ros2_control/build/ros2_control_demo_description' returned '0': CMAKE_PREFIX_PATH=${CMAKE_PREFIX_PATH}:/opt/ros/humble /usr/bin/cmake --install /home/latih/ros2_control/build/ros2_control_demo_description
