[0.057s] Invoking command in '/home/latih/ros2_control/build/ros2_control_demo_example_14': AMENT_PREFIX_PATH=/home/latih/ros2_control/install/ros2_control_demo_description:${AMENT_PREFIX_PATH} CMAKE_PREFIX_PATH=/home/latih/ros2_control/install/ros2_control_demo_description:/home/latih/ros2_control/install/my_robot_bringup:/home/latih/ros2_control/install/my_robot_description:/opt/ros/humble /usr/bin/cmake /home/latih/ros2_control/src/ros2_control_demos/example_14 -DCMAKE_INSTALL_PREFIX=/home/latih/ros2_control/install/ros2_control_demo_example_14
[0.150s] -- The CXX compiler identification is GNU 11.4.0
[0.156s] -- Detecting CXX compiler ABI info
[0.225s] -- Detecting CXX compiler ABI info - done
[0.234s] -- Check for working CXX compiler: /usr/bin/c++ - skipped
[0.234s] -- Detecting CXX compile features
[0.235s] -- Detecting CXX compile features - done
[0.240s] -- Found ament_cmake: 1.3.11 (/opt/ros/humble/share/ament_cmake/cmake)
[0.395s] -- Found Python3: /usr/bin/python3 (found version "3.10.12") found components: Interpreter 
[0.481s] -- Found hardware_interface: 2.50.0 (/opt/ros/humble/share/hardware_interface/cmake)
[0.521s] -- Found rosidl_generator_c: 3.1.6 (/opt/ros/humble/share/rosidl_generator_c/cmake)
[0.526s] -- Found rosidl_adapter: 3.1.6 (/opt/ros/humble/share/rosidl_adapter/cmake)
[0.535s] -- Found rosidl_generator_cpp: 3.1.6 (/opt/ros/humble/share/rosidl_generator_cpp/cmake)
[0.548s] -- Using all available rosidl_typesupport_c: rosidl_typesupport_fastrtps_c;rosidl_typesupport_introspection_c
[0.565s] -- Using all available rosidl_typesupport_cpp: rosidl_typesupport_fastrtps_cpp;rosidl_typesupport_introspection_cpp
[0.776s] -- Found rmw_implementation_cmake: 6.1.2 (/opt/ros/humble/share/rmw_implementation_cmake/cmake)
[0.779s] -- Found rmw_fastrtps_cpp: 6.2.7 (/opt/ros/humble/share/rmw_fastrtps_cpp/cmake)
[0.803s] -- Found TinyXML2 via Config file: TinyXML2_DIR-NOTFOUND
[0.843s] -- Found OpenSSL: /usr/lib/x86_64-linux-gnu/libcrypto.so (found version "3.0.2")  
[0.847s] -- Found TinyXML2 via Config file: TinyXML2_DIR-NOTFOUND
[0.859s] -- Found FastRTPS: /opt/ros/humble/include  
[0.862s] -- Found TinyXML2 via Config file: TinyXML2_DIR-NOTFOUND
[0.869s] -- Found TinyXML2 via Config file: TinyXML2_DIR-NOTFOUND
[0.880s] -- Using RMW implementation 'rmw_fastrtps_cpp' as default
[0.890s] -- Looking for C++ include pthread.h
[1.031s] -- Looking for C++ include pthread.h - found
[1.031s] -- Performing Test CMAKE_HAVE_LIBC_PTHREAD
[1.154s] -- Performing Test CMAKE_HAVE_LIBC_PTHREAD - Success
[1.156s] -- Found Threads: TRUE  
[1.217s] -- Found realtime_tools: 2.13.0 (/opt/ros/humble/share/realtime_tools/cmake)
[1.243s] -- Found ament_cmake_pytest: 1.3.11 (/opt/ros/humble/share/ament_cmake_pytest/cmake)
[2.270s] -- Configuring done
[2.295s] -- Generating done
[2.301s] -- Build files have been written to: /home/latih/ros2_control/build/ros2_control_demo_example_14
[2.313s] Invoked command in '/home/latih/ros2_control/build/ros2_control_demo_example_14' returned '0': AMENT_PREFIX_PATH=/home/latih/ros2_control/install/ros2_control_demo_description:${AMENT_PREFIX_PATH} CMAKE_PREFIX_PATH=/home/latih/ros2_control/install/ros2_control_demo_description:/home/latih/ros2_control/install/my_robot_bringup:/home/latih/ros2_control/install/my_robot_description:/opt/ros/humble /usr/bin/cmake /home/latih/ros2_control/src/ros2_control_demos/example_14 -DCMAKE_INSTALL_PREFIX=/home/latih/ros2_control/install/ros2_control_demo_example_14
[2.316s] Invoking command in '/home/latih/ros2_control/build/ros2_control_demo_example_14': AMENT_PREFIX_PATH=/home/latih/ros2_control/install/ros2_control_demo_description:${AMENT_PREFIX_PATH} CMAKE_PREFIX_PATH=/home/latih/ros2_control/install/ros2_control_demo_description:/home/latih/ros2_control/install/my_robot_bringup:/home/latih/ros2_control/install/my_robot_description:/opt/ros/humble /usr/bin/cmake --build /home/latih/ros2_control/build/ros2_control_demo_example_14 -- -j16 -l16
[2.488s] [ 33%] [32mBuilding CXX object CMakeFiles/ros2_control_demo_example_14.dir/hardware/rrbot_sensor_for_position_feedback.cpp.o[0m
[2.488s] [ 66%] [32mBuilding CXX object CMakeFiles/ros2_control_demo_example_14.dir/hardware/rrbot_actuator_without_feedback.cpp.o[0m
[7.324s] [100%] [32m[1mLinking CXX shared library libros2_control_demo_example_14.so[0m
[7.519s] [100%] Built target ros2_control_demo_example_14
[7.527s] Invoked command in '/home/latih/ros2_control/build/ros2_control_demo_example_14' returned '0': AMENT_PREFIX_PATH=/home/latih/ros2_control/install/ros2_control_demo_description:${AMENT_PREFIX_PATH} CMAKE_PREFIX_PATH=/home/latih/ros2_control/install/ros2_control_demo_description:/home/latih/ros2_control/install/my_robot_bringup:/home/latih/ros2_control/install/my_robot_description:/opt/ros/humble /usr/bin/cmake --build /home/latih/ros2_control/build/ros2_control_demo_example_14 -- -j16 -l16
[7.529s] Invoking command in '/home/latih/ros2_control/build/ros2_control_demo_example_14': AMENT_PREFIX_PATH=/home/latih/ros2_control/install/ros2_control_demo_description:${AMENT_PREFIX_PATH} CMAKE_PREFIX_PATH=/home/latih/ros2_control/install/ros2_control_demo_description:/home/latih/ros2_control/install/my_robot_bringup:/home/latih/ros2_control/install/my_robot_description:/opt/ros/humble /usr/bin/cmake --install /home/latih/ros2_control/build/ros2_control_demo_example_14
[7.538s] -- Install configuration: ""
[7.538s] -- Installing: /home/latih/ros2_control/install/ros2_control_demo_example_14/share/ros2_control_demo_example_14/ros2_control_demo_example_14.xml
[7.538s] -- Installing: /home/latih/ros2_control/install/ros2_control_demo_example_14/include/ros2_control_demo_example_14
[7.538s] -- Installing: /home/latih/ros2_control/install/ros2_control_demo_example_14/include/ros2_control_demo_example_14/ros2_control_demo_example_14
[7.538s] -- Installing: /home/latih/ros2_control/install/ros2_control_demo_example_14/include/ros2_control_demo_example_14/ros2_control_demo_example_14/rrbot_actuator_without_feedback.hpp
[7.538s] -- Installing: /home/latih/ros2_control/install/ros2_control_demo_example_14/include/ros2_control_demo_example_14/ros2_control_demo_example_14/rrbot_sensor_for_position_feedback.hpp
[7.538s] -- Installing: /home/latih/ros2_control/install/ros2_control_demo_example_14/share/ros2_control_demo_example_14/launch
[7.538s] -- Installing: /home/latih/ros2_control/install/ros2_control_demo_example_14/share/ros2_control_demo_example_14/launch/view_robot.launch.py
[7.538s] -- Installing: /home/latih/ros2_control/install/ros2_control_demo_example_14/share/ros2_control_demo_example_14/ros2_control
[7.538s] -- Installing: /home/latih/ros2_control/install/ros2_control_demo_example_14/share/ros2_control_demo_example_14/ros2_control/rrbot_modular_actuators_without_feedback_sensors_for_position_feedback.ros2_control.xacro
[7.538s] -- Installing: /home/latih/ros2_control/install/ros2_control_demo_example_14/share/ros2_control_demo_example_14/urdf
[7.539s] -- Installing: /home/latih/ros2_control/install/ros2_control_demo_example_14/share/ros2_control_demo_example_14/urdf/rrbot_modular_actuators_without_feedback_sensors_for_position_feedback.urdf.xacro
[7.539s] -- Up-to-date: /home/latih/ros2_control/install/ros2_control_demo_example_14/share/ros2_control_demo_example_14/launch
[7.539s] -- Installing: /home/latih/ros2_control/install/ros2_control_demo_example_14/share/ros2_control_demo_example_14/launch/rrbot_modular_actuators_without_feedback_sensors_for_position_feedback.launch.py
[7.539s] -- Installing: /home/latih/ros2_control/install/ros2_control_demo_example_14/share/ros2_control_demo_example_14/config
[7.539s] -- Installing: /home/latih/ros2_control/install/ros2_control_demo_example_14/share/ros2_control_demo_example_14/config/rrbot_modular_actuators_without_feedback_sensors_for_position_feedback.yaml
[7.539s] -- Installing: /home/latih/ros2_control/install/ros2_control_demo_example_14/lib/libros2_control_demo_example_14.so
[7.540s] -- Set runtime path of "/home/latih/ros2_control/install/ros2_control_demo_example_14/lib/libros2_control_demo_example_14.so" to ""
[7.540s] -- Installing: /home/latih/ros2_control/install/ros2_control_demo_example_14/share/ros2_control_demo_example_14/environment/library_path.sh
[7.541s] -- Installing: /home/latih/ros2_control/install/ros2_control_demo_example_14/share/ros2_control_demo_example_14/environment/library_path.dsv
[7.541s] -- Installing: /home/latih/ros2_control/install/ros2_control_demo_example_14/share/ament_index/resource_index/package_run_dependencies/ros2_control_demo_example_14
[7.541s] -- Installing: /home/latih/ros2_control/install/ros2_control_demo_example_14/share/ament_index/resource_index/parent_prefix_path/ros2_control_demo_example_14
[7.541s] -- Installing: /home/latih/ros2_control/install/ros2_control_demo_example_14/share/ros2_control_demo_example_14/environment/ament_prefix_path.sh
[7.541s] -- Installing: /home/latih/ros2_control/install/ros2_control_demo_example_14/share/ros2_control_demo_example_14/environment/ament_prefix_path.dsv
[7.541s] -- Installing: /home/latih/ros2_control/install/ros2_control_demo_example_14/share/ros2_control_demo_example_14/environment/path.sh
[7.541s] -- Installing: /home/latih/ros2_control/install/ros2_control_demo_example_14/share/ros2_control_demo_example_14/environment/path.dsv
[7.541s] -- Installing: /home/latih/ros2_control/install/ros2_control_demo_example_14/share/ros2_control_demo_example_14/local_setup.bash
[7.542s] -- Installing: /home/latih/ros2_control/install/ros2_control_demo_example_14/share/ros2_control_demo_example_14/local_setup.sh
[7.542s] -- Installing: /home/latih/ros2_control/install/ros2_control_demo_example_14/share/ros2_control_demo_example_14/local_setup.zsh
[7.542s] -- Installing: /home/latih/ros2_control/install/ros2_control_demo_example_14/share/ros2_control_demo_example_14/local_setup.dsv
[7.542s] -- Installing: /home/latih/ros2_control/install/ros2_control_demo_example_14/share/ros2_control_demo_example_14/package.dsv
[7.542s] -- Installing: /home/latih/ros2_control/install/ros2_control_demo_example_14/share/ament_index/resource_index/packages/ros2_control_demo_example_14
[7.542s] -- Installing: /home/latih/ros2_control/install/ros2_control_demo_example_14/share/ament_index/resource_index/hardware_interface__pluginlib__plugin/ros2_control_demo_example_14
[7.542s] -- Installing: /home/latih/ros2_control/install/ros2_control_demo_example_14/share/ros2_control_demo_example_14/cmake/export_ros2_control_demo_example_14Export.cmake
[7.542s] -- Installing: /home/latih/ros2_control/install/ros2_control_demo_example_14/share/ros2_control_demo_example_14/cmake/export_ros2_control_demo_example_14Export-noconfig.cmake
[7.542s] -- Installing: /home/latih/ros2_control/install/ros2_control_demo_example_14/share/ros2_control_demo_example_14/cmake/ament_cmake_export_targets-extras.cmake
[7.542s] -- Installing: /home/latih/ros2_control/install/ros2_control_demo_example_14/share/ros2_control_demo_example_14/cmake/ament_cmake_export_dependencies-extras.cmake
[7.542s] -- Installing: /home/latih/ros2_control/install/ros2_control_demo_example_14/share/ros2_control_demo_example_14/cmake/ros2_control_demo_example_14Config.cmake
[7.543s] -- Installing: /home/latih/ros2_control/install/ros2_control_demo_example_14/share/ros2_control_demo_example_14/cmake/ros2_control_demo_example_14Config-version.cmake
[7.543s] -- Installing: /home/latih/ros2_control/install/ros2_control_demo_example_14/share/ros2_control_demo_example_14/package.xml
[7.545s] Invoked command in '/home/latih/ros2_control/build/ros2_control_demo_example_14' returned '0': AMENT_PREFIX_PATH=/home/latih/ros2_control/install/ros2_control_demo_description:${AMENT_PREFIX_PATH} CMAKE_PREFIX_PATH=/home/latih/ros2_control/install/ros2_control_demo_description:/home/latih/ros2_control/install/my_robot_bringup:/home/latih/ros2_control/install/my_robot_description:/opt/ros/humble /usr/bin/cmake --install /home/latih/ros2_control/build/ros2_control_demo_example_14
