[0.467s] Invoking command in '/home/latih/ros2_control/build/intra_process_demo': CMAKE_PREFIX_PATH=${CMAKE_PREFIX_PATH}:/opt/ros/humble /usr/bin/cmake /home/latih/ros2_control/src/demos/intra_process_demo -DCMAKE_INSTALL_PREFIX=/home/latih/ros2_control/install/intra_process_demo
[0.518s] -- The C compiler identification is GNU 11.4.0
[0.580s] -- The CXX compiler identification is GNU 11.4.0
[0.584s] -- Detecting C compiler ABI info
[0.654s] -- Detecting C compiler ABI info - done
[0.662s] -- Check for working C compiler: /usr/bin/cc - skipped
[0.662s] -- Detecting C compile features
[0.663s] -- Detecting C compile features - done
[0.666s] -- Detecting CXX compiler ABI info
[0.752s] -- Detecting CXX compiler ABI info - done
[0.760s] -- Check for working CXX compiler: /usr/bin/c++ - skipped
[0.761s] -- Detecting CXX compile features
[0.761s] -- Detecting CXX compile features - done
[0.766s] -- Found ament_cmake: 1.3.11 (/opt/ros/humble/share/ament_cmake/cmake)
[0.915s] -- Found Python3: /usr/bin/python3 (found version "3.10.12") found components: Interpreter 
[1.012s] -- Found builtin_interfaces: 1.2.1 (/opt/ros/humble/share/builtin_interfaces/cmake)
[1.051s] -- Found rosidl_generator_c: 3.1.6 (/opt/ros/humble/share/rosidl_generator_c/cmake)
[1.057s] -- Found rosidl_adapter: 3.1.6 (/opt/ros/humble/share/rosidl_adapter/cmake)
[1.068s] -- Found rosidl_generator_cpp: 3.1.6 (/opt/ros/humble/share/rosidl_generator_cpp/cmake)
[1.083s] -- Using all available rosidl_typesupport_c: rosidl_typesupport_fastrtps_c;rosidl_typesupport_introspection_c
[1.103s] -- Using all available rosidl_typesupport_cpp: rosidl_typesupport_fastrtps_cpp;rosidl_typesupport_introspection_cpp
[1.119s] -- Found rclcpp: 16.0.12 (/opt/ros/humble/share/rclcpp/cmake)
[1.159s] -- Found rmw_implementation_cmake: 6.1.2 (/opt/ros/humble/share/rmw_implementation_cmake/cmake)
[1.164s] -- Found rmw_fastrtps_cpp: 6.2.7 (/opt/ros/humble/share/rmw_fastrtps_cpp/cmake)
[1.241s] -- Found OpenSSL: /usr/lib/x86_64-linux-gnu/libcrypto.so (found version "3.0.2")  
[1.275s] -- Found FastRTPS: /opt/ros/humble/include  
[1.306s] -- Using RMW implementation 'rmw_fastrtps_cpp' as default
[1.316s] -- Looking for pthread.h
[1.374s] -- Looking for pthread.h - found
[1.374s] -- Performing Test CMAKE_HAVE_LIBC_PTHREAD
[1.428s] -- Performing Test CMAKE_HAVE_LIBC_PTHREAD - Success
[1.429s] -- Found Threads: TRUE  
[1.478s] -- Found sensor_msgs: 4.8.0 (/opt/ros/humble/share/sensor_msgs/cmake)
[1.519s] -- Found OpenCV: /usr (found version "4.5.4") found components: core highgui imgproc videoio 
[1.522s] -- Found ament_lint_auto: 0.12.12 (/opt/ros/humble/share/ament_lint_auto/cmake)
[1.626s] -- Found python_cmake_module: 0.10.0 (/opt/ros/humble/share/python_cmake_module/cmake)
[1.645s] -- Found PythonInterp: /usr/bin/python3 (found suitable version "3.10.12", minimum required is "3.6") 
[1.649s] -- Found PythonLibs: /usr/lib/x86_64-linux-gnu/libpython3.10.so (found suitable version "3.10.12", minimum required is "3.5") 
[1.649s] -- Using PYTHON_EXECUTABLE: /usr/bin/python3
[1.649s] -- Using PYTHON_INCLUDE_DIRS: /usr/include/python3.10
[1.649s] -- Using PYTHON_LIBRARIES: /usr/lib/x86_64-linux-gnu/libpython3.10.so
[1.669s] -- Found PythonExtra: .so  
[1.685s] -- Added test 'copyright' to check source files copyright and LICENSE
[1.686s] -- Added test 'cppcheck' to perform static code analysis on C / C++ code
[1.686s] -- Configured cppcheck include dirs: /home/latih/ros2_control/src/demos/intra_process_demo/include
[1.686s] -- Configured cppcheck exclude dirs and/or files: 
[1.687s] -- Added test 'cpplint' to check C / C++ code against the Google style
[1.687s] -- Configured cpplint exclude dirs and/or files: 
[1.688s] -- Added test 'lint_cmake' to check CMake code style
[1.689s] -- Added test 'uncrustify' to check C / C++ code style
[1.689s] -- Configured uncrustify additional arguments: 
[1.689s] -- Added test 'xmllint' to check XML markup files
[1.690s] -- Configuring done
[1.707s] -- Generating done
[1.715s] -- Build files have been written to: /home/latih/ros2_control/build/intra_process_demo
