[0.053s] Invoking command in '/home/latih/ros2_control/build/ros2_control_demo_example_5': AMENT_PREFIX_PATH=/home/latih/ros2_control/install/ros2_control_demo_description:${AMENT_PREFIX_PATH} CMAKE_PREFIX_PATH=/home/latih/ros2_control/install/ros2_control_demo_description:/home/latih/ros2_control/install/my_robot_bringup:/home/latih/ros2_control/install/my_robot_description:/opt/ros/humble /usr/bin/cmake /home/latih/ros2_control/src/ros2_control_demos/example_5 -DCMAKE_INSTALL_PREFIX=/home/latih/ros2_control/install/ros2_control_demo_example_5
[0.142s] -- The CXX compiler identification is GNU 11.4.0
[0.150s] -- Detecting CXX compiler ABI info
[0.223s] -- Detecting CXX compiler ABI info - done
[0.230s] -- Check for working CXX compiler: /usr/bin/c++ - skipped
[0.230s] -- Detecting CXX compile features
[0.230s] -- Detecting CXX compile features - done
[0.233s] -- Found ament_cmake: 1.3.11 (/opt/ros/humble/share/ament_cmake/cmake)
[0.400s] -- Found Python3: /usr/bin/python3 (found version "3.10.12") found components: Interpreter 
[0.486s] -- Found hardware_interface: 2.50.0 (/opt/ros/humble/share/hardware_interface/cmake)
[0.515s] -- Found rosidl_generator_c: 3.1.6 (/opt/ros/humble/share/rosidl_generator_c/cmake)
[0.519s] -- Found rosidl_adapter: 3.1.6 (/opt/ros/humble/share/rosidl_adapter/cmake)
[0.525s] -- Found rosidl_generator_cpp: 3.1.6 (/opt/ros/humble/share/rosidl_generator_cpp/cmake)
[0.533s] -- Using all available rosidl_typesupport_c: rosidl_typesupport_fastrtps_c;rosidl_typesupport_introspection_c
[0.544s] -- Using all available rosidl_typesupport_cpp: rosidl_typesupport_fastrtps_cpp;rosidl_typesupport_introspection_cpp
[0.692s] -- Found rmw_implementation_cmake: 6.1.2 (/opt/ros/humble/share/rmw_implementation_cmake/cmake)
[0.694s] -- Found rmw_fastrtps_cpp: 6.2.7 (/opt/ros/humble/share/rmw_fastrtps_cpp/cmake)
[0.714s] -- Found TinyXML2 via Config file: TinyXML2_DIR-NOTFOUND
[0.753s] -- Found OpenSSL: /usr/lib/x86_64-linux-gnu/libcrypto.so (found version "3.0.2")  
[0.755s] -- Found TinyXML2 via Config file: TinyXML2_DIR-NOTFOUND
[0.766s] -- Found FastRTPS: /opt/ros/humble/include  
[0.770s] -- Found TinyXML2 via Config file: TinyXML2_DIR-NOTFOUND
[0.777s] -- Found TinyXML2 via Config file: TinyXML2_DIR-NOTFOUND
[0.786s] -- Using RMW implementation 'rmw_fastrtps_cpp' as default
[0.796s] -- Looking for C++ include pthread.h
[0.911s] -- Looking for C++ include pthread.h - found
[0.912s] -- Performing Test CMAKE_HAVE_LIBC_PTHREAD
[1.060s] -- Performing Test CMAKE_HAVE_LIBC_PTHREAD - Success
[1.063s] -- Found Threads: TRUE  
[1.131s] -- Found ament_cmake_pytest: 1.3.11 (/opt/ros/humble/share/ament_cmake_pytest/cmake)
[2.254s] -- Configuring done
[2.273s] -- Generating done
[2.277s] -- Build files have been written to: /home/latih/ros2_control/build/ros2_control_demo_example_5
[2.288s] Invoked command in '/home/latih/ros2_control/build/ros2_control_demo_example_5' returned '0': AMENT_PREFIX_PATH=/home/latih/ros2_control/install/ros2_control_demo_description:${AMENT_PREFIX_PATH} CMAKE_PREFIX_PATH=/home/latih/ros2_control/install/ros2_control_demo_description:/home/latih/ros2_control/install/my_robot_bringup:/home/latih/ros2_control/install/my_robot_description:/opt/ros/humble /usr/bin/cmake /home/latih/ros2_control/src/ros2_control_demos/example_5 -DCMAKE_INSTALL_PREFIX=/home/latih/ros2_control/install/ros2_control_demo_example_5
[2.290s] Invoking command in '/home/latih/ros2_control/build/ros2_control_demo_example_5': AMENT_PREFIX_PATH=/home/latih/ros2_control/install/ros2_control_demo_description:${AMENT_PREFIX_PATH} CMAKE_PREFIX_PATH=/home/latih/ros2_control/install/ros2_control_demo_description:/home/latih/ros2_control/install/my_robot_bringup:/home/latih/ros2_control/install/my_robot_description:/opt/ros/humble /usr/bin/cmake --build /home/latih/ros2_control/build/ros2_control_demo_example_5 -- -j16 -l16
[2.448s] [ 66%] [32mBuilding CXX object CMakeFiles/ros2_control_demo_example_5.dir/hardware/external_rrbot_force_torque_sensor.cpp.o[0m
[2.448s] [ 66%] [32mBuilding CXX object CMakeFiles/ros2_control_demo_example_5.dir/hardware/rrbot.cpp.o[0m
[7.212s] [100%] [32m[1mLinking CXX shared library libros2_control_demo_example_5.so[0m
[7.396s] [100%] Built target ros2_control_demo_example_5
[7.406s] Invoked command in '/home/latih/ros2_control/build/ros2_control_demo_example_5' returned '0': AMENT_PREFIX_PATH=/home/latih/ros2_control/install/ros2_control_demo_description:${AMENT_PREFIX_PATH} CMAKE_PREFIX_PATH=/home/latih/ros2_control/install/ros2_control_demo_description:/home/latih/ros2_control/install/my_robot_bringup:/home/latih/ros2_control/install/my_robot_description:/opt/ros/humble /usr/bin/cmake --build /home/latih/ros2_control/build/ros2_control_demo_example_5 -- -j16 -l16
[7.411s] Invoking command in '/home/latih/ros2_control/build/ros2_control_demo_example_5': AMENT_PREFIX_PATH=/home/latih/ros2_control/install/ros2_control_demo_description:${AMENT_PREFIX_PATH} CMAKE_PREFIX_PATH=/home/latih/ros2_control/install/ros2_control_demo_description:/home/latih/ros2_control/install/my_robot_bringup:/home/latih/ros2_control/install/my_robot_description:/opt/ros/humble /usr/bin/cmake --install /home/latih/ros2_control/build/ros2_control_demo_example_5
[7.418s] -- Install configuration: ""
[7.418s] -- Installing: /home/latih/ros2_control/install/ros2_control_demo_example_5/share/ros2_control_demo_example_5/ros2_control_demo_example_5.xml
[7.418s] -- Installing: /home/latih/ros2_control/install/ros2_control_demo_example_5/include/ros2_control_demo_example_5
[7.418s] -- Installing: /home/latih/ros2_control/install/ros2_control_demo_example_5/include/ros2_control_demo_example_5/ros2_control_demo_example_5
[7.419s] -- Installing: /home/latih/ros2_control/install/ros2_control_demo_example_5/include/ros2_control_demo_example_5/ros2_control_demo_example_5/external_rrbot_force_torque_sensor.hpp
[7.419s] -- Installing: /home/latih/ros2_control/install/ros2_control_demo_example_5/include/ros2_control_demo_example_5/ros2_control_demo_example_5/rrbot.hpp
[7.420s] -- Installing: /home/latih/ros2_control/install/ros2_control_demo_example_5/share/ros2_control_demo_example_5/launch
[7.420s] -- Installing: /home/latih/ros2_control/install/ros2_control_demo_example_5/share/ros2_control_demo_example_5/launch/view_robot.launch.py
[7.421s] -- Installing: /home/latih/ros2_control/install/ros2_control_demo_example_5/share/ros2_control_demo_example_5/ros2_control
[7.421s] -- Installing: /home/latih/ros2_control/install/ros2_control_demo_example_5/share/ros2_control_demo_example_5/ros2_control/rrbot_system_position_only.ros2_control.xacro
[7.422s] -- Installing: /home/latih/ros2_control/install/ros2_control_demo_example_5/share/ros2_control_demo_example_5/ros2_control/external_rrbot_force_torque_sensor.ros2_control.xacro
[7.422s] -- Installing: /home/latih/ros2_control/install/ros2_control_demo_example_5/share/ros2_control_demo_example_5/urdf
[7.422s] -- Installing: /home/latih/ros2_control/install/ros2_control_demo_example_5/share/ros2_control_demo_example_5/urdf/rrbot_system_with_external_sensor.urdf.xacro
[7.422s] -- Installing: /home/latih/ros2_control/install/ros2_control_demo_example_5/share/ros2_control_demo_example_5/rviz
[7.423s] -- Installing: /home/latih/ros2_control/install/ros2_control_demo_example_5/share/ros2_control_demo_example_5/rviz/rrbot.rviz
[7.423s] -- Up-to-date: /home/latih/ros2_control/install/ros2_control_demo_example_5/share/ros2_control_demo_example_5/launch
[7.423s] -- Installing: /home/latih/ros2_control/install/ros2_control_demo_example_5/share/ros2_control_demo_example_5/launch/rrbot_system_with_external_sensor.launch.py
[7.423s] -- Installing: /home/latih/ros2_control/install/ros2_control_demo_example_5/share/ros2_control_demo_example_5/launch/test_forward_position_controller.launch.py
[7.424s] -- Installing: /home/latih/ros2_control/install/ros2_control_demo_example_5/share/ros2_control_demo_example_5/config
[7.424s] -- Installing: /home/latih/ros2_control/install/ros2_control_demo_example_5/share/ros2_control_demo_example_5/config/rrbot_forward_position_publisher.yaml
[7.424s] -- Installing: /home/latih/ros2_control/install/ros2_control_demo_example_5/share/ros2_control_demo_example_5/config/rrbot_with_external_sensor_controllers.yaml
[7.424s] -- Installing: /home/latih/ros2_control/install/ros2_control_demo_example_5/lib/libros2_control_demo_example_5.so
[7.425s] -- Set runtime path of "/home/latih/ros2_control/install/ros2_control_demo_example_5/lib/libros2_control_demo_example_5.so" to ""
[7.425s] -- Installing: /home/latih/ros2_control/install/ros2_control_demo_example_5/share/ros2_control_demo_example_5/environment/library_path.sh
[7.425s] -- Installing: /home/latih/ros2_control/install/ros2_control_demo_example_5/share/ros2_control_demo_example_5/environment/library_path.dsv
[7.425s] -- Installing: /home/latih/ros2_control/install/ros2_control_demo_example_5/share/ament_index/resource_index/package_run_dependencies/ros2_control_demo_example_5
[7.426s] -- Installing: /home/latih/ros2_control/install/ros2_control_demo_example_5/share/ament_index/resource_index/parent_prefix_path/ros2_control_demo_example_5
[7.426s] -- Installing: /home/latih/ros2_control/install/ros2_control_demo_example_5/share/ros2_control_demo_example_5/environment/ament_prefix_path.sh
[7.426s] -- Installing: /home/latih/ros2_control/install/ros2_control_demo_example_5/share/ros2_control_demo_example_5/environment/ament_prefix_path.dsv
[7.426s] -- Installing: /home/latih/ros2_control/install/ros2_control_demo_example_5/share/ros2_control_demo_example_5/environment/path.sh
[7.427s] -- Installing: /home/latih/ros2_control/install/ros2_control_demo_example_5/share/ros2_control_demo_example_5/environment/path.dsv
[7.428s] -- Installing: /home/latih/ros2_control/install/ros2_control_demo_example_5/share/ros2_control_demo_example_5/local_setup.bash
[7.428s] -- Installing: /home/latih/ros2_control/install/ros2_control_demo_example_5/share/ros2_control_demo_example_5/local_setup.sh
[7.428s] -- Installing: /home/latih/ros2_control/install/ros2_control_demo_example_5/share/ros2_control_demo_example_5/local_setup.zsh
[7.428s] -- Installing: /home/latih/ros2_control/install/ros2_control_demo_example_5/share/ros2_control_demo_example_5/local_setup.dsv
[7.428s] -- Installing: /home/latih/ros2_control/install/ros2_control_demo_example_5/share/ros2_control_demo_example_5/package.dsv
[7.428s] -- Installing: /home/latih/ros2_control/install/ros2_control_demo_example_5/share/ament_index/resource_index/packages/ros2_control_demo_example_5
[7.428s] -- Installing: /home/latih/ros2_control/install/ros2_control_demo_example_5/share/ament_index/resource_index/hardware_interface__pluginlib__plugin/ros2_control_demo_example_5
[7.428s] -- Installing: /home/latih/ros2_control/install/ros2_control_demo_example_5/share/ros2_control_demo_example_5/cmake/export_ros2_control_demo_example_5Export.cmake
[7.428s] -- Installing: /home/latih/ros2_control/install/ros2_control_demo_example_5/share/ros2_control_demo_example_5/cmake/export_ros2_control_demo_example_5Export-noconfig.cmake
[7.428s] -- Installing: /home/latih/ros2_control/install/ros2_control_demo_example_5/share/ros2_control_demo_example_5/cmake/ament_cmake_export_targets-extras.cmake
[7.428s] -- Installing: /home/latih/ros2_control/install/ros2_control_demo_example_5/share/ros2_control_demo_example_5/cmake/ament_cmake_export_dependencies-extras.cmake
[7.429s] -- Installing: /home/latih/ros2_control/install/ros2_control_demo_example_5/share/ros2_control_demo_example_5/cmake/ros2_control_demo_example_5Config.cmake
[7.429s] -- Installing: /home/latih/ros2_control/install/ros2_control_demo_example_5/share/ros2_control_demo_example_5/cmake/ros2_control_demo_example_5Config-version.cmake
[7.429s] -- Installing: /home/latih/ros2_control/install/ros2_control_demo_example_5/share/ros2_control_demo_example_5/package.xml
[7.444s] Invoked command in '/home/latih/ros2_control/build/ros2_control_demo_example_5' returned '0': AMENT_PREFIX_PATH=/home/latih/ros2_control/install/ros2_control_demo_description:${AMENT_PREFIX_PATH} CMAKE_PREFIX_PATH=/home/latih/ros2_control/install/ros2_control_demo_description:/home/latih/ros2_control/install/my_robot_bringup:/home/latih/ros2_control/install/my_robot_description:/opt/ros/humble /usr/bin/cmake --install /home/latih/ros2_control/build/ros2_control_demo_example_5
