[0.007s] Invoking command in '/home/latih/ros2_control/build/my_robot_description': CMAKE_PREFIX_PATH=/opt/ros/humble /usr/bin/cmake --build /home/latih/ros2_control/build/my_robot_description -- -j16 -l16
[0.043s] Invoked command in '/home/latih/ros2_control/build/my_robot_description' returned '0': CMAKE_PREFIX_PATH=/opt/ros/humble /usr/bin/cmake --build /home/latih/ros2_control/build/my_robot_description -- -j16 -l16
[0.053s] Invoking command in '/home/latih/ros2_control/build/my_robot_description': CMAKE_PREFIX_PATH=/opt/ros/humble /usr/bin/cmake --install /home/latih/ros2_control/build/my_robot_description
[0.059s] -- Install configuration: ""
[0.059s] -- Installing: /home/latih/ros2_control/install/my_robot_description/share/my_robot_description//urdf
[0.059s] -- Installing: /home/latih/ros2_control/install/my_robot_description/share/my_robot_description//urdf/mobile_base.ros2_control.xacro
[0.060s] -- Installing: /home/latih/ros2_control/install/my_robot_description/share/my_robot_description//urdf/common_properties.xacro
[0.060s] -- Installing: /home/latih/ros2_control/install/my_robot_description/share/my_robot_description//urdf/mobile_base.xacro
[0.060s] -- Installing: /home/latih/ros2_control/install/my_robot_description/share/my_robot_description//urdf/my_robot.urdf.xacro
[0.060s] -- Installing: /home/latih/ros2_control/install/my_robot_description/share/my_robot_description//launch
[0.060s] -- Installing: /home/latih/ros2_control/install/my_robot_description/share/my_robot_description//launch/display.launch.py
[0.060s] -- Installing: /home/latih/ros2_control/install/my_robot_description/share/my_robot_description//launch/display.launch.xml
[0.060s] -- Installing: /home/latih/ros2_control/install/my_robot_description/share/my_robot_description//rviz
[0.060s] -- Installing: /home/latih/ros2_control/install/my_robot_description/share/my_robot_description//rviz/urdf_config.rviz
[0.060s] -- Installing: /home/latih/ros2_control/install/my_robot_description/share/ament_index/resource_index/package_run_dependencies/my_robot_description
[0.060s] -- Installing: /home/latih/ros2_control/install/my_robot_description/share/ament_index/resource_index/parent_prefix_path/my_robot_description
[0.060s] -- Installing: /home/latih/ros2_control/install/my_robot_description/share/my_robot_description/environment/ament_prefix_path.sh
[0.060s] -- Installing: /home/latih/ros2_control/install/my_robot_description/share/my_robot_description/environment/ament_prefix_path.dsv
[0.060s] -- Installing: /home/latih/ros2_control/install/my_robot_description/share/my_robot_description/environment/path.sh
[0.060s] -- Installing: /home/latih/ros2_control/install/my_robot_description/share/my_robot_description/environment/path.dsv
[0.060s] -- Installing: /home/latih/ros2_control/install/my_robot_description/share/my_robot_description/local_setup.bash
[0.060s] -- Installing: /home/latih/ros2_control/install/my_robot_description/share/my_robot_description/local_setup.sh
[0.060s] -- Installing: /home/latih/ros2_control/install/my_robot_description/share/my_robot_description/local_setup.zsh
[0.060s] -- Installing: /home/latih/ros2_control/install/my_robot_description/share/my_robot_description/local_setup.dsv
[0.060s] -- Installing: /home/latih/ros2_control/install/my_robot_description/share/my_robot_description/package.dsv
[0.061s] -- Installing: /home/latih/ros2_control/install/my_robot_description/share/ament_index/resource_index/packages/my_robot_description
[0.061s] -- Installing: /home/latih/ros2_control/install/my_robot_description/share/my_robot_description/cmake/my_robot_descriptionConfig.cmake
[0.061s] -- Installing: /home/latih/ros2_control/install/my_robot_description/share/my_robot_description/cmake/my_robot_descriptionConfig-version.cmake
[0.061s] -- Installing: /home/latih/ros2_control/install/my_robot_description/share/my_robot_description/package.xml
[0.062s] Invoked command in '/home/latih/ros2_control/build/my_robot_description' returned '0': CMAKE_PREFIX_PATH=/opt/ros/humble /usr/bin/cmake --install /home/latih/ros2_control/build/my_robot_description
