[0.009s] Invoking command in '/home/latih/ros2_control/build/my_robot_hardware': CMAKE_PREFIX_PATH=/opt/ros/humble:/home/latih/ros2_control/install/serial:/home/latih/ros2_control/install/motor_test:/home/latih/ros2_control/install/my_robot_hardware:/home/latih/ros2_control/install/my_robot_bringup:/home/latih/ros2_control/install/my_robot_description /usr/bin/cmake --build /home/latih/ros2_control/build/my_robot_hardware -- -j16 -l16
[0.030s] -- Found ament_cmake: 1.3.11 (/opt/ros/humble/share/ament_cmake/cmake)
[0.133s] -- Found rclcpp: 16.0.12 (/opt/ros/humble/share/rclcpp/cmake)
[0.151s] -- Found rosidl_generator_c: 3.1.6 (/opt/ros/humble/share/rosidl_generator_c/cmake)
[0.153s] -- Found rosidl_adapter: 3.1.6 (/opt/ros/humble/share/rosidl_adapter/cmake)
[0.156s] -- Found rosidl_generator_cpp: 3.1.6 (/opt/ros/humble/share/rosidl_generator_cpp/cmake)
[0.162s] -- Using all available rosidl_typesupport_c: rosidl_typesupport_fastrtps_c;rosidl_typesupport_introspection_c
[0.170s] -- Using all available rosidl_typesupport_cpp: rosidl_typesupport_fastrtps_cpp;rosidl_typesupport_introspection_cpp
[0.190s] -- Found rmw_implementation_cmake: 6.1.2 (/opt/ros/humble/share/rmw_implementation_cmake/cmake)
[0.191s] -- Found rmw_fastrtps_cpp: 6.2.7 (/opt/ros/humble/share/rmw_fastrtps_cpp/cmake)
[0.260s] -- Using RMW implementation 'rmw_fastrtps_cpp' as default
[0.291s] -- Found serial: 1.2.1 (/home/latih/ros2_control/install/serial/share/serial/cmake)
[0.291s] -- Found hardware_interface: 2.50.0 (/opt/ros/humble/share/hardware_interface/cmake)
[0.373s] -- Found controller_manager: 2.50.0 (/opt/ros/humble/share/controller_manager/cmake)
[0.438s] -- Configuring done
[0.441s] -- Generating done
[0.443s] -- Build files have been written to: /home/latih/ros2_control/build/my_robot_hardware
[0.469s] Invoked command in '/home/latih/ros2_control/build/my_robot_hardware' returned '0': CMAKE_PREFIX_PATH=/opt/ros/humble:/home/latih/ros2_control/install/serial:/home/latih/ros2_control/install/motor_test:/home/latih/ros2_control/install/my_robot_hardware:/home/latih/ros2_control/install/my_robot_bringup:/home/latih/ros2_control/install/my_robot_description /usr/bin/cmake --build /home/latih/ros2_control/build/my_robot_hardware -- -j16 -l16
[0.481s] Invoking command in '/home/latih/ros2_control/build/my_robot_hardware': CMAKE_PREFIX_PATH=/opt/ros/humble:/home/latih/ros2_control/install/serial:/home/latih/ros2_control/install/motor_test:/home/latih/ros2_control/install/my_robot_hardware:/home/latih/ros2_control/install/my_robot_bringup:/home/latih/ros2_control/install/my_robot_description /usr/bin/cmake --install /home/latih/ros2_control/build/my_robot_hardware
[0.490s] -- Install configuration: ""
[0.490s] -- Installing: /home/latih/ros2_control/install/my_robot_hardware/share/ament_index/resource_index/package_run_dependencies/my_robot_hardware
[0.491s] -- Installing: /home/latih/ros2_control/install/my_robot_hardware/share/ament_index/resource_index/parent_prefix_path/my_robot_hardware
[0.491s] -- Up-to-date: /home/latih/ros2_control/install/my_robot_hardware/share/my_robot_hardware/environment/ament_prefix_path.sh
[0.491s] -- Installing: /home/latih/ros2_control/install/my_robot_hardware/share/my_robot_hardware/environment/ament_prefix_path.dsv
[0.491s] -- Up-to-date: /home/latih/ros2_control/install/my_robot_hardware/share/my_robot_hardware/environment/path.sh
[0.491s] -- Installing: /home/latih/ros2_control/install/my_robot_hardware/share/my_robot_hardware/environment/path.dsv
[0.491s] -- Up-to-date: /home/latih/ros2_control/install/my_robot_hardware/share/my_robot_hardware/local_setup.bash
[0.491s] -- Up-to-date: /home/latih/ros2_control/install/my_robot_hardware/share/my_robot_hardware/local_setup.sh
[0.491s] -- Up-to-date: /home/latih/ros2_control/install/my_robot_hardware/share/my_robot_hardware/local_setup.zsh
[0.491s] -- Installing: /home/latih/ros2_control/install/my_robot_hardware/share/my_robot_hardware/local_setup.dsv
[0.491s] -- Installing: /home/latih/ros2_control/install/my_robot_hardware/share/my_robot_hardware/package.dsv
[0.491s] -- Up-to-date: /home/latih/ros2_control/install/my_robot_hardware/share/ament_index/resource_index/packages/my_robot_hardware
[0.491s] -- Up-to-date: /home/latih/ros2_control/install/my_robot_hardware/share/my_robot_hardware/cmake/my_robot_hardwareConfig.cmake
[0.491s] -- Up-to-date: /home/latih/ros2_control/install/my_robot_hardware/share/my_robot_hardware/cmake/my_robot_hardwareConfig-version.cmake
[0.492s] -- Installing: /home/latih/ros2_control/install/my_robot_hardware/share/my_robot_hardware/package.xml
[0.493s] Invoked command in '/home/latih/ros2_control/build/my_robot_hardware' returned '0': CMAKE_PREFIX_PATH=/opt/ros/humble:/home/latih/ros2_control/install/serial:/home/latih/ros2_control/install/motor_test:/home/latih/ros2_control/install/my_robot_hardware:/home/latih/ros2_control/install/my_robot_bringup:/home/latih/ros2_control/install/my_robot_description /usr/bin/cmake --install /home/latih/ros2_control/build/my_robot_hardware
