[0.010s] Invoking command in '/home/latih/ros2_control/build/my_robot_hardware': CMAKE_PREFIX_PATH=/home/latih/ros2_control/install/motor_test:/opt/ros/humble:/home/latih/ros2_control/install/serial:/home/latih/ros2_control/install/my_robot_hardware:/home/latih/ros2_control/install/my_robot_bringup:/home/latih/ros2_control/install/my_robot_description /usr/bin/cmake --build /home/latih/ros2_control/build/my_robot_hardware -- -j16 -l16
[0.039s] Invoked command in '/home/latih/ros2_control/build/my_robot_hardware' returned '0': CMAKE_PREFIX_PATH=/home/latih/ros2_control/install/motor_test:/opt/ros/humble:/home/latih/ros2_control/install/serial:/home/latih/ros2_control/install/my_robot_hardware:/home/latih/ros2_control/install/my_robot_bringup:/home/latih/ros2_control/install/my_robot_description /usr/bin/cmake --build /home/latih/ros2_control/build/my_robot_hardware -- -j16 -l16
[0.047s] Invoking command in '/home/latih/ros2_control/build/my_robot_hardware': CMAKE_PREFIX_PATH=/home/latih/ros2_control/install/motor_test:/opt/ros/humble:/home/latih/ros2_control/install/serial:/home/latih/ros2_control/install/my_robot_hardware:/home/latih/ros2_control/install/my_robot_bringup:/home/latih/ros2_control/install/my_robot_description /usr/bin/cmake --install /home/latih/ros2_control/build/my_robot_hardware
[0.053s] -- Install configuration: ""
[0.053s] -- Up-to-date: /home/latih/ros2_control/install/my_robot_hardware/share/ament_index/resource_index/package_run_dependencies/my_robot_hardware
[0.053s] -- Up-to-date: /home/latih/ros2_control/install/my_robot_hardware/share/ament_index/resource_index/parent_prefix_path/my_robot_hardware
[0.053s] -- Up-to-date: /home/latih/ros2_control/install/my_robot_hardware/share/my_robot_hardware/environment/ament_prefix_path.sh
[0.053s] -- Up-to-date: /home/latih/ros2_control/install/my_robot_hardware/share/my_robot_hardware/environment/ament_prefix_path.dsv
[0.053s] -- Up-to-date: /home/latih/ros2_control/install/my_robot_hardware/share/my_robot_hardware/environment/path.sh
[0.053s] -- Up-to-date: /home/latih/ros2_control/install/my_robot_hardware/share/my_robot_hardware/environment/path.dsv
[0.053s] -- Up-to-date: /home/latih/ros2_control/install/my_robot_hardware/share/my_robot_hardware/local_setup.bash
[0.054s] -- Up-to-date: /home/latih/ros2_control/install/my_robot_hardware/share/my_robot_hardware/local_setup.sh
[0.054s] -- Up-to-date: /home/latih/ros2_control/install/my_robot_hardware/share/my_robot_hardware/local_setup.zsh
[0.054s] -- Up-to-date: /home/latih/ros2_control/install/my_robot_hardware/share/my_robot_hardware/local_setup.dsv
[0.054s] -- Installing: /home/latih/ros2_control/install/my_robot_hardware/share/my_robot_hardware/package.dsv
[0.054s] -- Up-to-date: /home/latih/ros2_control/install/my_robot_hardware/share/ament_index/resource_index/packages/my_robot_hardware
[0.054s] -- Up-to-date: /home/latih/ros2_control/install/my_robot_hardware/share/my_robot_hardware/cmake/my_robot_hardwareConfig.cmake
[0.054s] -- Up-to-date: /home/latih/ros2_control/install/my_robot_hardware/share/my_robot_hardware/cmake/my_robot_hardwareConfig-version.cmake
[0.054s] -- Up-to-date: /home/latih/ros2_control/install/my_robot_hardware/share/my_robot_hardware/package.xml
[0.055s] Invoked command in '/home/latih/ros2_control/build/my_robot_hardware' returned '0': CMAKE_PREFIX_PATH=/home/latih/ros2_control/install/motor_test:/opt/ros/humble:/home/latih/ros2_control/install/serial:/home/latih/ros2_control/install/my_robot_hardware:/home/latih/ros2_control/install/my_robot_bringup:/home/latih/ros2_control/install/my_robot_description /usr/bin/cmake --install /home/latih/ros2_control/build/my_robot_hardware
