[0.006s] Invoking command in '/home/latih/ros2_control/build/my_robot_hardware': CMAKE_PREFIX_PATH=${CMAKE_PREFIX_PATH}:/opt/ros/humble /usr/bin/cmake /home/latih/ros2_control/src/my_robot_hardware -DCMAKE_INSTALL_PREFIX=/home/latih/ros2_control/install/my_robot_hardware
[0.064s] -- The C compiler identification is GNU 11.4.0
[0.117s] -- The CXX compiler identification is GNU 11.4.0
[0.125s] -- Detecting C compiler ABI info
[0.204s] -- Detecting C compiler ABI info - done
[0.212s] -- Check for working C compiler: /usr/bin/cc - skipped
[0.214s] -- Detecting C compile features
[0.214s] -- Detecting C compile features - done
[0.217s] -- Detecting CXX compiler ABI info
[0.300s] -- Detecting CXX compiler ABI info - done
[0.305s] -- Check for working CXX compiler: /usr/bin/c++ - skipped
[0.305s] -- Detecting CXX compile features
[0.305s] -- Detecting CXX compile features - done
[0.309s] -- Found ament_cmake: 1.3.11 (/opt/ros/humble/share/ament_cmake/cmake)
[0.425s] -- Found Python3: /usr/bin/python3 (found version "3.10.12") found components: Interpreter 
[0.492s] -- Found rclcpp: 16.0.12 (/opt/ros/humble/share/rclcpp/cmake)
[0.526s] -- Found rosidl_generator_c: 3.1.6 (/opt/ros/humble/share/rosidl_generator_c/cmake)
[0.530s] -- Found rosidl_adapter: 3.1.6 (/opt/ros/humble/share/rosidl_adapter/cmake)
[0.536s] -- Found rosidl_generator_cpp: 3.1.6 (/opt/ros/humble/share/rosidl_generator_cpp/cmake)
[0.546s] -- Using all available rosidl_typesupport_c: rosidl_typesupport_fastrtps_c;rosidl_typesupport_introspection_c
[0.558s] -- Using all available rosidl_typesupport_cpp: rosidl_typesupport_fastrtps_cpp;rosidl_typesupport_introspection_cpp
[0.591s] -- Found rmw_implementation_cmake: 6.1.2 (/opt/ros/humble/share/rmw_implementation_cmake/cmake)
[0.593s] -- Found rmw_fastrtps_cpp: 6.2.7 (/opt/ros/humble/share/rmw_fastrtps_cpp/cmake)
[0.678s] -- Found OpenSSL: /usr/lib/x86_64-linux-gnu/libcrypto.so (found version "3.0.2")  
[0.705s] -- Found FastRTPS: /opt/ros/humble/include  
[0.733s] -- Using RMW implementation 'rmw_fastrtps_cpp' as default
[0.740s] -- Looking for pthread.h
[0.815s] -- Looking for pthread.h - found
[0.816s] -- Performing Test CMAKE_HAVE_LIBC_PTHREAD
[0.891s] -- Performing Test CMAKE_HAVE_LIBC_PTHREAD - Success
[0.892s] -- Found Threads: TRUE  
[0.977s] -- Configuring done
[0.979s] -- Generating done
[0.980s] -- Build files have been written to: /home/latih/ros2_control/build/my_robot_hardware
[0.985s] Invoked command in '/home/latih/ros2_control/build/my_robot_hardware' returned '0': CMAKE_PREFIX_PATH=${CMAKE_PREFIX_PATH}:/opt/ros/humble /usr/bin/cmake /home/latih/ros2_control/src/my_robot_hardware -DCMAKE_INSTALL_PREFIX=/home/latih/ros2_control/install/my_robot_hardware
[0.986s] Invoking command in '/home/latih/ros2_control/build/my_robot_hardware': CMAKE_PREFIX_PATH=${CMAKE_PREFIX_PATH}:/opt/ros/humble /usr/bin/cmake --build /home/latih/ros2_control/build/my_robot_hardware -- -j16 -l16
[1.024s] Invoked command in '/home/latih/ros2_control/build/my_robot_hardware' returned '0': CMAKE_PREFIX_PATH=${CMAKE_PREFIX_PATH}:/opt/ros/humble /usr/bin/cmake --build /home/latih/ros2_control/build/my_robot_hardware -- -j16 -l16
[1.026s] Invoking command in '/home/latih/ros2_control/build/my_robot_hardware': CMAKE_PREFIX_PATH=${CMAKE_PREFIX_PATH}:/opt/ros/humble /usr/bin/cmake --install /home/latih/ros2_control/build/my_robot_hardware
[1.036s] -- Install configuration: ""
[1.036s] -- Installing: /home/latih/ros2_control/install/my_robot_hardware/share/ament_index/resource_index/package_run_dependencies/my_robot_hardware
[1.037s] -- Installing: /home/latih/ros2_control/install/my_robot_hardware/share/ament_index/resource_index/parent_prefix_path/my_robot_hardware
[1.037s] -- Installing: /home/latih/ros2_control/install/my_robot_hardware/share/my_robot_hardware/environment/ament_prefix_path.sh
[1.037s] -- Installing: /home/latih/ros2_control/install/my_robot_hardware/share/my_robot_hardware/environment/ament_prefix_path.dsv
[1.037s] -- Installing: /home/latih/ros2_control/install/my_robot_hardware/share/my_robot_hardware/environment/path.sh
[1.037s] -- Installing: /home/latih/ros2_control/install/my_robot_hardware/share/my_robot_hardware/environment/path.dsv
[1.037s] -- Installing: /home/latih/ros2_control/install/my_robot_hardware/share/my_robot_hardware/local_setup.bash
[1.037s] -- Installing: /home/latih/ros2_control/install/my_robot_hardware/share/my_robot_hardware/local_setup.sh
[1.037s] -- Installing: /home/latih/ros2_control/install/my_robot_hardware/share/my_robot_hardware/local_setup.zsh
[1.038s] -- Installing: /home/latih/ros2_control/install/my_robot_hardware/share/my_robot_hardware/local_setup.dsv
[1.038s] -- Installing: /home/latih/ros2_control/install/my_robot_hardware/share/my_robot_hardware/package.dsv
[1.038s] -- Installing: /home/latih/ros2_control/install/my_robot_hardware/share/ament_index/resource_index/packages/my_robot_hardware
[1.038s] -- Installing: /home/latih/ros2_control/install/my_robot_hardware/share/my_robot_hardware/cmake/my_robot_hardwareConfig.cmake
[1.038s] -- Installing: /home/latih/ros2_control/install/my_robot_hardware/share/my_robot_hardware/cmake/my_robot_hardwareConfig-version.cmake
[1.038s] -- Installing: /home/latih/ros2_control/install/my_robot_hardware/share/my_robot_hardware/package.xml
[1.040s] Invoked command in '/home/latih/ros2_control/build/my_robot_hardware' returned '0': CMAKE_PREFIX_PATH=${CMAKE_PREFIX_PATH}:/opt/ros/humble /usr/bin/cmake --install /home/latih/ros2_control/build/my_robot_hardware
